Log file open, 03/14/18 00:57:11
LogWindows: Failed to load 'aqProf.dll' (GetLastError=126)
LogWindows: File 'aqProf.dll' does not exist
LogWindows: Failed to load 'VSPerf140.dll' (GetLastError=126)
LogWindows: File 'VSPerf140.dll' does not exist
LogWindows: Failed to load 'VtuneApi.dll' (GetLastError=126)
LogWindows: File 'VtuneApi.dll' does not exist
LogWindows: Failed to load 'VtuneApi32e.dll' (GetLastError=126)
LogWindows: File 'VtuneApi32e.dll' does not exist
LogInit: Display: Running engine for game: WindowBangers
LogPlatformFile: Not using cached read wrapper
LogInit: Display: RandInit(-851790130) SRandInit(-851790130).
LogTaskGraph: Started task graph with 5 named threads and 14 total threads with 3 sets of task threads.
LogStats: Stats thread started at 0.801764
LogD3D11RHI: Aftermath initialized
LogPluginManager: Mounting plugin Paper2D
LogPluginManager: Mounting plugin LightPropagationVolume
LogPluginManager: Mounting plugin CodeLiteSourceCodeAccess
LogPluginManager: Mounting plugin GitSourceControl
LogPluginManager: Mounting plugin KDevelopSourceCodeAccess
LogPluginManager: Mounting plugin NullSourceCodeAccess
LogPluginManager: Mounting plugin PerforceSourceControl
LogPluginManager: Mounting plugin SubversionSourceControl
LogPluginManager: Mounting plugin UObjectPlugin
LogPluginManager: Mounting plugin VisualStudioSourceCodeAccess
LogPluginManager: Mounting plugin XCodeSourceCodeAccess
LogPluginManager: Mounting plugin AssetManagerEditor
LogPluginManager: Mounting plugin AudioCapture
LogPluginManager: Mounting plugin FacialAnimation
LogPluginManager: Mounting plugin GameplayTagsEditor
LogPluginManager: Mounting plugin MobileLauncherProfileWizard
LogPluginManager: Mounting plugin PluginBrowser
LogPluginManager: Mounting plugin SpeedTreeImporter
LogPluginManager: Mounting plugin AlembicImporter
LogPluginManager: Mounting plugin CharacterAI
LogPluginManager: Mounting plugin HTML5Networking
LogPluginManager: Mounting plugin AndroidMedia
LogPluginManager: Mounting plugin AvfMedia
LogPluginManager: Mounting plugin MediaPlayerEditor
LogPluginManager: Mounting plugin WmfMedia
LogPluginManager: Mounting plugin TcpMessaging
LogPluginManager: Mounting plugin UdpMessaging
LogPluginManager: Mounting plugin LevelSequenceEditor
LogPluginManager: Mounting plugin MatineeToLevelSequence
LogPluginManager: Mounting plugin OnlineSubsystemGooglePlay
LogPluginManager: Mounting plugin OnlineSubsystemIOS
LogPluginManager: Mounting plugin OnlineSubsystem
LogPluginManager: Mounting plugin OnlineSubsystemNull
LogPluginManager: Mounting plugin OnlineSubsystemUtils
LogPluginManager: Mounting plugin AndroidDeviceProfileSelector
LogPluginManager: Mounting plugin AndroidMoviePlayer
LogPluginManager: Mounting plugin AndroidPermission
LogPluginManager: Mounting plugin AppleMoviePlayer
LogPluginManager: Mounting plugin ArchVisCharacter
LogPluginManager: Mounting plugin CableComponent
LogPluginManager: Mounting plugin CustomMeshComponent
LogPluginManager: Mounting plugin ExampleDeviceProfileSelector
LogPluginManager: Mounting plugin GoogleCloudMessaging
LogPluginManager: Mounting plugin ImmediatePhysics
LogPluginManager: Mounting plugin IOSDeviceProfileSelector
LogPluginManager: Mounting plugin LinuxDeviceProfileSelector
LogPluginManager: Mounting plugin LocationServicesBPLibrary
LogPluginManager: Mounting plugin MobilePatchingUtils
LogPluginManager: Mounting plugin OculusVR
LogPluginManager: Mounting plugin PhysXVehicles
LogPluginManager: Mounting plugin ProceduralMeshComponent
LogPluginManager: Mounting plugin RuntimePhysXCooking
LogPluginManager: Mounting plugin SteamVR
LogPluginManager: Mounting plugin WindowsMoviePlayer
LogInit: Using libcurl 7.47.1
LogInit:  - built for x86_64-pc-win32
LogInit:  - supports SSL with OpenSSL/1.0.2g
LogInit:  - supports HTTP deflate (compression) using libz 1.2.8
LogInit:  - other features:
LogInit:      CURL_VERSION_SSL
LogInit:      CURL_VERSION_LIBZ
LogInit:      CURL_VERSION_IPV6
LogInit:      CURL_VERSION_ASYNCHDNS
LogInit:      CURL_VERSION_LARGEFILE
LogInit:      CURL_VERSION_IDN
LogInit:  CurlRequestOptions (configurable via config and command line):
LogInit:  - bVerifyPeer = false  - Libcurl will NOT verify peer certificate
LogInit:  - bUseHttpProxy = false  - Libcurl will NOT use HTTP proxy
LogInit:  - bDontReuseConnections = false  - Libcurl will reuse connections
LogInit:  - CertBundlePath = nullptr  - Libcurl will use whatever was configured at build time.
LogInit: Build: ++UE4+Release-4.17-CL-3658906
LogInit: Engine Version: 4.17.2-3658906+++UE4+Release-4.17
LogInit: Compatible Engine Version: 4.17.0-3573198+++UE4+Release-4.17
LogInit: Net CL: 3573198
LogDevObjectVersion: Number of dev versions registered: 16
LogDevObjectVersion:   Dev-Blueprints (B0D832E4-1F89-4F0D-ACCF-7EB736FD4AA2): 10
LogDevObjectVersion:   Dev-Build (E1C64328-A22C-4D53-A36C-8E866417BD8C): 0
LogDevObjectVersion:   Dev-Core (375EC13C-06E4-48FB-B500-84F0262A717E): 2
LogDevObjectVersion:   Dev-Editor (E4B068ED-F494-42E9-A231-DA0B2E46BB41): 20
LogDevObjectVersion:   Dev-Framework (CFFC743F-43B0-4480-9391-14DF171D2073): 28
LogDevObjectVersion:   Dev-Mobile (B02B49B5-BB20-44E9-A304-32B752E40360): 0
LogDevObjectVersion:   Dev-Networking (A4E4105C-59A1-49B5-A7C5-40C4547EDFEE): 0
LogDevObjectVersion:   Dev-Online (39C831C9-5AE6-47DC-9A44-9C173E1C8E7C): 0
LogDevObjectVersion:   Dev-Physics (78F01B33-EBEA-4F98-B9B4-84EACCB95AA2): 0
LogDevObjectVersion:   Dev-Platform (6631380F-2D4D-43E0-8009-CF276956A95A): 0
LogDevObjectVersion:   Dev-Rendering (12F88B9F-8875-4AFC-A67C-D90C383ABD29): 19
LogDevObjectVersion:   Dev-Sequencer (7B5AE74C-D270-4C10-A958-57980B212A5A): 4
LogDevObjectVersion:   Dev-VR (D7296918-1DD6-4BDD-9DE2-64A83CC13884): 0
LogDevObjectVersion:   Dev-LoadTimes (C2A15278-BFE7-4AFE-6C17-90FF531DF755): 1
LogDevObjectVersion:   Private-Geometry (6EACA3D4-40EC-4CC1-B786-8BED09428FC5): 1
LogDevObjectVersion:   Dev-AnimPhys (29E575DD-E0A3-4627-9D10-D276232CDCEA): 7
LogInit: Compiled (64-bit): Sep 22 2017 13:47:16
LogInit: Compiled with Visual C++: 19.00.24215.01
LogInit: Build Configuration: Development
LogInit: Branch Name: ++UE4+Release-4.17
LogInit: Command line:  
LogInit: Base directory: H:/Ue4/UE_4.17/Engine/Binaries/Win64/
LogInit: Installed Engine Build: 1
LogInit: Presizing for max 8388607 objects, including 0 objects not considered by GC, pre-allocating 0 bytes for permanent pool.
LogInit: Object subsystem initialized
[2018.03.14-00.57.11:573][  0]LogInit: Selected Device Profile: [Windows]
[2018.03.14-00.57.11:573][  0]LogInit: Applying CVar settings loaded from the selected device profile: [Windows]
[2018.03.14-00.57.11:595][  0]LogInit: Computer: DESKTOP-7244R5Q
[2018.03.14-00.57.11:595][  0]LogInit: User: tdam
[2018.03.14-00.57.11:595][  0]LogInit: CPU Page size=4096, Cores=4
[2018.03.14-00.57.11:595][  0]LogInit: High frequency timer resolution =3.125013 MHz
[2018.03.14-00.57.11:595][  0]LogMemory: Memory total: Physical=16.0GB (16GB approx)
[2018.03.14-00.57.11:595][  0]LogMemory: Platform Memory Stats for Windows
[2018.03.14-00.57.11:595][  0]LogMemory: Process Physical Memory: 277.77 MB used, 277.77 MB peak
[2018.03.14-00.57.11:595][  0]LogMemory: Process Virtual Memory: 274.16 MB used, 274.16 MB peak
[2018.03.14-00.57.11:595][  0]LogMemory: Physical Memory: 3071.33 MB used,  13261.53 MB free, 16332.86 MB total
[2018.03.14-00.57.11:595][  0]LogMemory: Virtual Memory: 701.22 MB used,  13261.53 MB free, 134217728.00 MB total
[2018.03.14-00.57.11:934][  0]LogInit: Using OS detected language (en-GB).
[2018.03.14-00.57.11:934][  0]LogInit: Using OS detected locale (en-GB).
[2018.03.14-00.57.11:997][  0]LogTextLocalizationManager: No specific localization for 'en-GB' exists, so the 'en' localization will be used.
[2018.03.14-00.57.14:560][  0]LogD3D11RHI: D3D11 adapters:
[2018.03.14-00.57.14:613][  0]LogD3D11RHI:    0. 'NVIDIA GeForce GTX 960' (Feature Level 11_0)
[2018.03.14-00.57.14:613][  0]LogD3D11RHI:       2007/0/8166 MB DedicatedVideo/DedicatedSystem/SharedSystem, Outputs:2, VendorId:0x10de
[2018.03.14-00.57.14:615][  0]LogD3D11RHI:    1. 'Microsoft Basic Render Driver' (Feature Level 11_0)
[2018.03.14-00.57.14:615][  0]LogD3D11RHI:       0/0/8166 MB DedicatedVideo/DedicatedSystem/SharedSystem, Outputs:0, VendorId:0x1414
[2018.03.14-00.57.14:615][  0]LogD3D11RHI: Chosen D3D11 Adapter: 0
[2018.03.14-00.57.14:620][  0]LogD3D11RHI: Creating new Direct3DDevice
[2018.03.14-00.57.14:620][  0]LogD3D11RHI:     GPU DeviceId: 0x1401 (for the marketing name, search the web for "GPU Device Id")
[2018.03.14-00.57.14:620][  0]LogWindows: EnumDisplayDevices:
[2018.03.14-00.57.14:620][  0]LogWindows:    0. 'NVIDIA GeForce GTX 960' (P:0 D:1)
[2018.03.14-00.57.14:620][  0]LogWindows:    1. 'NVIDIA GeForce GTX 960' (P:1 D:1)
[2018.03.14-00.57.14:620][  0]LogWindows:    2. 'NVIDIA GeForce GTX 960' (P:0 D:0)
[2018.03.14-00.57.14:621][  0]LogWindows:    3. 'NVIDIA GeForce GTX 960' (P:0 D:0)
[2018.03.14-00.57.14:621][  0]LogWindows: DebugString: GetVideoDriverDetailsInvalid PrimaryIsNotTheChoosenAdapter GetVideoDriverDetailsInvalid PrimaryIsNotTheChoosenAdapter GetVideoDriverDetailsInvalid PrimaryIsNotTheChoosenAdapter GetVideoDriverDetailsInvalid PrimaryIsNotTheChoosenAdapter FoundDriverCount:0 
[2018.03.14-00.57.14:621][  0]LogD3D11RHI:     Adapter Name: NVIDIA GeForce GTX 960
[2018.03.14-00.57.14:621][  0]LogD3D11RHI:   Driver Version: Unknown (internal:Unknown, unified:Unknown)
[2018.03.14-00.57.14:621][  0]LogD3D11RHI:      Driver Date: Unknown
[2018.03.14-00.57.14:621][  0]LogRHI: Texture pool is 1361 MB (70% of 1945 MB)
[2018.03.14-00.57.14:656][  0]LogD3D11RHI: Async texture creation enabled
[2018.03.14-00.57.14:720][  0]LogD3D11RHI: GPU Timing Frequency: 1000.000000 (Debug: 2 2)
[2018.03.14-00.57.14:773][  0]LogShaderCompilers: Guid format shader working directory is 5 characters bigger than the processId version (C:/Users/tdam/Desktop/WindowBangersTrial/Intermediate/Shaders/WorkingDirectory/6828/).
[2018.03.14-00.57.14:773][  0]LogShaderCompilers: Cleaned the shader compiler working directory 'C:/Users/tdam/AppData/Local/Temp/UnrealShaderWorkingDir/ECDDC1514E4B6E0BC7946091B03A6631/'.
[2018.03.14-00.57.14:773][  0]LogShaderCompilers: Display: Using Local Shader Compiler.
[2018.03.14-00.57.17:452][  0]LogTemp: Display: Loaded TP AllDesktopTargetPlatform
[2018.03.14-00.57.17:490][  0]LogTemp: Display: Loaded TP MacClientTargetPlatform
[2018.03.14-00.57.17:530][  0]LogTemp: Display: Loaded TP MacNoEditorTargetPlatform
[2018.03.14-00.57.17:568][  0]LogTemp: Display: Loaded TP MacServerTargetPlatform
[2018.03.14-00.57.17:610][  0]LogTemp: Display: Loaded TP MacTargetPlatform
[2018.03.14-00.57.17:648][  0]LogTemp: Display: Loaded TP WindowsClientTargetPlatform
[2018.03.14-00.57.17:688][  0]LogTemp: Display: Loaded TP WindowsNoEditorTargetPlatform
[2018.03.14-00.57.17:727][  0]LogTemp: Display: Loaded TP WindowsServerTargetPlatform
[2018.03.14-00.57.17:758][  0]LogTemp: Display: Loaded TP WindowsTargetPlatform
[2018.03.14-00.57.17:801][  0]LogTemp: Display: Loaded TP AndroidTargetPlatform
[2018.03.14-00.57.17:839][  0]LogTemp: Display: Loaded TP Android_ASTCTargetPlatform
[2018.03.14-00.57.17:877][  0]LogTemp: Display: Loaded TP Android_ATCTargetPlatform
[2018.03.14-00.57.17:914][  0]LogTemp: Display: Loaded TP Android_DXTTargetPlatform
[2018.03.14-00.57.17:952][  0]LogTemp: Display: Loaded TP Android_ETC1TargetPlatform
[2018.03.14-00.57.17:989][  0]LogTemp: Display: Loaded TP Android_ETC2TargetPlatform
[2018.03.14-00.57.18:065][  0]LogTemp: Display: Loaded TP Android_MultiTargetPlatform
[2018.03.14-00.57.18:065][  0]LogTemp: Display: Loaded TP Android_PVRTCTargetPlatform
[2018.03.14-00.57.18:092][  0]LogTemp: Display: Loaded TP HTML5TargetPlatform
[2018.03.14-00.57.18:192][  0]LogTemp: Display: Loaded TP IOSTargetPlatform
[2018.03.14-00.57.18:215][  0]LogTemp: Display: Loaded TP TVOSTargetPlatform
[2018.03.14-00.57.18:253][  0]LogTemp: Display: Loaded TP LinuxClientTargetPlatform
[2018.03.14-00.57.18:290][  0]LogTemp: Display: Loaded TP LinuxNoEditorTargetPlatform
[2018.03.14-00.57.18:328][  0]LogTemp: Display: Loaded TP LinuxServerTargetPlatform
[2018.03.14-00.57.18:370][  0]LogTemp: Display: Loaded TP LinuxTargetPlatform
[2018.03.14-00.57.18:370][  0]LogTargetPlatformManager: Display: Building Assets For Windows
[2018.03.14-00.57.19:023][  0]LogDerivedDataCache: Display: Max Cache Size: 512 MB
[2018.03.14-00.57.19:617][  0]LogDerivedDataCache: Loaded boot cache 0.56s 93MB C:/Users/tdam/AppData/Local/UnrealEngine/4.17/DerivedDataCache/Boot.ddc.
[2018.03.14-00.57.19:617][  0]LogDerivedDataCache: Display: Loaded Boot cache: C:/Users/tdam/AppData/Local/UnrealEngine/4.17/DerivedDataCache/Boot.ddc
[2018.03.14-00.57.19:617][  0]LogDerivedDataCache: FDerivedDataBackendGraph:  Pak pak cache file C:/Users/tdam/Desktop/WindowBangersTrial/DerivedDataCache/DDC.ddp not found, will not use a pak cache.
[2018.03.14-00.57.19:617][  0]LogDerivedDataCache: Unable to find inner node Pak for hierarchical cache Hierarchy.
[2018.03.14-00.57.19:617][  0]LogDerivedDataCache: FDerivedDataBackendGraph:  CompressedPak pak cache file C:/Users/tdam/Desktop/WindowBangersTrial/DerivedDataCache/Compressed.ddp not found, will not use a pak cache.
[2018.03.14-00.57.19:617][  0]LogDerivedDataCache: Unable to find inner node CompressedPak for hierarchical cache Hierarchy.
[2018.03.14-00.57.19:646][  0]LogDerivedDataCache: Display: Pak cache opened for reading ../../../Engine/DerivedDataCache/Compressed.ddp.
[2018.03.14-00.57.19:673][  0]LogDerivedDataCache: Using Local data cache path C:/Users/tdam/AppData/Local/UnrealEngine/Common/DerivedDataCache: Writable
[2018.03.14-00.57.19:683][  0]LogMaterial: Verifying Global Shaders for PCD3D_SM5
[2018.03.14-00.57.19:685][  0]LogSlate: Using Freetype 2.6.0
[2018.03.14-00.57.19:698][  0]LogSlate: SlateFontCache - WITH_FREETYPE: 1, WITH_HARFBUZZ: 1
[2018.03.14-00.57.19:698][  0]LogSlate: SlateFontCache - WITH_FREETYPE: 1, WITH_HARFBUZZ: 1
[2018.03.14-00.57.22:273][  0]LogAssetRegistry: FAssetRegistry took 0.0267 seconds to start up
[2018.03.14-00.57.22:402][  0]LogInit: Selected Device Profile: [Windows]
[2018.03.14-00.57.22:996][  0]LogSimplygon: Simplygon DLL not present - disabling.
[2018.03.14-00.57.23:028][  0]LogMeshReduction: Using SimplygonSwarm for distributed automatic mesh merging
[2018.03.14-00.57.23:028][  0]LogMeshReduction: Using QuadricMeshReduction for automatic static mesh reduction
[2018.03.14-00.57.23:029][  0]LogMeshReduction: No automatic skeletal mesh reduction module available
[2018.03.14-00.57.23:029][  0]LogMeshReduction: No automatic mesh merging module available
[2018.03.14-00.57.23:029][  0]LogMeshMerging: No automatic mesh merging module available
[2018.03.14-00.57.23:034][  0]LogContentStreaming: Texture pool size is 0.00 MB
[2018.03.14-00.57.23:743][  0]LogNetVersion: WindowBangers , NetCL: 3573198, EngineNetVer: 2, GameNetVer: 0 (Checksum: 342366829)
[2018.03.14-00.57.24:044][  0]LogPackageLocalizationCache: Processed 5 localized package path(s) for 2 prioritized culture(s) in 0.050285 seconds
[2018.03.14-00.57.24:051][  0]LogUObjectArray: 35825 objects as part of root set at end of initial load.
[2018.03.14-00.57.24:051][  0]LogUObjectAllocator: 7529104 out of 0 bytes used by permanent object pool.
[2018.03.14-00.57.24:051][  0]LogUObjectArray: CloseDisregardForGC: 0/0 objects in disregard for GC pool
[2018.03.14-00.57.24:095][  0]LogInit: WinSock: version 1.1 (2.2), MaxSocks=32767, MaxUdp=65467
[2018.03.14-00.57.28:708][  0]LogTcpMessaging: Initializing TcpMessaging bridge
[2018.03.14-00.57.28:740][  0]LogUdpMessaging: Initializing bridge on interface 0.0.0.0:0 to multicast group 230.0.0.1:6666.
[2018.03.14-00.57.29:287][  0]LogMaterial: Uniform references updated for custom material expression Custom.
[2018.03.14-00.57.29:607][  0]SourceControl: Source control is disabled
[2018.03.14-00.57.29:608][  0]SourceControl: Source control is disabled
[2018.03.14-00.57.29:647][  0]SourceControl: Source control is disabled
[2018.03.14-00.57.29:683][  0]SourceControl: Source control is disabled
[2018.03.14-00.57.30:147][  0]LogAndroidPermission: UAndroidPermissionCallbackProxy::GetInstance
[2018.03.14-00.57.30:315][  0]LogOcInput: OculusInput pre-init called
[2018.03.14-00.57.30:509][  0]LogEngine: Initializing Engine...
[2018.03.14-00.57.30:511][  0]LogHMD: Failed to initialize OpenVR with code 110
[2018.03.14-00.57.30:719][  0]LogStats: UGameplayTagsManager::ConstructGameplayTagTree: Construct from data asset -  0.000 s
[2018.03.14-00.57.30:719][  0]LogStats: UGameplayTagsManager::ConstructGameplayTagTree: GameplayTagTreeChangedEvent.Broadcast -  0.000 s
[2018.03.14-00.57.30:809][  0]LogAIModule: Creating AISystem for world Untitled
[2018.03.14-00.57.30:821][  0]LogInit: XAudio2 using 'Speakers (Realtek High Definition Audio)' : 6 channels at 48 kHz using 32 bits per sample (channel mask 0x3f)
[2018.03.14-00.57.30:860][  0]LogInit: FAudioDevice initialized.
[2018.03.14-00.57.31:000][  0]LogDerivedDataCache: Saved boot cache 0.14s 93MB C:/Users/tdam/AppData/Local/UnrealEngine/4.17/DerivedDataCache/Boot.ddc.
[2018.03.14-00.57.31:011][  0]LogInit: Texture streaming: Enabled
[2018.03.14-00.57.31:089][  0]LogEngineSessionManager: EngineSessionManager initialized
[2018.03.14-00.57.31:274][  0]LogWindowsTextInputMethodSystem: Display: IME system now deactivated.
[2018.03.14-00.57.31:349][  0]LogInit: Transaction tracking system initialized
[2018.03.14-00.57.31:576][  0]BlueprintLog: New page: Editor Load
[2018.03.14-00.57.32:267][  0]LocalizationService: Localization service is disabled
[2018.03.14-00.57.32:816][  0]LogConsoleResponse: Display: 
[2018.03.14-00.57.32:998][  0]LogCook: Display: Max memory allowance for cook 16384mb min free memory 0mb
[2018.03.14-00.57.32:998][  0]LogCook: Display: Mobile HDR setting 1
[2018.03.14-00.57.32:999][  0]LogGameplayTags: Display: UGameplayTagsManager::DoneAddingNativeTags. DelegateIsBound: 0
[2018.03.14-00.57.33:804][  0]LogFileCache: Scanning file cache for directory 'C:/Users/tdam/Desktop/WindowBangersTrial/Content/' took 0.02s
[2018.03.14-00.57.33:874][  0]SourceControl: Source control is disabled
[2018.03.14-00.57.33:874][  0]Cmd: MAP LOAD FILE="C:/Users/tdam/Desktop/WindowBangersTrial/Content/2DSideScrollerBP/Maps/2DSideScrollerExampleMap.umap" TEMPLATE=0 SHOWPROGRESS=1 FEATURELEVEL=3
[2018.03.14-00.57.33:875][  0]LightingResults: New page: Lighting Build
[2018.03.14-00.57.33:904][  0]MapCheck: New page: Map Check
[2018.03.14-00.57.33:904][  0]LightingResults: New page: Lighting Build
[2018.03.14-00.57.34:034][  0]LogAIModule: Creating AISystem for world 2DSideScrollerExampleMap
[2018.03.14-00.57.34:043][  0]LogEditorServer: Finished looking for orphan Actors (0.000 secs)
[2018.03.14-00.57.34:054][  0]Cmd: MAP CHECKDEP NOCLEARLOG
[2018.03.14-00.57.34:092][  0]MapCheck: Map check complete: 0 Error(s), 0 Warning(s), took 38.055ms to complete.
[2018.03.14-00.57.34:092][  0]LogFileHelpers: Loading map '2DSideScrollerExampleMap' took 0.218
[2018.03.14-00.57.34:256][  0]LogCollectionManager: Loaded 0 collections in 0.001006 seconds
[2018.03.14-00.57.34:326][  0]LogFileCache: Scanning file cache for directory 'C:/Users/tdam/Desktop/WindowBangersTrial/Saved/Collections/' took 0.01s
[2018.03.14-00.57.34:326][  0]LogFileCache: Scanning file cache for directory 'C:/Users/tdam/Desktop/WindowBangersTrial/Content/Developers/tdam/Collections/' took 0.01s
[2018.03.14-00.57.34:326][  0]LogFileCache: Scanning file cache for directory 'C:/Users/tdam/Desktop/WindowBangersTrial/Content/Collections/' took 0.01s
[2018.03.14-00.57.34:326][  0]LogCollectionManager: Rebuilt the GUID cache for 0 collections in 0.000001 seconds
[2018.03.14-00.57.34:337][  0]LogContentBrowser: Native class hierarchy populated in 0.0105 seconds. Added 2386 classes and 500 folders.
[2018.03.14-00.57.34:381][  0]LogContentBrowser: Native class hierarchy updated for 'WidgetCarousel' in 0.0006 seconds. Added 0 classes and 0 folders.
[2018.03.14-00.57.34:775][  0]LogContentBrowser: Native class hierarchy updated for 'AddContentDialog' in 0.0007 seconds. Added 0 classes and 0 folders.
[2018.03.14-00.57.34:813][  0]LogContentBrowser: Native class hierarchy updated for 'SceneOutliner' in 0.0007 seconds. Added 1 classes and 2 folders.
[2018.03.14-00.57.34:910][  0]LogSlate: Took 0.013995 seconds to synchronously load lazily loaded font '../../../Engine/Content/Slate/Fonts/Roboto-Regular.ttf' (155K)
[2018.03.14-00.57.34:916][  0]LogSlate: Took 0.004091 seconds to synchronously load lazily loaded font '../../../Engine/Content/Slate/Fonts/Roboto-Bold.ttf' (160K)
[2018.03.14-00.57.34:925][  0]LogSlate: Took 0.004349 seconds to synchronously load lazily loaded font '../../../Engine/Content/Editor/Slate/Fonts/FontAwesome.ttf' (139K)
[2018.03.14-00.57.35:054][  0]LogRenderer: Reallocating scene render targets to support 1208x572 Format 10 NumSamples 1 (Frame:1).
[2018.03.14-00.57.35:106][  0]LogSlate: Took 0.004929 seconds to synchronously load lazily loaded font '../../../Engine/Content/Slate/Fonts/Roboto-Light.ttf' (159K)
[2018.03.14-00.57.35:485][  0]LogContentBrowser: Native class hierarchy updated for 'HierarchicalLODOutliner' in 0.0007 seconds. Added 1 classes and 2 folders.
[2018.03.14-00.57.35:485][  0]LogLoad: (Engine Initialization) Total time: 27.67 seconds
[2018.03.14-00.57.35:485][  0]LogLoad: (Engine Initialization) Total Blueprint compile time: 0.00 seconds
[2018.03.14-00.57.35:485][  0]LogExternalProfiler: No external profilers were discovered.  External profiling features will not be available.
[2018.03.14-00.57.35:520][  0]LogContentStreaming: Texture pool size now 1000 MB
[2018.03.14-00.57.35:564][  1]LogAssetRegistry: Asset discovery search completed in 13.3133 seconds
[2018.03.14-00.57.35:565][  1]LogCollectionManager: Rebuilt the object cache for 0 collections in 0.000001 seconds (found 0 objects)
[2018.03.14-00.57.35:566][  1]LogCollectionManager: Fixed up redirectors for 0 collections in 0.000057 seconds (updated 0 objects)
[2018.03.14-00.57.36:519][ 92]LogSlate: Took 0.000199 seconds to synchronously load lazily loaded font '../../../Engine/Content/Slate/Fonts/Roboto-Light.ttf' (159K)
[2018.03.14-00.59.40:821][916]LogEditorViewport: Clicking on Actor (LMB): PaperSpriteActor (Background_Sprite)
[2018.03.14-00.59.41:592][970]LogTemp: Repeating last play command: New Editor Window (PIE)
[2018.03.14-00.59.41:686][970]LogBlueprintUserMessages: Early PlayInEditor Detection: Level '/Game/2DSideScrollerBP/Maps/2DSideScrollerExampleMap.2DSideScrollerExampleMap:PersistentLevel' has LevelScriptBlueprint '/Game/2DSideScrollerBP/Maps/2DSideScrollerExampleMap.2DSideScrollerExampleMap:PersistentLevel.2DSideScrollerExampleMap' with GeneratedClass '/Game/2DSideScrollerBP/Maps/2DSideScrollerExampleMap.2DSideScrollerExampleMap_C' with ClassGeneratedBy '/Game/2DSideScrollerBP/Maps/2DSideScrollerExampleMap.2DSideScrollerExampleMap:PersistentLevel.2DSideScrollerExampleMap'
[2018.03.14-00.59.41:686][970]LogPlayLevel: PlayLevel: No blueprints needed recompiling
[2018.03.14-00.59.41:686][970]PIE: New page: PIE session: 2DSideScrollerExampleMap (14 Mar 2018 00:59:41)
[2018.03.14-00.59.41:687][970]LogPlayLevel: Creating play world package: /Game/2DSideScrollerBP/Maps/UEDPIE_0_2DSideScrollerExampleMap
[2018.03.14-00.59.41:689][970]LogPlayLevel: PIE: StaticDuplicateObject took: (0.002607s)
[2018.03.14-00.59.41:690][970]LogAIModule: Creating AISystem for world 2DSideScrollerExampleMap
[2018.03.14-00.59.41:690][970]LogPlayLevel: PIE: World Init took: (0.000596s)
[2018.03.14-00.59.41:690][970]LogPlayLevel: PIE: Created PIE world by copying editor world from /Game/2DSideScrollerBP/Maps/2DSideScrollerExampleMap.2DSideScrollerExampleMap to /Game/2DSideScrollerBP/Maps/UEDPIE_0_2DSideScrollerExampleMap.2DSideScrollerExampleMap (0.003523s)
[2018.03.14-00.59.41:707][970]LogInit: XAudio2 using 'Speakers (Realtek High Definition Audio)' : 6 channels at 48 kHz using 32 bits per sample (channel mask 0x3f)
[2018.03.14-00.59.41:721][970]LogInit: FAudioDevice initialized.
[2018.03.14-00.59.41:781][970]LogLoad: Game class is '2DSideScrollerGameMode_C'
[2018.03.14-00.59.41:784][970]LogWorld: Bringing World /Game/2DSideScrollerBP/Maps/UEDPIE_0_2DSideScrollerExampleMap.2DSideScrollerExampleMap up for play (max tick rate 0) at 2018.03.14-00.59.41
[2018.03.14-00.59.41:785][970]LogWorld: Bringing up level for play took: 0.001842
[2018.03.14-00.59.41:816][970]LogContentBrowser: Native class hierarchy updated for 'MovieSceneCapture' in 0.0006 seconds. Added 11 classes and 0 folders.
[2018.03.14-00.59.41:821][970]PIE: Play in editor start time for /Game/2DSideScrollerBP/Maps/UEDPIE_0_2DSideScrollerExampleMap 0.664
[2018.03.14-00.59.41:822][970]LogBlueprintUserMessages: Late PlayInEditor Detection: Level '/Game/2DSideScrollerBP/Maps/2DSideScrollerExampleMap.2DSideScrollerExampleMap:PersistentLevel' has LevelScriptBlueprint '/Game/2DSideScrollerBP/Maps/2DSideScrollerExampleMap.2DSideScrollerExampleMap:PersistentLevel.2DSideScrollerExampleMap' with GeneratedClass '/Game/2DSideScrollerBP/Maps/2DSideScrollerExampleMap.2DSideScrollerExampleMap_C' with ClassGeneratedBy '/Game/2DSideScrollerBP/Maps/2DSideScrollerExampleMap.2DSideScrollerExampleMap:PersistentLevel.2DSideScrollerExampleMap'
[2018.03.14-00.59.41:847][970]LogRenderer: Reallocating scene render targets to support 1292x756 Format 10 NumSamples 1 (Frame:1).
[2018.03.14-00.59.47:907][254]LogBlueprintUserMessages: Early EndPlayMap Detection: Level '/Game/2DSideScrollerBP/Maps/2DSideScrollerExampleMap.2DSideScrollerExampleMap:PersistentLevel' has LevelScriptBlueprint '/Game/2DSideScrollerBP/Maps/2DSideScrollerExampleMap.2DSideScrollerExampleMap:PersistentLevel.2DSideScrollerExampleMap' with GeneratedClass '/Game/2DSideScrollerBP/Maps/2DSideScrollerExampleMap.2DSideScrollerExampleMap_C' with ClassGeneratedBy '/Game/2DSideScrollerBP/Maps/2DSideScrollerExampleMap.2DSideScrollerExampleMap:PersistentLevel.2DSideScrollerExampleMap'
[2018.03.14-00.59.47:971][254]LogBlueprintUserMessages: Late EndPlayMap Detection: Level '/Game/2DSideScrollerBP/Maps/2DSideScrollerExampleMap.2DSideScrollerExampleMap:PersistentLevel' has LevelScriptBlueprint '/Game/2DSideScrollerBP/Maps/2DSideScrollerExampleMap.2DSideScrollerExampleMap:PersistentLevel.2DSideScrollerExampleMap' with GeneratedClass '/Game/2DSideScrollerBP/Maps/2DSideScrollerExampleMap.2DSideScrollerExampleMap_C' with ClassGeneratedBy '/Game/2DSideScrollerBP/Maps/2DSideScrollerExampleMap.2DSideScrollerExampleMap:PersistentLevel.2DSideScrollerExampleMap'
[2018.03.14-01.00.42:321][614]LogActorFactory: Actor Factory created Cube
[2018.03.14-01.00.44:495][862]LogActorFactory: Actor Factory created Cube
[2018.03.14-01.00.54:100][857]LogSlate: Took 0.004011 seconds to synchronously load lazily loaded font '../../../Engine/Content/Editor/Slate/Fonts/Roboto-Italic.ttf' (157K)
[2018.03.14-01.01.31:342][739]LogSlate: Took 0.000201 seconds to synchronously load lazily loaded font '../../../Engine/Content/Slate/Fonts/Roboto-Light.ttf' (159K)
[2018.03.14-01.01.31:745][739]LogContentBrowser: Native class hierarchy updated for 'BlueprintGraph' in 0.0010 seconds. Added 113 classes and 0 folders.
[2018.03.14-01.01.34:892][820]LogSlate: Took 0.005546 seconds to synchronously load lazily loaded font '../../../Engine/Content/Editor/Slate/Fonts/Roboto-BoldCondensed.ttf' (158K)
[2018.03.14-01.02.05:760][426]BlueprintLog: New page: Compile Window_Blueprint
[2018.03.14-01.02.22:332][247]LogEditorViewport: Clicking on Actor (LMB): PaperSpriteActor (Background_Sprite)
[2018.03.14-01.02.23:144][338]LogEditorViewport: Clicking on Actor (LMB): Window_Blueprint_C (Window_Blueprint3)
[2018.03.14-01.02.23:624][389]LogEditorViewport: Clicking on Actor (CTRL LMB): Window_Blueprint_C (Window_Blueprint4)
[2018.03.14-01.02.24:076][437]LogEditorViewport: Clicking on Actor (CTRL LMB): Window_Blueprint_C (Window_Blueprint)
[2018.03.14-01.02.24:385][468]LogEditorViewport: Clicking on Actor (CTRL LMB): Window_Blueprint_C (Window_Blueprint5)
[2018.03.14-01.02.24:799][512]LogEditorViewport: Clicking on Actor (CTRL LMB): Window_Blueprint_C (Window_Blueprint2)
[2018.03.14-01.02.25:159][549]LogEditorViewport: Clicking on Actor (CTRL LMB): Window_Blueprint_C (Window_Blueprint6)
[2018.03.14-01.02.28:434][901]LogTemp: Repeating last play command: New Editor Window (PIE)
[2018.03.14-01.02.28:459][901]LogBlueprintUserMessages: Early PlayInEditor Detection: Level '/Game/2DSideScrollerBP/Maps/2DSideScrollerExampleMap.2DSideScrollerExampleMap:PersistentLevel' has LevelScriptBlueprint '/Game/2DSideScrollerBP/Maps/2DSideScrollerExampleMap.2DSideScrollerExampleMap:PersistentLevel.2DSideScrollerExampleMap' with GeneratedClass '/Game/2DSideScrollerBP/Maps/2DSideScrollerExampleMap.2DSideScrollerExampleMap_C' with ClassGeneratedBy '/Game/2DSideScrollerBP/Maps/2DSideScrollerExampleMap.2DSideScrollerExampleMap:PersistentLevel.2DSideScrollerExampleMap'
[2018.03.14-01.02.28:459][901]LogPlayLevel: PlayLevel: No blueprints needed recompiling
[2018.03.14-01.02.28:459][901]PIE: New page: PIE session: 2DSideScrollerExampleMap (14 Mar 2018 01:02:28)
[2018.03.14-01.02.28:459][901]LogPlayLevel: Creating play world package: /Game/2DSideScrollerBP/Maps/UEDPIE_0_2DSideScrollerExampleMap
[2018.03.14-01.02.28:463][901]LogPlayLevel: PIE: StaticDuplicateObject took: (0.003476s)
[2018.03.14-01.02.28:463][901]LogAIModule: Creating AISystem for world 2DSideScrollerExampleMap
[2018.03.14-01.02.28:463][901]LogPlayLevel: PIE: World Init took: (0.000810s)
[2018.03.14-01.02.28:464][901]LogPlayLevel: PIE: Created PIE world by copying editor world from /Game/2DSideScrollerBP/Maps/2DSideScrollerExampleMap.2DSideScrollerExampleMap to /Game/2DSideScrollerBP/Maps/UEDPIE_0_2DSideScrollerExampleMap.2DSideScrollerExampleMap (0.004565s)
[2018.03.14-01.02.28:490][901]LogInit: XAudio2 using 'Speakers (Realtek High Definition Audio)' : 6 channels at 48 kHz using 32 bits per sample (channel mask 0x3f)
[2018.03.14-01.02.28:503][901]LogInit: FAudioDevice initialized.
[2018.03.14-01.02.28:550][901]LogLoad: Game class is '2DSideScrollerGameMode_C'
[2018.03.14-01.02.28:553][901]LogWorld: Bringing World /Game/2DSideScrollerBP/Maps/UEDPIE_0_2DSideScrollerExampleMap.2DSideScrollerExampleMap up for play (max tick rate 0) at 2018.03.14-01.02.28
[2018.03.14-01.02.28:553][901]LogWorld: Bringing up level for play took: 0.002432
[2018.03.14-01.02.28:559][901]PIE: Play in editor start time for /Game/2DSideScrollerBP/Maps/UEDPIE_0_2DSideScrollerExampleMap -0.598
[2018.03.14-01.02.28:559][901]LogBlueprintUserMessages: Late PlayInEditor Detection: Level '/Game/2DSideScrollerBP/Maps/2DSideScrollerExampleMap.2DSideScrollerExampleMap:PersistentLevel' has LevelScriptBlueprint '/Game/2DSideScrollerBP/Maps/2DSideScrollerExampleMap.2DSideScrollerExampleMap:PersistentLevel.2DSideScrollerExampleMap' with GeneratedClass '/Game/2DSideScrollerBP/Maps/2DSideScrollerExampleMap.2DSideScrollerExampleMap_C' with ClassGeneratedBy '/Game/2DSideScrollerBP/Maps/2DSideScrollerExampleMap.2DSideScrollerExampleMap:PersistentLevel.2DSideScrollerExampleMap'
[2018.03.14-01.02.32:514][ 83]LogBlueprintUserMessages: Early EndPlayMap Detection: Level '/Game/2DSideScrollerBP/Maps/2DSideScrollerExampleMap.2DSideScrollerExampleMap:PersistentLevel' has LevelScriptBlueprint '/Game/2DSideScrollerBP/Maps/2DSideScrollerExampleMap.2DSideScrollerExampleMap:PersistentLevel.2DSideScrollerExampleMap' with GeneratedClass '/Game/2DSideScrollerBP/Maps/2DSideScrollerExampleMap.2DSideScrollerExampleMap_C' with ClassGeneratedBy '/Game/2DSideScrollerBP/Maps/2DSideScrollerExampleMap.2DSideScrollerExampleMap:PersistentLevel.2DSideScrollerExampleMap'
[2018.03.14-01.02.32:584][ 83]LogBlueprintUserMessages: Late EndPlayMap Detection: Level '/Game/2DSideScrollerBP/Maps/2DSideScrollerExampleMap.2DSideScrollerExampleMap:PersistentLevel' has LevelScriptBlueprint '/Game/2DSideScrollerBP/Maps/2DSideScrollerExampleMap.2DSideScrollerExampleMap:PersistentLevel.2DSideScrollerExampleMap' with GeneratedClass '/Game/2DSideScrollerBP/Maps/2DSideScrollerExampleMap.2DSideScrollerExampleMap_C' with ClassGeneratedBy '/Game/2DSideScrollerBP/Maps/2DSideScrollerExampleMap.2DSideScrollerExampleMap:PersistentLevel.2DSideScrollerExampleMap'
[2018.03.14-01.02.51:100][383]BlueprintLog: New page: Compile Window_Blueprint
[2018.03.14-01.02.52:642][400]LogTemp: Repeating last play command: New Editor Window (PIE)
[2018.03.14-01.02.52:662][400]LogBlueprintUserMessages: Early PlayInEditor Detection: Level '/Game/2DSideScrollerBP/Maps/2DSideScrollerExampleMap.2DSideScrollerExampleMap:PersistentLevel' has LevelScriptBlueprint '/Game/2DSideScrollerBP/Maps/2DSideScrollerExampleMap.2DSideScrollerExampleMap:PersistentLevel.2DSideScrollerExampleMap' with GeneratedClass '/Game/2DSideScrollerBP/Maps/2DSideScrollerExampleMap.2DSideScrollerExampleMap_C' with ClassGeneratedBy '/Game/2DSideScrollerBP/Maps/2DSideScrollerExampleMap.2DSideScrollerExampleMap:PersistentLevel.2DSideScrollerExampleMap'
[2018.03.14-01.02.52:662][400]LogPlayLevel: PlayLevel: No blueprints needed recompiling
[2018.03.14-01.02.52:662][400]PIE: New page: PIE session: 2DSideScrollerExampleMap (14 Mar 2018 01:02:52)
[2018.03.14-01.02.52:662][400]LogPlayLevel: Creating play world package: /Game/2DSideScrollerBP/Maps/UEDPIE_0_2DSideScrollerExampleMap
[2018.03.14-01.02.52:666][400]LogPlayLevel: PIE: StaticDuplicateObject took: (0.003238s)
[2018.03.14-01.02.52:666][400]LogAIModule: Creating AISystem for world 2DSideScrollerExampleMap
[2018.03.14-01.02.52:666][400]LogPlayLevel: PIE: World Init took: (0.000630s)
[2018.03.14-01.02.52:666][400]LogPlayLevel: PIE: Created PIE world by copying editor world from /Game/2DSideScrollerBP/Maps/2DSideScrollerExampleMap.2DSideScrollerExampleMap to /Game/2DSideScrollerBP/Maps/UEDPIE_0_2DSideScrollerExampleMap.2DSideScrollerExampleMap (0.004131s)
[2018.03.14-01.02.52:690][400]LogInit: XAudio2 using 'Speakers (Realtek High Definition Audio)' : 6 channels at 48 kHz using 32 bits per sample (channel mask 0x3f)
[2018.03.14-01.02.52:702][400]LogInit: FAudioDevice initialized.
[2018.03.14-01.02.52:751][400]LogLoad: Game class is '2DSideScrollerGameMode_C'
[2018.03.14-01.02.52:755][400]LogWorld: Bringing World /Game/2DSideScrollerBP/Maps/UEDPIE_0_2DSideScrollerExampleMap.2DSideScrollerExampleMap up for play (max tick rate 0) at 2018.03.14-01.02.52
[2018.03.14-01.02.52:755][400]LogWorld: Bringing up level for play took: 0.002348
[2018.03.14-01.02.52:761][400]PIE: Play in editor start time for /Game/2DSideScrollerBP/Maps/UEDPIE_0_2DSideScrollerExampleMap -0.396
[2018.03.14-01.02.52:761][400]LogBlueprintUserMessages: Late PlayInEditor Detection: Level '/Game/2DSideScrollerBP/Maps/2DSideScrollerExampleMap.2DSideScrollerExampleMap:PersistentLevel' has LevelScriptBlueprint '/Game/2DSideScrollerBP/Maps/2DSideScrollerExampleMap.2DSideScrollerExampleMap:PersistentLevel.2DSideScrollerExampleMap' with GeneratedClass '/Game/2DSideScrollerBP/Maps/2DSideScrollerExampleMap.2DSideScrollerExampleMap_C' with ClassGeneratedBy '/Game/2DSideScrollerBP/Maps/2DSideScrollerExampleMap.2DSideScrollerExampleMap:PersistentLevel.2DSideScrollerExampleMap'
[2018.03.14-01.02.58:463][658]LogBlueprintUserMessages: Early EndPlayMap Detection: Level '/Game/2DSideScrollerBP/Maps/2DSideScrollerExampleMap.2DSideScrollerExampleMap:PersistentLevel' has LevelScriptBlueprint '/Game/2DSideScrollerBP/Maps/2DSideScrollerExampleMap.2DSideScrollerExampleMap:PersistentLevel.2DSideScrollerExampleMap' with GeneratedClass '/Game/2DSideScrollerBP/Maps/2DSideScrollerExampleMap.2DSideScrollerExampleMap_C' with ClassGeneratedBy '/Game/2DSideScrollerBP/Maps/2DSideScrollerExampleMap.2DSideScrollerExampleMap:PersistentLevel.2DSideScrollerExampleMap'
[2018.03.14-01.02.58:537][658]LogBlueprintUserMessages: Late EndPlayMap Detection: Level '/Game/2DSideScrollerBP/Maps/2DSideScrollerExampleMap.2DSideScrollerExampleMap:PersistentLevel' has LevelScriptBlueprint '/Game/2DSideScrollerBP/Maps/2DSideScrollerExampleMap.2DSideScrollerExampleMap:PersistentLevel.2DSideScrollerExampleMap' with GeneratedClass '/Game/2DSideScrollerBP/Maps/2DSideScrollerExampleMap.2DSideScrollerExampleMap_C' with ClassGeneratedBy '/Game/2DSideScrollerBP/Maps/2DSideScrollerExampleMap.2DSideScrollerExampleMap:PersistentLevel.2DSideScrollerExampleMap'
[2018.03.14-01.04.12:209][491]LogEditorViewport: Clicking on Actor (context menu): PaperSpriteActor (Background_Sprite)
[2018.03.14-01.06.10:668][964]LogSavePackage: Save=83.14ms
[2018.03.14-01.06.10:668][964]LogSavePackage: Moving 'C:/Users/tdam/Desktop/WindowBangersTrial/Saved/2DSideScrollerExampleMap91A1D7194EF329CB8D96F5916121E23F.tmp' to 'C:/Users/tdam/Desktop/WindowBangersTrial/Content/2DSideScrollerBP/Maps/2DSideScrollerExampleMap.umap'
[2018.03.14-01.06.10:674][964]LogSavePackage: Display: Finished SavePackage C:/Users/tdam/Desktop/WindowBangersTrial/Content/2DSideScrollerBP/Maps/2DSideScrollerExampleMap.umap
[2018.03.14-01.06.10:713][964]LogFileHelpers: Saving map '2DSideScrollerExampleMap' took 0.198
[2018.03.14-01.06.10:731][964]Cmd: OBJ SAVEPACKAGE PACKAGE="/Game/Window_Blueprint" FILE="C:/Users/tdam/Desktop/WindowBangersTrial/Content/Window_Blueprint.uasset" SILENT=true
[2018.03.14-01.06.10:761][964]LogSavePackage: Save=28.09ms
[2018.03.14-01.06.10:761][964]LogSavePackage: Moving 'C:/Users/tdam/Desktop/WindowBangersTrial/Saved/Window_Blueprint03ACEA6A496A765984808FB83222243D.tmp' to 'C:/Users/tdam/Desktop/WindowBangersTrial/Content/Window_Blueprint.uasset'
[2018.03.14-01.06.10:765][964]LogSavePackage: Display: Finished SavePackage C:/Users/tdam/Desktop/WindowBangersTrial/Content/Window_Blueprint.uasset
