Log file open, 04/11/18 10:22:01
LogWindows: Failed to load 'aqProf.dll' (GetLastError=126)
LogWindows: File 'aqProf.dll' does not exist
LogWindows: Failed to load 'VtuneApi.dll' (GetLastError=126)
LogWindows: File 'VtuneApi.dll' does not exist
LogWindows: Failed to load 'VtuneApi32e.dll' (GetLastError=126)
LogWindows: File 'VtuneApi32e.dll' does not exist
LogInit: Display: Running engine for game: WindowBangers
LogPlatformFile: Not using cached read wrapper
LogInit: Display: RandInit(405112054) SRandInit(405112054).
LogTaskGraph: Started task graph with 5 named threads and 14 total threads with 3 sets of task threads.
LogStats: Stats thread started at 5.240453
LogD3D11RHI: Aftermath initialized
LogPluginManager: Mounting plugin Paper2D
LogPluginManager: Mounting plugin LightPropagationVolume
LogPluginManager: Mounting plugin CodeLiteSourceCodeAccess
LogPluginManager: Mounting plugin GitSourceControl
LogPluginManager: Mounting plugin KDevelopSourceCodeAccess
LogPluginManager: Mounting plugin NullSourceCodeAccess
LogPluginManager: Mounting plugin PerforceSourceControl
LogPluginManager: Mounting plugin SubversionSourceControl
LogPluginManager: Mounting plugin UObjectPlugin
LogPluginManager: Mounting plugin VisualStudioSourceCodeAccess
LogPluginManager: Mounting plugin XCodeSourceCodeAccess
LogPluginManager: Mounting plugin AssetManagerEditor
LogPluginManager: Mounting plugin AudioCapture
LogPluginManager: Mounting plugin FacialAnimation
LogPluginManager: Mounting plugin GameplayTagsEditor
LogPluginManager: Mounting plugin MobileLauncherProfileWizard
LogPluginManager: Mounting plugin PluginBrowser
LogPluginManager: Mounting plugin SpeedTreeImporter
LogPluginManager: Mounting plugin AlembicImporter
LogPluginManager: Mounting plugin CharacterAI
LogPluginManager: Mounting plugin HTML5Networking
LogPluginManager: Mounting plugin AndroidMedia
LogPluginManager: Mounting plugin AvfMedia
LogPluginManager: Mounting plugin MediaPlayerEditor
LogPluginManager: Mounting plugin WmfMedia
LogPluginManager: Mounting plugin TcpMessaging
LogPluginManager: Mounting plugin UdpMessaging
LogPluginManager: Mounting plugin LevelSequenceEditor
LogPluginManager: Mounting plugin MatineeToLevelSequence
LogPluginManager: Mounting plugin OnlineSubsystemGooglePlay
LogPluginManager: Mounting plugin OnlineSubsystemIOS
LogPluginManager: Mounting plugin OnlineSubsystem
LogPluginManager: Mounting plugin OnlineSubsystemNull
LogPluginManager: Mounting plugin OnlineSubsystemUtils
LogPluginManager: Mounting plugin AndroidDeviceProfileSelector
LogPluginManager: Mounting plugin AndroidMoviePlayer
LogPluginManager: Mounting plugin AndroidPermission
LogPluginManager: Mounting plugin AppleMoviePlayer
LogPluginManager: Mounting plugin ArchVisCharacter
LogPluginManager: Mounting plugin CableComponent
LogPluginManager: Mounting plugin CustomMeshComponent
LogPluginManager: Mounting plugin ExampleDeviceProfileSelector
LogPluginManager: Mounting plugin GoogleCloudMessaging
LogPluginManager: Mounting plugin ImmediatePhysics
LogPluginManager: Mounting plugin IOSDeviceProfileSelector
LogPluginManager: Mounting plugin LinuxDeviceProfileSelector
LogPluginManager: Mounting plugin LocationServicesBPLibrary
LogPluginManager: Mounting plugin MobilePatchingUtils
LogPluginManager: Mounting plugin OculusVR
LogPluginManager: Mounting plugin PhysXVehicles
LogPluginManager: Mounting plugin ProceduralMeshComponent
LogPluginManager: Mounting plugin RuntimePhysXCooking
LogPluginManager: Mounting plugin SteamVR
LogPluginManager: Mounting plugin WindowsMoviePlayer
LogInit: Using libcurl 7.47.1
LogInit:  - built for x86_64-pc-win32
LogInit:  - supports SSL with OpenSSL/1.0.2g
LogInit:  - supports HTTP deflate (compression) using libz 1.2.8
LogInit:  - other features:
LogInit:      CURL_VERSION_SSL
LogInit:      CURL_VERSION_LIBZ
LogInit:      CURL_VERSION_IPV6
LogInit:      CURL_VERSION_ASYNCHDNS
LogInit:      CURL_VERSION_LARGEFILE
LogInit:      CURL_VERSION_IDN
LogInit:  CurlRequestOptions (configurable via config and command line):
LogInit:  - bVerifyPeer = false  - Libcurl will NOT verify peer certificate
LogInit:  - bUseHttpProxy = false  - Libcurl will NOT use HTTP proxy
LogInit:  - bDontReuseConnections = false  - Libcurl will reuse connections
LogInit:  - CertBundlePath = nullptr  - Libcurl will use whatever was configured at build time.
LogInit: Build: ++UE4+Release-4.17-CL-3658906
LogInit: Engine Version: 4.17.2-3658906+++UE4+Release-4.17
LogInit: Compatible Engine Version: 4.17.0-3573198+++UE4+Release-4.17
LogInit: Net CL: 3573198
LogDevObjectVersion: Number of dev versions registered: 16
LogDevObjectVersion:   Dev-Blueprints (B0D832E4-1F89-4F0D-ACCF-7EB736FD4AA2): 10
LogDevObjectVersion:   Dev-Build (E1C64328-A22C-4D53-A36C-8E866417BD8C): 0
LogDevObjectVersion:   Dev-Core (375EC13C-06E4-48FB-B500-84F0262A717E): 2
LogDevObjectVersion:   Dev-Editor (E4B068ED-F494-42E9-A231-DA0B2E46BB41): 20
LogDevObjectVersion:   Dev-Framework (CFFC743F-43B0-4480-9391-14DF171D2073): 28
LogDevObjectVersion:   Dev-Mobile (B02B49B5-BB20-44E9-A304-32B752E40360): 0
LogDevObjectVersion:   Dev-Networking (A4E4105C-59A1-49B5-A7C5-40C4547EDFEE): 0
LogDevObjectVersion:   Dev-Online (39C831C9-5AE6-47DC-9A44-9C173E1C8E7C): 0
LogDevObjectVersion:   Dev-Physics (78F01B33-EBEA-4F98-B9B4-84EACCB95AA2): 0
LogDevObjectVersion:   Dev-Platform (6631380F-2D4D-43E0-8009-CF276956A95A): 0
LogDevObjectVersion:   Dev-Rendering (12F88B9F-8875-4AFC-A67C-D90C383ABD29): 19
LogDevObjectVersion:   Dev-Sequencer (7B5AE74C-D270-4C10-A958-57980B212A5A): 4
LogDevObjectVersion:   Dev-VR (D7296918-1DD6-4BDD-9DE2-64A83CC13884): 0
LogDevObjectVersion:   Dev-LoadTimes (C2A15278-BFE7-4AFE-6C17-90FF531DF755): 1
LogDevObjectVersion:   Private-Geometry (6EACA3D4-40EC-4CC1-B786-8BED09428FC5): 1
LogDevObjectVersion:   Dev-AnimPhys (29E575DD-E0A3-4627-9D10-D276232CDCEA): 7
LogInit: Compiled (64-bit): Sep 22 2017 13:47:16
LogInit: Compiled with Visual C++: 19.00.24215.01
LogInit: Build Configuration: Development
LogInit: Branch Name: ++UE4+Release-4.17
LogInit: Command line:  
LogInit: Base directory: C:/Program Files/Epic Games/UE_4.17/Engine/Binaries/Win64/
LogInit: Installed Engine Build: 1
LogInit: Presizing for max 8388607 objects, including 0 objects not considered by GC, pre-allocating 0 bytes for permanent pool.
LogInit: Object subsystem initialized
[2018.04.11-09.22.03:973][  0]LogInit: Selected Device Profile: [Windows]
[2018.04.11-09.22.03:973][  0]LogInit: Applying CVar settings loaded from the selected device profile: [Windows]
[2018.04.11-09.22.04:082][  0]LogInit: Computer: GAMES-106-025
[2018.04.11-09.22.04:082][  0]LogInit: User: Games
[2018.04.11-09.22.04:082][  0]LogInit: CPU Page size=4096, Cores=4
[2018.04.11-09.22.04:082][  0]LogInit: High frequency timer resolution =3.613349 MHz
[2018.04.11-09.22.04:082][  0]LogMemory: Memory total: Physical=15.9GB (16GB approx)
[2018.04.11-09.22.04:082][  0]LogMemory: Platform Memory Stats for Windows
[2018.04.11-09.22.04:082][  0]LogMemory: Process Physical Memory: 281.50 MB used, 281.50 MB peak
[2018.04.11-09.22.04:082][  0]LogMemory: Process Virtual Memory: 285.54 MB used, 285.54 MB peak
[2018.04.11-09.22.04:082][  0]LogMemory: Physical Memory: 3483.87 MB used,  12777.87 MB free, 16261.73 MB total
[2018.04.11-09.22.04:082][  0]LogMemory: Virtual Memory: 664.48 MB used,  12777.87 MB free, 8388608.00 MB total
[2018.04.11-09.22.05:882][  0]LogInit: Using OS detected language (en-GB).
[2018.04.11-09.22.05:882][  0]LogInit: Using OS detected locale (en-GB).
[2018.04.11-09.22.06:157][  0]LogTextLocalizationManager: No specific localization for 'en-GB' exists, so the 'en' localization will be used.
[2018.04.11-09.22.16:355][  0]LogD3D11RHI: D3D11 adapters:
[2018.04.11-09.22.16:387][  0]LogD3D11RHI:    0. 'NVIDIA GeForce GTX 760' (Feature Level 11_0)
[2018.04.11-09.22.16:387][  0]LogD3D11RHI:       1990/0/2048 MB DedicatedVideo/DedicatedSystem/SharedSystem, Outputs:2, VendorId:0x10de
[2018.04.11-09.22.16:387][  0]LogD3D11RHI: Chosen D3D11 Adapter: 0
[2018.04.11-09.22.16:393][  0]LogD3D11RHI: Creating new Direct3DDevice
[2018.04.11-09.22.16:393][  0]LogD3D11RHI:     GPU DeviceId: 0x1187 (for the marketing name, search the web for "GPU Device Id")
[2018.04.11-09.22.16:393][  0]LogWindows: EnumDisplayDevices:
[2018.04.11-09.22.16:394][  0]LogWindows:    0. 'NVIDIA GeForce GTX 760' (P:1 D:1)
[2018.04.11-09.22.16:394][  0]LogWindows:    1. 'NVIDIA GeForce GTX 760' (P:0 D:1)
[2018.04.11-09.22.16:394][  0]LogWindows:    2. 'NVIDIA GeForce GTX 760' (P:0 D:0)
[2018.04.11-09.22.16:394][  0]LogWindows:    3. 'NVIDIA GeForce GTX 760' (P:0 D:0)
[2018.04.11-09.22.16:395][  0]LogWindows:    4. 'RDPDD Chained DD' (P:0 D:0)
[2018.04.11-09.22.16:395][  0]LogWindows:    5. 'RDP Encoder Mirror Driver' (P:0 D:0)
[2018.04.11-09.22.16:395][  0]LogWindows:    6. 'RDP Reflector Display Driver' (P:0 D:0)
[2018.04.11-09.22.16:396][  0]LogWindows: DebugString: GetVideoDriverDetailsInvalid PrimaryIsNotTheChoosenAdapter GetVideoDriverDetailsInvalid PrimaryIsNotTheChoosenAdapter GetVideoDriverDetailsInvalid PrimaryIsNotTheChoosenAdapter FoundDriverCount:4 
[2018.04.11-09.22.16:396][  0]LogD3D11RHI:     Adapter Name: NVIDIA GeForce GTX 760
[2018.04.11-09.22.16:396][  0]LogD3D11RHI:   Driver Version: 358.91 (internal:10.18.13.5891, unified:358.91)
[2018.04.11-09.22.16:396][  0]LogD3D11RHI:      Driver Date: 11-5-2015
[2018.04.11-09.22.16:396][  0]LogRHI: Texture pool is 1361 MB (70% of 1945 MB)
[2018.04.11-09.22.16:457][  0]LogD3D11RHI: NvAPI_D3D_GetCurrentSLIState failed: 0xfffffff7
[2018.04.11-09.22.16:457][  0]LogD3D11RHI: Async texture creation enabled
[2018.04.11-09.22.16:755][  0]LogD3D11RHI: GPU Timing Frequency: 1000.000000 (Debug: 2 2)
[2018.04.11-09.22.16:846][  0]LogShaderCompilers: Guid format shader working directory is -33 characters bigger than the processId version (../../../../../../Users/Games/Documents/GitHub/mgp-mpg-group-9/Game_Tom/WBTomV2/Intermediate/Shaders/WorkingDirectory/7004/).
[2018.04.11-09.22.16:847][  0]LogShaderCompilers: Cleaned the shader compiler working directory 'C:/Users/Games/AppData/Local/Temp/UnrealShaderWorkingDir/F950EDD8481B4A08A3F3C9A39F5F69C8/'.
[2018.04.11-09.22.16:855][  0]LogShaderCompilers: Display: Using Local Shader Compiler.
[2018.04.11-09.22.28:366][  0]LogTemp: Display: Loaded TP AllDesktopTargetPlatform
[2018.04.11-09.22.28:461][  0]LogTemp: Display: Loaded TP MacClientTargetPlatform
[2018.04.11-09.22.28:526][  0]LogTemp: Display: Loaded TP MacNoEditorTargetPlatform
[2018.04.11-09.22.28:656][  0]LogTemp: Display: Loaded TP MacServerTargetPlatform
[2018.04.11-09.22.28:787][  0]LogTemp: Display: Loaded TP MacTargetPlatform
[2018.04.11-09.22.28:900][  0]LogTemp: Display: Loaded TP WindowsClientTargetPlatform
[2018.04.11-09.22.28:958][  0]LogTemp: Display: Loaded TP WindowsNoEditorTargetPlatform
[2018.04.11-09.22.29:007][  0]LogTemp: Display: Loaded TP WindowsServerTargetPlatform
[2018.04.11-09.22.29:063][  0]LogTemp: Display: Loaded TP WindowsTargetPlatform
[2018.04.11-09.22.29:176][  0]LogTemp: Display: Loaded TP AndroidTargetPlatform
[2018.04.11-09.22.29:282][  0]LogTemp: Display: Loaded TP Android_ASTCTargetPlatform
[2018.04.11-09.22.29:382][  0]LogTemp: Display: Loaded TP Android_ATCTargetPlatform
[2018.04.11-09.22.29:442][  0]LogTemp: Display: Loaded TP Android_DXTTargetPlatform
[2018.04.11-09.22.29:504][  0]LogTemp: Display: Loaded TP Android_ETC1TargetPlatform
[2018.04.11-09.22.29:664][  0]LogTemp: Display: Loaded TP Android_ETC2TargetPlatform
[2018.04.11-09.22.29:779][  0]LogTemp: Display: Loaded TP Android_MultiTargetPlatform
[2018.04.11-09.22.29:779][  0]LogTemp: Display: Loaded TP Android_PVRTCTargetPlatform
[2018.04.11-09.22.29:898][  0]LogTemp: Display: Loaded TP HTML5TargetPlatform
[2018.04.11-09.22.30:043][  0]LogTemp: Display: Loaded TP IOSTargetPlatform
[2018.04.11-09.22.30:086][  0]LogTemp: Display: Loaded TP TVOSTargetPlatform
[2018.04.11-09.22.30:193][  0]LogTemp: Display: Loaded TP LinuxClientTargetPlatform
[2018.04.11-09.22.30:262][  0]LogTemp: Display: Loaded TP LinuxNoEditorTargetPlatform
[2018.04.11-09.22.30:325][  0]LogTemp: Display: Loaded TP LinuxServerTargetPlatform
[2018.04.11-09.22.30:470][  0]LogTemp: Display: Loaded TP LinuxTargetPlatform
[2018.04.11-09.22.30:471][  0]LogTargetPlatformManager: Display: Building Assets For Windows
[2018.04.11-09.22.32:395][  0]LogDerivedDataCache: Display: Max Cache Size: 512 MB
[2018.04.11-09.22.33:111][  0]LogDerivedDataCache: Loaded boot cache 0.69s 93MB C:/Users/Games/AppData/Local/UnrealEngine/4.17/DerivedDataCache/Boot.ddc.
[2018.04.11-09.22.33:111][  0]LogDerivedDataCache: Display: Loaded Boot cache: C:/Users/Games/AppData/Local/UnrealEngine/4.17/DerivedDataCache/Boot.ddc
[2018.04.11-09.22.33:111][  0]LogDerivedDataCache: FDerivedDataBackendGraph:  Pak pak cache file ../../../../../../Users/Games/Documents/GitHub/mgp-mpg-group-9/Game_Tom/WBTomV2/DerivedDataCache/DDC.ddp not found, will not use a pak cache.
[2018.04.11-09.22.33:111][  0]LogDerivedDataCache: Unable to find inner node Pak for hierarchical cache Hierarchy.
[2018.04.11-09.22.33:111][  0]LogDerivedDataCache: FDerivedDataBackendGraph:  CompressedPak pak cache file ../../../../../../Users/Games/Documents/GitHub/mgp-mpg-group-9/Game_Tom/WBTomV2/DerivedDataCache/Compressed.ddp not found, will not use a pak cache.
[2018.04.11-09.22.33:111][  0]LogDerivedDataCache: Unable to find inner node CompressedPak for hierarchical cache Hierarchy.
[2018.04.11-09.22.33:177][  0]LogDerivedDataCache: Display: Pak cache opened for reading ../../../Engine/DerivedDataCache/Compressed.ddp.
[2018.04.11-09.22.33:189][  0]LogDerivedDataCache: Using Local data cache path C:/Users/Games/AppData/Local/UnrealEngine/Common/DerivedDataCache: Writable
[2018.04.11-09.22.33:252][  0]LogMaterial: Verifying Global Shaders for PCD3D_SM5
[2018.04.11-09.22.33:317][  0]LogSlate: Using Freetype 2.6.0
[2018.04.11-09.22.33:354][  0]LogSlate: SlateFontCache - WITH_FREETYPE: 1, WITH_HARFBUZZ: 1
[2018.04.11-09.22.33:361][  0]LogSlate: SlateFontCache - WITH_FREETYPE: 1, WITH_HARFBUZZ: 1
[2018.04.11-09.22.40:012][  0]LogAssetRegistry: FAssetRegistry took 0.0639 seconds to start up
[2018.04.11-09.22.43:140][  0]LogInit: Selected Device Profile: [Windows]
[2018.04.11-09.22.43:693][  0]LogContentStreaming: Texture pool size is 0.00 MB
[2018.04.11-09.22.48:080][  0]LogSimplygon: Simplygon DLL not present - disabling.
[2018.04.11-09.22.48:206][  0]LogMeshReduction: Using SimplygonSwarm for distributed automatic mesh merging
[2018.04.11-09.22.48:222][  0]LogMeshReduction: Using QuadricMeshReduction for automatic static mesh reduction
[2018.04.11-09.22.48:222][  0]LogMeshReduction: No automatic skeletal mesh reduction module available
[2018.04.11-09.22.48:222][  0]LogMeshReduction: No automatic mesh merging module available
[2018.04.11-09.22.48:222][  0]LogMeshMerging: No automatic mesh merging module available
[2018.04.11-09.22.53:661][  0]LogNetVersion: WindowBangers , NetCL: 3573198, EngineNetVer: 2, GameNetVer: 0 (Checksum: 342366829)
[2018.04.11-09.22.55:873][  0]LogPackageLocalizationCache: Processed 5 localized package path(s) for 2 prioritized culture(s) in 0.159149 seconds
[2018.04.11-09.22.55:900][  0]LogUObjectArray: 35825 objects as part of root set at end of initial load.
[2018.04.11-09.22.55:900][  0]LogUObjectAllocator: 7529104 out of 0 bytes used by permanent object pool.
[2018.04.11-09.22.55:900][  0]LogUObjectArray: CloseDisregardForGC: 0/0 objects in disregard for GC pool
[2018.04.11-09.22.55:990][  0]LogInit: WinSock: version 1.1 (2.2), MaxSocks=32767, MaxUdp=65467
[2018.04.11-09.23.39:539][  0]LogTcpMessaging: Initializing TcpMessaging bridge
[2018.04.11-09.23.39:850][  0]LogUdpMessaging: Initializing bridge on interface 0.0.0.0:0 to multicast group 230.0.0.1:6666.
[2018.04.11-09.23.42:414][  0]LogMaterial: Uniform references updated for custom material expression Custom.
[2018.04.11-09.23.44:200][  0]SourceControl: Source control is disabled
[2018.04.11-09.23.44:200][  0]SourceControl: Source control is disabled
[2018.04.11-09.23.44:285][  0]SourceControl: Source control is disabled
[2018.04.11-09.23.44:392][  0]SourceControl: Source control is disabled
[2018.04.11-09.23.46:334][  0]LogAndroidPermission: UAndroidPermissionCallbackProxy::GetInstance
[2018.04.11-09.23.46:636][  0]LogOcInput: OculusInput pre-init called
[2018.04.11-09.23.47:537][  0]LogEngine: Initializing Engine...
[2018.04.11-09.23.47:567][  0]LogHMD: Failed to initialize OpenVR with code 110
[2018.04.11-09.23.48:192][  0]LogStats: UGameplayTagsManager::ConstructGameplayTagTree: Construct from data asset -  0.000 s
[2018.04.11-09.23.48:193][  0]LogStats: UGameplayTagsManager::ConstructGameplayTagTree: GameplayTagTreeChangedEvent.Broadcast -  0.000 s
[2018.04.11-09.23.48:731][  0]LogAIModule: Creating AISystem for world Untitled
[2018.04.11-09.23.48:878][  0]LogInit: XAudio2 using 'Speakers (Conexant HD Audio)' : 2 channels at 44.1 kHz using 16 bits per sample (channel mask 0x3)
[2018.04.11-09.23.48:977][  0]LogInit: FAudioDevice initialized.
[2018.04.11-09.23.49:143][  0]LogDerivedDataCache: Saved boot cache 0.17s 93MB C:/Users/Games/AppData/Local/UnrealEngine/4.17/DerivedDataCache/Boot.ddc.
[2018.04.11-09.23.49:178][  0]LogInit: Texture streaming: Enabled
[2018.04.11-09.23.49:624][  0]LogEngineSessionManager: EngineSessionManager initialized
[2018.04.11-09.23.50:941][  0]LogInit: Transaction tracking system initialized
[2018.04.11-09.23.52:634][  0]BlueprintLog: New page: Editor Load
[2018.04.11-09.23.57:152][  0]LocalizationService: Localization service is disabled
[2018.04.11-09.23.59:699][  0]LogConsoleResponse: Display: 
[2018.04.11-09.24.02:504][  0]LogFileCache: Scanning file cache for directory 'C:/Users/Games/Documents/GitHub/mgp-mpg-group-9/Game_Tom/WBTomV2/Content/' took 0.02s
[2018.04.11-09.24.02:504][  0]LogCook: Display: Max memory allowance for cook 16384mb min free memory 0mb
[2018.04.11-09.24.02:520][  0]LogCook: Display: Mobile HDR setting 1
[2018.04.11-09.24.02:595][  0]LogGameplayTags: Display: UGameplayTagsManager::DoneAddingNativeTags. DelegateIsBound: 0
[2018.04.11-09.24.08:394][  0]SourceControl: Source control is disabled
[2018.04.11-09.24.08:463][  0]Cmd: MAP LOAD FILE="../../../../../../Users/Games/Documents/GitHub/mgp-mpg-group-9/Game_Tom/WBTomV2/Content/2DSideScrollerBP/Maps/2DSideScrollerExampleMap.umap" TEMPLATE=0 SHOWPROGRESS=1 FEATURELEVEL=3
[2018.04.11-09.24.08:514][  0]LightingResults: New page: Lighting Build
[2018.04.11-09.24.08:689][  0]MapCheck: New page: Map Check
[2018.04.11-09.24.08:689][  0]LightingResults: New page: Lighting Build
[2018.04.11-09.24.12:078][  0]LogTexture: Display: Building textures: PowerBar_S1 (AutoDXT, 2480X3508)
[2018.04.11-09.24.12:430][  0]LogAIModule: Creating AISystem for world 2DSideScrollerExampleMap
[2018.04.11-09.24.13:078][  0]LogEditorServer: Finished looking for orphan Actors (0.000 secs)
[2018.04.11-09.24.13:216][  0]Cmd: MAP CHECKDEP NOCLEARLOG
[2018.04.11-09.24.13:299][  0]MapCheck: Map check complete: 0 Error(s), 0 Warning(s), took 83.504ms to complete.
[2018.04.11-09.24.13:323][  0]LogFileHelpers: Loading map '2DSideScrollerExampleMap' took 4.894
[2018.04.11-09.24.15:621][  0]LogCollectionManager: Loaded 0 collections in 0.001523 seconds
[2018.04.11-09.24.16:597][  0]LogFileCache: Scanning file cache for directory 'C:/Users/Games/Documents/GitHub/mgp-mpg-group-9/Game_Tom/WBTomV2/Saved/Collections/' took 0.01s
[2018.04.11-09.24.16:597][  0]LogFileCache: Scanning file cache for directory 'C:/Users/Games/Documents/GitHub/mgp-mpg-group-9/Game_Tom/WBTomV2/Content/Developers/Games/Collections/' took 0.01s
[2018.04.11-09.24.16:597][  0]LogFileCache: Scanning file cache for directory 'C:/Users/Games/Documents/GitHub/mgp-mpg-group-9/Game_Tom/WBTomV2/Content/Collections/' took 0.01s
[2018.04.11-09.24.16:597][  0]LogCollectionManager: Rebuilt the GUID cache for 0 collections in 0.000001 seconds
[2018.04.11-09.24.16:670][  0]LogContentBrowser: Native class hierarchy populated in 0.0556 seconds. Added 2386 classes and 500 folders.
[2018.04.11-09.24.16:916][  0]LogContentBrowser: Native class hierarchy updated for 'WidgetCarousel' in 0.0009 seconds. Added 0 classes and 0 folders.
[2018.04.11-09.24.21:271][  0]LogContentBrowser: Native class hierarchy updated for 'AddContentDialog' in 0.0007 seconds. Added 0 classes and 0 folders.
[2018.04.11-09.24.21:533][  0]LogContentBrowser: Native class hierarchy updated for 'SceneOutliner' in 0.0014 seconds. Added 1 classes and 2 folders.
[2018.04.11-09.24.24:815][  0]LogSlate: Took 0.026871 seconds to synchronously load lazily loaded font '../../../Engine/Content/Slate/Fonts/Roboto-Regular.ttf' (155K)
[2018.04.11-09.24.24:881][  0]LogSlate: Took 0.049454 seconds to synchronously load lazily loaded font '../../../Engine/Content/Slate/Fonts/Roboto-Bold.ttf' (160K)
[2018.04.11-09.24.25:205][  0]LogSlate: Took 0.119724 seconds to synchronously load lazily loaded font '../../../Engine/Content/Editor/Slate/Fonts/FontAwesome.ttf' (139K)
[2018.04.11-09.24.26:381][  0]LogRenderer: Reallocating scene render targets to support 1208x580 Format 10 NumSamples 1 (Frame:1).
[2018.04.11-09.24.28:475][  0]LogSlate: Took 0.431802 seconds to synchronously load lazily loaded font '../../../Engine/Content/Slate/Fonts/Roboto-Light.ttf' (159K)
[2018.04.11-09.24.29:455][  0]LogContentBrowser: Native class hierarchy updated for 'HierarchicalLODOutliner' in 0.0018 seconds. Added 1 classes and 2 folders.
[2018.04.11-09.24.29:455][  0]LogLoad: (Engine Initialization) Total time: 163.02 seconds
[2018.04.11-09.24.29:455][  0]LogLoad: (Engine Initialization) Total Blueprint compile time: 0.00 seconds
[2018.04.11-09.24.29:456][  0]LogExternalProfiler: Found external profiler: VSPerf
[2018.04.11-09.24.29:456][  0]LogExternalProfiler: Using external profiler: VSPerf
[2018.04.11-09.24.29:860][  0]LogContentStreaming: Texture pool size now 1000 MB
[2018.04.11-09.24.30:538][  3]LogAssetRegistry: Asset discovery search completed in 110.5453 seconds
[2018.04.11-09.24.30:540][  3]LogCollectionManager: Rebuilt the object cache for 0 collections in 0.000001 seconds (found 0 objects)
[2018.04.11-09.24.30:540][  3]LogCollectionManager: Fixed up redirectors for 0 collections in 0.000042 seconds (updated 0 objects)
[2018.04.11-09.24.30:606][  4]LogSlate: Took 0.000268 seconds to synchronously load lazily loaded font '../../../Engine/Content/Slate/Fonts/Roboto-Light.ttf' (159K)
[2018.04.11-09.24.39:403][172]LogTemp: Repeating last play command: Selected Viewport
[2018.04.11-09.24.39:685][172]LogBlueprintUserMessages: Early PlayInEditor Detection: Level '/Game/2DSideScrollerBP/Maps/2DSideScrollerExampleMap.2DSideScrollerExampleMap:PersistentLevel' has LevelScriptBlueprint '/Game/2DSideScrollerBP/Maps/2DSideScrollerExampleMap.2DSideScrollerExampleMap:PersistentLevel.2DSideScrollerExampleMap' with GeneratedClass '/Game/2DSideScrollerBP/Maps/2DSideScrollerExampleMap.2DSideScrollerExampleMap_C' with ClassGeneratedBy '/Game/2DSideScrollerBP/Maps/2DSideScrollerExampleMap.2DSideScrollerExampleMap:PersistentLevel.2DSideScrollerExampleMap'
[2018.04.11-09.24.39:686][172]LogPlayLevel: PlayLevel: No blueprints needed recompiling
[2018.04.11-09.24.39:734][172]PIE: New page: PIE session: 2DSideScrollerExampleMap (11 Apr 2018 11:24:39)
[2018.04.11-09.24.39:734][172]LogPlayLevel: Creating play world package: /Game/2DSideScrollerBP/Maps/UEDPIE_0_2DSideScrollerExampleMap
[2018.04.11-09.24.39:892][172]LogPlayLevel: PIE: StaticDuplicateObject took: (0.157979s)
[2018.04.11-09.24.39:894][172]LogAIModule: Creating AISystem for world 2DSideScrollerExampleMap
[2018.04.11-09.24.39:894][172]LogPlayLevel: PIE: World Init took: (0.001669s)
[2018.04.11-09.24.39:894][172]LogPlayLevel: PIE: Created PIE world by copying editor world from /Game/2DSideScrollerBP/Maps/2DSideScrollerExampleMap.2DSideScrollerExampleMap to /Game/2DSideScrollerBP/Maps/UEDPIE_0_2DSideScrollerExampleMap.2DSideScrollerExampleMap (0.160273s)
[2018.04.11-09.24.39:934][172]LogInit: XAudio2 using 'Speakers (Conexant HD Audio)' : 2 channels at 44.1 kHz using 16 bits per sample (channel mask 0x3)
[2018.04.11-09.24.39:952][172]LogInit: FAudioDevice initialized.
[2018.04.11-09.24.40:110][172]LogLoad: Game class is '2DSideScrollerGameMode_C'
[2018.04.11-09.24.40:190][172]LogWorld: Bringing World /Game/2DSideScrollerBP/Maps/UEDPIE_0_2DSideScrollerExampleMap.2DSideScrollerExampleMap up for play (max tick rate 0) at 2018.04.11-10.24.40
[2018.04.11-09.24.40:215][172]LogWorld: Bringing up level for play took: 0.032981
[2018.04.11-09.24.40:502][172]LogContentBrowser: Native class hierarchy updated for 'MovieSceneCapture' in 0.0019 seconds. Added 11 classes and 0 folders.
[2018.04.11-09.24.40:557][172]PIE: Play in editor start time for /Game/2DSideScrollerBP/Maps/UEDPIE_0_2DSideScrollerExampleMap 1.981
[2018.04.11-09.24.40:557][172]LogBlueprintUserMessages: Late PlayInEditor Detection: Level '/Game/2DSideScrollerBP/Maps/2DSideScrollerExampleMap.2DSideScrollerExampleMap:PersistentLevel' has LevelScriptBlueprint '/Game/2DSideScrollerBP/Maps/2DSideScrollerExampleMap.2DSideScrollerExampleMap:PersistentLevel.2DSideScrollerExampleMap' with GeneratedClass '/Game/2DSideScrollerBP/Maps/2DSideScrollerExampleMap.2DSideScrollerExampleMap_C' with ClassGeneratedBy '/Game/2DSideScrollerBP/Maps/2DSideScrollerExampleMap.2DSideScrollerExampleMap:PersistentLevel.2DSideScrollerExampleMap'
[2018.04.11-09.24.42:096][314]LogWindows: Warning: FWindowsPlatformSurvey::TickSurveyHardware() failed to parse available memory from dxdiag report
[2018.04.11-09.24.42:115][314]LogSynthBenchmark: Display: FSynthBenchmark (V0.95):  requested WorkScale=5.00
[2018.04.11-09.24.42:115][314]LogSynthBenchmark: Display: ===============
[2018.04.11-09.24.42:115][314]LogSynthBenchmark: Display: Main Processor:
[2018.04.11-09.24.42:308][314]LogSynthBenchmark: Display:          ... 0.019350 s/Run 'RayIntersect'
[2018.04.11-09.24.42:308][314]LogSynthBenchmark: Display:          ... 0.019373 s/Run 'Fractal'
[2018.04.11-09.24.42:308][314]LogSynthBenchmark: Display: 
[2018.04.11-09.24.42:308][314]LogSynthBenchmark: Display:   CompiledTarget_x_Bits: 64
[2018.04.11-09.24.42:308][314]LogSynthBenchmark: Display:   UE_BUILD_SHIPPING: 0
[2018.04.11-09.24.42:308][314]LogSynthBenchmark: Display:   UE_BUILD_TEST: 0
[2018.04.11-09.24.42:309][314]LogSynthBenchmark: Display:   UE_BUILD_DEBUG: 0
[2018.04.11-09.24.42:309][314]LogSynthBenchmark: Display:   TotalPhysicalGBRam: 16
[2018.04.11-09.24.42:309][314]LogSynthBenchmark: Display:   NumberOfCores (physical): 4
[2018.04.11-09.24.42:309][314]LogSynthBenchmark: Display:   NumberOfCores (logical): 8
[2018.04.11-09.24.42:309][314]LogSynthBenchmark: Display:   CPU Perf Index 0: 132.3 (weight 1.00)
[2018.04.11-09.24.42:309][314]LogSynthBenchmark: Display:   CPU Perf Index 1: 147.6 (weight 1.50)
[2018.04.11-09.24.42:309][314]LogSynthBenchmark: Display:  
[2018.04.11-09.24.42:309][314]LogSynthBenchmark: Display: Graphics:
[2018.04.11-09.24.42:309][314]LogSynthBenchmark: Display:   Adapter Name: 'NVIDIA GeForce GTX 760'
[2018.04.11-09.24.42:309][314]LogSynthBenchmark: Display:   (On Optimus the name might be wrong, memory should be ok)
[2018.04.11-09.24.42:309][314]LogSynthBenchmark: Display:   Vendor Id: 0x10DE
[2018.04.11-09.24.42:309][314]LogSynthBenchmark: Display:   Device Id: 0x1187
[2018.04.11-09.24.42:309][314]LogSynthBenchmark: Display:   Device Revision: 0xA1
[2018.04.11-09.24.42:309][314]LogSynthBenchmark: Display:   GPU Memory: 1991/0/2049 MB
[2018.04.11-09.24.42:419][314]LogSynthBenchmark: Display:   GPU first test: 0.02s
[2018.04.11-09.24.42:419][314]LogSynthBenchmark: Display:          ... 2.847 s/GigaPix, Confidence=100% 'ALUHeavyNoise' (likely to be very inaccurate)
[2018.04.11-09.24.42:419][314]LogSynthBenchmark: Display:          ... 4.231 s/GigaPix, Confidence=100% 'TexHeavy' (likely to be very inaccurate)
[2018.04.11-09.24.42:419][314]LogSynthBenchmark: Display:          ... 2.390 s/GigaPix, Confidence=100% 'DepTexHeavy' (likely to be very inaccurate)
[2018.04.11-09.24.42:419][314]LogSynthBenchmark: Display:          ... 9.535 s/GigaPix, Confidence=100% 'FillOnly' (likely to be very inaccurate)
[2018.04.11-09.24.42:419][314]LogSynthBenchmark: Display:          ... 0.625 s/GigaPix, Confidence=100% 'Bandwidth' (likely to be very inaccurate)
[2018.04.11-09.24.42:419][314]LogSynthBenchmark: Display:          ... 1.447 s/GigaVert, Confidence=89% 'VertThroughPut1' (likely to be very inaccurate)
[2018.04.11-09.24.42:419][314]LogSynthBenchmark: Display:          ... 2.465 s/GigaVert, Confidence=100% 'VertThroughPut2' (likely to be very inaccurate)
[2018.04.11-09.24.42:675][314]LogSynthBenchmark: Display:   GPU second test: 0.20s
[2018.04.11-09.24.42:675][314]LogSynthBenchmark: Display:          ... 3.497 s/GigaPix, Confidence=100% 'ALUHeavyNoise' (likely to be inaccurate)
[2018.04.11-09.24.42:675][314]LogSynthBenchmark: Display:          ... 5.799 s/GigaPix, Confidence=100% 'TexHeavy' (likely to be inaccurate)
[2018.04.11-09.24.42:675][314]LogSynthBenchmark: Display:          ... 3.056 s/GigaPix, Confidence=100% 'DepTexHeavy' (likely to be inaccurate)
[2018.04.11-09.24.42:675][314]LogSynthBenchmark: Display:          ... 18.637 s/GigaPix, Confidence=100% 'FillOnly' (likely to be inaccurate)
[2018.04.11-09.24.42:675][314]LogSynthBenchmark: Display:          ... 0.741 s/GigaPix, Confidence=100% 'Bandwidth' (likely to be inaccurate)
[2018.04.11-09.24.42:675][314]LogSynthBenchmark: Display:          ... 1.278 s/GigaVert, Confidence=100% 'VertThroughPut1' (likely to be inaccurate)
[2018.04.11-09.24.42:675][314]LogSynthBenchmark: Display:          ... 2.387 s/GigaVert, Confidence=100% 'VertThroughPut2' (likely to be inaccurate)
[2018.04.11-09.24.42:675][314]LogSynthBenchmark: Display:   GPU Final Results:
[2018.04.11-09.24.42:675][314]LogSynthBenchmark: Display:          ... 3.497 s/GigaPix, Confidence=100% 'ALUHeavyNoise'
[2018.04.11-09.24.42:675][314]LogSynthBenchmark: Display:          ... 5.799 s/GigaPix, Confidence=100% 'TexHeavy'
[2018.04.11-09.24.42:675][314]LogSynthBenchmark: Display:          ... 3.056 s/GigaPix, Confidence=100% 'DepTexHeavy'
[2018.04.11-09.24.42:675][314]LogSynthBenchmark: Display:          ... 18.637 s/GigaPix, Confidence=100% 'FillOnly'
[2018.04.11-09.24.42:675][314]LogSynthBenchmark: Display:          ... 0.741 s/GigaPix, Confidence=100% 'Bandwidth'
[2018.04.11-09.24.42:675][314]LogSynthBenchmark: Display:          ... 1.278 s/GigaVert, Confidence=100% 'VertThroughPut1'
[2018.04.11-09.24.42:675][314]LogSynthBenchmark: Display:          ... 2.387 s/GigaVert, Confidence=100% 'VertThroughPut2'
[2018.04.11-09.24.42:675][314]LogSynthBenchmark: Display: 
[2018.04.11-09.24.42:675][314]LogSynthBenchmark: Display:   GPU Perf Index 0: 76.0 (weight 1.00)
[2018.04.11-09.24.42:675][314]LogSynthBenchmark: Display:   GPU Perf Index 1: 77.9 (weight 0.10)
[2018.04.11-09.24.42:675][314]LogSynthBenchmark: Display:   GPU Perf Index 2: 79.4 (weight 0.10)
[2018.04.11-09.24.42:675][314]LogSynthBenchmark: Display:   GPU Perf Index 3: 73.2 (weight 3.00)
[2018.04.11-09.24.42:675][314]LogSynthBenchmark: Display:   GPU Perf Index 4: 69.1 (weight 1.00)
[2018.04.11-09.24.42:675][314]LogSynthBenchmark: Display:   GPU Perf Index 5: 83.1 (weight 0.00)
[2018.04.11-09.24.42:675][314]LogSynthBenchmark: Display:   GPU Perf Index 6: 135.1 (weight 0.00)
[2018.04.11-09.24.42:675][314]LogSynthBenchmark: Display:   CPUIndex: 141.5
[2018.04.11-09.24.42:675][314]LogSynthBenchmark: Display:   GPUIndex: 73.2
[2018.04.11-09.24.42:675][314]LogSynthBenchmark: Display: 
[2018.04.11-09.24.42:675][314]LogSynthBenchmark: Display:          ... Total Time: 0.560688 sec
[2018.04.11-09.24.55:242][254]LogBlueprintUserMessages: Early EndPlayMap Detection: Level '/Game/2DSideScrollerBP/Maps/2DSideScrollerExampleMap.2DSideScrollerExampleMap:PersistentLevel' has LevelScriptBlueprint '/Game/2DSideScrollerBP/Maps/2DSideScrollerExampleMap.2DSideScrollerExampleMap:PersistentLevel.2DSideScrollerExampleMap' with GeneratedClass '/Game/2DSideScrollerBP/Maps/2DSideScrollerExampleMap.2DSideScrollerExampleMap_C' with ClassGeneratedBy '/Game/2DSideScrollerBP/Maps/2DSideScrollerExampleMap.2DSideScrollerExampleMap:PersistentLevel.2DSideScrollerExampleMap'
[2018.04.11-09.24.55:299][254]LogBlueprintUserMessages: Late EndPlayMap Detection: Level '/Game/2DSideScrollerBP/Maps/2DSideScrollerExampleMap.2DSideScrollerExampleMap:PersistentLevel' has LevelScriptBlueprint '/Game/2DSideScrollerBP/Maps/2DSideScrollerExampleMap.2DSideScrollerExampleMap:PersistentLevel.2DSideScrollerExampleMap' with GeneratedClass '/Game/2DSideScrollerBP/Maps/2DSideScrollerExampleMap.2DSideScrollerExampleMap_C' with ClassGeneratedBy '/Game/2DSideScrollerBP/Maps/2DSideScrollerExampleMap.2DSideScrollerExampleMap:PersistentLevel.2DSideScrollerExampleMap'
[2018.04.11-09.25.01:484][919]LogEditorViewport: Clicking on Actor (LMB): BP_PowerMeter_C (BP_PowerMeter)
[2018.04.11-09.25.05:830][221]LogSlate: Took 0.000500 seconds to synchronously load lazily loaded font '../../../Engine/Content/Slate/Fonts/Roboto-Light.ttf' (159K)
[2018.04.11-09.25.06:341][221]LogSlate: Took 0.000140 seconds to synchronously load lazily loaded font '../../../Engine/Content/Slate/Fonts/Roboto-Regular.ttf' (155K)
[2018.04.11-09.25.06:775][221]LogContentBrowser: Native class hierarchy updated for 'BlueprintGraph' in 0.0011 seconds. Added 113 classes and 0 folders.
[2018.04.11-09.25.09:202][221]LogSlate: Took 0.015134 seconds to synchronously load lazily loaded font '../../../Engine/Content/Editor/Slate/Fonts/Roboto-BoldCondensed.ttf' (158K)
[2018.04.11-09.25.09:881][222]LogSlate: Took 0.012207 seconds to synchronously load lazily loaded font '../../../Engine/Content/Editor/Slate/Fonts/Roboto-Italic.ttf' (157K)
[2018.04.11-09.34.45:373][271]LogFileHelpers: Editor autosave (incl. sublevels) for '/Game/2DSideScrollerBP/Maps/2DSideScrollerExampleMap' took 0.021
[2018.04.11-09.34.45:473][271]OBJ SavePackage: Generating thumbnails for [0] asset(s) in package [/Game/BP_PowerMeter] ([1] browsable assets)...
[2018.04.11-09.34.45:473][271]OBJ SavePackage: Finished generating thumbnails for package [/Game/BP_PowerMeter]
[2018.04.11-09.34.45:662][271]LogSavePackage: Save=153.95ms
[2018.04.11-09.34.45:663][271]LogSavePackage: Moving '../../../../../../Users/Games/Documents/GitHub/mgp-mpg-group-9/Game_Tom/WBTomV2/Saved/BP_PowerMeter_Auto1992163D94424DB0076F9199F088157CF.tmp' to '../../../../../../Users/Games/Documents/GitHub/mgp-mpg-group-9/Game_Tom/WBTomV2/Saved/Autosaves/Game/BP_PowerMeter_Auto1.uasset'
[2018.04.11-09.34.45:674][271]LogSavePackage: Display: Finished SavePackage ../../../../../../Users/Games/Documents/GitHub/mgp-mpg-group-9/Game_Tom/WBTomV2/Saved/Autosaves/Game/BP_PowerMeter_Auto1.uasset
[2018.04.11-09.34.45:674][271]LogFileHelpers: Auto-saving content packages took 0.300
[2018.04.11-09.35.33:234][751]LogTemp: Repeating last play command: Selected Viewport
[2018.04.11-09.35.33:260][751]LogBlueprintUserMessages: Early PlayInEditor Detection: Level '/Game/2DSideScrollerBP/Maps/2DSideScrollerExampleMap.2DSideScrollerExampleMap:PersistentLevel' has LevelScriptBlueprint '/Game/2DSideScrollerBP/Maps/2DSideScrollerExampleMap.2DSideScrollerExampleMap:PersistentLevel.2DSideScrollerExampleMap' with GeneratedClass '/Game/2DSideScrollerBP/Maps/2DSideScrollerExampleMap.2DSideScrollerExampleMap_C' with ClassGeneratedBy '/Game/2DSideScrollerBP/Maps/2DSideScrollerExampleMap.2DSideScrollerExampleMap:PersistentLevel.2DSideScrollerExampleMap'
[2018.04.11-09.35.33:260][751]BlueprintLog: New page: Pre-Play auto-recompile
[2018.04.11-09.35.33:277][751]LogPlayLevel: [PlayLevel] Compiling BP_PowerMeter before play...
[2018.04.11-09.35.33:288][751]LogPlayLevel: [PlayLevel]   Compiling 2DSideScrollerCharacter as a dependent...
[2018.04.11-09.35.33:700][751]LogPlayLevel: PlayLevel: Blueprint regeneration took 439 ms (2 blueprints)
[2018.04.11-09.35.33:700][751]PIE: New page: PIE session: 2DSideScrollerExampleMap (11 Apr 2018 11:35:33)
[2018.04.11-09.35.33:700][751]LogPlayLevel: Creating play world package: /Game/2DSideScrollerBP/Maps/UEDPIE_0_2DSideScrollerExampleMap
[2018.04.11-09.35.33:710][751]LogPlayLevel: PIE: StaticDuplicateObject took: (0.009964s)
[2018.04.11-09.35.33:711][751]LogAIModule: Creating AISystem for world 2DSideScrollerExampleMap
[2018.04.11-09.35.33:711][751]LogPlayLevel: PIE: World Init took: (0.000780s)
[2018.04.11-09.35.33:711][751]LogPlayLevel: PIE: Created PIE world by copying editor world from /Game/2DSideScrollerBP/Maps/2DSideScrollerExampleMap.2DSideScrollerExampleMap to /Game/2DSideScrollerBP/Maps/UEDPIE_0_2DSideScrollerExampleMap.2DSideScrollerExampleMap (0.011036s)
[2018.04.11-09.35.33:730][751]LogInit: XAudio2 using 'Speakers (Conexant HD Audio)' : 2 channels at 44.1 kHz using 16 bits per sample (channel mask 0x3)
[2018.04.11-09.35.33:740][751]LogInit: FAudioDevice initialized.
[2018.04.11-09.35.33:767][751]LogLoad: Game class is '2DSideScrollerGameMode_C'
[2018.04.11-09.35.33:771][751]LogWorld: Bringing World /Game/2DSideScrollerBP/Maps/UEDPIE_0_2DSideScrollerExampleMap.2DSideScrollerExampleMap up for play (max tick rate 0) at 2018.04.11-10.35.33
[2018.04.11-09.35.33:772][751]LogWorld: Bringing up level for play took: 0.003511
[2018.04.11-09.35.33:773][751]PIE: Play in editor start time for /Game/2DSideScrollerBP/Maps/UEDPIE_0_2DSideScrollerExampleMap 1.186
[2018.04.11-09.35.33:773][751]LogBlueprintUserMessages: Late PlayInEditor Detection: Level '/Game/2DSideScrollerBP/Maps/2DSideScrollerExampleMap.2DSideScrollerExampleMap:PersistentLevel' has LevelScriptBlueprint '/Game/2DSideScrollerBP/Maps/2DSideScrollerExampleMap.2DSideScrollerExampleMap:PersistentLevel.2DSideScrollerExampleMap' with GeneratedClass '/Game/2DSideScrollerBP/Maps/2DSideScrollerExampleMap.2DSideScrollerExampleMap_C' with ClassGeneratedBy '/Game/2DSideScrollerBP/Maps/2DSideScrollerExampleMap.2DSideScrollerExampleMap:PersistentLevel.2DSideScrollerExampleMap'
[2018.04.11-09.35.35:535][961]LogBlueprintUserMessages: Early EndPlayMap Detection: Level '/Game/2DSideScrollerBP/Maps/2DSideScrollerExampleMap.2DSideScrollerExampleMap:PersistentLevel' has LevelScriptBlueprint '/Game/2DSideScrollerBP/Maps/2DSideScrollerExampleMap.2DSideScrollerExampleMap:PersistentLevel.2DSideScrollerExampleMap' with GeneratedClass '/Game/2DSideScrollerBP/Maps/2DSideScrollerExampleMap.2DSideScrollerExampleMap_C' with ClassGeneratedBy '/Game/2DSideScrollerBP/Maps/2DSideScrollerExampleMap.2DSideScrollerExampleMap:PersistentLevel.2DSideScrollerExampleMap'
[2018.04.11-09.35.35:572][961]LogBlueprintUserMessages: Late EndPlayMap Detection: Level '/Game/2DSideScrollerBP/Maps/2DSideScrollerExampleMap.2DSideScrollerExampleMap:PersistentLevel' has LevelScriptBlueprint '/Game/2DSideScrollerBP/Maps/2DSideScrollerExampleMap.2DSideScrollerExampleMap:PersistentLevel.2DSideScrollerExampleMap' with GeneratedClass '/Game/2DSideScrollerBP/Maps/2DSideScrollerExampleMap.2DSideScrollerExampleMap_C' with ClassGeneratedBy '/Game/2DSideScrollerBP/Maps/2DSideScrollerExampleMap.2DSideScrollerExampleMap:PersistentLevel.2DSideScrollerExampleMap'
[2018.04.11-09.44.52:736][725]LogSavePackage: Save=99.58ms
[2018.04.11-09.44.52:736][725]LogSavePackage: Moving '../../../../../../Users/Games/Documents/GitHub/mgp-mpg-group-9/Game_Tom/WBTomV2/Saved/2DSideScrollerExampleMap_Auto23B8B7F5A4A307C7985E457ACE36D8B43.tmp' to '../../../../../../Users/Games/Documents/GitHub/mgp-mpg-group-9/Game_Tom/WBTomV2/Saved/Autosaves/Game/2DSideScrollerBP/Maps/2DSideScrollerExampleMap_Auto2.umap'
[2018.04.11-09.44.52:738][725]LogSavePackage: Display: Finished SavePackage ../../../../../../Users/Games/Documents/GitHub/mgp-mpg-group-9/Game_Tom/WBTomV2/Saved/Autosaves/Game/2DSideScrollerBP/Maps/2DSideScrollerExampleMap_Auto2.umap
[2018.04.11-09.44.52:740][725]LogFileHelpers: Editor autosave (incl. sublevels) for '/Game/2DSideScrollerBP/Maps/2DSideScrollerExampleMap' took 0.137
[2018.04.11-09.44.52:740][725]LogFileHelpers: Editor autosave (incl. sublevels) for all levels took 0.137
[2018.04.11-09.44.52:746][725]OBJ SavePackage: Generating thumbnails for [0] asset(s) in package [/Game/BP_PowerMeter] ([1] browsable assets)...
[2018.04.11-09.44.52:746][725]OBJ SavePackage: Finished generating thumbnails for package [/Game/BP_PowerMeter]
[2018.04.11-09.44.52:825][725]LogSavePackage: Save=66.54ms
[2018.04.11-09.44.52:825][725]LogSavePackage: Moving '../../../../../../Users/Games/Documents/GitHub/mgp-mpg-group-9/Game_Tom/WBTomV2/Saved/BP_PowerMeter_Auto20436C8E34FC8DF5CEDDA289CC6D347F4.tmp' to '../../../../../../Users/Games/Documents/GitHub/mgp-mpg-group-9/Game_Tom/WBTomV2/Saved/Autosaves/Game/BP_PowerMeter_Auto2.uasset'
[2018.04.11-09.44.52:827][725]LogSavePackage: Display: Finished SavePackage ../../../../../../Users/Games/Documents/GitHub/mgp-mpg-group-9/Game_Tom/WBTomV2/Saved/Autosaves/Game/BP_PowerMeter_Auto2.uasset
[2018.04.11-09.44.52:827][725]LogFileHelpers: Auto-saving content packages took 0.082
