Log file open, 03/04/18 22:01:18
LogWindows: Failed to load 'aqProf.dll' (GetLastError=126)
LogWindows: File 'aqProf.dll' does not exist
LogWindows: Failed to load 'VtuneApi.dll' (GetLastError=126)
LogWindows: File 'VtuneApi.dll' does not exist
LogWindows: Failed to load 'VtuneApi32e.dll' (GetLastError=126)
LogWindows: File 'VtuneApi32e.dll' does not exist
LogInit: Display: Running engine for game: Wb
LogPlatformFile: Not using cached read wrapper
LogInit: Display: RandInit(1153749721) SRandInit(1153749721).
LogTaskGraph: Started task graph with 5 named threads and 14 total threads with 3 sets of task threads.
LogStats: Stats thread started at 0.176347
LogD3D11RHI: Aftermath initialized
LogPluginManager: Mounting plugin Paper2D
LogPluginManager: Mounting plugin LightPropagationVolume
LogPluginManager: Mounting plugin CodeLiteSourceCodeAccess
LogPluginManager: Mounting plugin GitSourceControl
LogPluginManager: Mounting plugin KDevelopSourceCodeAccess
LogPluginManager: Mounting plugin NullSourceCodeAccess
LogPluginManager: Mounting plugin PerforceSourceControl
LogPluginManager: Mounting plugin SubversionSourceControl
LogPluginManager: Mounting plugin UObjectPlugin
LogPluginManager: Mounting plugin VisualStudioSourceCodeAccess
LogPluginManager: Mounting plugin XCodeSourceCodeAccess
LogPluginManager: Mounting plugin AssetManagerEditor
LogPluginManager: Mounting plugin AudioCapture
LogPluginManager: Mounting plugin FacialAnimation
LogPluginManager: Mounting plugin GameplayTagsEditor
LogPluginManager: Mounting plugin MobileLauncherProfileWizard
LogPluginManager: Mounting plugin PluginBrowser
LogPluginManager: Mounting plugin SpeedTreeImporter
LogPluginManager: Mounting plugin AlembicImporter
LogPluginManager: Mounting plugin CharacterAI
LogPluginManager: Mounting plugin HTML5Networking
LogPluginManager: Mounting plugin AndroidMedia
LogPluginManager: Mounting plugin AvfMedia
LogPluginManager: Mounting plugin MediaPlayerEditor
LogPluginManager: Mounting plugin WmfMedia
LogPluginManager: Mounting plugin TcpMessaging
LogPluginManager: Mounting plugin UdpMessaging
LogPluginManager: Mounting plugin LevelSequenceEditor
LogPluginManager: Mounting plugin MatineeToLevelSequence
LogPluginManager: Mounting plugin OnlineSubsystemGooglePlay
LogPluginManager: Mounting plugin OnlineSubsystemIOS
LogPluginManager: Mounting plugin OnlineSubsystem
LogPluginManager: Mounting plugin OnlineSubsystemNull
LogPluginManager: Mounting plugin OnlineSubsystemUtils
LogPluginManager: Mounting plugin AndroidDeviceProfileSelector
LogPluginManager: Mounting plugin AndroidMoviePlayer
LogPluginManager: Mounting plugin AndroidPermission
LogPluginManager: Mounting plugin AppleMoviePlayer
LogPluginManager: Mounting plugin ArchVisCharacter
LogPluginManager: Mounting plugin CableComponent
LogPluginManager: Mounting plugin CustomMeshComponent
LogPluginManager: Mounting plugin ExampleDeviceProfileSelector
LogPluginManager: Mounting plugin GoogleCloudMessaging
LogPluginManager: Mounting plugin ImmediatePhysics
LogPluginManager: Mounting plugin IOSDeviceProfileSelector
LogPluginManager: Mounting plugin LinuxDeviceProfileSelector
LogPluginManager: Mounting plugin LocationServicesBPLibrary
LogPluginManager: Mounting plugin MobilePatchingUtils
LogPluginManager: Mounting plugin OculusVR
LogPluginManager: Mounting plugin PhysXVehicles
LogPluginManager: Mounting plugin ProceduralMeshComponent
LogPluginManager: Mounting plugin RuntimePhysXCooking
LogPluginManager: Mounting plugin SteamVR
LogPluginManager: Mounting plugin WindowsMoviePlayer
LogInit: Using libcurl 7.47.1
LogInit:  - built for x86_64-pc-win32
LogInit:  - supports SSL with OpenSSL/1.0.2g
LogInit:  - supports HTTP deflate (compression) using libz 1.2.8
LogInit:  - other features:
LogInit:      CURL_VERSION_SSL
LogInit:      CURL_VERSION_LIBZ
LogInit:      CURL_VERSION_IPV6
LogInit:      CURL_VERSION_ASYNCHDNS
LogInit:      CURL_VERSION_LARGEFILE
LogInit:      CURL_VERSION_IDN
LogInit:  CurlRequestOptions (configurable via config and command line):
LogInit:  - bVerifyPeer = false  - Libcurl will NOT verify peer certificate
LogInit:  - bUseHttpProxy = false  - Libcurl will NOT use HTTP proxy
LogInit:  - bDontReuseConnections = false  - Libcurl will reuse connections
LogInit:  - CertBundlePath = nullptr  - Libcurl will use whatever was configured at build time.
LogInit: Build: ++UE4+Release-4.17-CL-3658906
LogInit: Engine Version: 4.17.2-3658906+++UE4+Release-4.17
LogInit: Compatible Engine Version: 4.17.0-3573198+++UE4+Release-4.17
LogInit: Net CL: 3573198
LogDevObjectVersion: Number of dev versions registered: 16
LogDevObjectVersion:   Dev-Blueprints (B0D832E4-1F89-4F0D-ACCF-7EB736FD4AA2): 10
LogDevObjectVersion:   Dev-Build (E1C64328-A22C-4D53-A36C-8E866417BD8C): 0
LogDevObjectVersion:   Dev-Core (375EC13C-06E4-48FB-B500-84F0262A717E): 2
LogDevObjectVersion:   Dev-Editor (E4B068ED-F494-42E9-A231-DA0B2E46BB41): 20
LogDevObjectVersion:   Dev-Framework (CFFC743F-43B0-4480-9391-14DF171D2073): 28
LogDevObjectVersion:   Dev-Mobile (B02B49B5-BB20-44E9-A304-32B752E40360): 0
LogDevObjectVersion:   Dev-Networking (A4E4105C-59A1-49B5-A7C5-40C4547EDFEE): 0
LogDevObjectVersion:   Dev-Online (39C831C9-5AE6-47DC-9A44-9C173E1C8E7C): 0
LogDevObjectVersion:   Dev-Physics (78F01B33-EBEA-4F98-B9B4-84EACCB95AA2): 0
LogDevObjectVersion:   Dev-Platform (6631380F-2D4D-43E0-8009-CF276956A95A): 0
LogDevObjectVersion:   Dev-Rendering (12F88B9F-8875-4AFC-A67C-D90C383ABD29): 19
LogDevObjectVersion:   Dev-Sequencer (7B5AE74C-D270-4C10-A958-57980B212A5A): 4
LogDevObjectVersion:   Dev-VR (D7296918-1DD6-4BDD-9DE2-64A83CC13884): 0
LogDevObjectVersion:   Dev-LoadTimes (C2A15278-BFE7-4AFE-6C17-90FF531DF755): 1
LogDevObjectVersion:   Private-Geometry (6EACA3D4-40EC-4CC1-B786-8BED09428FC5): 1
LogDevObjectVersion:   Dev-AnimPhys (29E575DD-E0A3-4627-9D10-D276232CDCEA): 7
LogInit: Compiled (64-bit): Sep 22 2017 13:47:16
LogInit: Compiled with Visual C++: 19.00.24215.01
LogInit: Build Configuration: Development
LogInit: Branch Name: ++UE4+Release-4.17
LogInit: Command line:  
LogInit: Base directory: D:/Unreal Engine 4/UE_4.17/Engine/Binaries/Win64/
LogInit: Installed Engine Build: 1
LogInit: Presizing for max 8388607 objects, including 0 objects not considered by GC, pre-allocating 0 bytes for permanent pool.
LogInit: Object subsystem initialized
[2018.03.04-22.01.19:456][  0]LogInit: Selected Device Profile: [Windows]
[2018.03.04-22.01.19:456][  0]LogInit: Applying CVar settings loaded from the selected device profile: [Windows]
[2018.03.04-22.01.19:522][  0]LogInit: Computer: DESKTOP-1VGP0IG
[2018.03.04-22.01.19:522][  0]LogInit: User: CristiH
[2018.03.04-22.01.19:522][  0]LogInit: CPU Page size=4096, Cores=4
[2018.03.04-22.01.19:522][  0]LogInit: High frequency timer resolution =2.531249 MHz
[2018.03.04-22.01.19:522][  0]LogMemory: Memory total: Physical=7.8GB (8GB approx)
[2018.03.04-22.01.19:522][  0]LogMemory: Platform Memory Stats for Windows
[2018.03.04-22.01.19:522][  0]LogMemory: Process Physical Memory: 277.92 MB used, 277.92 MB peak
[2018.03.04-22.01.19:522][  0]LogMemory: Process Virtual Memory: 274.36 MB used, 274.36 MB peak
[2018.03.04-22.01.19:522][  0]LogMemory: Physical Memory: 5560.68 MB used,  2459.10 MB free, 8019.78 MB total
[2018.03.04-22.01.19:522][  0]LogMemory: Virtual Memory: 707.20 MB used,  2459.10 MB free, 134217728.00 MB total
[2018.03.04-22.01.20:338][  0]LogInit: Using OS detected language (ro-RO).
[2018.03.04-22.01.20:338][  0]LogInit: Using OS detected locale (ro-RO).
[2018.03.04-22.01.20:405][  0]LogTextLocalizationManager: No localization for 'ro-RO' exists, so 'en' will be used for the language.
[2018.03.04-22.01.20:405][  0]LogTextLocalizationManager: No localization for 'ro-RO' exists, so 'en' will be used for the locale.
[2018.03.04-22.01.22:835][  0]LogD3D11RHI: D3D11 adapters:
[2018.03.04-22.01.22:871][  0]LogD3D11RHI:    0. 'NVIDIA GeForce GTX 960M' (Feature Level 11_0)
[2018.03.04-22.01.22:871][  0]LogD3D11RHI:       4065/0/4009 MB DedicatedVideo/DedicatedSystem/SharedSystem, Outputs:1, VendorId:0x10de
[2018.03.04-22.01.22:877][  0]LogD3D11RHI:    1. 'Intel(R) HD Graphics 530' (Feature Level 11_0)
[2018.03.04-22.01.22:877][  0]LogD3D11RHI:       128/0/4009 MB DedicatedVideo/DedicatedSystem/SharedSystem, Outputs:0, VendorId:0x8086
[2018.03.04-22.01.22:879][  0]LogD3D11RHI:    2. 'Microsoft Basic Render Driver' (Feature Level 11_0)
[2018.03.04-22.01.22:879][  0]LogD3D11RHI:       0/0/4009 MB DedicatedVideo/DedicatedSystem/SharedSystem, Outputs:0, VendorId:0x1414
[2018.03.04-22.01.22:879][  0]LogD3D11RHI: Chosen D3D11 Adapter: 0
[2018.03.04-22.01.22:886][  0]LogD3D11RHI: Creating new Direct3DDevice
[2018.03.04-22.01.22:886][  0]LogD3D11RHI:     GPU DeviceId: 0x139b (for the marketing name, search the web for "GPU Device Id")
[2018.03.04-22.01.22:886][  0]LogWindows: EnumDisplayDevices:
[2018.03.04-22.01.22:886][  0]LogWindows:    0. 'Intel(R) HD Graphics 530' (P:1 D:1)
[2018.03.04-22.01.22:887][  0]LogWindows:    1. 'Intel(R) HD Graphics 530' (P:0 D:0)
[2018.03.04-22.01.22:887][  0]LogWindows:    2. 'Intel(R) HD Graphics 530' (P:0 D:0)
[2018.03.04-22.01.22:887][  0]LogWindows: DebugString: GetVideoDriverDetailsInvalid PrimaryIsNotTheChoosenAdapter GetVideoDriverDetailsInvalid PrimaryIsNotTheChoosenAdapter GetVideoDriverDetailsInvalid PrimaryIsNotTheChoosenAdapter FoundDriverCount:0 
[2018.03.04-22.01.22:887][  0]LogD3D11RHI:     Adapter Name: NVIDIA GeForce GTX 960M
[2018.03.04-22.01.22:887][  0]LogD3D11RHI:   Driver Version: Unknown (internal:Unknown, unified:Unknown)
[2018.03.04-22.01.22:887][  0]LogD3D11RHI:      Driver Date: Unknown
[2018.03.04-22.01.22:887][  0]LogRHI: Texture pool is 1361 MB (70% of 1945 MB)
[2018.03.04-22.01.22:904][  0]LogD3D11RHI: Async texture creation enabled
[2018.03.04-22.01.22:917][  0]LogD3D11RHI: GPU Timing Frequency: 1000.000000 (Debug: 2 1)
[2018.03.04-22.01.22:918][  0]LogShaderCompilers: Guid format shader working directory is 23 characters bigger than the processId version (../../../../../UE Proj/Wb/Intermediate/Shaders/WorkingDirectory/12908/).
[2018.03.04-22.01.22:918][  0]LogShaderCompilers: Cleaned the shader compiler working directory 'C:/Users/Cristi_H/AppData/Local/Temp/UnrealShaderWorkingDir/DF83FD14450109A09E5C10AE07EF8099/'.
[2018.03.04-22.01.22:919][  0]LogShaderCompilers: Display: Using Local Shader Compiler.
[2018.03.04-22.01.25:400][  0]LogTemp: Display: Loaded TP AllDesktopTargetPlatform
[2018.03.04-22.01.25:455][  0]LogTemp: Display: Loaded TP MacClientTargetPlatform
[2018.03.04-22.01.25:510][  0]LogTemp: Display: Loaded TP MacNoEditorTargetPlatform
[2018.03.04-22.01.25:562][  0]LogTemp: Display: Loaded TP MacServerTargetPlatform
[2018.03.04-22.01.25:643][  0]LogTemp: Display: Loaded TP MacTargetPlatform
[2018.03.04-22.01.25:695][  0]LogTemp: Display: Loaded TP WindowsClientTargetPlatform
[2018.03.04-22.01.25:816][  0]LogTemp: Display: Loaded TP WindowsNoEditorTargetPlatform
[2018.03.04-22.01.25:859][  0]LogTemp: Display: Loaded TP WindowsServerTargetPlatform
[2018.03.04-22.01.25:960][  0]LogTemp: Display: Loaded TP WindowsTargetPlatform
[2018.03.04-22.01.26:015][  0]LogTemp: Display: Loaded TP AndroidTargetPlatform
[2018.03.04-22.01.26:074][  0]LogTemp: Display: Loaded TP Android_ASTCTargetPlatform
[2018.03.04-22.01.26:138][  0]LogTemp: Display: Loaded TP Android_ATCTargetPlatform
[2018.03.04-22.01.26:198][  0]LogTemp: Display: Loaded TP Android_DXTTargetPlatform
[2018.03.04-22.01.26:252][  0]LogTemp: Display: Loaded TP Android_ETC1TargetPlatform
[2018.03.04-22.01.26:314][  0]LogTemp: Display: Loaded TP Android_ETC2TargetPlatform
[2018.03.04-22.01.26:420][  0]LogTemp: Display: Loaded TP Android_MultiTargetPlatform
[2018.03.04-22.01.26:420][  0]LogTemp: Display: Loaded TP Android_PVRTCTargetPlatform
[2018.03.04-22.01.26:458][  0]LogTemp: Display: Loaded TP HTML5TargetPlatform
[2018.03.04-22.01.26:589][  0]LogTemp: Display: Loaded TP IOSTargetPlatform
[2018.03.04-22.01.26:614][  0]LogTemp: Display: Loaded TP TVOSTargetPlatform
[2018.03.04-22.01.26:663][  0]LogTemp: Display: Loaded TP LinuxClientTargetPlatform
[2018.03.04-22.01.26:706][  0]LogTemp: Display: Loaded TP LinuxNoEditorTargetPlatform
[2018.03.04-22.01.26:763][  0]LogTemp: Display: Loaded TP LinuxServerTargetPlatform
[2018.03.04-22.01.26:810][  0]LogTemp: Display: Loaded TP LinuxTargetPlatform
[2018.03.04-22.01.26:810][  0]LogTargetPlatformManager: Display: Building Assets For Windows
[2018.03.04-22.01.27:844][  0]LogDerivedDataCache: Display: Max Cache Size: 512 MB
[2018.03.04-22.01.28:442][  0]LogDerivedDataCache: Loaded boot cache 0.60s 93MB C:/Users/Cristi_H/AppData/Local/UnrealEngine/4.17/DerivedDataCache/Boot.ddc.
[2018.03.04-22.01.28:442][  0]LogDerivedDataCache: Display: Loaded Boot cache: C:/Users/Cristi_H/AppData/Local/UnrealEngine/4.17/DerivedDataCache/Boot.ddc
[2018.03.04-22.01.28:442][  0]LogDerivedDataCache: FDerivedDataBackendGraph:  Pak pak cache file ../../../../../UE Proj/Wb/DerivedDataCache/DDC.ddp not found, will not use a pak cache.
[2018.03.04-22.01.28:442][  0]LogDerivedDataCache: Unable to find inner node Pak for hierarchical cache Hierarchy.
[2018.03.04-22.01.28:442][  0]LogDerivedDataCache: FDerivedDataBackendGraph:  CompressedPak pak cache file ../../../../../UE Proj/Wb/DerivedDataCache/Compressed.ddp not found, will not use a pak cache.
[2018.03.04-22.01.28:442][  0]LogDerivedDataCache: Unable to find inner node CompressedPak for hierarchical cache Hierarchy.
[2018.03.04-22.01.28:458][  0]LogDerivedDataCache: Display: Pak cache opened for reading ../../../Engine/DerivedDataCache/Compressed.ddp.
[2018.03.04-22.01.28:471][  0]LogDerivedDataCache: Using Local data cache path C:/Users/Cristi_H/AppData/Local/UnrealEngine/Common/DerivedDataCache: Writable
[2018.03.04-22.01.28:482][  0]LogMaterial: Verifying Global Shaders for PCD3D_SM5
[2018.03.04-22.01.28:482][  0]LogSlate: Using Freetype 2.6.0
[2018.03.04-22.01.28:506][  0]LogSlate: SlateFontCache - WITH_FREETYPE: 1, WITH_HARFBUZZ: 1
[2018.03.04-22.01.28:506][  0]LogSlate: SlateFontCache - WITH_FREETYPE: 1, WITH_HARFBUZZ: 1
[2018.03.04-22.01.31:263][  0]LogAssetRegistry: FAssetRegistry took 0.0276 seconds to start up
[2018.03.04-22.01.31:482][  0]LogInit: Selected Device Profile: [Windows]
[2018.03.04-22.01.31:639][  0]LogContentStreaming: Texture pool size is 0.00 MB
[2018.03.04-22.01.32:285][  0]LogSimplygon: Simplygon DLL not present - disabling.
[2018.03.04-22.01.32:355][  0]LogMeshReduction: Using SimplygonSwarm for distributed automatic mesh merging
[2018.03.04-22.01.32:355][  0]LogMeshReduction: Using QuadricMeshReduction for automatic static mesh reduction
[2018.03.04-22.01.32:355][  0]LogMeshReduction: No automatic skeletal mesh reduction module available
[2018.03.04-22.01.32:355][  0]LogMeshReduction: No automatic mesh merging module available
[2018.03.04-22.01.32:355][  0]LogMeshMerging: No automatic mesh merging module available
[2018.03.04-22.01.32:736][  0]LogNetVersion: Wb , NetCL: 3573198, EngineNetVer: 2, GameNetVer: 0 (Checksum: 2849618269)
[2018.03.04-22.01.32:914][  0]LogPackageLocalizationCache: Processed 5 localized package path(s) for 1 prioritized culture(s) in 0.027413 seconds
[2018.03.04-22.01.32:921][  0]LogUObjectArray: 35825 objects as part of root set at end of initial load.
[2018.03.04-22.01.32:921][  0]LogUObjectAllocator: 7529112 out of 0 bytes used by permanent object pool.
[2018.03.04-22.01.32:921][  0]LogUObjectArray: CloseDisregardForGC: 0/0 objects in disregard for GC pool
[2018.03.04-22.01.33:075][  0]LogInit: WinSock: version 1.1 (2.2), MaxSocks=32767, MaxUdp=65467
[2018.03.04-22.01.42:210][  0]LogTcpMessaging: Initializing TcpMessaging bridge
[2018.03.04-22.01.42:252][  0]LogUdpMessaging: Initializing bridge on interface 0.0.0.0:0 to multicast group 230.0.0.1:6666.
[2018.03.04-22.01.42:970][  0]LogMaterial: Uniform references updated for custom material expression Custom.
[2018.03.04-22.01.43:375][  0]SourceControl: Source control is disabled
[2018.03.04-22.01.43:375][  0]SourceControl: Source control is disabled
[2018.03.04-22.01.43:428][  0]SourceControl: Source control is disabled
[2018.03.04-22.01.43:492][  0]SourceControl: Source control is disabled
[2018.03.04-22.01.44:320][  0]LogAndroidPermission: UAndroidPermissionCallbackProxy::GetInstance
[2018.03.04-22.01.44:552][  0]LogOcInput: OculusInput pre-init called
[2018.03.04-22.01.44:802][  0]LogEngine: Initializing Engine...
[2018.03.04-22.01.44:803][  0]LogHMD: Failed to initialize OpenVR with code 110
[2018.03.04-22.01.45:074][  0]LogStats: UGameplayTagsManager::ConstructGameplayTagTree: Construct from data asset -  0.000 s
[2018.03.04-22.01.45:074][  0]LogStats: UGameplayTagsManager::ConstructGameplayTagTree: GameplayTagTreeChangedEvent.Broadcast -  0.000 s
[2018.03.04-22.01.45:207][  0]LogAIModule: Creating AISystem for world Untitled
[2018.03.04-22.01.45:258][  0]LogInit: XAudio2 using 'Speakers (Realtek High Definition Audio)' : 2 channels at 48 kHz using 32 bits per sample (channel mask 0x3)
[2018.03.04-22.01.45:295][  0]LogInit: FAudioDevice initialized.
[2018.03.04-22.01.45:524][  0]LogDerivedDataCache: Saved boot cache 0.23s 93MB C:/Users/Cristi_H/AppData/Local/UnrealEngine/4.17/DerivedDataCache/Boot.ddc.
[2018.03.04-22.01.45:541][  0]LogInit: Texture streaming: Enabled
[2018.03.04-22.01.45:707][  0]LogEngineSessionManager: EngineSessionManager initialized
[2018.03.04-22.01.45:946][  0]LogInit: Transaction tracking system initialized
[2018.03.04-22.01.46:243][  0]BlueprintLog: New page: Editor Load
[2018.03.04-22.01.47:400][  0]LocalizationService: Localization service is disabled
[2018.03.04-22.01.48:013][  0]LogConsoleResponse: Display: 
[2018.03.04-22.01.48:192][  0]LogCook: Display: Max memory allowance for cook 16384mb min free memory 0mb
[2018.03.04-22.01.48:192][  0]LogCook: Display: Mobile HDR setting 1
[2018.03.04-22.01.48:192][  0]LogGameplayTags: Display: UGameplayTagsManager::DoneAddingNativeTags. DelegateIsBound: 0
[2018.03.04-22.01.48:567][  0]LogFileCache: Scanning file cache for directory 'D:/UE Proj/Wb/Content/' took 0.01s
[2018.03.04-22.01.48:967][  0]SourceControl: Source control is disabled
[2018.03.04-22.01.48:968][  0]Cmd: MAP LOAD FILE="../../../../../UE Proj/Wb/Content/2DSideScrollerBP/Maps/2DSideScrollerExampleMap.umap" TEMPLATE=0 SHOWPROGRESS=1 FEATURELEVEL=3
[2018.03.04-22.01.48:968][  0]LightingResults: New page: Lighting Build
[2018.03.04-22.01.48:999][  0]MapCheck: New page: Map Check
[2018.03.04-22.01.48:999][  0]LightingResults: New page: Lighting Build
[2018.03.04-22.01.49:437][  0]LogAIModule: Creating AISystem for world 2DSideScrollerExampleMap
[2018.03.04-22.01.49:451][  0]LogEditorServer: Finished looking for orphan Actors (0.000 secs)
[2018.03.04-22.01.49:463][  0]Cmd: MAP CHECKDEP NOCLEARLOG
[2018.03.04-22.01.49:506][  0]MapCheck: Map check complete: 0 Error(s), 0 Warning(s), took 42.703ms to complete.
[2018.03.04-22.01.49:506][  0]LogFileHelpers: Loading map '2DSideScrollerExampleMap' took 0.539
[2018.03.04-22.01.49:805][  0]LogCollectionManager: Loaded 0 collections in 0.000811 seconds
[2018.03.04-22.01.49:873][  0]LogFileCache: Scanning file cache for directory 'D:/UE Proj/Wb/Saved/Collections/' took 0.01s
[2018.03.04-22.01.49:873][  0]LogFileCache: Scanning file cache for directory 'D:/UE Proj/Wb/Content/Developers/CristiH/Collections/' took 0.01s
[2018.03.04-22.01.49:873][  0]LogFileCache: Scanning file cache for directory 'D:/UE Proj/Wb/Content/Collections/' took 0.01s
[2018.03.04-22.01.49:873][  0]LogCollectionManager: Rebuilt the GUID cache for 0 collections in 0.000000 seconds
[2018.03.04-22.01.49:882][  0]LogContentBrowser: Native class hierarchy populated in 0.0095 seconds. Added 2386 classes and 500 folders.
[2018.03.04-22.01.49:929][  0]LogContentBrowser: Native class hierarchy updated for 'WidgetCarousel' in 0.0006 seconds. Added 0 classes and 0 folders.
[2018.03.04-22.01.49:962][  0]LogContentBrowser: Native class hierarchy updated for 'AddContentDialog' in 0.0006 seconds. Added 0 classes and 0 folders.
[2018.03.04-22.01.49:993][  0]LogContentBrowser: Native class hierarchy updated for 'SceneOutliner' in 0.0005 seconds. Added 1 classes and 2 folders.
[2018.03.04-22.01.50:018][  0]LogSlate: Took 0.000404 seconds to synchronously load lazily loaded font '../../../Engine/Content/Slate/Fonts/Roboto-Regular.ttf' (155K)
[2018.03.04-22.01.50:021][  0]LogSlate: Took 0.000250 seconds to synchronously load lazily loaded font '../../../Engine/Content/Slate/Fonts/Roboto-Bold.ttf' (160K)
[2018.03.04-22.01.50:030][  0]LogSlate: Took 0.000459 seconds to synchronously load lazily loaded font '../../../Engine/Content/Editor/Slate/Fonts/FontAwesome.ttf' (139K)
[2018.03.04-22.01.50:164][  0]LogRenderer: Reallocating scene render targets to support 1208x576 Format 10 NumSamples 1 (Frame:1).
[2018.03.04-22.01.50:346][  0]LogContentBrowser: Native class hierarchy updated for 'HierarchicalLODOutliner' in 0.0007 seconds. Added 1 classes and 2 folders.
[2018.03.04-22.01.50:346][  0]LogLoad: (Engine Initialization) Total time: 34.21 seconds
[2018.03.04-22.01.50:346][  0]LogLoad: (Engine Initialization) Total Blueprint compile time: 0.00 seconds
[2018.03.04-22.01.50:346][  0]LogExternalProfiler: Found external profiler: VSPerf
[2018.03.04-22.01.50:346][  0]LogExternalProfiler: Using external profiler: VSPerf
[2018.03.04-22.01.50:393][  0]LogContentStreaming: Texture pool size now 1000 MB
[2018.03.04-22.01.50:438][  0]LogSlate: Took 0.000415 seconds to synchronously load lazily loaded font '../../../Engine/Content/Slate/Fonts/Roboto-Light.ttf' (159K)
[2018.03.04-22.01.50:476][  1]LogAssetRegistry: Asset discovery search completed in 19.2345 seconds
[2018.03.04-22.01.50:478][  1]LogCollectionManager: Rebuilt the object cache for 0 collections in 0.000000 seconds (found 0 objects)
[2018.03.04-22.01.50:478][  1]LogCollectionManager: Fixed up redirectors for 0 collections in 0.000111 seconds (updated 0 objects)
[2018.03.04-22.02.22:452][873]LogEditorViewport: Clicking on Actor (LMB): 2DSideScrollerCharacter_C (2DSideScrollerCharacter)
[2018.03.04-22.02.26:175][ 64]LogSlate: Took 0.000194 seconds to synchronously load lazily loaded font '../../../Engine/Content/Slate/Fonts/Roboto-Light.ttf' (159K)
[2018.03.04-22.02.27:234][ 64]LogContentBrowser: Native class hierarchy updated for 'BlueprintGraph' in 0.0010 seconds. Added 113 classes and 0 folders.
[2018.03.04-22.02.29:271][ 64]LogSlate: Took 0.060599 seconds to synchronously load lazily loaded font '../../../Engine/Content/Editor/Slate/Fonts/Roboto-BoldCondensed.ttf' (158K)
[2018.03.04-22.02.31:688][148]LogSlate: Took 0.015842 seconds to synchronously load lazily loaded font '../../../Engine/Content/Editor/Slate/Fonts/Roboto-Italic.ttf' (157K)
[2018.03.04-22.04.18:992][231]LogRenderer: Reallocating scene render targets to support 1208x712 Format 10 NumSamples 1 (Frame:1).
[2018.03.04-22.04.56:358][336]BlueprintLog: New page: Compile Camera
[2018.03.04-22.05.21:341][743]BlueprintLog: New page: Compile Camera
[2018.03.04-22.05.58:803][831]BlueprintLog: New page: Compile Camera
[2018.03.04-22.06.08:785][348]LogTemp: Repeating last play command: Selected Viewport
[2018.03.04-22.06.08:822][348]LogBlueprintUserMessages: Early PlayInEditor Detection: Level '/Game/2DSideScrollerBP/Maps/2DSideScrollerExampleMap.2DSideScrollerExampleMap:PersistentLevel' has LevelScriptBlueprint '/Game/2DSideScrollerBP/Maps/2DSideScrollerExampleMap.2DSideScrollerExampleMap:PersistentLevel.2DSideScrollerExampleMap' with GeneratedClass '/Game/2DSideScrollerBP/Maps/2DSideScrollerExampleMap.2DSideScrollerExampleMap_C' with ClassGeneratedBy '/Game/2DSideScrollerBP/Maps/2DSideScrollerExampleMap.2DSideScrollerExampleMap:PersistentLevel.2DSideScrollerExampleMap'
[2018.03.04-22.06.08:822][348]BlueprintLog: New page: Pre-Play auto-recompile
[2018.03.04-22.06.08:846][348]LogPlayLevel: [PlayLevel] Compiling Cube before play...
[2018.03.04-22.06.08:853][348]LogPlayLevel: [PlayLevel]   Compiling Egg as a dependent...
[2018.03.04-22.06.08:858][348]LogPlayLevel: [PlayLevel]   Compiling Ledge as a dependent...
[2018.03.04-22.06.08:864][348]LogPlayLevel: [PlayLevel]   Compiling Sphere as a dependent...
[2018.03.04-22.06.08:868][348]LogPlayLevel: [PlayLevel]   Compiling Window as a dependent...
[2018.03.04-22.06.08:875][348]LogPlayLevel: [PlayLevel]   Compiling 2DSideScrollerExampleMap as a dependent...
[2018.03.04-22.06.08:883][348]LogPlayLevel: [PlayLevel]   Compiling PowerB as a dependent...
[2018.03.04-22.06.08:885][348]LogPlayLevel: [PlayLevel]   Compiling TargetScore as a dependent...
[2018.03.04-22.06.09:014][348]LogPlayLevel: [PlayLevel]   Compiling 2DSideScrollerCharacter as a dependent...
[2018.03.04-22.06.10:700][348]LogPlayLevel: PlayLevel: Blueprint regeneration took 1877 ms (9 blueprints)
[2018.03.04-22.06.10:700][348]PIE: New page: PIE session: 2DSideScrollerExampleMap (Mar 4, 2018, 10:06:10 PM)
[2018.03.04-22.06.10:700][348]LogPlayLevel: Creating play world package: /Game/2DSideScrollerBP/Maps/UEDPIE_0_2DSideScrollerExampleMap
[2018.03.04-22.06.10:705][348]LogPlayLevel: PIE: StaticDuplicateObject took: (0.004502s)
[2018.03.04-22.06.10:705][348]LogAIModule: Creating AISystem for world 2DSideScrollerExampleMap
[2018.03.04-22.06.10:706][348]LogPlayLevel: PIE: World Init took: (0.001154s)
[2018.03.04-22.06.10:706][348]LogPlayLevel: PIE: Created PIE world by copying editor world from /Game/2DSideScrollerBP/Maps/2DSideScrollerExampleMap.2DSideScrollerExampleMap to /Game/2DSideScrollerBP/Maps/UEDPIE_0_2DSideScrollerExampleMap.2DSideScrollerExampleMap (0.005955s)
[2018.03.04-22.06.10:755][348]LogInit: XAudio2 using 'Speakers (Realtek High Definition Audio)' : 2 channels at 48 kHz using 32 bits per sample (channel mask 0x3)
[2018.03.04-22.06.10:766][348]LogInit: FAudioDevice initialized.
[2018.03.04-22.06.10:808][348]LogLoad: Game class is '2DSideScrollerGameMode_C'
[2018.03.04-22.06.10:812][348]LogWorld: Bringing World /Game/2DSideScrollerBP/Maps/UEDPIE_0_2DSideScrollerExampleMap.2DSideScrollerExampleMap up for play (max tick rate 60) at 2018.03.04-22.06.10
[2018.03.04-22.06.10:813][348]LogWorld: Bringing up level for play took: 0.002130
[2018.03.04-22.06.10:843][348]LogContentBrowser: Native class hierarchy updated for 'MovieSceneCapture' in 0.0007 seconds. Added 11 classes and 0 folders.
[2018.03.04-22.06.10:844][348]PIE: Play in editor start time for /Game/2DSideScrollerBP/Maps/UEDPIE_0_2DSideScrollerExampleMap 2.786
[2018.03.04-22.06.10:845][348]LogBlueprintUserMessages: Late PlayInEditor Detection: Level '/Game/2DSideScrollerBP/Maps/2DSideScrollerExampleMap.2DSideScrollerExampleMap:PersistentLevel' has LevelScriptBlueprint '/Game/2DSideScrollerBP/Maps/2DSideScrollerExampleMap.2DSideScrollerExampleMap:PersistentLevel.2DSideScrollerExampleMap' with GeneratedClass '/Game/2DSideScrollerBP/Maps/2DSideScrollerExampleMap.2DSideScrollerExampleMap_C' with ClassGeneratedBy '/Game/2DSideScrollerBP/Maps/2DSideScrollerExampleMap.2DSideScrollerExampleMap:PersistentLevel.2DSideScrollerExampleMap'
[2018.03.04-22.06.17:282][700]LogBlueprintUserMessages: Early EndPlayMap Detection: Level '/Game/2DSideScrollerBP/Maps/2DSideScrollerExampleMap.2DSideScrollerExampleMap:PersistentLevel' has LevelScriptBlueprint '/Game/2DSideScrollerBP/Maps/2DSideScrollerExampleMap.2DSideScrollerExampleMap:PersistentLevel.2DSideScrollerExampleMap' with GeneratedClass '/Game/2DSideScrollerBP/Maps/2DSideScrollerExampleMap.2DSideScrollerExampleMap_C' with ClassGeneratedBy '/Game/2DSideScrollerBP/Maps/2DSideScrollerExampleMap.2DSideScrollerExampleMap:PersistentLevel.2DSideScrollerExampleMap'
[2018.03.04-22.06.17:327][700]LogBlueprintUserMessages: Late EndPlayMap Detection: Level '/Game/2DSideScrollerBP/Maps/2DSideScrollerExampleMap.2DSideScrollerExampleMap:PersistentLevel' has LevelScriptBlueprint '/Game/2DSideScrollerBP/Maps/2DSideScrollerExampleMap.2DSideScrollerExampleMap:PersistentLevel.2DSideScrollerExampleMap' with GeneratedClass '/Game/2DSideScrollerBP/Maps/2DSideScrollerExampleMap.2DSideScrollerExampleMap_C' with ClassGeneratedBy '/Game/2DSideScrollerBP/Maps/2DSideScrollerExampleMap.2DSideScrollerExampleMap:PersistentLevel.2DSideScrollerExampleMap'
[2018.03.04-22.06.22:177][838]LogActorComponent: UnregisterComponent: (/Engine/Transient.EditorFloorComp) Not registered. Aborting.
[2018.03.04-22.06.50:314][302]BlueprintLog: New page: Compile 2DSideScrollerCharacter
[2018.03.04-22.06.53:220][353]LogTemp: Repeating last play command: Selected Viewport
[2018.03.04-22.06.53:244][353]LogBlueprintUserMessages: Early PlayInEditor Detection: Level '/Game/2DSideScrollerBP/Maps/2DSideScrollerExampleMap.2DSideScrollerExampleMap:PersistentLevel' has LevelScriptBlueprint '/Game/2DSideScrollerBP/Maps/2DSideScrollerExampleMap.2DSideScrollerExampleMap:PersistentLevel.2DSideScrollerExampleMap' with GeneratedClass '/Game/2DSideScrollerBP/Maps/2DSideScrollerExampleMap.2DSideScrollerExampleMap_C' with ClassGeneratedBy '/Game/2DSideScrollerBP/Maps/2DSideScrollerExampleMap.2DSideScrollerExampleMap:PersistentLevel.2DSideScrollerExampleMap'
[2018.03.04-22.06.53:244][353]LogPlayLevel: PlayLevel: No blueprints needed recompiling
[2018.03.04-22.06.53:245][353]PIE: New page: PIE session: 2DSideScrollerExampleMap (Mar 4, 2018, 10:06:53 PM)
[2018.03.04-22.06.53:245][353]LogPlayLevel: Creating play world package: /Game/2DSideScrollerBP/Maps/UEDPIE_0_2DSideScrollerExampleMap
[2018.03.04-22.06.53:250][353]LogPlayLevel: PIE: StaticDuplicateObject took: (0.005288s)
[2018.03.04-22.06.53:251][353]LogAIModule: Creating AISystem for world 2DSideScrollerExampleMap
[2018.03.04-22.06.53:251][353]LogPlayLevel: PIE: World Init took: (0.001010s)
[2018.03.04-22.06.53:251][353]LogPlayLevel: PIE: Created PIE world by copying editor world from /Game/2DSideScrollerBP/Maps/2DSideScrollerExampleMap.2DSideScrollerExampleMap to /Game/2DSideScrollerBP/Maps/UEDPIE_0_2DSideScrollerExampleMap.2DSideScrollerExampleMap (0.006680s)
[2018.03.04-22.06.53:273][353]LogInit: XAudio2 using 'Speakers (Realtek High Definition Audio)' : 2 channels at 48 kHz using 32 bits per sample (channel mask 0x3)
[2018.03.04-22.06.53:285][353]LogInit: FAudioDevice initialized.
[2018.03.04-22.06.53:321][353]LogLoad: Game class is '2DSideScrollerGameMode_C'
[2018.03.04-22.06.53:324][353]LogWorld: Bringing World /Game/2DSideScrollerBP/Maps/UEDPIE_0_2DSideScrollerExampleMap.2DSideScrollerExampleMap up for play (max tick rate 60) at 2018.03.04-22.06.53
[2018.03.04-22.06.53:325][353]LogWorld: Bringing up level for play took: 0.002238
[2018.03.04-22.06.53:326][353]PIE: Play in editor start time for /Game/2DSideScrollerBP/Maps/UEDPIE_0_2DSideScrollerExampleMap -0.733
[2018.03.04-22.06.53:326][353]LogBlueprintUserMessages: Late PlayInEditor Detection: Level '/Game/2DSideScrollerBP/Maps/2DSideScrollerExampleMap.2DSideScrollerExampleMap:PersistentLevel' has LevelScriptBlueprint '/Game/2DSideScrollerBP/Maps/2DSideScrollerExampleMap.2DSideScrollerExampleMap:PersistentLevel.2DSideScrollerExampleMap' with GeneratedClass '/Game/2DSideScrollerBP/Maps/2DSideScrollerExampleMap.2DSideScrollerExampleMap_C' with ClassGeneratedBy '/Game/2DSideScrollerBP/Maps/2DSideScrollerExampleMap.2DSideScrollerExampleMap:PersistentLevel.2DSideScrollerExampleMap'
[2018.03.04-22.06.59:362][715]LogBlueprintUserMessages: Early EndPlayMap Detection: Level '/Game/2DSideScrollerBP/Maps/2DSideScrollerExampleMap.2DSideScrollerExampleMap:PersistentLevel' has LevelScriptBlueprint '/Game/2DSideScrollerBP/Maps/2DSideScrollerExampleMap.2DSideScrollerExampleMap:PersistentLevel.2DSideScrollerExampleMap' with GeneratedClass '/Game/2DSideScrollerBP/Maps/2DSideScrollerExampleMap.2DSideScrollerExampleMap_C' with ClassGeneratedBy '/Game/2DSideScrollerBP/Maps/2DSideScrollerExampleMap.2DSideScrollerExampleMap:PersistentLevel.2DSideScrollerExampleMap'
[2018.03.04-22.06.59:405][715]LogBlueprintUserMessages: Late EndPlayMap Detection: Level '/Game/2DSideScrollerBP/Maps/2DSideScrollerExampleMap.2DSideScrollerExampleMap:PersistentLevel' has LevelScriptBlueprint '/Game/2DSideScrollerBP/Maps/2DSideScrollerExampleMap.2DSideScrollerExampleMap:PersistentLevel.2DSideScrollerExampleMap' with GeneratedClass '/Game/2DSideScrollerBP/Maps/2DSideScrollerExampleMap.2DSideScrollerExampleMap_C' with ClassGeneratedBy '/Game/2DSideScrollerBP/Maps/2DSideScrollerExampleMap.2DSideScrollerExampleMap:PersistentLevel.2DSideScrollerExampleMap'
[2018.03.04-22.07.51:435][646]BlueprintLog: New page: Compile 2DSideScrollerCharacter
[2018.03.04-22.07.54:945][729]LogTemp: Repeating last play command: Selected Viewport
[2018.03.04-22.07.54:962][729]LogBlueprintUserMessages: Early PlayInEditor Detection: Level '/Game/2DSideScrollerBP/Maps/2DSideScrollerExampleMap.2DSideScrollerExampleMap:PersistentLevel' has LevelScriptBlueprint '/Game/2DSideScrollerBP/Maps/2DSideScrollerExampleMap.2DSideScrollerExampleMap:PersistentLevel.2DSideScrollerExampleMap' with GeneratedClass '/Game/2DSideScrollerBP/Maps/2DSideScrollerExampleMap.2DSideScrollerExampleMap_C' with ClassGeneratedBy '/Game/2DSideScrollerBP/Maps/2DSideScrollerExampleMap.2DSideScrollerExampleMap:PersistentLevel.2DSideScrollerExampleMap'
[2018.03.04-22.07.54:963][729]LogPlayLevel: PlayLevel: No blueprints needed recompiling
[2018.03.04-22.07.54:963][729]PIE: New page: PIE session: 2DSideScrollerExampleMap (Mar 4, 2018, 10:07:54 PM)
[2018.03.04-22.07.54:963][729]LogPlayLevel: Creating play world package: /Game/2DSideScrollerBP/Maps/UEDPIE_0_2DSideScrollerExampleMap
[2018.03.04-22.07.54:968][729]LogPlayLevel: PIE: StaticDuplicateObject took: (0.005151s)
[2018.03.04-22.07.54:969][729]LogAIModule: Creating AISystem for world 2DSideScrollerExampleMap
[2018.03.04-22.07.54:969][729]LogPlayLevel: PIE: World Init took: (0.000931s)
[2018.03.04-22.07.54:969][729]LogPlayLevel: PIE: Created PIE world by copying editor world from /Game/2DSideScrollerBP/Maps/2DSideScrollerExampleMap.2DSideScrollerExampleMap to /Game/2DSideScrollerBP/Maps/UEDPIE_0_2DSideScrollerExampleMap.2DSideScrollerExampleMap (0.006465s)
[2018.03.04-22.07.54:989][729]LogInit: XAudio2 using 'Speakers (Realtek High Definition Audio)' : 2 channels at 48 kHz using 32 bits per sample (channel mask 0x3)
[2018.03.04-22.07.55:001][729]LogInit: FAudioDevice initialized.
[2018.03.04-22.07.55:034][729]LogLoad: Game class is '2DSideScrollerGameMode_C'
[2018.03.04-22.07.55:036][729]LogWorld: Bringing World /Game/2DSideScrollerBP/Maps/UEDPIE_0_2DSideScrollerExampleMap.2DSideScrollerExampleMap up for play (max tick rate 60) at 2018.03.04-22.07.55
[2018.03.04-22.07.55:037][729]LogWorld: Bringing up level for play took: 0.002219
[2018.03.04-22.07.55:038][729]PIE: Play in editor start time for /Game/2DSideScrollerBP/Maps/UEDPIE_0_2DSideScrollerExampleMap 0.979
[2018.03.04-22.07.55:039][729]LogBlueprintUserMessages: Late PlayInEditor Detection: Level '/Game/2DSideScrollerBP/Maps/2DSideScrollerExampleMap.2DSideScrollerExampleMap:PersistentLevel' has LevelScriptBlueprint '/Game/2DSideScrollerBP/Maps/2DSideScrollerExampleMap.2DSideScrollerExampleMap:PersistentLevel.2DSideScrollerExampleMap' with GeneratedClass '/Game/2DSideScrollerBP/Maps/2DSideScrollerExampleMap.2DSideScrollerExampleMap_C' with ClassGeneratedBy '/Game/2DSideScrollerBP/Maps/2DSideScrollerExampleMap.2DSideScrollerExampleMap:PersistentLevel.2DSideScrollerExampleMap'
[2018.03.04-22.07.58:774][953]LogBlueprintUserMessages: Early EndPlayMap Detection: Level '/Game/2DSideScrollerBP/Maps/2DSideScrollerExampleMap.2DSideScrollerExampleMap:PersistentLevel' has LevelScriptBlueprint '/Game/2DSideScrollerBP/Maps/2DSideScrollerExampleMap.2DSideScrollerExampleMap:PersistentLevel.2DSideScrollerExampleMap' with GeneratedClass '/Game/2DSideScrollerBP/Maps/2DSideScrollerExampleMap.2DSideScrollerExampleMap_C' with ClassGeneratedBy '/Game/2DSideScrollerBP/Maps/2DSideScrollerExampleMap.2DSideScrollerExampleMap:PersistentLevel.2DSideScrollerExampleMap'
[2018.03.04-22.07.58:810][953]LogBlueprintUserMessages: Late EndPlayMap Detection: Level '/Game/2DSideScrollerBP/Maps/2DSideScrollerExampleMap.2DSideScrollerExampleMap:PersistentLevel' has LevelScriptBlueprint '/Game/2DSideScrollerBP/Maps/2DSideScrollerExampleMap.2DSideScrollerExampleMap:PersistentLevel.2DSideScrollerExampleMap' with GeneratedClass '/Game/2DSideScrollerBP/Maps/2DSideScrollerExampleMap.2DSideScrollerExampleMap_C' with ClassGeneratedBy '/Game/2DSideScrollerBP/Maps/2DSideScrollerExampleMap.2DSideScrollerExampleMap:PersistentLevel.2DSideScrollerExampleMap'
[2018.03.04-22.08.14:268][819]BlueprintLog: New page: Compile 2DSideScrollerCharacter
[2018.03.04-22.08.23:030][222]LogTemp: Repeating last play command: Selected Viewport
[2018.03.04-22.08.23:048][222]LogBlueprintUserMessages: Early PlayInEditor Detection: Level '/Game/2DSideScrollerBP/Maps/2DSideScrollerExampleMap.2DSideScrollerExampleMap:PersistentLevel' has LevelScriptBlueprint '/Game/2DSideScrollerBP/Maps/2DSideScrollerExampleMap.2DSideScrollerExampleMap:PersistentLevel.2DSideScrollerExampleMap' with GeneratedClass '/Game/2DSideScrollerBP/Maps/2DSideScrollerExampleMap.2DSideScrollerExampleMap_C' with ClassGeneratedBy '/Game/2DSideScrollerBP/Maps/2DSideScrollerExampleMap.2DSideScrollerExampleMap:PersistentLevel.2DSideScrollerExampleMap'
[2018.03.04-22.08.23:048][222]LogPlayLevel: PlayLevel: No blueprints needed recompiling
[2018.03.04-22.08.23:048][222]PIE: New page: PIE session: 2DSideScrollerExampleMap (Mar 4, 2018, 10:08:23 PM)
[2018.03.04-22.08.23:048][222]LogPlayLevel: Creating play world package: /Game/2DSideScrollerBP/Maps/UEDPIE_0_2DSideScrollerExampleMap
[2018.03.04-22.08.23:052][222]LogPlayLevel: PIE: StaticDuplicateObject took: (0.004396s)
[2018.03.04-22.08.23:053][222]LogAIModule: Creating AISystem for world 2DSideScrollerExampleMap
[2018.03.04-22.08.23:053][222]LogPlayLevel: PIE: World Init took: (0.000707s)
[2018.03.04-22.08.23:053][222]LogPlayLevel: PIE: Created PIE world by copying editor world from /Game/2DSideScrollerBP/Maps/2DSideScrollerExampleMap.2DSideScrollerExampleMap to /Game/2DSideScrollerBP/Maps/UEDPIE_0_2DSideScrollerExampleMap.2DSideScrollerExampleMap (0.005408s)
[2018.03.04-22.08.23:073][222]LogInit: XAudio2 using 'Speakers (Realtek High Definition Audio)' : 2 channels at 48 kHz using 32 bits per sample (channel mask 0x3)
[2018.03.04-22.08.23:085][222]LogInit: FAudioDevice initialized.
[2018.03.04-22.08.23:121][222]LogLoad: Game class is '2DSideScrollerGameMode_C'
[2018.03.04-22.08.23:125][222]LogWorld: Bringing World /Game/2DSideScrollerBP/Maps/UEDPIE_0_2DSideScrollerExampleMap.2DSideScrollerExampleMap up for play (max tick rate 60) at 2018.03.04-22.08.23
[2018.03.04-22.08.23:126][222]LogWorld: Bringing up level for play took: 0.002970
[2018.03.04-22.08.23:127][222]PIE: Play in editor start time for /Game/2DSideScrollerBP/Maps/UEDPIE_0_2DSideScrollerExampleMap 1.068
[2018.03.04-22.08.23:128][222]LogBlueprintUserMessages: Late PlayInEditor Detection: Level '/Game/2DSideScrollerBP/Maps/2DSideScrollerExampleMap.2DSideScrollerExampleMap:PersistentLevel' has LevelScriptBlueprint '/Game/2DSideScrollerBP/Maps/2DSideScrollerExampleMap.2DSideScrollerExampleMap:PersistentLevel.2DSideScrollerExampleMap' with GeneratedClass '/Game/2DSideScrollerBP/Maps/2DSideScrollerExampleMap.2DSideScrollerExampleMap_C' with ClassGeneratedBy '/Game/2DSideScrollerBP/Maps/2DSideScrollerExampleMap.2DSideScrollerExampleMap:PersistentLevel.2DSideScrollerExampleMap'
[2018.03.04-22.08.24:380][297]LogBlueprintUserMessages: Early EndPlayMap Detection: Level '/Game/2DSideScrollerBP/Maps/2DSideScrollerExampleMap.2DSideScrollerExampleMap:PersistentLevel' has LevelScriptBlueprint '/Game/2DSideScrollerBP/Maps/2DSideScrollerExampleMap.2DSideScrollerExampleMap:PersistentLevel.2DSideScrollerExampleMap' with GeneratedClass '/Game/2DSideScrollerBP/Maps/2DSideScrollerExampleMap.2DSideScrollerExampleMap_C' with ClassGeneratedBy '/Game/2DSideScrollerBP/Maps/2DSideScrollerExampleMap.2DSideScrollerExampleMap:PersistentLevel.2DSideScrollerExampleMap'
[2018.03.04-22.08.24:419][297]LogBlueprintUserMessages: Late EndPlayMap Detection: Level '/Game/2DSideScrollerBP/Maps/2DSideScrollerExampleMap.2DSideScrollerExampleMap:PersistentLevel' has LevelScriptBlueprint '/Game/2DSideScrollerBP/Maps/2DSideScrollerExampleMap.2DSideScrollerExampleMap:PersistentLevel.2DSideScrollerExampleMap' with GeneratedClass '/Game/2DSideScrollerBP/Maps/2DSideScrollerExampleMap.2DSideScrollerExampleMap_C' with ClassGeneratedBy '/Game/2DSideScrollerBP/Maps/2DSideScrollerExampleMap.2DSideScrollerExampleMap:PersistentLevel.2DSideScrollerExampleMap'
[2018.03.04-22.08.26:672][320]Cmd: QUIT_EDITOR
[2018.03.04-22.08.27:169][320]LogWindowsTextInputMethodSystem: Display: IME system now deactivated.
[2018.03.04-22.08.27:214][320]LogExit: Preparing to exit.
[2018.03.04-22.08.27:524][320]LogDirectoryWatcher: A directory notification for 'D:/UE Proj/Wb/Content/' was aborted.
[2018.03.04-22.08.27:558][320]LogExit: Editor shut down
[2018.03.04-22.08.27:566][320]LogExit: Transaction tracking system shut down
[2018.03.04-22.08.27:700][320]LogDirectoryWatcher: A directory notification for '../../../Engine/Content/' was aborted.
[2018.03.04-22.08.27:700][320]LogDirectoryWatcher: A directory notification for '../../../../../UE Proj/Wb/Content/' was aborted.
[2018.03.04-22.08.27:700][320]LogDirectoryWatcher: A directory notification for '../../../Engine/Plugins/2D/Paper2D/Content/' was aborted.
[2018.03.04-22.08.27:700][320]LogDirectoryWatcher: A directory notification for '../../../Engine/Plugins/Runtime/Oculus/OculusVR/Content/' was aborted.
[2018.03.04-22.08.27:700][320]LogDirectoryWatcher: A directory notification for '../../../Engine/Plugins/Runtime/Steam/SteamVR/Content/' was aborted.
[2018.03.04-22.08.27:901][320]LogExit: Object subsystem successfully closed.
[2018.03.04-22.08.27:931][320]LogD3D11RHI: Shutdown
[2018.03.04-22.08.27:931][320]LogD3D11RHI: CleanupD3DDevice
[2018.03.04-22.08.28:060][320]LogD3D11RHI: ~FD3D11DynamicRHI
[2018.03.04-22.08.28:091][320]LogModuleManager: Shutting down and abandoning module MovieSceneCapture (536)
[2018.03.04-22.08.28:092][320]LogModuleManager: Shutting down and abandoning module BlueprintGraph (534)
[2018.03.04-22.08.28:092][320]LogModuleManager: Shutting down and abandoning module BlueprintProfiler (532)
[2018.03.04-22.08.28:146][320]LogModuleManager: Shutting down and abandoning module HierarchicalLODOutliner (530)
[2018.03.04-22.08.28:146][320]LogModuleManager: Shutting down and abandoning module SceneOutliner (528)
[2018.03.04-22.08.28:146][320]LogModuleManager: Shutting down and abandoning module AddContentDialog (526)
[2018.03.04-22.08.28:146][320]LogDirectoryWatcher: A directory notification for 'D:/Unreal Engine 4/UE_4.17/FeaturePacks/' was aborted.
[2018.03.04-22.08.28:147][320]LogModuleManager: Shutting down and abandoning module WidgetCarousel (525)
[2018.03.04-22.08.28:147][320]LogModuleManager: Shutting down and abandoning module EditorWidgets (522)
[2018.03.04-22.08.28:147][320]LogModuleManager: Shutting down and abandoning module CollectionManager (520)
[2018.03.04-22.08.28:147][320]LogDirectoryWatcher: A directory notification for 'D:/UE Proj/Wb/Content/Collections/' was aborted.
[2018.03.04-22.08.28:147][320]LogDirectoryWatcher: A directory notification for 'D:/UE Proj/Wb/Content/Developers/CristiH/Collections/' was aborted.
[2018.03.04-22.08.28:147][320]LogDirectoryWatcher: A directory notification for 'D:/UE Proj/Wb/Saved/Collections/' was aborted.
[2018.03.04-22.08.28:147][320]LogModuleManager: Shutting down and abandoning module StatsViewer (518)
[2018.03.04-22.08.28:147][320]LogModuleManager: Shutting down and abandoning module FoliageEdit (516)
[2018.03.04-22.08.28:147][320]LogModuleManager: Shutting down and abandoning module LandscapeEditor (514)
[2018.03.04-22.08.28:147][320]LogModuleManager: Shutting down and abandoning module MeshPaintMode (512)
[2018.03.04-22.08.28:147][320]LogModuleManager: Shutting down and abandoning module SceneDepthPickerMode (510)
[2018.03.04-22.08.28:147][320]LogModuleManager: Shutting down and abandoning module ActorPickerMode (508)
[2018.03.04-22.08.28:147][320]LogModuleManager: Shutting down and abandoning module GeometryMode (506)
[2018.03.04-22.08.28:147][320]LogModuleManager: Shutting down and abandoning module TextureAlignMode (504)
[2018.03.04-22.08.28:148][320]LogModuleManager: Shutting down and abandoning module BspMode (502)
[2018.03.04-22.08.28:148][320]LogModuleManager: Shutting down and abandoning module PIEPreviewDeviceProfileSelector (500)
[2018.03.04-22.08.28:148][320]LogModuleManager: Shutting down and abandoning module HardwareSurvey (498)
[2018.03.04-22.08.28:148][320]LogModuleManager: Shutting down and abandoning module SequenceRecorderSections (496)
[2018.03.04-22.08.28:148][320]LogModuleManager: Shutting down and abandoning module AutomationWorker (494)
[2018.03.04-22.08.28:148][320]LogModuleManager: Shutting down and abandoning module MatineeToLevelSequence (492)
[2018.03.04-22.08.28:148][320]LogModuleManager: Shutting down and abandoning module LevelSequenceEditor (490)
[2018.03.04-22.08.28:148][320]LogModuleManager: Shutting down and abandoning module PlacementMode (489)
[2018.03.04-22.08.28:148][320]LogModuleManager: Shutting down and abandoning module WmfMediaFactory (486)
[2018.03.04-22.08.28:148][320]LogModuleManager: Shutting down and abandoning module WmfMediaEditor (484)
[2018.03.04-22.08.28:148][320]LogModuleManager: Shutting down and abandoning module AvfMediaFactory (482)
[2018.03.04-22.08.28:148][320]LogModuleManager: Shutting down and abandoning module AvfMediaEditor (480)
[2018.03.04-22.08.28:148][320]LogModuleManager: Shutting down and abandoning module AndroidMediaFactory (478)
[2018.03.04-22.08.28:148][320]LogModuleManager: Shutting down and abandoning module Media (477)
[2018.03.04-22.08.28:148][320]LogModuleManager: Shutting down and abandoning module AndroidMediaEditor (474)
[2018.03.04-22.08.28:148][320]LogModuleManager: Shutting down and abandoning module CharacterAI (472)
[2018.03.04-22.08.28:148][320]LogModuleManager: Shutting down and abandoning module AudioCapture (470)
[2018.03.04-22.08.28:148][320]LogModuleManager: Shutting down and abandoning module SequenceRecorder (469)
[2018.03.04-22.08.28:148][320]LogModuleManager: Shutting down and abandoning module SmartSnapping (466)
[2018.03.04-22.08.28:148][320]LogModuleManager: Shutting down and abandoning module SessionServices (464)
[2018.03.04-22.08.28:148][320]LogModuleManager: Shutting down and abandoning module ViewportSnapping (462)
[2018.03.04-22.08.28:148][320]LogModuleManager: Shutting down and abandoning module ViewportInteraction (460)
[2018.03.04-22.08.28:148][320]LogModuleManager: Shutting down and abandoning module ClothPainter (458)
[2018.03.04-22.08.28:148][320]LogModuleManager: Shutting down and abandoning module LogVisualizer (456)
[2018.03.04-22.08.28:148][320]LogModuleManager: Shutting down and abandoning module IntroTutorials (454)
[2018.03.04-22.08.28:148][320]LogModuleManager: Shutting down and abandoning module GameProjectGeneration (453)
[2018.03.04-22.08.28:148][320]LogModuleManager: Shutting down and abandoning module IOSPlatformEditor (450)
[2018.03.04-22.08.28:148][320]LogModuleManager: Shutting down and abandoning module HTML5PlatformEditor (448)
[2018.03.04-22.08.28:148][320]LogModuleManager: Shutting down and abandoning module AndroidPlatformEditor (446)
[2018.03.04-22.08.28:148][320]LogModuleManager: Shutting down and abandoning module AndroidDeviceDetection (445)
[2018.03.04-22.08.28:913][320]LogModuleManager: Shutting down and abandoning module WindowsPlatformEditor (442)
[2018.03.04-22.08.28:913][320]LogModuleManager: Shutting down and abandoning module IOSRuntimeSettings (440)
[2018.03.04-22.08.28:913][320]LogModuleManager: Shutting down and abandoning module AndroidRuntimeSettings (438)
[2018.03.04-22.08.28:913][320]LogModuleManager: Shutting down and abandoning module InputBindingEditor (436)
[2018.03.04-22.08.28:913][320]LogModuleManager: Shutting down and abandoning module MergeActors (434)
[2018.03.04-22.08.28:913][320]LogModuleManager: Shutting down and abandoning module SizeMap (432)
[2018.03.04-22.08.28:913][320]LogModuleManager: Shutting down and abandoning module TreeMap (430)
[2018.03.04-22.08.28:913][320]LogModuleManager: Shutting down and abandoning module ReferenceViewer (428)
[2018.03.04-22.08.28:913][320]LogModuleManager: Shutting down and abandoning module LocalizationDashboard (426)
[2018.03.04-22.08.28:914][320]LogModuleManager: Shutting down and abandoning module LocalizationService (425)
[2018.03.04-22.08.28:914][320]LogModuleManager: Shutting down and abandoning module HardwareTargeting (422)
[2018.03.04-22.08.28:914][320]LogModuleManager: Shutting down and abandoning module DeviceProfileEditor (420)
[2018.03.04-22.08.28:914][320]LogModuleManager: Shutting down and abandoning module UndoHistory (418)
[2018.03.04-22.08.28:914][320]LogModuleManager: Shutting down and abandoning module XmlParser (416)
[2018.03.04-22.08.28:914][320]LogModuleManager: Shutting down and abandoning module Blutility (414)
[2018.03.04-22.08.28:914][320]LogModuleManager: Shutting down and abandoning module ProjectSettingsViewer (412)
[2018.03.04-22.08.28:914][320]LogModuleManager: Shutting down and abandoning module ProjectTargetPlatformEditor (411)
[2018.03.04-22.08.28:914][320]LogModuleManager: Shutting down and abandoning module EditorSettingsViewer (408)
[2018.03.04-22.08.28:914][320]LogModuleManager: Shutting down and abandoning module SettingsEditor (406)
[2018.03.04-22.08.28:914][320]LogModuleManager: Shutting down and abandoning module ProjectLauncher (404)
[2018.03.04-22.08.28:914][320]LogModuleManager: Shutting down and abandoning module SessionFrontend (402)
[2018.03.04-22.08.28:914][320]LogModuleManager: Shutting down and abandoning module ProfilerClient (400)
[2018.03.04-22.08.28:914][320]LogModuleManager: Shutting down and abandoning module DeviceManager (398)
[2018.03.04-22.08.28:914][320]LogModuleManager: Shutting down and abandoning module TargetDeviceServices (397)
[2018.03.04-22.08.28:977][320]LogModuleManager: Shutting down and abandoning module AutomationController (394)
[2018.03.04-22.08.28:977][320]LogModuleManager: Shutting down and abandoning module AutomationWindow (392)
[2018.03.04-22.08.28:977][320]LogModuleManager: Shutting down and abandoning module Layers (390)
[2018.03.04-22.08.28:977][320]LogModuleManager: Shutting down and abandoning module ComponentVisualizers (388)
[2018.03.04-22.08.28:977][320]LogModuleManager: Shutting down and abandoning module DetailCustomizations (386)
[2018.03.04-22.08.28:978][320]LogModuleManager: Shutting down and abandoning module PackagesDialog (384)
[2018.03.04-22.08.28:978][320]LogModuleManager: Shutting down and abandoning module Persona (382)
[2018.03.04-22.08.28:978][320]LogModuleManager: Shutting down and abandoning module AdvancedPreviewScene (381)
[2018.03.04-22.08.28:978][320]LogModuleManager: Shutting down and abandoning module AnimGraph (379)
[2018.03.04-22.08.28:978][320]LogModuleManager: Shutting down and abandoning module Kismet (376)
[2018.03.04-22.08.28:985][320]LogModuleManager: Shutting down and abandoning module ClassViewer (374)
[2018.03.04-22.08.28:987][320]LogModuleManager: Shutting down and abandoning module Toolbox (372)
[2018.03.04-22.08.28:987][320]LogModuleManager: Shutting down and abandoning module ModuleUI (370)
[2018.03.04-22.08.28:987][320]LogModuleManager: Shutting down and abandoning module MovieSceneTools (368)
[2018.03.04-22.08.28:987][320]LogModuleManager: Shutting down and abandoning module OutputLog (366)
[2018.03.04-22.08.28:987][320]LogModuleManager: Shutting down and abandoning module GammaUI (364)
[2018.03.04-22.08.28:987][320]LogModuleManager: Shutting down and abandoning module Documentation (362)
[2018.03.04-22.08.28:987][320]LogModuleManager: Shutting down and abandoning module MovieSceneTracks (360)
[2018.03.04-22.08.28:987][320]LogModuleManager: Shutting down and abandoning module MovieScene (358)
[2018.03.04-22.08.28:987][320]LogModuleManager: Shutting down and abandoning module Niagara (356)
[2018.03.04-22.08.28:987][320]LogModuleManager: Shutting down and abandoning module NiagaraEditor (355)
[2018.03.04-22.08.28:987][320]LogModuleManager: Shutting down and abandoning module StreamingPauseRendering (352)
[2018.03.04-22.08.28:987][320]LogModuleManager: Shutting down and abandoning module LauncherPlatform (350)
[2018.03.04-22.08.28:987][320]LogModuleManager: Shutting down and abandoning module AnalyticsET (348)
[2018.03.04-22.08.28:987][320]LogModuleManager: Shutting down and abandoning module PortalServices (346)
[2018.03.04-22.08.28:987][320]LogModuleManager: Shutting down and abandoning module PortalRpc (344)
[2018.03.04-22.08.28:987][320]LogModuleManager: Shutting down and abandoning module MessagingRpc (342)
[2018.03.04-22.08.28:987][320]LogModuleManager: Shutting down and abandoning module AIModule (340)
[2018.03.04-22.08.28:987][320]LogModuleManager: Shutting down and abandoning module GameplayDebugger (339)
[2018.03.04-22.08.28:987][320]LogModuleManager: Shutting down and abandoning module AITestSuite (337)
[2018.03.04-22.08.28:987][320]LogModuleManager: Shutting down and abandoning module ProfilerService (334)
[2018.03.04-22.08.28:993][320]LogModuleManager: Shutting down and abandoning module TaskGraph (332)
[2018.03.04-22.08.28:993][320]LogModuleManager: Shutting down and abandoning module SteamVRController (330)
[2018.03.04-22.08.28:993][320]LogModuleManager: Shutting down and abandoning module ProceduralMeshComponentEditor (328)
[2018.03.04-22.08.28:993][320]LogModuleManager: Shutting down and abandoning module ProceduralMeshComponent (326)
[2018.03.04-22.08.28:993][320]LogModuleManager: Shutting down and abandoning module OculusInput (324)
[2018.03.04-22.08.28:993][320]LogModuleManager: Shutting down and abandoning module MobilePatchingUtils (322)
[2018.03.04-22.08.28:993][320]LogModuleManager: Shutting down and abandoning module CustomMeshComponent (320)
[2018.03.04-22.08.28:993][320]LogModuleManager: Shutting down and abandoning module CableComponent (318)
[2018.03.04-22.08.28:993][320]LogModuleManager: Shutting down and abandoning module ArchVisCharacter (316)
[2018.03.04-22.08.28:993][320]LogModuleManager: Shutting down and abandoning module AndroidPermission (314)
[2018.03.04-22.08.28:993][320]LogModuleManager: Shutting down and abandoning module MediaPlayerEditor (310)
[2018.03.04-22.08.28:994][320]LogModuleManager: Shutting down and abandoning module HTML5Networking (308)
[2018.03.04-22.08.28:994][320]LogModuleManager: Shutting down and abandoning module AlembicImporter (306)
[2018.03.04-22.08.28:994][320]LogModuleManager: Shutting down and abandoning module AlembicLibrary (305)
[2018.03.04-22.08.28:994][320]LogModuleManager: Shutting down and abandoning module GeometryCache (304)
[2018.03.04-22.08.28:994][320]LogModuleManager: Shutting down and abandoning module GeometryCacheEd (303)
[2018.03.04-22.08.28:994][320]LogModuleManager: Shutting down and abandoning module SpeedTreeImporter (298)
[2018.03.04-22.08.28:994][320]LogModuleManager: Shutting down and abandoning module PluginBrowser (296)
[2018.03.04-22.08.28:994][320]LogModuleManager: Shutting down and abandoning module MobileLauncherProfileWizard (294)
[2018.03.04-22.08.28:994][320]LogModuleManager: Shutting down and abandoning module VisualStudioSourceCodeAccess (292)
[2018.03.04-22.08.28:994][320]LogModuleManager: Shutting down and abandoning module DesktopPlatform (291)
[2018.03.04-22.08.28:994][320]LogModuleManager: Shutting down and abandoning module UObjectPlugin (288)
[2018.03.04-22.08.28:994][320]LogModuleManager: Shutting down and abandoning module SubversionSourceControl (286)
[2018.03.04-22.08.28:994][320]LogModuleManager: Shutting down and abandoning module PerforceSourceControl (284)
[2018.03.04-22.08.28:994][320]LogModuleManager: Shutting down and abandoning module GitSourceControl (282)
[2018.03.04-22.08.28:994][320]LogModuleManager: Shutting down and abandoning module SourceControl (281)
[2018.03.04-22.08.28:994][320]LogModuleManager: Shutting down and abandoning module LightPropagationVolumeEditor (278)
[2018.03.04-22.08.28:994][320]LogModuleManager: Shutting down and abandoning module PaperTiledImporter (276)
[2018.03.04-22.08.28:994][320]LogModuleManager: Shutting down and abandoning module PaperSpriteSheetImporter (274)
[2018.03.04-22.08.28:994][320]LogModuleManager: Shutting down and abandoning module Paper2DEditor (272)
[2018.03.04-22.08.28:994][320]LogModuleManager: Shutting down and abandoning module MeshPaint (271)
[2018.03.04-22.08.28:994][320]LogModuleManager: Shutting down and abandoning module LevelEditor (269)
[2018.03.04-22.08.28:995][320]LogModuleManager: Shutting down and abandoning module PixelInspectorModule (268)
[2018.03.04-22.08.28:995][320]LogModuleManager: Shutting down and abandoning module MainFrame (266)
[2018.03.04-22.08.28:996][320]LogModuleManager: Shutting down and abandoning module HotReload (265)
[2018.03.04-22.08.28:996][320]LogModuleManager: Shutting down and abandoning module RuntimePhysXCooking (260)
[2018.03.04-22.08.28:996][320]LogModuleManager: Shutting down and abandoning module PhysXVehiclesEditor (258)
[2018.03.04-22.08.28:996][320]LogModuleManager: Shutting down and abandoning module PhysXVehicles (256)
[2018.03.04-22.08.28:997][320]LogModuleManager: Shutting down and abandoning module OculusEditor (254)
[2018.03.04-22.08.28:997][320]LogModuleManager: Shutting down and abandoning module LocationServicesBPLibrary (252)
[2018.03.04-22.08.28:997][320]LogModuleManager: Shutting down and abandoning module ImmediatePhysicsEditor (250)
[2018.03.04-22.08.28:997][320]LogModuleManager: Shutting down and abandoning module ImmediatePhysics (248)
[2018.03.04-22.08.28:997][320]LogModuleManager: Shutting down and abandoning module UdpMessaging (246)
[2018.03.04-22.08.29:097][320]LogModuleManager: Shutting down and abandoning module TcpMessaging (244)
[2018.03.04-22.08.29:198][320]LogModuleManager: Shutting down and abandoning module GameplayTagsEditor (242)
[2018.03.04-22.08.29:198][320]LogModuleManager: Shutting down and abandoning module FacialAnimationEditor (240)
[2018.03.04-22.08.29:198][320]LogModuleManager: Shutting down and abandoning module FacialAnimation (238)
[2018.03.04-22.08.29:198][320]LogModuleManager: Shutting down and abandoning module AssetManagerEditor (236)
[2018.03.04-22.08.29:198][320]LogModuleManager: Shutting down and abandoning module GraphEditor (235)
[2018.03.04-22.08.29:198][320]LogModuleManager: Shutting down and abandoning module ContentBrowser (233)
[2018.03.04-22.08.29:199][320]LogModuleManager: Shutting down and abandoning module LightPropagationVolumeRuntime (230)
[2018.03.04-22.08.29:199][320]LogModuleManager: Shutting down and abandoning module Paper2D (228)
[2018.03.04-22.08.29:199][320]LogModuleManager: Shutting down and abandoning module WindowsMoviePlayer (226)
[2018.03.04-22.08.29:199][320]LogModuleManager: Shutting down and abandoning module WmfMedia (224)
[2018.03.04-22.08.29:202][320]LogModuleManager: Shutting down and abandoning module PacketHandler (222)
[2018.03.04-22.08.29:202][320]LogModuleManager: Shutting down and abandoning module ClothingSystemEditor (220)
[2018.03.04-22.08.29:202][320]LogModuleManager: Shutting down and abandoning module ClothingSystemRuntime (218)
[2018.03.04-22.08.29:202][320]LogModuleManager: Shutting down and abandoning module Overlay (216)
[2018.03.04-22.08.29:202][320]LogModuleManager: Shutting down and abandoning module OverlayEditor (215)
[2018.03.04-22.08.29:202][320]LogModuleManager: Shutting down and abandoning module MediaAssets (212)
[2018.03.04-22.08.29:202][320]LogModuleManager: Shutting down and abandoning module VREditor (210)
[2018.03.04-22.08.29:202][320]LogModuleManager: Shutting down and abandoning module StringTableEditor (208)
[2018.03.04-22.08.29:202][320]LogModuleManager: Shutting down and abandoning module GameplayTasksEditor (206)
[2018.03.04-22.08.29:202][320]LogModuleManager: Shutting down and abandoning module BehaviorTreeEditor (204)
[2018.03.04-22.08.29:202][320]LogModuleManager: Shutting down and abandoning module FunctionalTesting (202)
[2018.03.04-22.08.29:203][320]LogModuleManager: Shutting down and abandoning module CollisionAnalyzer (200)
[2018.03.04-22.08.29:203][320]LogModuleManager: Shutting down and abandoning module WorkspaceMenuStructure (199)
[2018.03.04-22.08.29:203][320]LogModuleManager: Shutting down and abandoning module UMG (196)
[2018.03.04-22.08.29:203][320]LogModuleManager: Shutting down and abandoning module UMGEditor (195)
[2018.03.04-22.08.29:203][320]LogModuleManager: Shutting down and abandoning module Sequencer (194)
[2018.03.04-22.08.29:203][320]LogModuleManager: Shutting down and abandoning module MessageLog (191)
[2018.03.04-22.08.29:203][320]LogModuleManager: Shutting down and abandoning module SlateReflector (186)
[2018.03.04-22.08.29:203][320]LogModuleManager: Shutting down and abandoning module Slate (184)
[2018.03.04-22.08.29:203][320]LogModuleManager: Shutting down and abandoning module EditorStyle (182)
[2018.03.04-22.08.29:205][320]LogModuleManager: Shutting down and abandoning module MRMesh (180)
[2018.03.04-22.08.29:205][320]LogModuleManager: Shutting down and abandoning module SourceCodeAccess (178)
[2018.03.04-22.08.29:205][320]LogModuleManager: Shutting down and abandoning module HeadMountedDisplay (176)
[2018.03.04-22.08.29:205][320]LogModuleManager: Shutting down and abandoning module XAudio2 (174)
[2018.03.04-22.08.29:205][320]LogModuleManager: Shutting down and abandoning module Networking (172)
[2018.03.04-22.08.29:205][320]LogModuleManager: Shutting down and abandoning module Core (168)
[2018.03.04-22.08.29:205][320]LogModuleManager: Shutting down and abandoning module KismetCompiler (164)
[2018.03.04-22.08.29:205][320]LogModuleManager: Shutting down and abandoning module LevelSequence (162)
[2018.03.04-22.08.29:205][320]LogModuleManager: Shutting down and abandoning module MeshUtilities (160)
[2018.03.04-22.08.29:205][320]LogModuleManager: Shutting down and abandoning module MeshMergeUtilities (159)
[2018.03.04-22.08.29:205][320]LogModuleManager: Shutting down and abandoning module MeshReductionInterface (158)
[2018.03.04-22.08.29:205][320]LogModuleManager: Shutting down and abandoning module SimplygonSwarm (157)
[2018.03.04-22.08.29:205][320]LogModuleManager: Shutting down and abandoning module SimplygonMeshReduction (155)
[2018.03.04-22.08.29:205][320]LogModuleManager: Shutting down and abandoning module QuadricMeshReduction (153)
[2018.03.04-22.08.29:205][320]LogModuleManager: Shutting down and abandoning module MaterialBaking (149)
[2018.03.04-22.08.29:206][320]LogModuleManager: Shutting down and abandoning module DirectoryWatcher (146)
[2018.03.04-22.08.29:206][320]LogModuleManager: Shutting down and abandoning module DerivedDataCache (144)
[2018.03.04-22.08.29:237][320]LogDerivedDataCache: Shutdown
[2018.03.04-22.08.29:237][320]LogModuleManager: Shutting down and abandoning module TargetPlatform (142)
[2018.03.04-22.08.29:237][320]LogModuleManager: Shutting down and abandoning module VulkanShaderFormat (141)
[2018.03.04-22.08.29:237][320]LogModuleManager: Shutting down and abandoning module ShaderFormatVectorVM (139)
[2018.03.04-22.08.29:237][320]LogModuleManager: Shutting down and abandoning module ShaderFormatOpenGL (137)
[2018.03.04-22.08.29:237][320]LogModuleManager: Shutting down and abandoning module ShaderFormatD3D (135)
[2018.03.04-22.08.29:237][320]LogModuleManager: Shutting down and abandoning module MetalShaderFormat (133)
[2018.03.04-22.08.29:237][320]LogModuleManager: Shutting down and abandoning module TextureFormatUncompressed (131)
[2018.03.04-22.08.29:237][320]LogModuleManager: Shutting down and abandoning module TextureFormatPVR (129)
[2018.03.04-22.08.29:237][320]LogModuleManager: Shutting down and abandoning module TextureFormatDXT (127)
[2018.03.04-22.08.29:237][320]LogModuleManager: Shutting down and abandoning module TextureFormatIntelISPCTexComp (125)
[2018.03.04-22.08.29:238][320]LogModuleManager: Shutting down and abandoning module TextureFormatASTC (123)
[2018.03.04-22.08.29:238][320]LogModuleManager: Shutting down and abandoning module ImageWrapper (122)
[2018.03.04-22.08.29:238][320]LogModuleManager: Shutting down and abandoning module TextureFormatAndroid (119)
[2018.03.04-22.08.29:238][320]LogModuleManager: Shutting down and abandoning module AudioFormatOpus (117)
[2018.03.04-22.08.29:238][320]LogModuleManager: Shutting down and abandoning module AudioFormatOgg (115)
[2018.03.04-22.08.29:238][320]LogModuleManager: Shutting down and abandoning module AudioFormatADPCM (113)
[2018.03.04-22.08.29:238][320]LogModuleManager: Shutting down and abandoning module LinuxTargetPlatform (111)
[2018.03.04-22.08.29:238][320]LogModuleManager: Shutting down and abandoning module LinuxServerTargetPlatform (109)
[2018.03.04-22.08.29:238][320]LogModuleManager: Shutting down and abandoning module LinuxNoEditorTargetPlatform (107)
[2018.03.04-22.08.29:238][320]LogModuleManager: Shutting down and abandoning module LinuxClientTargetPlatform (105)
[2018.03.04-22.08.29:238][320]LogModuleManager: Shutting down and abandoning module TVOSTargetPlatform (103)
[2018.03.04-22.08.29:238][320]LogModuleManager: Shutting down and abandoning module Messaging (101)
[2018.03.04-22.08.29:238][320]LogModuleManager: Shutting down and abandoning module IOSTargetPlatform (99)
[2018.03.04-22.08.29:238][320]LogModuleManager: Shutting down and abandoning module HTML5TargetPlatform (97)
[2018.03.04-22.08.29:238][320]LogModuleManager: Shutting down and abandoning module Android_PVRTCTargetPlatform (95)
[2018.03.04-22.08.29:238][320]LogModuleManager: Shutting down and abandoning module Android_MultiTargetPlatform (93)
[2018.03.04-22.08.29:238][320]LogModuleManager: Shutting down and abandoning module Android_ETC2TargetPlatform (91)
[2018.03.04-22.08.29:238][320]LogModuleManager: Shutting down and abandoning module Android_ETC1TargetPlatform (89)
[2018.03.04-22.08.29:238][320]LogModuleManager: Shutting down and abandoning module Android_DXTTargetPlatform (87)
[2018.03.04-22.08.29:238][320]LogModuleManager: Shutting down and abandoning module Android_ATCTargetPlatform (85)
[2018.03.04-22.08.29:238][320]LogModuleManager: Shutting down and abandoning module Android_ASTCTargetPlatform (83)
[2018.03.04-22.08.29:238][320]LogModuleManager: Shutting down and abandoning module AndroidTargetPlatform (81)
[2018.03.04-22.08.29:238][320]LogModuleManager: Shutting down and abandoning module WindowsTargetPlatform (79)
[2018.03.04-22.08.29:238][320]LogModuleManager: Shutting down and abandoning module WindowsServerTargetPlatform (77)
[2018.03.04-22.08.29:238][320]LogModuleManager: Shutting down and abandoning module WindowsNoEditorTargetPlatform (75)
[2018.03.04-22.08.29:238][320]LogModuleManager: Shutting down and abandoning module WindowsClientTargetPlatform (73)
[2018.03.04-22.08.29:238][320]LogModuleManager: Shutting down and abandoning module MacTargetPlatform (71)
[2018.03.04-22.08.29:238][320]LogModuleManager: Shutting down and abandoning module MacServerTargetPlatform (69)
[2018.03.04-22.08.29:238][320]LogModuleManager: Shutting down and abandoning module MacNoEditorTargetPlatform (67)
[2018.03.04-22.08.29:238][320]LogModuleManager: Shutting down and abandoning module MacClientTargetPlatform (65)
[2018.03.04-22.08.29:238][320]LogModuleManager: Shutting down and abandoning module AllDesktopTargetPlatform (63)
[2018.03.04-22.08.29:238][320]LogModuleManager: Shutting down and abandoning module InputCore (60)
[2018.03.04-22.08.29:238][320]LogModuleManager: Shutting down and abandoning module Settings (58)
[2018.03.04-22.08.29:239][320]LogModuleManager: Shutting down and abandoning module PhysXCooking (56)
[2018.03.04-22.08.29:239][320]LogModuleManager: Shutting down and abandoning module SteamVR (54)
[2018.03.04-22.08.29:239][320]LogModuleManager: Shutting down and abandoning module OculusHMD (52)
[2018.03.04-22.08.29:239][320]LogModuleManager: Shutting down and abandoning module ExampleDeviceProfileSelector (50)
[2018.03.04-22.08.29:239][320]LogModuleManager: Shutting down and abandoning module OnlineBlueprintSupport (48)
[2018.03.04-22.08.29:239][320]LogModuleManager: Shutting down and abandoning module OnlineSubsystem (44)
[2018.03.04-22.08.29:239][320]LogOnline: Display: Unloading online subsystem: NULL
[2018.03.04-22.08.29:239][320]LogModuleManager: Shutting down and abandoning module XMPP (43)
[2018.03.04-22.08.29:239][320]LogModuleManager: Shutting down and abandoning module HTTP (41)
[2018.03.04-22.08.29:239][320]LogHttp: Display: Http module shutting down, but needs to wait on 1 outstanding Http requests:
[2018.03.04-22.08.29:239][320]LogHttp: Display: 	verb=[POST] url=[https://datarouter.ol.epicgames.com/datarouter/api/v1/public/data?SessionID=%7BC63B9283-40DD-F6F9-0837-9B91DE5BACB9%7D&AppID=UEEditor.Rocket.Release&AppVersion=4.17.2-3658906%2B%2B%2BUE4%2BRelease-4.17&UserID=c55b593b4b40d9ada5bb6081b245ca3b%7C7ec9b1a0575541f28e1344993bf04c44%7Cddab452f-aafd-4b40-a6e8-af28cf663c24&AppEnvironment=datacollector-binary&UploadType=eteventstream] status=Processing
[2018.03.04-22.08.29:273][320]LogModuleManager: Shutting down and abandoning module SSL (40)
[2018.03.04-22.08.29:277][320]LogModuleManager: Shutting down and abandoning module AnimationModifiers (36)
[2018.03.04-22.08.29:277][320]LogModuleManager: Shutting down and abandoning module PropertyEditor (35)
[2018.03.04-22.08.29:277][320]LogModuleManager: Shutting down and abandoning module AudioEditor (32)
[2018.03.04-22.08.29:277][320]LogModuleManager: Shutting down and abandoning module TextureCompressor (30)
[2018.03.04-22.08.29:277][320]LogModuleManager: Shutting down and abandoning module ShaderCore (28)
[2018.03.04-22.08.29:277][320]LogModuleManager: Shutting down and abandoning module Landscape (26)
[2018.03.04-22.08.29:277][320]LogModuleManager: Shutting down and abandoning module SlateRHIRenderer (24)
[2018.03.04-22.08.29:278][320]LogModuleManager: Shutting down and abandoning module OpenGLDrv (22)
[2018.03.04-22.08.29:279][320]LogModuleManager: Shutting down and abandoning module D3D11RHI (20)
[2018.03.04-22.08.29:279][320]LogModuleManager: Shutting down and abandoning module AnimGraphRuntime (18)
[2018.03.04-22.08.29:279][320]LogModuleManager: Shutting down and abandoning module Renderer (16)
[2018.03.04-22.08.29:279][320]LogModuleManager: Shutting down and abandoning module Engine (14)
[2018.03.04-22.08.29:279][320]LogModuleManager: Shutting down and abandoning module CoreUObject (12)
[2018.03.04-22.08.29:279][320]LogModuleManager: Shutting down and abandoning module NetworkFile (10)
[2018.03.04-22.08.29:279][320]LogModuleManager: Shutting down and abandoning module CookedIterativeFile (8)
[2018.03.04-22.08.29:279][320]LogModuleManager: Shutting down and abandoning module StreamingFile (6)
[2018.03.04-22.08.29:279][320]LogModuleManager: Shutting down and abandoning module SandboxFile (4)
[2018.03.04-22.08.29:279][320]LogModuleManager: Shutting down and abandoning module PakFile (2)
[2018.03.04-22.08.29:288][320]LogExit: Exiting.
[2018.03.04-22.08.29:300][320]Log file closed, 03/04/18 22:08:29
