Log file open, 03/04/18 14:03:31
LogWindows: Failed to load 'aqProf.dll' (GetLastError=126)
LogWindows: File 'aqProf.dll' does not exist
LogWindows: Failed to load 'VtuneApi.dll' (GetLastError=126)
LogWindows: File 'VtuneApi.dll' does not exist
LogWindows: Failed to load 'VtuneApi32e.dll' (GetLastError=126)
LogWindows: File 'VtuneApi32e.dll' does not exist
LogInit: Display: Running engine for game: Wb
LogPlatformFile: Not using cached read wrapper
LogInit: Display: RandInit(1608780274) SRandInit(1608780275).
LogTaskGraph: Started task graph with 5 named threads and 14 total threads with 3 sets of task threads.
LogStats: Stats thread started at 0.167338
LogD3D11RHI: Aftermath initialized
LogPluginManager: Mounting plugin Paper2D
LogPluginManager: Mounting plugin LightPropagationVolume
LogPluginManager: Mounting plugin CodeLiteSourceCodeAccess
LogPluginManager: Mounting plugin GitSourceControl
LogPluginManager: Mounting plugin KDevelopSourceCodeAccess
LogPluginManager: Mounting plugin NullSourceCodeAccess
LogPluginManager: Mounting plugin PerforceSourceControl
LogPluginManager: Mounting plugin SubversionSourceControl
LogPluginManager: Mounting plugin UObjectPlugin
LogPluginManager: Mounting plugin VisualStudioSourceCodeAccess
LogPluginManager: Mounting plugin XCodeSourceCodeAccess
LogPluginManager: Mounting plugin AssetManagerEditor
LogPluginManager: Mounting plugin AudioCapture
LogPluginManager: Mounting plugin FacialAnimation
LogPluginManager: Mounting plugin GameplayTagsEditor
LogPluginManager: Mounting plugin MobileLauncherProfileWizard
LogPluginManager: Mounting plugin PluginBrowser
LogPluginManager: Mounting plugin SpeedTreeImporter
LogPluginManager: Mounting plugin AlembicImporter
LogPluginManager: Mounting plugin CharacterAI
LogPluginManager: Mounting plugin HTML5Networking
LogPluginManager: Mounting plugin AndroidMedia
LogPluginManager: Mounting plugin AvfMedia
LogPluginManager: Mounting plugin MediaPlayerEditor
LogPluginManager: Mounting plugin WmfMedia
LogPluginManager: Mounting plugin TcpMessaging
LogPluginManager: Mounting plugin UdpMessaging
LogPluginManager: Mounting plugin LevelSequenceEditor
LogPluginManager: Mounting plugin MatineeToLevelSequence
LogPluginManager: Mounting plugin OnlineSubsystemGooglePlay
LogPluginManager: Mounting plugin OnlineSubsystemIOS
LogPluginManager: Mounting plugin OnlineSubsystem
LogPluginManager: Mounting plugin OnlineSubsystemNull
LogPluginManager: Mounting plugin OnlineSubsystemUtils
LogPluginManager: Mounting plugin AndroidDeviceProfileSelector
LogPluginManager: Mounting plugin AndroidMoviePlayer
LogPluginManager: Mounting plugin AndroidPermission
LogPluginManager: Mounting plugin AppleMoviePlayer
LogPluginManager: Mounting plugin ArchVisCharacter
LogPluginManager: Mounting plugin CableComponent
LogPluginManager: Mounting plugin CustomMeshComponent
LogPluginManager: Mounting plugin ExampleDeviceProfileSelector
LogPluginManager: Mounting plugin GoogleCloudMessaging
LogPluginManager: Mounting plugin ImmediatePhysics
LogPluginManager: Mounting plugin IOSDeviceProfileSelector
LogPluginManager: Mounting plugin LinuxDeviceProfileSelector
LogPluginManager: Mounting plugin LocationServicesBPLibrary
LogPluginManager: Mounting plugin MobilePatchingUtils
LogPluginManager: Mounting plugin OculusVR
LogPluginManager: Mounting plugin PhysXVehicles
LogPluginManager: Mounting plugin ProceduralMeshComponent
LogPluginManager: Mounting plugin RuntimePhysXCooking
LogPluginManager: Mounting plugin SteamVR
LogPluginManager: Mounting plugin WindowsMoviePlayer
LogInit: Using libcurl 7.47.1
LogInit:  - built for x86_64-pc-win32
LogInit:  - supports SSL with OpenSSL/1.0.2g
LogInit:  - supports HTTP deflate (compression) using libz 1.2.8
LogInit:  - other features:
LogInit:      CURL_VERSION_SSL
LogInit:      CURL_VERSION_LIBZ
LogInit:      CURL_VERSION_IPV6
LogInit:      CURL_VERSION_ASYNCHDNS
LogInit:      CURL_VERSION_LARGEFILE
LogInit:      CURL_VERSION_IDN
LogInit:  CurlRequestOptions (configurable via config and command line):
LogInit:  - bVerifyPeer = false  - Libcurl will NOT verify peer certificate
LogInit:  - bUseHttpProxy = false  - Libcurl will NOT use HTTP proxy
LogInit:  - bDontReuseConnections = false  - Libcurl will reuse connections
LogInit:  - CertBundlePath = nullptr  - Libcurl will use whatever was configured at build time.
LogInit: Build: ++UE4+Release-4.17-CL-3658906
LogInit: Engine Version: 4.17.2-3658906+++UE4+Release-4.17
LogInit: Compatible Engine Version: 4.17.0-3573198+++UE4+Release-4.17
LogInit: Net CL: 3573198
LogDevObjectVersion: Number of dev versions registered: 16
LogDevObjectVersion:   Dev-Blueprints (B0D832E4-1F89-4F0D-ACCF-7EB736FD4AA2): 10
LogDevObjectVersion:   Dev-Build (E1C64328-A22C-4D53-A36C-8E866417BD8C): 0
LogDevObjectVersion:   Dev-Core (375EC13C-06E4-48FB-B500-84F0262A717E): 2
LogDevObjectVersion:   Dev-Editor (E4B068ED-F494-42E9-A231-DA0B2E46BB41): 20
LogDevObjectVersion:   Dev-Framework (CFFC743F-43B0-4480-9391-14DF171D2073): 28
LogDevObjectVersion:   Dev-Mobile (B02B49B5-BB20-44E9-A304-32B752E40360): 0
LogDevObjectVersion:   Dev-Networking (A4E4105C-59A1-49B5-A7C5-40C4547EDFEE): 0
LogDevObjectVersion:   Dev-Online (39C831C9-5AE6-47DC-9A44-9C173E1C8E7C): 0
LogDevObjectVersion:   Dev-Physics (78F01B33-EBEA-4F98-B9B4-84EACCB95AA2): 0
LogDevObjectVersion:   Dev-Platform (6631380F-2D4D-43E0-8009-CF276956A95A): 0
LogDevObjectVersion:   Dev-Rendering (12F88B9F-8875-4AFC-A67C-D90C383ABD29): 19
LogDevObjectVersion:   Dev-Sequencer (7B5AE74C-D270-4C10-A958-57980B212A5A): 4
LogDevObjectVersion:   Dev-VR (D7296918-1DD6-4BDD-9DE2-64A83CC13884): 0
LogDevObjectVersion:   Dev-LoadTimes (C2A15278-BFE7-4AFE-6C17-90FF531DF755): 1
LogDevObjectVersion:   Private-Geometry (6EACA3D4-40EC-4CC1-B786-8BED09428FC5): 1
LogDevObjectVersion:   Dev-AnimPhys (29E575DD-E0A3-4627-9D10-D276232CDCEA): 7
LogInit: Compiled (64-bit): Sep 22 2017 13:47:16
LogInit: Compiled with Visual C++: 19.00.24215.01
LogInit: Build Configuration: Development
LogInit: Branch Name: ++UE4+Release-4.17
LogInit: Command line:  
LogInit: Base directory: D:/Unreal Engine 4/UE_4.17/Engine/Binaries/Win64/
LogInit: Installed Engine Build: 1
LogInit: Presizing for max 8388607 objects, including 0 objects not considered by GC, pre-allocating 0 bytes for permanent pool.
LogInit: Object subsystem initialized
[2018.03.04-14.03.32:154][  0]LogInit: Selected Device Profile: [Windows]
[2018.03.04-14.03.32:154][  0]LogInit: Applying CVar settings loaded from the selected device profile: [Windows]
[2018.03.04-14.03.32:167][  0]LogInit: Computer: DESKTOP-1VGP0IG
[2018.03.04-14.03.32:167][  0]LogInit: User: CristiH
[2018.03.04-14.03.32:167][  0]LogInit: CPU Page size=4096, Cores=4
[2018.03.04-14.03.32:167][  0]LogInit: High frequency timer resolution =2.531249 MHz
[2018.03.04-14.03.32:167][  0]LogMemory: Memory total: Physical=7.8GB (8GB approx)
[2018.03.04-14.03.32:167][  0]LogMemory: Platform Memory Stats for Windows
[2018.03.04-14.03.32:167][  0]LogMemory: Process Physical Memory: 279.67 MB used, 279.67 MB peak
[2018.03.04-14.03.32:167][  0]LogMemory: Process Virtual Memory: 282.29 MB used, 282.29 MB peak
[2018.03.04-14.03.32:168][  0]LogMemory: Physical Memory: 4740.36 MB used,  3279.42 MB free, 8019.78 MB total
[2018.03.04-14.03.32:168][  0]LogMemory: Virtual Memory: 715.20 MB used,  3279.42 MB free, 134217728.00 MB total
[2018.03.04-14.03.32:319][  0]LogInit: Using OS detected language (ro-RO).
[2018.03.04-14.03.32:320][  0]LogInit: Using OS detected locale (ro-RO).
[2018.03.04-14.03.32:325][  0]LogTextLocalizationManager: No localization for 'ro-RO' exists, so 'en' will be used for the language.
[2018.03.04-14.03.32:326][  0]LogTextLocalizationManager: No localization for 'ro-RO' exists, so 'en' will be used for the locale.
[2018.03.04-14.03.33:159][  0]LogD3D11RHI: D3D11 adapters:
[2018.03.04-14.03.33:196][  0]LogD3D11RHI:    0. 'NVIDIA GeForce GTX 960M' (Feature Level 11_0)
[2018.03.04-14.03.33:196][  0]LogD3D11RHI:       4065/0/4009 MB DedicatedVideo/DedicatedSystem/SharedSystem, Outputs:1, VendorId:0x10de
[2018.03.04-14.03.33:204][  0]LogD3D11RHI:    1. 'Intel(R) HD Graphics 530' (Feature Level 11_0)
[2018.03.04-14.03.33:204][  0]LogD3D11RHI:       128/0/4009 MB DedicatedVideo/DedicatedSystem/SharedSystem, Outputs:0, VendorId:0x8086
[2018.03.04-14.03.33:207][  0]LogD3D11RHI:    2. 'Microsoft Basic Render Driver' (Feature Level 11_0)
[2018.03.04-14.03.33:207][  0]LogD3D11RHI:       0/0/4009 MB DedicatedVideo/DedicatedSystem/SharedSystem, Outputs:0, VendorId:0x1414
[2018.03.04-14.03.33:207][  0]LogD3D11RHI: Chosen D3D11 Adapter: 0
[2018.03.04-14.03.33:216][  0]LogD3D11RHI: Creating new Direct3DDevice
[2018.03.04-14.03.33:216][  0]LogD3D11RHI:     GPU DeviceId: 0x139b (for the marketing name, search the web for "GPU Device Id")
[2018.03.04-14.03.33:216][  0]LogWindows: EnumDisplayDevices:
[2018.03.04-14.03.33:216][  0]LogWindows:    0. 'Intel(R) HD Graphics 530' (P:1 D:1)
[2018.03.04-14.03.33:217][  0]LogWindows:    1. 'Intel(R) HD Graphics 530' (P:0 D:0)
[2018.03.04-14.03.33:217][  0]LogWindows:    2. 'Intel(R) HD Graphics 530' (P:0 D:0)
[2018.03.04-14.03.33:217][  0]LogWindows: DebugString: GetVideoDriverDetailsInvalid PrimaryIsNotTheChoosenAdapter GetVideoDriverDetailsInvalid PrimaryIsNotTheChoosenAdapter GetVideoDriverDetailsInvalid PrimaryIsNotTheChoosenAdapter FoundDriverCount:0 
[2018.03.04-14.03.33:217][  0]LogD3D11RHI:     Adapter Name: NVIDIA GeForce GTX 960M
[2018.03.04-14.03.33:217][  0]LogD3D11RHI:   Driver Version: Unknown (internal:Unknown, unified:Unknown)
[2018.03.04-14.03.33:217][  0]LogD3D11RHI:      Driver Date: Unknown
[2018.03.04-14.03.33:217][  0]LogRHI: Texture pool is 1361 MB (70% of 1945 MB)
[2018.03.04-14.03.33:235][  0]LogD3D11RHI: Async texture creation enabled
[2018.03.04-14.03.33:252][  0]LogD3D11RHI: GPU Timing Frequency: 1000.000000 (Debug: 2 1)
[2018.03.04-14.03.33:253][  0]LogShaderCompilers: Guid format shader working directory is 23 characters bigger than the processId version (../../../../../UE Proj/Wb/Intermediate/Shaders/WorkingDirectory/13992/).
[2018.03.04-14.03.33:253][  0]LogShaderCompilers: Cleaned the shader compiler working directory 'C:/Users/Cristi_H/AppData/Local/Temp/UnrealShaderWorkingDir/D7A4BC274B30046BA2268493D0376398/'.
[2018.03.04-14.03.33:253][  0]LogShaderCompilers: Display: Using Local Shader Compiler.
[2018.03.04-14.03.34:463][  0]LogTemp: Display: Loaded TP AllDesktopTargetPlatform
[2018.03.04-14.03.34:536][  0]LogTemp: Display: Loaded TP MacClientTargetPlatform
[2018.03.04-14.03.34:597][  0]LogTemp: Display: Loaded TP MacNoEditorTargetPlatform
[2018.03.04-14.03.34:652][  0]LogTemp: Display: Loaded TP MacServerTargetPlatform
[2018.03.04-14.03.34:703][  0]LogTemp: Display: Loaded TP MacTargetPlatform
[2018.03.04-14.03.34:755][  0]LogTemp: Display: Loaded TP WindowsClientTargetPlatform
[2018.03.04-14.03.34:805][  0]LogTemp: Display: Loaded TP WindowsNoEditorTargetPlatform
[2018.03.04-14.03.34:856][  0]LogTemp: Display: Loaded TP WindowsServerTargetPlatform
[2018.03.04-14.03.34:897][  0]LogTemp: Display: Loaded TP WindowsTargetPlatform
[2018.03.04-14.03.34:951][  0]LogTemp: Display: Loaded TP AndroidTargetPlatform
[2018.03.04-14.03.35:007][  0]LogTemp: Display: Loaded TP Android_ASTCTargetPlatform
[2018.03.04-14.03.35:047][  0]LogTemp: Display: Loaded TP Android_ATCTargetPlatform
[2018.03.04-14.03.35:086][  0]LogTemp: Display: Loaded TP Android_DXTTargetPlatform
[2018.03.04-14.03.35:126][  0]LogTemp: Display: Loaded TP Android_ETC1TargetPlatform
[2018.03.04-14.03.35:168][  0]LogTemp: Display: Loaded TP Android_ETC2TargetPlatform
[2018.03.04-14.03.35:246][  0]LogTemp: Display: Loaded TP Android_MultiTargetPlatform
[2018.03.04-14.03.35:246][  0]LogTemp: Display: Loaded TP Android_PVRTCTargetPlatform
[2018.03.04-14.03.35:277][  0]LogTemp: Display: Loaded TP HTML5TargetPlatform
[2018.03.04-14.03.35:358][  0]LogTemp: Display: Loaded TP IOSTargetPlatform
[2018.03.04-14.03.35:401][  0]LogTemp: Display: Loaded TP TVOSTargetPlatform
[2018.03.04-14.03.35:488][  0]LogTemp: Display: Loaded TP LinuxClientTargetPlatform
[2018.03.04-14.03.35:560][  0]LogTemp: Display: Loaded TP LinuxNoEditorTargetPlatform
[2018.03.04-14.03.35:619][  0]LogTemp: Display: Loaded TP LinuxServerTargetPlatform
[2018.03.04-14.03.35:681][  0]LogTemp: Display: Loaded TP LinuxTargetPlatform
[2018.03.04-14.03.35:681][  0]LogTargetPlatformManager: Display: Building Assets For Windows
[2018.03.04-14.03.36:202][  0]LogDerivedDataCache: Display: Max Cache Size: 512 MB
[2018.03.04-14.03.36:334][  0]LogDerivedDataCache: Loaded boot cache 0.13s 93MB C:/Users/Cristi_H/AppData/Local/UnrealEngine/4.17/DerivedDataCache/Boot.ddc.
[2018.03.04-14.03.36:334][  0]LogDerivedDataCache: Display: Loaded Boot cache: C:/Users/Cristi_H/AppData/Local/UnrealEngine/4.17/DerivedDataCache/Boot.ddc
[2018.03.04-14.03.36:334][  0]LogDerivedDataCache: FDerivedDataBackendGraph:  Pak pak cache file ../../../../../UE Proj/Wb/DerivedDataCache/DDC.ddp not found, will not use a pak cache.
[2018.03.04-14.03.36:334][  0]LogDerivedDataCache: Unable to find inner node Pak for hierarchical cache Hierarchy.
[2018.03.04-14.03.36:334][  0]LogDerivedDataCache: FDerivedDataBackendGraph:  CompressedPak pak cache file ../../../../../UE Proj/Wb/DerivedDataCache/Compressed.ddp not found, will not use a pak cache.
[2018.03.04-14.03.36:334][  0]LogDerivedDataCache: Unable to find inner node CompressedPak for hierarchical cache Hierarchy.
[2018.03.04-14.03.36:353][  0]LogDerivedDataCache: Display: Pak cache opened for reading ../../../Engine/DerivedDataCache/Compressed.ddp.
[2018.03.04-14.03.36:367][  0]LogDerivedDataCache: Using Local data cache path C:/Users/Cristi_H/AppData/Local/UnrealEngine/Common/DerivedDataCache: Writable
[2018.03.04-14.03.36:385][  0]LogMaterial: Verifying Global Shaders for PCD3D_SM5
[2018.03.04-14.03.36:386][  0]LogSlate: Using Freetype 2.6.0
[2018.03.04-14.03.36:386][  0]LogSlate: SlateFontCache - WITH_FREETYPE: 1, WITH_HARFBUZZ: 1
[2018.03.04-14.03.36:386][  0]LogSlate: SlateFontCache - WITH_FREETYPE: 1, WITH_HARFBUZZ: 1
[2018.03.04-14.03.36:760][  0]LogAssetRegistry: FAssetRegistry took 0.0272 seconds to start up
[2018.03.04-14.03.36:897][  0]LogInit: Selected Device Profile: [Windows]
[2018.03.04-14.03.37:321][  0]LogSimplygon: Simplygon DLL not present - disabling.
[2018.03.04-14.03.37:363][  0]LogMeshReduction: Using SimplygonSwarm for distributed automatic mesh merging
[2018.03.04-14.03.37:363][  0]LogMeshReduction: Using QuadricMeshReduction for automatic static mesh reduction
[2018.03.04-14.03.37:363][  0]LogMeshReduction: No automatic skeletal mesh reduction module available
[2018.03.04-14.03.37:363][  0]LogMeshReduction: No automatic mesh merging module available
[2018.03.04-14.03.37:363][  0]LogMeshMerging: No automatic mesh merging module available
[2018.03.04-14.03.37:365][  0]LogContentStreaming: Texture pool size is 0.00 MB
[2018.03.04-14.03.37:975][  0]LogNetVersion: Wb , NetCL: 3573198, EngineNetVer: 2, GameNetVer: 0 (Checksum: 2849618269)
[2018.03.04-14.03.38:225][  0]LogPackageLocalizationCache: Processed 5 localized package path(s) for 1 prioritized culture(s) in 0.029994 seconds
[2018.03.04-14.03.38:234][  0]LogUObjectArray: 35825 objects as part of root set at end of initial load.
[2018.03.04-14.03.38:234][  0]LogUObjectAllocator: 7529112 out of 0 bytes used by permanent object pool.
[2018.03.04-14.03.38:234][  0]LogUObjectArray: CloseDisregardForGC: 0/0 objects in disregard for GC pool
[2018.03.04-14.03.38:296][  0]LogInit: WinSock: version 1.1 (2.2), MaxSocks=32767, MaxUdp=65467
[2018.03.04-14.03.40:937][  0]LogTcpMessaging: Initializing TcpMessaging bridge
[2018.03.04-14.03.40:970][  0]LogUdpMessaging: Initializing bridge on interface 0.0.0.0:0 to multicast group 230.0.0.1:6666.
[2018.03.04-14.03.41:643][  0]LogMaterial: Uniform references updated for custom material expression Custom.
[2018.03.04-14.03.42:004][  0]SourceControl: Source control is disabled
[2018.03.04-14.03.42:004][  0]SourceControl: Source control is disabled
[2018.03.04-14.03.42:048][  0]SourceControl: Source control is disabled
[2018.03.04-14.03.42:090][  0]SourceControl: Source control is disabled
[2018.03.04-14.03.42:704][  0]LogAndroidPermission: UAndroidPermissionCallbackProxy::GetInstance
[2018.03.04-14.03.42:975][  0]LogOcInput: OculusInput pre-init called
[2018.03.04-14.03.43:293][  0]LogEngine: Initializing Engine...
[2018.03.04-14.03.43:295][  0]LogHMD: Failed to initialize OpenVR with code 110
[2018.03.04-14.03.43:613][  0]LogStats: UGameplayTagsManager::ConstructGameplayTagTree: Construct from data asset -  0.000 s
[2018.03.04-14.03.43:614][  0]LogStats: UGameplayTagsManager::ConstructGameplayTagTree: GameplayTagTreeChangedEvent.Broadcast -  0.000 s
[2018.03.04-14.03.43:770][  0]LogAIModule: Creating AISystem for world Untitled
[2018.03.04-14.03.43:779][  0]LogInit: XAudio2 using 'Speakers (Realtek High Definition Audio)' : 2 channels at 48 kHz using 32 bits per sample (channel mask 0x3)
[2018.03.04-14.03.43:797][  0]LogInit: FAudioDevice initialized.
[2018.03.04-14.03.44:111][  0]LogDerivedDataCache: Saved boot cache 0.31s 93MB C:/Users/Cristi_H/AppData/Local/UnrealEngine/4.17/DerivedDataCache/Boot.ddc.
[2018.03.04-14.03.44:129][  0]LogInit: Texture streaming: Enabled
[2018.03.04-14.03.44:256][  0]LogEngineSessionManager: EngineSessionManager initialized
[2018.03.04-14.03.44:480][  0]LogInit: Transaction tracking system initialized
[2018.03.04-14.03.44:805][  0]BlueprintLog: New page: Editor Load
[2018.03.04-14.03.45:679][  0]LocalizationService: Localization service is disabled
[2018.03.04-14.03.46:326][  0]LogConsoleResponse: Display: 
[2018.03.04-14.03.46:521][  0]LogCook: Display: Max memory allowance for cook 16384mb min free memory 0mb
[2018.03.04-14.03.46:521][  0]LogCook: Display: Mobile HDR setting 1
[2018.03.04-14.03.46:521][  0]LogGameplayTags: Display: UGameplayTagsManager::DoneAddingNativeTags. DelegateIsBound: 0
[2018.03.04-14.03.47:273][  0]LogFileCache: Scanning file cache for directory 'D:/UE Proj/Wb/Content/' took 0.01s
[2018.03.04-14.03.47:620][  0]SourceControl: Source control is disabled
[2018.03.04-14.03.47:621][  0]Cmd: MAP LOAD FILE="../../../../../UE Proj/Wb/Content/2DSideScrollerBP/Maps/2DSideScrollerExampleMap.umap" TEMPLATE=0 SHOWPROGRESS=1 FEATURELEVEL=3
[2018.03.04-14.03.47:621][  0]LightingResults: New page: Lighting Build
[2018.03.04-14.03.47:656][  0]MapCheck: New page: Map Check
[2018.03.04-14.03.47:656][  0]LightingResults: New page: Lighting Build
[2018.03.04-14.03.47:968][  0]LogAIModule: Creating AISystem for world 2DSideScrollerExampleMap
[2018.03.04-14.03.47:981][  0]LogEditorServer: Finished looking for orphan Actors (0.000 secs)
[2018.03.04-14.03.47:993][  0]Cmd: MAP CHECKDEP NOCLEARLOG
[2018.03.04-14.03.48:030][  0]MapCheck: Map check complete: 0 Error(s), 0 Warning(s), took 37.09ms to complete.
[2018.03.04-14.03.48:030][  0]LogFileHelpers: Loading map '2DSideScrollerExampleMap' took 0.409
[2018.03.04-14.03.48:165][  0]LogCollectionManager: Loaded 0 collections in 0.000875 seconds
[2018.03.04-14.03.48:253][  0]LogFileCache: Scanning file cache for directory 'D:/UE Proj/Wb/Saved/Collections/' took 0.01s
[2018.03.04-14.03.48:253][  0]LogFileCache: Scanning file cache for directory 'D:/UE Proj/Wb/Content/Developers/CristiH/Collections/' took 0.01s
[2018.03.04-14.03.48:253][  0]LogFileCache: Scanning file cache for directory 'D:/UE Proj/Wb/Content/Collections/' took 0.01s
[2018.03.04-14.03.48:253][  0]LogCollectionManager: Rebuilt the GUID cache for 0 collections in 0.000001 seconds
[2018.03.04-14.03.48:265][  0]LogContentBrowser: Native class hierarchy populated in 0.0118 seconds. Added 2386 classes and 500 folders.
[2018.03.04-14.03.48:328][  0]LogContentBrowser: Native class hierarchy updated for 'WidgetCarousel' in 0.0006 seconds. Added 0 classes and 0 folders.
[2018.03.04-14.03.48:366][  0]LogContentBrowser: Native class hierarchy updated for 'AddContentDialog' in 0.0006 seconds. Added 0 classes and 0 folders.
[2018.03.04-14.03.48:405][  0]LogContentBrowser: Native class hierarchy updated for 'SceneOutliner' in 0.0008 seconds. Added 1 classes and 2 folders.
[2018.03.04-14.03.48:432][  0]LogSlate: Took 0.000328 seconds to synchronously load lazily loaded font '../../../Engine/Content/Slate/Fonts/Roboto-Regular.ttf' (155K)
[2018.03.04-14.03.48:435][  0]LogSlate: Took 0.000316 seconds to synchronously load lazily loaded font '../../../Engine/Content/Slate/Fonts/Roboto-Bold.ttf' (160K)
[2018.03.04-14.03.48:444][  0]LogSlate: Took 0.000211 seconds to synchronously load lazily loaded font '../../../Engine/Content/Editor/Slate/Fonts/FontAwesome.ttf' (139K)
[2018.03.04-14.03.48:586][  0]LogRenderer: Reallocating scene render targets to support 1208x576 Format 10 NumSamples 1 (Frame:1).
[2018.03.04-14.03.48:793][  0]LogContentBrowser: Native class hierarchy updated for 'HierarchicalLODOutliner' in 0.0008 seconds. Added 1 classes and 2 folders.
[2018.03.04-14.03.48:793][  0]LogLoad: (Engine Initialization) Total time: 18.11 seconds
[2018.03.04-14.03.48:794][  0]LogLoad: (Engine Initialization) Total Blueprint compile time: 0.00 seconds
[2018.03.04-14.03.48:794][  0]LogExternalProfiler: Found external profiler: VSPerf
[2018.03.04-14.03.48:794][  0]LogExternalProfiler: Using external profiler: VSPerf
[2018.03.04-14.03.48:831][  0]LogContentStreaming: Texture pool size now 1000 MB
[2018.03.04-14.03.48:846][  0]LogSlate: Took 0.000227 seconds to synchronously load lazily loaded font '../../../Engine/Content/Slate/Fonts/Roboto-Light.ttf' (159K)
[2018.03.04-14.03.48:870][  1]LogAssetRegistry: Asset discovery search completed in 12.1314 seconds
[2018.03.04-14.03.48:872][  1]LogCollectionManager: Rebuilt the object cache for 0 collections in 0.000001 seconds (found 0 objects)
[2018.03.04-14.03.48:872][  1]LogCollectionManager: Fixed up redirectors for 0 collections in 0.000125 seconds (updated 0 objects)
[2018.03.04-14.03.51:032][119]LogTemp: Repeating last play command: Selected Viewport
[2018.03.04-14.03.51:071][119]LogBlueprintUserMessages: Early PlayInEditor Detection: Level '/Game/2DSideScrollerBP/Maps/2DSideScrollerExampleMap.2DSideScrollerExampleMap:PersistentLevel' has LevelScriptBlueprint '/Game/2DSideScrollerBP/Maps/2DSideScrollerExampleMap.2DSideScrollerExampleMap:PersistentLevel.2DSideScrollerExampleMap' with GeneratedClass '/Game/2DSideScrollerBP/Maps/2DSideScrollerExampleMap.2DSideScrollerExampleMap_C' with ClassGeneratedBy '/Game/2DSideScrollerBP/Maps/2DSideScrollerExampleMap.2DSideScrollerExampleMap:PersistentLevel.2DSideScrollerExampleMap'
[2018.03.04-14.03.51:071][119]LogPlayLevel: PlayLevel: No blueprints needed recompiling
[2018.03.04-14.03.51:072][119]PIE: New page: PIE session: 2DSideScrollerExampleMap (Mar 4, 2018, 2:03:51 PM)
[2018.03.04-14.03.51:072][119]LogPlayLevel: Creating play world package: /Game/2DSideScrollerBP/Maps/UEDPIE_0_2DSideScrollerExampleMap
[2018.03.04-14.03.51:079][119]LogPlayLevel: PIE: StaticDuplicateObject took: (0.007569s)
[2018.03.04-14.03.51:080][119]LogAIModule: Creating AISystem for world 2DSideScrollerExampleMap
[2018.03.04-14.03.51:080][119]LogPlayLevel: PIE: World Init took: (0.000936s)
[2018.03.04-14.03.51:080][119]LogPlayLevel: PIE: Created PIE world by copying editor world from /Game/2DSideScrollerBP/Maps/2DSideScrollerExampleMap.2DSideScrollerExampleMap to /Game/2DSideScrollerBP/Maps/UEDPIE_0_2DSideScrollerExampleMap.2DSideScrollerExampleMap (0.008865s)
[2018.03.04-14.03.51:095][119]LogInit: XAudio2 using 'Speakers (Realtek High Definition Audio)' : 2 channels at 48 kHz using 32 bits per sample (channel mask 0x3)
[2018.03.04-14.03.51:109][119]LogInit: FAudioDevice initialized.
[2018.03.04-14.03.51:158][119]LogLoad: Game class is '2DSideScrollerGameMode_C'
[2018.03.04-14.03.51:163][119]LogWorld: Bringing World /Game/2DSideScrollerBP/Maps/UEDPIE_0_2DSideScrollerExampleMap.2DSideScrollerExampleMap up for play (max tick rate 60) at 2018.03.04-14.03.51
[2018.03.04-14.03.51:164][119]LogWorld: Bringing up level for play took: 0.003430
[2018.03.04-14.03.51:203][119]LogContentBrowser: Native class hierarchy updated for 'MovieSceneCapture' in 0.0007 seconds. Added 11 classes and 0 folders.
[2018.03.04-14.03.51:205][119]PIE: Play in editor start time for /Game/2DSideScrollerBP/Maps/UEDPIE_0_2DSideScrollerExampleMap -0.854
[2018.03.04-14.03.51:205][119]LogBlueprintUserMessages: Late PlayInEditor Detection: Level '/Game/2DSideScrollerBP/Maps/2DSideScrollerExampleMap.2DSideScrollerExampleMap:PersistentLevel' has LevelScriptBlueprint '/Game/2DSideScrollerBP/Maps/2DSideScrollerExampleMap.2DSideScrollerExampleMap:PersistentLevel.2DSideScrollerExampleMap' with GeneratedClass '/Game/2DSideScrollerBP/Maps/2DSideScrollerExampleMap.2DSideScrollerExampleMap_C' with ClassGeneratedBy '/Game/2DSideScrollerBP/Maps/2DSideScrollerExampleMap.2DSideScrollerExampleMap:PersistentLevel.2DSideScrollerExampleMap'
[2018.03.04-14.03.52:692][204]LogBlueprintUserMessages: [Sphere_C_0] 625.000061
[2018.03.04-14.03.53:010][223]LogBlueprintUserMessages: [Cube_C_0] 62.5
[2018.03.04-14.03.53:291][240]LogBlueprintUserMessages: [Ledge_C_0] 159.375015
[2018.03.04-14.03.53:575][257]LogBlueprintUserMessages: [Egg_C_0] 375.0
[2018.03.04-14.03.53:892][276]LogBlueprintUserMessages: [Sphere_C_1] 625.000061
[2018.03.04-14.03.54:342][303]LogBlueprintUserMessages: Early EndPlayMap Detection: Level '/Game/2DSideScrollerBP/Maps/2DSideScrollerExampleMap.2DSideScrollerExampleMap:PersistentLevel' has LevelScriptBlueprint '/Game/2DSideScrollerBP/Maps/2DSideScrollerExampleMap.2DSideScrollerExampleMap:PersistentLevel.2DSideScrollerExampleMap' with GeneratedClass '/Game/2DSideScrollerBP/Maps/2DSideScrollerExampleMap.2DSideScrollerExampleMap_C' with ClassGeneratedBy '/Game/2DSideScrollerBP/Maps/2DSideScrollerExampleMap.2DSideScrollerExampleMap:PersistentLevel.2DSideScrollerExampleMap'
[2018.03.04-14.03.54:375][303]LogBlueprintUserMessages: Late EndPlayMap Detection: Level '/Game/2DSideScrollerBP/Maps/2DSideScrollerExampleMap.2DSideScrollerExampleMap:PersistentLevel' has LevelScriptBlueprint '/Game/2DSideScrollerBP/Maps/2DSideScrollerExampleMap.2DSideScrollerExampleMap:PersistentLevel.2DSideScrollerExampleMap' with GeneratedClass '/Game/2DSideScrollerBP/Maps/2DSideScrollerExampleMap.2DSideScrollerExampleMap_C' with ClassGeneratedBy '/Game/2DSideScrollerBP/Maps/2DSideScrollerExampleMap.2DSideScrollerExampleMap:PersistentLevel.2DSideScrollerExampleMap'
[2018.03.04-14.04.01:926][611]LogContentBrowser: Native class hierarchy updated for 'Matinee' in 0.0010 seconds. Added 15 classes and 2 folders.
[2018.03.04-14.04.01:929][611]LogInit: Transaction tracking system initialized
[2018.03.04-14.04.01:929][611]EditorErrors: New page: Matinee Initialization
[2018.03.04-14.04.14:782][224]LogEditorViewport: Clicking on Actor (LMB): PaperSpriteActor (Background_Sprite)
[2018.03.04-14.04.16:166][300]LogEditorViewport: Clicking on Actor (LMB): PaperSpriteActor (Background_Sprite)
[2018.03.04-14.04.16:574][323]LogEditorViewport: Clicking on Component (LMB): PaperSpriteComponent (RenderComponent)
[2018.03.04-14.04.17:599][382]LogEditorViewport: Clicking on Component (LMB): PaperSpriteComponent (RenderComponent)
[2018.03.04-14.04.18:073][409]LogEditorViewport: Clicking on Actor (LMB): 2DSideScrollerCharacter_C (2DSideScrollerCharacter)
[2018.03.04-14.04.23:596][707]LogSlate: Took 0.000790 seconds to synchronously load lazily loaded font '../../../Engine/Content/Editor/Slate/Fonts/Roboto-Italic.ttf' (157K)
[2018.03.04-14.04.45:391][580]LogEditorViewport: Clicking on Actor (LMB): 2DSideScrollerCharacter_C (2DSideScrollerCharacter)
[2018.03.04-14.05.14:504][126]LogEditorViewport: Clicking on Actor (LMB): PaperSpriteActor (Background_Sprite)
[2018.03.04-14.05.15:966][207]LogEditorViewport: Clicking on Actor (LMB): PaperSpriteActor (Background_Sprite)
[2018.03.04-14.05.16:458][235]LogEditorViewport: Clicking on Actor (LMB): PaperSpriteActor (Background_Sprite)
[2018.03.04-14.05.16:815][255]LogEditorViewport: Clicking on Actor (LMB): 2DSideScrollerCharacter_C (2DSideScrollerCharacter)
[2018.03.04-14.05.25:776][784]LogEditorViewport: Clicking on Actor (LMB): 2DSideScrollerCharacter_C (2DSideScrollerCharacter)
[2018.03.04-14.05.52:652][276]LogEditorViewport: Clicking on Actor (LMB): 2DSideScrollerCharacter_C (2DSideScrollerCharacter)
[2018.03.04-14.05.53:140][304]LogEditorViewport: Clicking on Actor (LMB): 2DSideScrollerCharacter_C (2DSideScrollerCharacter)
[2018.03.04-14.07.17:837][592]LogEditorViewport: Clicking on Actor (LMB): 2DSideScrollerCharacter_C (2DSideScrollerCharacter)
[2018.03.04-14.07.19:563][691]LogEditorViewport: Clicking on Actor (LMB): 2DSideScrollerCharacter_C (2DSideScrollerCharacter)
[2018.03.04-14.07.54:801][583]LogEditorViewport: Clicking on Actor (LMB): 2DSideScrollerCharacter_C (2DSideScrollerCharacter)
[2018.03.04-14.09.55:591][714]Cmd: SELECT NONE
[2018.03.04-14.10.03:199][ 65]LogEditorViewport: Clicking on Actor (LMB): 2DSideScrollerCharacter_C (2DSideScrollerCharacter)
[2018.03.04-14.11.06:268][381]LogTemp: Repeating last play command: Selected Viewport
[2018.03.04-14.11.06:283][381]LogBlueprintUserMessages: Early PlayInEditor Detection: Level '/Game/2DSideScrollerBP/Maps/2DSideScrollerExampleMap.2DSideScrollerExampleMap:PersistentLevel' has LevelScriptBlueprint '/Game/2DSideScrollerBP/Maps/2DSideScrollerExampleMap.2DSideScrollerExampleMap:PersistentLevel.2DSideScrollerExampleMap' with GeneratedClass '/Game/2DSideScrollerBP/Maps/2DSideScrollerExampleMap.2DSideScrollerExampleMap_C' with ClassGeneratedBy '/Game/2DSideScrollerBP/Maps/2DSideScrollerExampleMap.2DSideScrollerExampleMap:PersistentLevel.2DSideScrollerExampleMap'
[2018.03.04-14.11.06:283][381]LogPlayLevel: PlayLevel: No blueprints needed recompiling
[2018.03.04-14.11.06:283][381]PIE: New page: PIE session: 2DSideScrollerExampleMap (Mar 4, 2018, 2:11:06 PM)
[2018.03.04-14.11.06:283][381]LogPlayLevel: Creating play world package: /Game/2DSideScrollerBP/Maps/UEDPIE_0_2DSideScrollerExampleMap
[2018.03.04-14.11.06:290][381]LogPlayLevel: PIE: StaticDuplicateObject took: (0.006302s)
[2018.03.04-14.11.06:290][381]LogAIModule: Creating AISystem for world 2DSideScrollerExampleMap
[2018.03.04-14.11.06:290][381]LogPlayLevel: PIE: World Init took: (0.000911s)
[2018.03.04-14.11.06:291][381]LogPlayLevel: PIE: Created PIE world by copying editor world from /Game/2DSideScrollerBP/Maps/2DSideScrollerExampleMap.2DSideScrollerExampleMap to /Game/2DSideScrollerBP/Maps/UEDPIE_0_2DSideScrollerExampleMap.2DSideScrollerExampleMap (0.007511s)
[2018.03.04-14.11.06:301][381]LogExit: Transaction tracking system shut down
[2018.03.04-14.11.06:332][381]LogInit: XAudio2 using 'Speakers (Realtek High Definition Audio)' : 2 channels at 48 kHz using 32 bits per sample (channel mask 0x3)
[2018.03.04-14.11.06:343][381]LogInit: FAudioDevice initialized.
[2018.03.04-14.11.06:379][381]LogLoad: Game class is '2DSideScrollerGameMode_C'
[2018.03.04-14.11.06:383][381]LogWorld: Bringing World /Game/2DSideScrollerBP/Maps/UEDPIE_0_2DSideScrollerExampleMap.2DSideScrollerExampleMap up for play (max tick rate 60) at 2018.03.04-14.11.06
[2018.03.04-14.11.06:383][381]LogWorld: Bringing up level for play took: 0.002638
[2018.03.04-14.11.06:385][381]PIE: Play in editor start time for /Game/2DSideScrollerBP/Maps/UEDPIE_0_2DSideScrollerExampleMap 0.326
[2018.03.04-14.11.06:385][381]LogBlueprintUserMessages: Late PlayInEditor Detection: Level '/Game/2DSideScrollerBP/Maps/2DSideScrollerExampleMap.2DSideScrollerExampleMap:PersistentLevel' has LevelScriptBlueprint '/Game/2DSideScrollerBP/Maps/2DSideScrollerExampleMap.2DSideScrollerExampleMap:PersistentLevel.2DSideScrollerExampleMap' with GeneratedClass '/Game/2DSideScrollerBP/Maps/2DSideScrollerExampleMap.2DSideScrollerExampleMap_C' with ClassGeneratedBy '/Game/2DSideScrollerBP/Maps/2DSideScrollerExampleMap.2DSideScrollerExampleMap:PersistentLevel.2DSideScrollerExampleMap'
[2018.03.04-14.11.07:027][419]LogBlueprintUserMessages: [Sphere_C_0] 312.5
[2018.03.04-14.11.07:876][470]LogBlueprintUserMessages: [Cube_C_0] 125.0
[2018.03.04-14.11.08:260][493]LogBlueprintUserMessages: [Ledge_C_0] 212.5
[2018.03.04-14.11.08:693][519]LogBlueprintUserMessages: [Egg_C_0] 750.000061
[2018.03.04-14.11.08:976][536]LogBlueprintUserMessages: [Sphere_C_1] 781.250122
[2018.03.04-14.11.09:260][553]LogBlueprintUserMessages: [Cube_C_1] 250.0
[2018.03.04-14.11.09:577][572]LogBlueprintUserMessages: [Ledge_C_1] 318.750031
[2018.03.04-14.11.09:910][592]LogBlueprintUserMessages: [Egg_C_1] 93.75
[2018.03.04-14.11.10:127][605]LogBlueprintUserMessages: [Sphere_C_2] 156.25
[2018.03.04-14.11.10:544][630]LogBlueprintUserMessages: [Cube_C_2] 437.500061
[2018.03.04-14.11.10:993][657]LogBlueprintUserMessages: [Ledge_C_2] 53.125
[2018.03.04-14.11.11:360][679]LogBlueprintUserMessages: [Egg_C_2] 281.25
[2018.03.04-14.11.11:677][698]LogBlueprintUserMessages: [Sphere_C_3] 468.75
[2018.03.04-14.11.12:044][720]LogBlueprintUserMessages: [Cube_C_3] 625.000122
[2018.03.04-14.11.12:377][740]LogBlueprintUserMessages: [Ledge_C_3] 106.25
[2018.03.04-14.11.12:711][760]LogBlueprintUserMessages: [Egg_C_3] 375.0
[2018.03.04-14.11.13:044][780]LogBlueprintUserMessages: [Sphere_C_4] 546.875061
[2018.03.04-14.11.13:427][803]LogBlueprintUserMessages: [Cube_C_4] 187.500015
[2018.03.04-14.11.13:810][826]LogBlueprintUserMessages: [Ledge_C_4] 318.750031
[2018.03.04-14.11.14:177][848]LogBlueprintUserMessages: [Egg_C_4] 937.500122
[2018.03.04-14.11.14:560][871]LogBlueprintUserMessages: [Sphere_C_5] 156.25
[2018.03.04-14.11.14:927][893]LogBlueprintUserMessages: [Cube_C_5] 437.500061
[2018.03.04-14.11.15:294][915]LogBlueprintUserMessages: [Ledge_C_5] 106.25
[2018.03.04-14.11.15:677][938]LogBlueprintUserMessages: [Egg_C_5] 468.75
[2018.03.04-14.11.16:061][961]LogBlueprintUserMessages: [Sphere_C_6] 625.000061
[2018.03.04-14.11.16:477][986]LogBlueprintUserMessages: [Cube_C_6] 125.0
[2018.03.04-14.11.16:861][  9]LogBlueprintUserMessages: [Ledge_C_6] 265.625
[2018.03.04-14.11.17:227][ 31]LogBlueprintUserMessages: [Egg_C_6] 750.000061
[2018.03.04-14.11.17:577][ 52]LogBlueprintUserMessages: [Sphere_C_7] 156.25
[2018.03.04-14.11.17:961][ 75]LogBlueprintUserMessages: [Cube_C_7] 375.000031
[2018.03.04-14.11.18:344][ 98]LogBlueprintUserMessages: [Ledge_C_7] 478.125061
[2018.03.04-14.11.18:711][120]LogBlueprintUserMessages: [Egg_C_7] 93.75
[2018.03.04-14.11.19:094][143]LogBlueprintUserMessages: [Sphere_C_8] 468.75
[2018.03.04-14.11.19:444][164]LogBlueprintUserMessages: [Cube_C_8] 625.000122
[2018.03.04-14.11.19:811][186]LogBlueprintUserMessages: [Ledge_C_8] 106.25
[2018.03.04-14.11.20:178][208]LogBlueprintUserMessages: [Egg_C_8] 562.5
[2018.03.04-14.11.20:578][232]LogBlueprintUserMessages: [Sphere_C_9] 156.25
[2018.03.04-14.11.20:978][256]LogBlueprintUserMessages: [Cube_C_9] 312.5
[2018.03.04-14.11.21:361][279]LogBlueprintUserMessages: [Ledge_C_9] 425.000061
[2018.03.04-14.11.21:744][302]LogBlueprintUserMessages: [Egg_C_9] 187.5
[2018.03.04-14.11.22:112][324]LogBlueprintUserMessages: [Sphere_C_10] 468.75
[2018.03.04-14.11.22:495][347]LogBlueprintUserMessages: [Cube_C_10] 625.000122
[2018.03.04-14.11.22:861][369]LogBlueprintUserMessages: [Ledge_C_10] 106.25
[2018.03.04-14.11.23:245][392]LogBlueprintUserMessages: [Egg_C_10] 468.75
[2018.03.04-14.11.23:577][412]LogBlueprintUserMessages: [Sphere_C_11] 546.875061
[2018.03.04-14.11.23:961][435]LogBlueprintUserMessages: [Cube_C_11] 625.000122
[2018.03.04-14.11.24:378][460]LogBlueprintUserMessages: [Ledge_C_11] 212.5
[2018.03.04-14.11.24:778][484]LogBlueprintUserMessages: [Egg_C_11] 843.750122
[2018.03.04-14.11.25:211][510]LogBlueprintUserMessages: [Sphere_C_12] 78.125
[2018.03.04-14.11.25:595][533]LogBlueprintUserMessages: [Cube_C_12] 312.5
[2018.03.04-14.11.25:978][556]LogBlueprintUserMessages: [Ledge_C_12] 425.000061
[2018.03.04-14.11.26:361][579]LogBlueprintUserMessages: [Egg_C_12] 937.500122
[2018.03.04-14.11.26:745][602]LogBlueprintUserMessages: [Sphere_C_13] 156.25
[2018.03.04-14.11.27:095][623]LogBlueprintUserMessages: [Cube_C_13] 312.5
[2018.03.04-14.11.27:445][644]LogBlueprintUserMessages: [Ledge_C_13] 318.750031
[2018.03.04-14.11.27:828][667]LogBlueprintUserMessages: [Egg_C_13] 843.750122
[2018.03.04-14.11.28:179][688]LogBlueprintUserMessages: [Sphere_C_14] 78.125
[2018.03.04-14.11.28:546][710]LogBlueprintUserMessages: [Cube_C_14] 250.0
[2018.03.04-14.11.28:895][731]LogBlueprintUserMessages: [Ledge_C_14] 318.750031
[2018.03.04-14.11.29:445][764]LogBlueprintUserMessages: [Egg_C_14] 750.000061
[2018.03.04-14.11.31:445][884]LogBlueprintUserMessages: [Sphere_C_15] 703.125122
[2018.03.04-14.11.31:845][908]LogBlueprintUserMessages: [Cube_C_15] 125.0
[2018.03.04-14.11.32:278][934]LogBlueprintUserMessages: [Ledge_C_15] 371.875031
[2018.03.04-14.11.32:613][954]LogBlueprintUserMessages: Early EndPlayMap Detection: Level '/Game/2DSideScrollerBP/Maps/2DSideScrollerExampleMap.2DSideScrollerExampleMap:PersistentLevel' has LevelScriptBlueprint '/Game/2DSideScrollerBP/Maps/2DSideScrollerExampleMap.2DSideScrollerExampleMap:PersistentLevel.2DSideScrollerExampleMap' with GeneratedClass '/Game/2DSideScrollerBP/Maps/2DSideScrollerExampleMap.2DSideScrollerExampleMap_C' with ClassGeneratedBy '/Game/2DSideScrollerBP/Maps/2DSideScrollerExampleMap.2DSideScrollerExampleMap:PersistentLevel.2DSideScrollerExampleMap'
[2018.03.04-14.11.32:689][954]LogBlueprintUserMessages: Late EndPlayMap Detection: Level '/Game/2DSideScrollerBP/Maps/2DSideScrollerExampleMap.2DSideScrollerExampleMap:PersistentLevel' has LevelScriptBlueprint '/Game/2DSideScrollerBP/Maps/2DSideScrollerExampleMap.2DSideScrollerExampleMap:PersistentLevel.2DSideScrollerExampleMap' with GeneratedClass '/Game/2DSideScrollerBP/Maps/2DSideScrollerExampleMap.2DSideScrollerExampleMap_C' with ClassGeneratedBy '/Game/2DSideScrollerBP/Maps/2DSideScrollerExampleMap.2DSideScrollerExampleMap:PersistentLevel.2DSideScrollerExampleMap'
[2018.03.04-14.11.34:975][ 67]LogSlate: Took 0.000205 seconds to synchronously load lazily loaded font '../../../Engine/Content/Slate/Fonts/Roboto-Light.ttf' (159K)
[2018.03.04-14.11.35:386][ 67]LogContentBrowser: Native class hierarchy updated for 'BlueprintGraph' in 0.0018 seconds. Added 113 classes and 0 folders.
[2018.03.04-14.11.36:226][ 67]LogSlate: Took 0.000191 seconds to synchronously load lazily loaded font '../../../Engine/Content/Editor/Slate/Fonts/Roboto-BoldCondensed.ttf' (158K)
[2018.03.04-14.11.51:431][818]BlueprintLog: New page: Compile 2DSideScrollerCharacter
[2018.03.04-14.11.54:393][891]LogTemp: Repeating last play command: Selected Viewport
[2018.03.04-14.11.54:415][891]LogBlueprintUserMessages: Early PlayInEditor Detection: Level '/Game/2DSideScrollerBP/Maps/2DSideScrollerExampleMap.2DSideScrollerExampleMap:PersistentLevel' has LevelScriptBlueprint '/Game/2DSideScrollerBP/Maps/2DSideScrollerExampleMap.2DSideScrollerExampleMap:PersistentLevel.2DSideScrollerExampleMap' with GeneratedClass '/Game/2DSideScrollerBP/Maps/2DSideScrollerExampleMap.2DSideScrollerExampleMap_C' with ClassGeneratedBy '/Game/2DSideScrollerBP/Maps/2DSideScrollerExampleMap.2DSideScrollerExampleMap:PersistentLevel.2DSideScrollerExampleMap'
[2018.03.04-14.11.54:415][891]LogPlayLevel: PlayLevel: No blueprints needed recompiling
[2018.03.04-14.11.54:415][891]PIE: New page: PIE session: 2DSideScrollerExampleMap (Mar 4, 2018, 2:11:54 PM)
[2018.03.04-14.11.54:415][891]LogPlayLevel: Creating play world package: /Game/2DSideScrollerBP/Maps/UEDPIE_0_2DSideScrollerExampleMap
[2018.03.04-14.11.54:421][891]LogPlayLevel: PIE: StaticDuplicateObject took: (0.005650s)
[2018.03.04-14.11.54:422][891]LogAIModule: Creating AISystem for world 2DSideScrollerExampleMap
[2018.03.04-14.11.54:422][891]LogPlayLevel: PIE: World Init took: (0.000939s)
[2018.03.04-14.11.54:422][891]LogPlayLevel: PIE: Created PIE world by copying editor world from /Game/2DSideScrollerBP/Maps/2DSideScrollerExampleMap.2DSideScrollerExampleMap to /Game/2DSideScrollerBP/Maps/UEDPIE_0_2DSideScrollerExampleMap.2DSideScrollerExampleMap (0.007009s)
[2018.03.04-14.11.54:443][891]LogInit: XAudio2 using 'Speakers (Realtek High Definition Audio)' : 2 channels at 48 kHz using 32 bits per sample (channel mask 0x3)
[2018.03.04-14.11.54:456][891]LogInit: FAudioDevice initialized.
[2018.03.04-14.11.54:492][891]LogLoad: Game class is '2DSideScrollerGameMode_C'
[2018.03.04-14.11.54:495][891]LogWorld: Bringing World /Game/2DSideScrollerBP/Maps/UEDPIE_0_2DSideScrollerExampleMap.2DSideScrollerExampleMap up for play (max tick rate 60) at 2018.03.04-14.11.54
[2018.03.04-14.11.54:495][891]LogWorld: Bringing up level for play took: 0.002774
[2018.03.04-14.11.54:497][891]PIE: Play in editor start time for /Game/2DSideScrollerBP/Maps/UEDPIE_0_2DSideScrollerExampleMap 0.439
[2018.03.04-14.11.54:498][891]LogBlueprintUserMessages: Late PlayInEditor Detection: Level '/Game/2DSideScrollerBP/Maps/2DSideScrollerExampleMap.2DSideScrollerExampleMap:PersistentLevel' has LevelScriptBlueprint '/Game/2DSideScrollerBP/Maps/2DSideScrollerExampleMap.2DSideScrollerExampleMap:PersistentLevel.2DSideScrollerExampleMap' with GeneratedClass '/Game/2DSideScrollerBP/Maps/2DSideScrollerExampleMap.2DSideScrollerExampleMap_C' with ClassGeneratedBy '/Game/2DSideScrollerBP/Maps/2DSideScrollerExampleMap.2DSideScrollerExampleMap:PersistentLevel.2DSideScrollerExampleMap'
[2018.03.04-14.11.56:403][  5]LogBlueprintUserMessages: [Sphere_C_0] 78.125
[2018.03.04-14.11.57:852][ 92]LogBlueprintUserMessages: [Cube_C_0] 625.000122
[2018.03.04-14.11.59:986][220]LogBlueprintUserMessages: [Ledge_C_0] 53.125
[2018.03.04-14.12.21:305][499]LogBlueprintUserMessages: Early EndPlayMap Detection: Level '/Game/2DSideScrollerBP/Maps/2DSideScrollerExampleMap.2DSideScrollerExampleMap:PersistentLevel' has LevelScriptBlueprint '/Game/2DSideScrollerBP/Maps/2DSideScrollerExampleMap.2DSideScrollerExampleMap:PersistentLevel.2DSideScrollerExampleMap' with GeneratedClass '/Game/2DSideScrollerBP/Maps/2DSideScrollerExampleMap.2DSideScrollerExampleMap_C' with ClassGeneratedBy '/Game/2DSideScrollerBP/Maps/2DSideScrollerExampleMap.2DSideScrollerExampleMap:PersistentLevel.2DSideScrollerExampleMap'
[2018.03.04-14.12.21:359][499]LogBlueprintUserMessages: Late EndPlayMap Detection: Level '/Game/2DSideScrollerBP/Maps/2DSideScrollerExampleMap.2DSideScrollerExampleMap:PersistentLevel' has LevelScriptBlueprint '/Game/2DSideScrollerBP/Maps/2DSideScrollerExampleMap.2DSideScrollerExampleMap:PersistentLevel.2DSideScrollerExampleMap' with GeneratedClass '/Game/2DSideScrollerBP/Maps/2DSideScrollerExampleMap.2DSideScrollerExampleMap_C' with ClassGeneratedBy '/Game/2DSideScrollerBP/Maps/2DSideScrollerExampleMap.2DSideScrollerExampleMap:PersistentLevel.2DSideScrollerExampleMap'
[2018.03.04-14.14.45:532][951]LogSlate: Took 0.000193 seconds to synchronously load lazily loaded font '../../../Engine/Content/Slate/Fonts/Roboto-Light.ttf' (159K)
[2018.03.04-14.14.45:899][951]LogSavePackage: Save=228.64ms
[2018.03.04-14.14.45:899][951]LogSavePackage: Moving '../../../../../UE Proj/Wb/Saved/2DSideScrollerExampleMap_Auto1D4ECEF854F48407B3860C3915FB3BF61.tmp' to '../../../../../UE Proj/Wb/Saved/Autosaves/Game/2DSideScrollerBP/Maps/2DSideScrollerExampleMap_Auto1.umap'
[2018.03.04-14.14.45:903][951]LogSavePackage: Display: Finished SavePackage ../../../../../UE Proj/Wb/Saved/Autosaves/Game/2DSideScrollerBP/Maps/2DSideScrollerExampleMap_Auto1.umap
[2018.03.04-14.14.45:906][951]LogFileHelpers: Editor autosave (incl. sublevels) for '/Game/2DSideScrollerBP/Maps/2DSideScrollerExampleMap' took 0.340
[2018.03.04-14.14.45:906][951]LogFileHelpers: Editor autosave (incl. sublevels) for all levels took 0.340
[2018.03.04-14.14.45:914][951]OBJ SavePackage: Generating thumbnails for [1] asset(s) in package [/Game/2DSideScrollerBP/Blueprints/2DSideScrollerCharacter] ([1] browsable assets)...
[2018.03.04-14.14.45:975][951]OBJ SavePackage:     Rendered thumbnail for [Blueprint /Game/2DSideScrollerBP/Blueprints/2DSideScrollerCharacter.2DSideScrollerCharacter]
[2018.03.04-14.14.45:975][951]OBJ SavePackage: Finished generating thumbnails for package [/Game/2DSideScrollerBP/Blueprints/2DSideScrollerCharacter]
[2018.03.04-14.14.46:279][951]LogSavePackage: Save=298.79ms
[2018.03.04-14.14.46:280][951]LogSavePackage: Moving '../../../../../UE Proj/Wb/Saved/2DSideScrollerCharacter_Auto14B83E1F94D43D53AB4A90AA2ECE4B845.tmp' to '../../../../../UE Proj/Wb/Saved/Autosaves/Game/2DSideScrollerBP/Blueprints/2DSideScrollerCharacter_Auto1.uasset'
[2018.03.04-14.14.46:281][951]LogSavePackage: Display: Finished SavePackage ../../../../../UE Proj/Wb/Saved/Autosaves/Game/2DSideScrollerBP/Blueprints/2DSideScrollerCharacter_Auto1.uasset
[2018.03.04-14.14.46:282][951]LogFileHelpers: Auto-saving content packages took 0.369
[2018.03.04-14.18.28:389][899]LogEditorViewport: Clicking on Actor (LMB): PaperSpriteActor (Background_Sprite)
[2018.03.04-14.19.35:252][672]LogActorComponent: UnregisterComponent: (/Engine/Transient.EditorFloorComp) Not registered. Aborting.
[2018.03.04-14.19.37:071][679]Cmd: QUIT_EDITOR
[2018.03.04-14.19.37:882][679]LogWindowsTextInputMethodSystem: Display: IME system now deactivated.
[2018.03.04-14.19.37:897][679]LogExit: Preparing to exit.
[2018.03.04-14.19.38:438][679]LogDirectoryWatcher: A directory notification for 'D:/UE Proj/Wb/Content/' was aborted.
[2018.03.04-14.19.38:477][679]LogExit: Editor shut down
[2018.03.04-14.19.38:490][679]LogExit: Transaction tracking system shut down
[2018.03.04-14.19.38:651][679]LogDirectoryWatcher: A directory notification for '../../../Engine/Content/' was aborted.
[2018.03.04-14.19.38:651][679]LogDirectoryWatcher: A directory notification for '../../../../../UE Proj/Wb/Content/' was aborted.
[2018.03.04-14.19.38:651][679]LogDirectoryWatcher: A directory notification for '../../../Engine/Plugins/2D/Paper2D/Content/' was aborted.
[2018.03.04-14.19.38:651][679]LogDirectoryWatcher: A directory notification for '../../../Engine/Plugins/Runtime/Oculus/OculusVR/Content/' was aborted.
[2018.03.04-14.19.38:651][679]LogDirectoryWatcher: A directory notification for '../../../Engine/Plugins/Runtime/Steam/SteamVR/Content/' was aborted.
[2018.03.04-14.19.38:746][679]LogExit: Object subsystem successfully closed.
[2018.03.04-14.19.38:768][679]LogD3D11RHI: Shutdown
[2018.03.04-14.19.38:768][679]LogD3D11RHI: CleanupD3DDevice
[2018.03.04-14.19.38:899][679]LogD3D11RHI: ~FD3D11DynamicRHI
[2018.03.04-14.19.38:909][679]LogModuleManager: Shutting down and abandoning module BlueprintGraph (540)
[2018.03.04-14.19.38:909][679]LogModuleManager: Shutting down and abandoning module BlueprintProfiler (538)
[2018.03.04-14.19.38:909][679]LogModuleManager: Shutting down and abandoning module DistCurveEditor (536)
[2018.03.04-14.19.38:909][679]LogModuleManager: Shutting down and abandoning module Matinee (534)
[2018.03.04-14.19.38:909][679]LogModuleManager: Shutting down and abandoning module MovieSceneCapture (532)
[2018.03.04-14.19.38:909][679]LogModuleManager: Shutting down and abandoning module HierarchicalLODOutliner (530)
[2018.03.04-14.19.38:909][679]LogModuleManager: Shutting down and abandoning module SceneOutliner (528)
[2018.03.04-14.19.38:909][679]LogModuleManager: Shutting down and abandoning module AddContentDialog (526)
[2018.03.04-14.19.38:909][679]LogDirectoryWatcher: A directory notification for 'D:/Unreal Engine 4/UE_4.17/FeaturePacks/' was aborted.
[2018.03.04-14.19.38:910][679]LogModuleManager: Shutting down and abandoning module WidgetCarousel (525)
[2018.03.04-14.19.38:910][679]LogModuleManager: Shutting down and abandoning module EditorWidgets (522)
[2018.03.04-14.19.38:910][679]LogModuleManager: Shutting down and abandoning module CollectionManager (520)
[2018.03.04-14.19.38:910][679]LogDirectoryWatcher: A directory notification for 'D:/UE Proj/Wb/Content/Collections/' was aborted.
[2018.03.04-14.19.38:911][679]LogDirectoryWatcher: A directory notification for 'D:/UE Proj/Wb/Content/Developers/CristiH/Collections/' was aborted.
[2018.03.04-14.19.38:911][679]LogDirectoryWatcher: A directory notification for 'D:/UE Proj/Wb/Saved/Collections/' was aborted.
[2018.03.04-14.19.38:911][679]LogModuleManager: Shutting down and abandoning module StatsViewer (518)
[2018.03.04-14.19.38:911][679]LogModuleManager: Shutting down and abandoning module FoliageEdit (516)
[2018.03.04-14.19.38:911][679]LogModuleManager: Shutting down and abandoning module LandscapeEditor (514)
[2018.03.04-14.19.38:911][679]LogModuleManager: Shutting down and abandoning module MeshPaintMode (512)
[2018.03.04-14.19.38:911][679]LogModuleManager: Shutting down and abandoning module SceneDepthPickerMode (510)
[2018.03.04-14.19.38:911][679]LogModuleManager: Shutting down and abandoning module ActorPickerMode (508)
[2018.03.04-14.19.38:911][679]LogModuleManager: Shutting down and abandoning module GeometryMode (506)
[2018.03.04-14.19.38:911][679]LogModuleManager: Shutting down and abandoning module TextureAlignMode (504)
[2018.03.04-14.19.38:911][679]LogModuleManager: Shutting down and abandoning module BspMode (502)
[2018.03.04-14.19.38:911][679]LogModuleManager: Shutting down and abandoning module PIEPreviewDeviceProfileSelector (500)
[2018.03.04-14.19.38:911][679]LogModuleManager: Shutting down and abandoning module HardwareSurvey (498)
[2018.03.04-14.19.38:911][679]LogModuleManager: Shutting down and abandoning module SequenceRecorderSections (496)
[2018.03.04-14.19.38:911][679]LogModuleManager: Shutting down and abandoning module AutomationWorker (494)
[2018.03.04-14.19.38:911][679]LogModuleManager: Shutting down and abandoning module MatineeToLevelSequence (492)
[2018.03.04-14.19.38:911][679]LogModuleManager: Shutting down and abandoning module LevelSequenceEditor (490)
[2018.03.04-14.19.38:911][679]LogModuleManager: Shutting down and abandoning module PlacementMode (489)
[2018.03.04-14.19.38:911][679]LogModuleManager: Shutting down and abandoning module WmfMediaFactory (486)
[2018.03.04-14.19.38:911][679]LogModuleManager: Shutting down and abandoning module WmfMediaEditor (484)
[2018.03.04-14.19.38:911][679]LogModuleManager: Shutting down and abandoning module AvfMediaFactory (482)
[2018.03.04-14.19.38:911][679]LogModuleManager: Shutting down and abandoning module AvfMediaEditor (480)
[2018.03.04-14.19.38:911][679]LogModuleManager: Shutting down and abandoning module AndroidMediaFactory (478)
[2018.03.04-14.19.38:911][679]LogModuleManager: Shutting down and abandoning module Media (477)
[2018.03.04-14.19.38:911][679]LogModuleManager: Shutting down and abandoning module AndroidMediaEditor (474)
[2018.03.04-14.19.38:911][679]LogModuleManager: Shutting down and abandoning module CharacterAI (472)
[2018.03.04-14.19.38:911][679]LogModuleManager: Shutting down and abandoning module AudioCapture (470)
[2018.03.04-14.19.38:911][679]LogModuleManager: Shutting down and abandoning module SequenceRecorder (469)
[2018.03.04-14.19.38:911][679]LogModuleManager: Shutting down and abandoning module SmartSnapping (466)
[2018.03.04-14.19.38:911][679]LogModuleManager: Shutting down and abandoning module SessionServices (464)
[2018.03.04-14.19.38:911][679]LogModuleManager: Shutting down and abandoning module ViewportSnapping (462)
[2018.03.04-14.19.38:912][679]LogModuleManager: Shutting down and abandoning module ViewportInteraction (460)
[2018.03.04-14.19.38:912][679]LogModuleManager: Shutting down and abandoning module ClothPainter (458)
[2018.03.04-14.19.38:912][679]LogModuleManager: Shutting down and abandoning module LogVisualizer (456)
[2018.03.04-14.19.38:912][679]LogModuleManager: Shutting down and abandoning module IntroTutorials (454)
[2018.03.04-14.19.38:912][679]LogModuleManager: Shutting down and abandoning module GameProjectGeneration (453)
[2018.03.04-14.19.38:912][679]LogModuleManager: Shutting down and abandoning module IOSPlatformEditor (450)
[2018.03.04-14.19.38:912][679]LogModuleManager: Shutting down and abandoning module HTML5PlatformEditor (448)
[2018.03.04-14.19.38:912][679]LogModuleManager: Shutting down and abandoning module AndroidPlatformEditor (446)
[2018.03.04-14.19.38:912][679]LogModuleManager: Shutting down and abandoning module AndroidDeviceDetection (445)
[2018.03.04-14.19.39:290][679]LogModuleManager: Shutting down and abandoning module WindowsPlatformEditor (442)
[2018.03.04-14.19.39:290][679]LogModuleManager: Shutting down and abandoning module IOSRuntimeSettings (440)
[2018.03.04-14.19.39:291][679]LogModuleManager: Shutting down and abandoning module AndroidRuntimeSettings (438)
[2018.03.04-14.19.39:291][679]LogModuleManager: Shutting down and abandoning module InputBindingEditor (436)
[2018.03.04-14.19.39:291][679]LogModuleManager: Shutting down and abandoning module MergeActors (434)
[2018.03.04-14.19.39:291][679]LogModuleManager: Shutting down and abandoning module SizeMap (432)
[2018.03.04-14.19.39:291][679]LogModuleManager: Shutting down and abandoning module TreeMap (430)
[2018.03.04-14.19.39:291][679]LogModuleManager: Shutting down and abandoning module ReferenceViewer (428)
[2018.03.04-14.19.39:291][679]LogModuleManager: Shutting down and abandoning module LocalizationDashboard (426)
[2018.03.04-14.19.39:291][679]LogModuleManager: Shutting down and abandoning module LocalizationService (425)
[2018.03.04-14.19.39:291][679]LogModuleManager: Shutting down and abandoning module HardwareTargeting (422)
[2018.03.04-14.19.39:291][679]LogModuleManager: Shutting down and abandoning module DeviceProfileEditor (420)
[2018.03.04-14.19.39:291][679]LogModuleManager: Shutting down and abandoning module UndoHistory (418)
[2018.03.04-14.19.39:291][679]LogModuleManager: Shutting down and abandoning module XmlParser (416)
[2018.03.04-14.19.39:291][679]LogModuleManager: Shutting down and abandoning module Blutility (414)
[2018.03.04-14.19.39:291][679]LogModuleManager: Shutting down and abandoning module ProjectSettingsViewer (412)
[2018.03.04-14.19.39:291][679]LogModuleManager: Shutting down and abandoning module ProjectTargetPlatformEditor (411)
[2018.03.04-14.19.39:292][679]LogModuleManager: Shutting down and abandoning module EditorSettingsViewer (408)
[2018.03.04-14.19.39:292][679]LogModuleManager: Shutting down and abandoning module SettingsEditor (406)
[2018.03.04-14.19.39:292][679]LogModuleManager: Shutting down and abandoning module ProjectLauncher (404)
[2018.03.04-14.19.39:292][679]LogModuleManager: Shutting down and abandoning module SessionFrontend (402)
[2018.03.04-14.19.39:292][679]LogModuleManager: Shutting down and abandoning module ProfilerClient (400)
[2018.03.04-14.19.39:292][679]LogModuleManager: Shutting down and abandoning module DeviceManager (398)
[2018.03.04-14.19.39:292][679]LogModuleManager: Shutting down and abandoning module TargetDeviceServices (397)
[2018.03.04-14.19.39:358][679]LogModuleManager: Shutting down and abandoning module AutomationController (394)
[2018.03.04-14.19.39:358][679]LogModuleManager: Shutting down and abandoning module AutomationWindow (392)
[2018.03.04-14.19.39:358][679]LogModuleManager: Shutting down and abandoning module Layers (390)
[2018.03.04-14.19.39:358][679]LogModuleManager: Shutting down and abandoning module ComponentVisualizers (388)
[2018.03.04-14.19.39:358][679]LogModuleManager: Shutting down and abandoning module DetailCustomizations (386)
[2018.03.04-14.19.39:358][679]LogModuleManager: Shutting down and abandoning module PackagesDialog (384)
[2018.03.04-14.19.39:358][679]LogModuleManager: Shutting down and abandoning module Persona (382)
[2018.03.04-14.19.39:358][679]LogModuleManager: Shutting down and abandoning module AdvancedPreviewScene (381)
[2018.03.04-14.19.39:358][679]LogModuleManager: Shutting down and abandoning module AnimGraph (379)
[2018.03.04-14.19.39:358][679]LogModuleManager: Shutting down and abandoning module Kismet (376)
[2018.03.04-14.19.39:365][679]LogModuleManager: Shutting down and abandoning module ClassViewer (374)
[2018.03.04-14.19.39:365][679]LogModuleManager: Shutting down and abandoning module Toolbox (372)
[2018.03.04-14.19.39:365][679]LogModuleManager: Shutting down and abandoning module ModuleUI (370)
[2018.03.04-14.19.39:365][679]LogModuleManager: Shutting down and abandoning module MovieSceneTools (368)
[2018.03.04-14.19.39:365][679]LogModuleManager: Shutting down and abandoning module OutputLog (366)
[2018.03.04-14.19.39:365][679]LogModuleManager: Shutting down and abandoning module GammaUI (364)
[2018.03.04-14.19.39:365][679]LogModuleManager: Shutting down and abandoning module Documentation (362)
[2018.03.04-14.19.39:366][679]LogModuleManager: Shutting down and abandoning module MovieSceneTracks (360)
[2018.03.04-14.19.39:366][679]LogModuleManager: Shutting down and abandoning module MovieScene (358)
[2018.03.04-14.19.39:366][679]LogModuleManager: Shutting down and abandoning module Niagara (356)
[2018.03.04-14.19.39:366][679]LogModuleManager: Shutting down and abandoning module NiagaraEditor (355)
[2018.03.04-14.19.39:366][679]LogModuleManager: Shutting down and abandoning module StreamingPauseRendering (352)
[2018.03.04-14.19.39:366][679]LogModuleManager: Shutting down and abandoning module LauncherPlatform (350)
[2018.03.04-14.19.39:366][679]LogModuleManager: Shutting down and abandoning module AnalyticsET (348)
[2018.03.04-14.19.39:366][679]LogModuleManager: Shutting down and abandoning module PortalServices (346)
[2018.03.04-14.19.39:366][679]LogModuleManager: Shutting down and abandoning module PortalRpc (344)
[2018.03.04-14.19.39:366][679]LogModuleManager: Shutting down and abandoning module MessagingRpc (342)
[2018.03.04-14.19.39:366][679]LogModuleManager: Shutting down and abandoning module AIModule (340)
[2018.03.04-14.19.39:366][679]LogModuleManager: Shutting down and abandoning module GameplayDebugger (339)
[2018.03.04-14.19.39:366][679]LogModuleManager: Shutting down and abandoning module AITestSuite (337)
[2018.03.04-14.19.39:366][679]LogModuleManager: Shutting down and abandoning module ProfilerService (334)
[2018.03.04-14.19.39:530][679]LogModuleManager: Shutting down and abandoning module TaskGraph (332)
[2018.03.04-14.19.39:530][679]LogModuleManager: Shutting down and abandoning module SteamVRController (330)
[2018.03.04-14.19.39:530][679]LogModuleManager: Shutting down and abandoning module ProceduralMeshComponentEditor (328)
[2018.03.04-14.19.39:530][679]LogModuleManager: Shutting down and abandoning module ProceduralMeshComponent (326)
[2018.03.04-14.19.39:530][679]LogModuleManager: Shutting down and abandoning module OculusInput (324)
[2018.03.04-14.19.39:530][679]LogModuleManager: Shutting down and abandoning module MobilePatchingUtils (322)
[2018.03.04-14.19.39:530][679]LogModuleManager: Shutting down and abandoning module CustomMeshComponent (320)
[2018.03.04-14.19.39:530][679]LogModuleManager: Shutting down and abandoning module CableComponent (318)
[2018.03.04-14.19.39:530][679]LogModuleManager: Shutting down and abandoning module ArchVisCharacter (316)
[2018.03.04-14.19.39:530][679]LogModuleManager: Shutting down and abandoning module AndroidPermission (314)
[2018.03.04-14.19.39:530][679]LogModuleManager: Shutting down and abandoning module MediaPlayerEditor (310)
[2018.03.04-14.19.39:530][679]LogModuleManager: Shutting down and abandoning module HTML5Networking (308)
[2018.03.04-14.19.39:530][679]LogModuleManager: Shutting down and abandoning module AlembicImporter (306)
[2018.03.04-14.19.39:530][679]LogModuleManager: Shutting down and abandoning module AlembicLibrary (305)
[2018.03.04-14.19.39:530][679]LogModuleManager: Shutting down and abandoning module GeometryCache (304)
[2018.03.04-14.19.39:530][679]LogModuleManager: Shutting down and abandoning module GeometryCacheEd (303)
[2018.03.04-14.19.39:530][679]LogModuleManager: Shutting down and abandoning module SpeedTreeImporter (298)
[2018.03.04-14.19.39:530][679]LogModuleManager: Shutting down and abandoning module PluginBrowser (296)
[2018.03.04-14.19.39:531][679]LogModuleManager: Shutting down and abandoning module MobileLauncherProfileWizard (294)
[2018.03.04-14.19.39:531][679]LogModuleManager: Shutting down and abandoning module VisualStudioSourceCodeAccess (292)
[2018.03.04-14.19.39:531][679]LogModuleManager: Shutting down and abandoning module DesktopPlatform (291)
[2018.03.04-14.19.39:531][679]LogModuleManager: Shutting down and abandoning module UObjectPlugin (288)
[2018.03.04-14.19.39:531][679]LogModuleManager: Shutting down and abandoning module SubversionSourceControl (286)
[2018.03.04-14.19.39:531][679]LogModuleManager: Shutting down and abandoning module PerforceSourceControl (284)
[2018.03.04-14.19.39:531][679]LogModuleManager: Shutting down and abandoning module GitSourceControl (282)
[2018.03.04-14.19.39:531][679]LogModuleManager: Shutting down and abandoning module SourceControl (281)
[2018.03.04-14.19.39:531][679]LogModuleManager: Shutting down and abandoning module LightPropagationVolumeEditor (278)
[2018.03.04-14.19.39:531][679]LogModuleManager: Shutting down and abandoning module PaperTiledImporter (276)
[2018.03.04-14.19.39:531][679]LogModuleManager: Shutting down and abandoning module PaperSpriteSheetImporter (274)
[2018.03.04-14.19.39:531][679]LogModuleManager: Shutting down and abandoning module Paper2DEditor (272)
[2018.03.04-14.19.39:531][679]LogModuleManager: Shutting down and abandoning module MeshPaint (271)
[2018.03.04-14.19.39:531][679]LogModuleManager: Shutting down and abandoning module LevelEditor (269)
[2018.03.04-14.19.39:532][679]LogModuleManager: Shutting down and abandoning module PixelInspectorModule (268)
[2018.03.04-14.19.39:532][679]LogModuleManager: Shutting down and abandoning module MainFrame (266)
[2018.03.04-14.19.39:532][679]LogModuleManager: Shutting down and abandoning module HotReload (265)
[2018.03.04-14.19.39:532][679]LogModuleManager: Shutting down and abandoning module RuntimePhysXCooking (260)
[2018.03.04-14.19.39:532][679]LogModuleManager: Shutting down and abandoning module PhysXVehiclesEditor (258)
[2018.03.04-14.19.39:532][679]LogModuleManager: Shutting down and abandoning module PhysXVehicles (256)
[2018.03.04-14.19.39:532][679]LogModuleManager: Shutting down and abandoning module OculusEditor (254)
[2018.03.04-14.19.39:532][679]LogModuleManager: Shutting down and abandoning module LocationServicesBPLibrary (252)
[2018.03.04-14.19.39:532][679]LogModuleManager: Shutting down and abandoning module ImmediatePhysicsEditor (250)
[2018.03.04-14.19.39:532][679]LogModuleManager: Shutting down and abandoning module ImmediatePhysics (248)
[2018.03.04-14.19.39:532][679]LogModuleManager: Shutting down and abandoning module UdpMessaging (246)
[2018.03.04-14.19.39:633][679]LogModuleManager: Shutting down and abandoning module TcpMessaging (244)
[2018.03.04-14.19.39:734][679]LogModuleManager: Shutting down and abandoning module GameplayTagsEditor (242)
[2018.03.04-14.19.39:734][679]LogModuleManager: Shutting down and abandoning module FacialAnimationEditor (240)
[2018.03.04-14.19.39:734][679]LogModuleManager: Shutting down and abandoning module FacialAnimation (238)
[2018.03.04-14.19.39:734][679]LogModuleManager: Shutting down and abandoning module AssetManagerEditor (236)
[2018.03.04-14.19.39:734][679]LogModuleManager: Shutting down and abandoning module GraphEditor (235)
[2018.03.04-14.19.39:734][679]LogModuleManager: Shutting down and abandoning module ContentBrowser (233)
[2018.03.04-14.19.39:735][679]LogModuleManager: Shutting down and abandoning module LightPropagationVolumeRuntime (230)
[2018.03.04-14.19.39:735][679]LogModuleManager: Shutting down and abandoning module Paper2D (228)
[2018.03.04-14.19.39:735][679]LogModuleManager: Shutting down and abandoning module WindowsMoviePlayer (226)
[2018.03.04-14.19.39:735][679]LogModuleManager: Shutting down and abandoning module WmfMedia (224)
[2018.03.04-14.19.39:738][679]LogModuleManager: Shutting down and abandoning module PacketHandler (222)
[2018.03.04-14.19.39:738][679]LogModuleManager: Shutting down and abandoning module ClothingSystemEditor (220)
[2018.03.04-14.19.39:738][679]LogModuleManager: Shutting down and abandoning module ClothingSystemRuntime (218)
[2018.03.04-14.19.39:738][679]LogModuleManager: Shutting down and abandoning module Overlay (216)
[2018.03.04-14.19.39:738][679]LogModuleManager: Shutting down and abandoning module OverlayEditor (215)
[2018.03.04-14.19.39:738][679]LogModuleManager: Shutting down and abandoning module MediaAssets (212)
[2018.03.04-14.19.39:738][679]LogModuleManager: Shutting down and abandoning module VREditor (210)
[2018.03.04-14.19.39:738][679]LogModuleManager: Shutting down and abandoning module StringTableEditor (208)
[2018.03.04-14.19.39:738][679]LogModuleManager: Shutting down and abandoning module GameplayTasksEditor (206)
[2018.03.04-14.19.39:738][679]LogModuleManager: Shutting down and abandoning module BehaviorTreeEditor (204)
[2018.03.04-14.19.39:738][679]LogModuleManager: Shutting down and abandoning module FunctionalTesting (202)
[2018.03.04-14.19.39:738][679]LogModuleManager: Shutting down and abandoning module CollisionAnalyzer (200)
[2018.03.04-14.19.39:738][679]LogModuleManager: Shutting down and abandoning module WorkspaceMenuStructure (199)
[2018.03.04-14.19.39:739][679]LogModuleManager: Shutting down and abandoning module UMG (196)
[2018.03.04-14.19.39:739][679]LogModuleManager: Shutting down and abandoning module UMGEditor (195)
[2018.03.04-14.19.39:739][679]LogModuleManager: Shutting down and abandoning module Sequencer (194)
[2018.03.04-14.19.39:739][679]LogModuleManager: Shutting down and abandoning module MessageLog (191)
[2018.03.04-14.19.39:739][679]LogModuleManager: Shutting down and abandoning module SlateReflector (186)
[2018.03.04-14.19.39:739][679]LogModuleManager: Shutting down and abandoning module Slate (184)
[2018.03.04-14.19.39:739][679]LogModuleManager: Shutting down and abandoning module EditorStyle (182)
[2018.03.04-14.19.39:741][679]LogModuleManager: Shutting down and abandoning module MRMesh (180)
[2018.03.04-14.19.39:741][679]LogModuleManager: Shutting down and abandoning module SourceCodeAccess (178)
[2018.03.04-14.19.39:741][679]LogModuleManager: Shutting down and abandoning module HeadMountedDisplay (176)
[2018.03.04-14.19.39:741][679]LogModuleManager: Shutting down and abandoning module XAudio2 (174)
[2018.03.04-14.19.39:741][679]LogModuleManager: Shutting down and abandoning module Networking (172)
[2018.03.04-14.19.39:741][679]LogModuleManager: Shutting down and abandoning module Core (168)
[2018.03.04-14.19.39:741][679]LogModuleManager: Shutting down and abandoning module KismetCompiler (164)
[2018.03.04-14.19.39:741][679]LogModuleManager: Shutting down and abandoning module LevelSequence (162)
[2018.03.04-14.19.39:741][679]LogModuleManager: Shutting down and abandoning module MeshUtilities (160)
[2018.03.04-14.19.39:741][679]LogModuleManager: Shutting down and abandoning module MeshMergeUtilities (159)
[2018.03.04-14.19.39:741][679]LogModuleManager: Shutting down and abandoning module MeshReductionInterface (158)
[2018.03.04-14.19.39:741][679]LogModuleManager: Shutting down and abandoning module SimplygonSwarm (157)
[2018.03.04-14.19.39:741][679]LogModuleManager: Shutting down and abandoning module SimplygonMeshReduction (155)
[2018.03.04-14.19.39:741][679]LogModuleManager: Shutting down and abandoning module QuadricMeshReduction (153)
[2018.03.04-14.19.39:741][679]LogModuleManager: Shutting down and abandoning module MaterialBaking (149)
[2018.03.04-14.19.39:741][679]LogModuleManager: Shutting down and abandoning module DirectoryWatcher (146)
[2018.03.04-14.19.39:742][679]LogModuleManager: Shutting down and abandoning module DerivedDataCache (144)
[2018.03.04-14.19.39:840][679]LogDerivedDataCache: Shutdown
[2018.03.04-14.19.39:840][679]LogModuleManager: Shutting down and abandoning module TargetPlatform (142)
[2018.03.04-14.19.39:840][679]LogModuleManager: Shutting down and abandoning module VulkanShaderFormat (141)
[2018.03.04-14.19.39:840][679]LogModuleManager: Shutting down and abandoning module ShaderFormatVectorVM (139)
[2018.03.04-14.19.39:841][679]LogModuleManager: Shutting down and abandoning module ShaderFormatOpenGL (137)
[2018.03.04-14.19.39:841][679]LogModuleManager: Shutting down and abandoning module ShaderFormatD3D (135)
[2018.03.04-14.19.39:841][679]LogModuleManager: Shutting down and abandoning module MetalShaderFormat (133)
[2018.03.04-14.19.39:841][679]LogModuleManager: Shutting down and abandoning module TextureFormatUncompressed (131)
[2018.03.04-14.19.39:841][679]LogModuleManager: Shutting down and abandoning module TextureFormatPVR (129)
[2018.03.04-14.19.39:841][679]LogModuleManager: Shutting down and abandoning module TextureFormatDXT (127)
[2018.03.04-14.19.39:841][679]LogModuleManager: Shutting down and abandoning module TextureFormatIntelISPCTexComp (125)
[2018.03.04-14.19.39:841][679]LogModuleManager: Shutting down and abandoning module TextureFormatASTC (123)
[2018.03.04-14.19.39:841][679]LogModuleManager: Shutting down and abandoning module ImageWrapper (122)
[2018.03.04-14.19.39:841][679]LogModuleManager: Shutting down and abandoning module TextureFormatAndroid (119)
[2018.03.04-14.19.39:841][679]LogModuleManager: Shutting down and abandoning module AudioFormatOpus (117)
[2018.03.04-14.19.39:841][679]LogModuleManager: Shutting down and abandoning module AudioFormatOgg (115)
[2018.03.04-14.19.39:841][679]LogModuleManager: Shutting down and abandoning module AudioFormatADPCM (113)
[2018.03.04-14.19.39:841][679]LogModuleManager: Shutting down and abandoning module LinuxTargetPlatform (111)
[2018.03.04-14.19.39:841][679]LogModuleManager: Shutting down and abandoning module LinuxServerTargetPlatform (109)
[2018.03.04-14.19.39:841][679]LogModuleManager: Shutting down and abandoning module LinuxNoEditorTargetPlatform (107)
[2018.03.04-14.19.39:841][679]LogModuleManager: Shutting down and abandoning module LinuxClientTargetPlatform (105)
[2018.03.04-14.19.39:841][679]LogModuleManager: Shutting down and abandoning module TVOSTargetPlatform (103)
[2018.03.04-14.19.39:841][679]LogModuleManager: Shutting down and abandoning module Messaging (101)
[2018.03.04-14.19.39:841][679]LogModuleManager: Shutting down and abandoning module IOSTargetPlatform (99)
[2018.03.04-14.19.39:841][679]LogModuleManager: Shutting down and abandoning module HTML5TargetPlatform (97)
[2018.03.04-14.19.39:841][679]LogModuleManager: Shutting down and abandoning module Android_PVRTCTargetPlatform (95)
[2018.03.04-14.19.39:841][679]LogModuleManager: Shutting down and abandoning module Android_MultiTargetPlatform (93)
[2018.03.04-14.19.39:841][679]LogModuleManager: Shutting down and abandoning module Android_ETC2TargetPlatform (91)
[2018.03.04-14.19.39:841][679]LogModuleManager: Shutting down and abandoning module Android_ETC1TargetPlatform (89)
[2018.03.04-14.19.39:841][679]LogModuleManager: Shutting down and abandoning module Android_DXTTargetPlatform (87)
[2018.03.04-14.19.39:841][679]LogModuleManager: Shutting down and abandoning module Android_ATCTargetPlatform (85)
[2018.03.04-14.19.39:841][679]LogModuleManager: Shutting down and abandoning module Android_ASTCTargetPlatform (83)
[2018.03.04-14.19.39:841][679]LogModuleManager: Shutting down and abandoning module AndroidTargetPlatform (81)
[2018.03.04-14.19.39:841][679]LogModuleManager: Shutting down and abandoning module WindowsTargetPlatform (79)
[2018.03.04-14.19.39:841][679]LogModuleManager: Shutting down and abandoning module WindowsServerTargetPlatform (77)
[2018.03.04-14.19.39:841][679]LogModuleManager: Shutting down and abandoning module WindowsNoEditorTargetPlatform (75)
[2018.03.04-14.19.39:841][679]LogModuleManager: Shutting down and abandoning module WindowsClientTargetPlatform (73)
[2018.03.04-14.19.39:841][679]LogModuleManager: Shutting down and abandoning module MacTargetPlatform (71)
[2018.03.04-14.19.39:841][679]LogModuleManager: Shutting down and abandoning module MacServerTargetPlatform (69)
[2018.03.04-14.19.39:841][679]LogModuleManager: Shutting down and abandoning module MacNoEditorTargetPlatform (67)
[2018.03.04-14.19.39:841][679]LogModuleManager: Shutting down and abandoning module MacClientTargetPlatform (65)
[2018.03.04-14.19.39:841][679]LogModuleManager: Shutting down and abandoning module AllDesktopTargetPlatform (63)
[2018.03.04-14.19.39:841][679]LogModuleManager: Shutting down and abandoning module InputCore (60)
[2018.03.04-14.19.39:841][679]LogModuleManager: Shutting down and abandoning module Settings (58)
[2018.03.04-14.19.39:841][679]LogModuleManager: Shutting down and abandoning module PhysXCooking (56)
[2018.03.04-14.19.39:842][679]LogModuleManager: Shutting down and abandoning module SteamVR (54)
[2018.03.04-14.19.39:842][679]LogModuleManager: Shutting down and abandoning module OculusHMD (52)
[2018.03.04-14.19.39:842][679]LogModuleManager: Shutting down and abandoning module ExampleDeviceProfileSelector (50)
[2018.03.04-14.19.39:842][679]LogModuleManager: Shutting down and abandoning module OnlineBlueprintSupport (48)
[2018.03.04-14.19.39:842][679]LogModuleManager: Shutting down and abandoning module OnlineSubsystem (44)
[2018.03.04-14.19.39:842][679]LogOnline: Display: Unloading online subsystem: NULL
[2018.03.04-14.19.39:842][679]LogModuleManager: Shutting down and abandoning module XMPP (43)
[2018.03.04-14.19.39:842][679]LogModuleManager: Shutting down and abandoning module HTTP (41)
[2018.03.04-14.19.39:842][679]LogHttp: Display: Http module shutting down, but needs to wait on 1 outstanding Http requests:
[2018.03.04-14.19.39:842][679]LogHttp: Display: 	verb=[POST] url=[https://datarouter.ol.epicgames.com/datarouter/api/v1/public/data?SessionID=%7BCC5215D5-48AD-AA57-938A-AF9364F63E98%7D&AppID=UEEditor.Rocket.Release&AppVersion=4.17.2-3658906%2B%2B%2BUE4%2BRelease-4.17&UserID=c55b593b4b40d9ada5bb6081b245ca3b%7C7ec9b1a0575541f28e1344993bf04c44%7Cddab452f-aafd-4b40-a6e8-af28cf663c24&AppEnvironment=datacollector-binary&UploadType=eteventstream] status=Processing
[2018.03.04-14.19.39:870][679]LogModuleManager: Shutting down and abandoning module SSL (40)
[2018.03.04-14.19.39:873][679]LogModuleManager: Shutting down and abandoning module AnimationModifiers (36)
[2018.03.04-14.19.39:873][679]LogModuleManager: Shutting down and abandoning module PropertyEditor (35)
[2018.03.04-14.19.39:873][679]LogModuleManager: Shutting down and abandoning module AudioEditor (32)
[2018.03.04-14.19.39:873][679]LogModuleManager: Shutting down and abandoning module TextureCompressor (30)
[2018.03.04-14.19.39:873][679]LogModuleManager: Shutting down and abandoning module ShaderCore (28)
[2018.03.04-14.19.39:873][679]LogModuleManager: Shutting down and abandoning module Landscape (26)
[2018.03.04-14.19.39:873][679]LogModuleManager: Shutting down and abandoning module SlateRHIRenderer (24)
[2018.03.04-14.19.39:874][679]LogModuleManager: Shutting down and abandoning module OpenGLDrv (22)
[2018.03.04-14.19.39:874][679]LogModuleManager: Shutting down and abandoning module D3D11RHI (20)
[2018.03.04-14.19.39:874][679]LogModuleManager: Shutting down and abandoning module AnimGraphRuntime (18)
[2018.03.04-14.19.39:875][679]LogModuleManager: Shutting down and abandoning module Renderer (16)
[2018.03.04-14.19.39:875][679]LogModuleManager: Shutting down and abandoning module Engine (14)
[2018.03.04-14.19.39:875][679]LogModuleManager: Shutting down and abandoning module CoreUObject (12)
[2018.03.04-14.19.39:875][679]LogModuleManager: Shutting down and abandoning module NetworkFile (10)
[2018.03.04-14.19.39:875][679]LogModuleManager: Shutting down and abandoning module CookedIterativeFile (8)
[2018.03.04-14.19.39:875][679]LogModuleManager: Shutting down and abandoning module StreamingFile (6)
[2018.03.04-14.19.39:875][679]LogModuleManager: Shutting down and abandoning module SandboxFile (4)
[2018.03.04-14.19.39:875][679]LogModuleManager: Shutting down and abandoning module PakFile (2)
[2018.03.04-14.19.39:881][679]LogExit: Exiting.
[2018.03.04-14.19.39:897][679]Log file closed, 03/04/18 14:19:39
