Log file open, 04/17/18 13:00:29
LogWindows: Failed to load 'aqProf.dll' (GetLastError=126)
LogWindows: File 'aqProf.dll' does not exist
LogWindows: Failed to load 'VtuneApi.dll' (GetLastError=126)
LogWindows: File 'VtuneApi.dll' does not exist
LogWindows: Failed to load 'VtuneApi32e.dll' (GetLastError=126)
LogWindows: File 'VtuneApi32e.dll' does not exist
LogInit: Display: Running engine for game: Wb
LogPlatformFile: Not using cached read wrapper
LogInit: Display: RandInit(-705017233) SRandInit(-705017233).
LogTaskGraph: Started task graph with 5 named threads and 14 total threads with 3 sets of task threads.
LogStats: Stats thread started at 0.170008
LogD3D11RHI: Aftermath initialized
LogPluginManager: Mounting plugin Paper2D
LogPluginManager: Mounting plugin LightPropagationVolume
LogPluginManager: Mounting plugin CodeLiteSourceCodeAccess
LogPluginManager: Mounting plugin GitSourceControl
LogPluginManager: Mounting plugin KDevelopSourceCodeAccess
LogPluginManager: Mounting plugin NullSourceCodeAccess
LogPluginManager: Mounting plugin PerforceSourceControl
LogPluginManager: Mounting plugin SubversionSourceControl
LogPluginManager: Mounting plugin UObjectPlugin
LogPluginManager: Mounting plugin VisualStudioSourceCodeAccess
LogPluginManager: Mounting plugin XCodeSourceCodeAccess
LogPluginManager: Mounting plugin AssetManagerEditor
LogPluginManager: Mounting plugin AudioCapture
LogPluginManager: Mounting plugin FacialAnimation
LogPluginManager: Mounting plugin GameplayTagsEditor
LogPluginManager: Mounting plugin MobileLauncherProfileWizard
LogPluginManager: Mounting plugin PluginBrowser
LogPluginManager: Mounting plugin SpeedTreeImporter
LogPluginManager: Mounting plugin AlembicImporter
LogPluginManager: Mounting plugin CharacterAI
LogPluginManager: Mounting plugin HTML5Networking
LogPluginManager: Mounting plugin AndroidMedia
LogPluginManager: Mounting plugin AvfMedia
LogPluginManager: Mounting plugin MediaPlayerEditor
LogPluginManager: Mounting plugin WmfMedia
LogPluginManager: Mounting plugin TcpMessaging
LogPluginManager: Mounting plugin UdpMessaging
LogPluginManager: Mounting plugin LevelSequenceEditor
LogPluginManager: Mounting plugin MatineeToLevelSequence
LogPluginManager: Mounting plugin OnlineSubsystemGooglePlay
LogPluginManager: Mounting plugin OnlineSubsystemIOS
LogPluginManager: Mounting plugin OnlineSubsystem
LogPluginManager: Mounting plugin OnlineSubsystemNull
LogPluginManager: Mounting plugin OnlineSubsystemUtils
LogPluginManager: Mounting plugin AndroidDeviceProfileSelector
LogPluginManager: Mounting plugin AndroidMoviePlayer
LogPluginManager: Mounting plugin AndroidPermission
LogPluginManager: Mounting plugin AppleMoviePlayer
LogPluginManager: Mounting plugin ArchVisCharacter
LogPluginManager: Mounting plugin CableComponent
LogPluginManager: Mounting plugin CustomMeshComponent
LogPluginManager: Mounting plugin ExampleDeviceProfileSelector
LogPluginManager: Mounting plugin GoogleCloudMessaging
LogPluginManager: Mounting plugin ImmediatePhysics
LogPluginManager: Mounting plugin IOSDeviceProfileSelector
LogPluginManager: Mounting plugin LinuxDeviceProfileSelector
LogPluginManager: Mounting plugin LocationServicesBPLibrary
LogPluginManager: Mounting plugin MobilePatchingUtils
LogPluginManager: Mounting plugin OculusVR
LogPluginManager: Mounting plugin PhysXVehicles
LogPluginManager: Mounting plugin ProceduralMeshComponent
LogPluginManager: Mounting plugin RuntimePhysXCooking
LogPluginManager: Mounting plugin SteamVR
LogPluginManager: Mounting plugin WindowsMoviePlayer
LogInit: Using libcurl 7.47.1
LogInit:  - built for x86_64-pc-win32
LogInit:  - supports SSL with OpenSSL/1.0.2g
LogInit:  - supports HTTP deflate (compression) using libz 1.2.8
LogInit:  - other features:
LogInit:      CURL_VERSION_SSL
LogInit:      CURL_VERSION_LIBZ
LogInit:      CURL_VERSION_IPV6
LogInit:      CURL_VERSION_ASYNCHDNS
LogInit:      CURL_VERSION_LARGEFILE
LogInit:      CURL_VERSION_IDN
LogInit:  CurlRequestOptions (configurable via config and command line):
LogInit:  - bVerifyPeer = false  - Libcurl will NOT verify peer certificate
LogInit:  - bUseHttpProxy = false  - Libcurl will NOT use HTTP proxy
LogInit:  - bDontReuseConnections = false  - Libcurl will reuse connections
LogInit:  - CertBundlePath = nullptr  - Libcurl will use whatever was configured at build time.
LogInit: Build: ++UE4+Release-4.17-CL-3658906
LogInit: Engine Version: 4.17.2-3658906+++UE4+Release-4.17
LogInit: Compatible Engine Version: 4.17.0-3573198+++UE4+Release-4.17
LogInit: Net CL: 3573198
LogDevObjectVersion: Number of dev versions registered: 16
LogDevObjectVersion:   Dev-Blueprints (B0D832E4-1F89-4F0D-ACCF-7EB736FD4AA2): 10
LogDevObjectVersion:   Dev-Build (E1C64328-A22C-4D53-A36C-8E866417BD8C): 0
LogDevObjectVersion:   Dev-Core (375EC13C-06E4-48FB-B500-84F0262A717E): 2
LogDevObjectVersion:   Dev-Editor (E4B068ED-F494-42E9-A231-DA0B2E46BB41): 20
LogDevObjectVersion:   Dev-Framework (CFFC743F-43B0-4480-9391-14DF171D2073): 28
LogDevObjectVersion:   Dev-Mobile (B02B49B5-BB20-44E9-A304-32B752E40360): 0
LogDevObjectVersion:   Dev-Networking (A4E4105C-59A1-49B5-A7C5-40C4547EDFEE): 0
LogDevObjectVersion:   Dev-Online (39C831C9-5AE6-47DC-9A44-9C173E1C8E7C): 0
LogDevObjectVersion:   Dev-Physics (78F01B33-EBEA-4F98-B9B4-84EACCB95AA2): 0
LogDevObjectVersion:   Dev-Platform (6631380F-2D4D-43E0-8009-CF276956A95A): 0
LogDevObjectVersion:   Dev-Rendering (12F88B9F-8875-4AFC-A67C-D90C383ABD29): 19
LogDevObjectVersion:   Dev-Sequencer (7B5AE74C-D270-4C10-A958-57980B212A5A): 4
LogDevObjectVersion:   Dev-VR (D7296918-1DD6-4BDD-9DE2-64A83CC13884): 0
LogDevObjectVersion:   Dev-LoadTimes (C2A15278-BFE7-4AFE-6C17-90FF531DF755): 1
LogDevObjectVersion:   Private-Geometry (6EACA3D4-40EC-4CC1-B786-8BED09428FC5): 1
LogDevObjectVersion:   Dev-AnimPhys (29E575DD-E0A3-4627-9D10-D276232CDCEA): 7
LogInit: Compiled (64-bit): Sep 22 2017 13:47:16
LogInit: Compiled with Visual C++: 19.00.24215.01
LogInit: Build Configuration: Development
LogInit: Branch Name: ++UE4+Release-4.17
LogInit: Command line:  
LogInit: Base directory: D:/Unreal Engine 4/UE_4.17/Engine/Binaries/Win64/
LogInit: Installed Engine Build: 1
LogInit: Presizing for max 8388607 objects, including 0 objects not considered by GC, pre-allocating 0 bytes for permanent pool.
LogInit: Object subsystem initialized
[2018.04.17-12.00.29:714][  0]LogInit: Selected Device Profile: [Windows]
[2018.04.17-12.00.29:714][  0]LogInit: Applying CVar settings loaded from the selected device profile: [Windows]
[2018.04.17-12.00.29:759][  0]LogInit: Computer: DESKTOP-1VGP0IG
[2018.04.17-12.00.29:759][  0]LogInit: User: CristiH
[2018.04.17-12.00.29:759][  0]LogInit: CPU Page size=4096, Cores=4
[2018.04.17-12.00.29:759][  0]LogInit: High frequency timer resolution =2.531245 MHz
[2018.04.17-12.00.29:759][  0]LogMemory: Memory total: Physical=7.8GB (8GB approx)
[2018.04.17-12.00.29:759][  0]LogMemory: Platform Memory Stats for Windows
[2018.04.17-12.00.29:759][  0]LogMemory: Process Physical Memory: 280.25 MB used, 280.25 MB peak
[2018.04.17-12.00.29:759][  0]LogMemory: Process Virtual Memory: 286.27 MB used, 286.27 MB peak
[2018.04.17-12.00.29:759][  0]LogMemory: Physical Memory: 4820.65 MB used,  3199.13 MB free, 8019.78 MB total
[2018.04.17-12.00.29:759][  0]LogMemory: Virtual Memory: 719.20 MB used,  3199.13 MB free, 134217728.00 MB total
[2018.04.17-12.00.30:167][  0]LogInit: Using OS detected language (ro-RO).
[2018.04.17-12.00.30:167][  0]LogInit: Using OS detected locale (ro-RO).
[2018.04.17-12.00.30:169][  0]LogTextLocalizationManager: No localization for 'ro-RO' exists, so 'en' will be used for the language.
[2018.04.17-12.00.30:170][  0]LogTextLocalizationManager: No localization for 'ro-RO' exists, so 'en' will be used for the locale.
[2018.04.17-12.00.32:126][  0]LogD3D11RHI: D3D11 adapters:
[2018.04.17-12.00.32:162][  0]LogD3D11RHI:    0. 'NVIDIA GeForce GTX 960M' (Feature Level 11_0)
[2018.04.17-12.00.32:162][  0]LogD3D11RHI:       4065/0/4009 MB DedicatedVideo/DedicatedSystem/SharedSystem, Outputs:1, VendorId:0x10de
[2018.04.17-12.00.32:169][  0]LogD3D11RHI:    1. 'Intel(R) HD Graphics 530' (Feature Level 11_0)
[2018.04.17-12.00.32:169][  0]LogD3D11RHI:       128/0/4009 MB DedicatedVideo/DedicatedSystem/SharedSystem, Outputs:0, VendorId:0x8086
[2018.04.17-12.00.32:172][  0]LogD3D11RHI:    2. 'Microsoft Basic Render Driver' (Feature Level 11_0)
[2018.04.17-12.00.32:172][  0]LogD3D11RHI:       0/0/4009 MB DedicatedVideo/DedicatedSystem/SharedSystem, Outputs:0, VendorId:0x1414
[2018.04.17-12.00.32:172][  0]LogD3D11RHI: Chosen D3D11 Adapter: 0
[2018.04.17-12.00.32:178][  0]LogD3D11RHI: Creating new Direct3DDevice
[2018.04.17-12.00.32:178][  0]LogD3D11RHI:     GPU DeviceId: 0x139b (for the marketing name, search the web for "GPU Device Id")
[2018.04.17-12.00.32:178][  0]LogWindows: EnumDisplayDevices:
[2018.04.17-12.00.32:178][  0]LogWindows:    0. 'Intel(R) HD Graphics 530' (P:1 D:1)
[2018.04.17-12.00.32:178][  0]LogWindows:    1. 'Intel(R) HD Graphics 530' (P:0 D:0)
[2018.04.17-12.00.32:178][  0]LogWindows:    2. 'Intel(R) HD Graphics 530' (P:0 D:0)
[2018.04.17-12.00.32:178][  0]LogWindows: DebugString: GetVideoDriverDetailsInvalid PrimaryIsNotTheChoosenAdapter GetVideoDriverDetailsInvalid PrimaryIsNotTheChoosenAdapter GetVideoDriverDetailsInvalid PrimaryIsNotTheChoosenAdapter FoundDriverCount:0 
[2018.04.17-12.00.32:178][  0]LogD3D11RHI:     Adapter Name: NVIDIA GeForce GTX 960M
[2018.04.17-12.00.32:179][  0]LogD3D11RHI:   Driver Version: Unknown (internal:Unknown, unified:Unknown)
[2018.04.17-12.00.32:179][  0]LogD3D11RHI:      Driver Date: Unknown
[2018.04.17-12.00.32:179][  0]LogRHI: Texture pool is 1361 MB (70% of 1945 MB)
[2018.04.17-12.00.32:197][  0]LogD3D11RHI: Async texture creation enabled
[2018.04.17-12.00.32:212][  0]LogD3D11RHI: GPU Timing Frequency: 1000.000000 (Debug: 2 1)
[2018.04.17-12.00.32:213][  0]LogShaderCompilers: Guid format shader working directory is -6 characters bigger than the processId version (../../../../../GItHub/mgp-mpg-group-9/Game/Wb - Stable/Intermediate/Shaders/WorkingDirectory/13992/).
[2018.04.17-12.00.32:213][  0]LogShaderCompilers: Cleaned the shader compiler working directory 'C:/Users/Cristi_H/AppData/Local/Temp/UnrealShaderWorkingDir/5C4F464C42DB7702DC8A1E9147CE42CD/'.
[2018.04.17-12.00.32:213][  0]LogShaderCompilers: Display: Using Local Shader Compiler.
[2018.04.17-12.00.33:513][  0]LogTemp: Display: Loaded TP AllDesktopTargetPlatform
[2018.04.17-12.00.33:556][  0]LogTemp: Display: Loaded TP MacClientTargetPlatform
[2018.04.17-12.00.33:598][  0]LogTemp: Display: Loaded TP MacNoEditorTargetPlatform
[2018.04.17-12.00.33:636][  0]LogTemp: Display: Loaded TP MacServerTargetPlatform
[2018.04.17-12.00.33:741][  0]LogTemp: Display: Loaded TP MacTargetPlatform
[2018.04.17-12.00.33:781][  0]LogTemp: Display: Loaded TP WindowsClientTargetPlatform
[2018.04.17-12.00.33:821][  0]LogTemp: Display: Loaded TP WindowsNoEditorTargetPlatform
[2018.04.17-12.00.33:867][  0]LogTemp: Display: Loaded TP WindowsServerTargetPlatform
[2018.04.17-12.00.33:899][  0]LogTemp: Display: Loaded TP WindowsTargetPlatform
[2018.04.17-12.00.33:991][  0]LogTemp: Display: Loaded TP AndroidTargetPlatform
[2018.04.17-12.00.34:073][  0]LogTemp: Display: Loaded TP Android_ASTCTargetPlatform
[2018.04.17-12.00.34:119][  0]LogTemp: Display: Loaded TP Android_ATCTargetPlatform
[2018.04.17-12.00.34:159][  0]LogTemp: Display: Loaded TP Android_DXTTargetPlatform
[2018.04.17-12.00.34:199][  0]LogTemp: Display: Loaded TP Android_ETC1TargetPlatform
[2018.04.17-12.00.34:238][  0]LogTemp: Display: Loaded TP Android_ETC2TargetPlatform
[2018.04.17-12.00.34:315][  0]LogTemp: Display: Loaded TP Android_MultiTargetPlatform
[2018.04.17-12.00.34:315][  0]LogTemp: Display: Loaded TP Android_PVRTCTargetPlatform
[2018.04.17-12.00.34:343][  0]LogTemp: Display: Loaded TP HTML5TargetPlatform
[2018.04.17-12.00.34:490][  0]LogTemp: Display: Loaded TP IOSTargetPlatform
[2018.04.17-12.00.34:513][  0]LogTemp: Display: Loaded TP TVOSTargetPlatform
[2018.04.17-12.00.34:555][  0]LogTemp: Display: Loaded TP LinuxClientTargetPlatform
[2018.04.17-12.00.34:597][  0]LogTemp: Display: Loaded TP LinuxNoEditorTargetPlatform
[2018.04.17-12.00.34:636][  0]LogTemp: Display: Loaded TP LinuxServerTargetPlatform
[2018.04.17-12.00.34:694][  0]LogTemp: Display: Loaded TP LinuxTargetPlatform
[2018.04.17-12.00.34:694][  0]LogTargetPlatformManager: Display: Building Assets For Windows
[2018.04.17-12.00.35:156][  0]LogDerivedDataCache: Display: Max Cache Size: 512 MB
[2018.04.17-12.00.35:683][  0]LogDerivedDataCache: Loaded boot cache 0.53s 93MB C:/Users/Cristi_H/AppData/Local/UnrealEngine/4.17/DerivedDataCache/Boot.ddc.
[2018.04.17-12.00.35:683][  0]LogDerivedDataCache: Display: Loaded Boot cache: C:/Users/Cristi_H/AppData/Local/UnrealEngine/4.17/DerivedDataCache/Boot.ddc
[2018.04.17-12.00.35:683][  0]LogDerivedDataCache: FDerivedDataBackendGraph:  Pak pak cache file ../../../../../GItHub/mgp-mpg-group-9/Game/Wb - Stable/DerivedDataCache/DDC.ddp not found, will not use a pak cache.
[2018.04.17-12.00.35:683][  0]LogDerivedDataCache: Unable to find inner node Pak for hierarchical cache Hierarchy.
[2018.04.17-12.00.35:683][  0]LogDerivedDataCache: FDerivedDataBackendGraph:  CompressedPak pak cache file ../../../../../GItHub/mgp-mpg-group-9/Game/Wb - Stable/DerivedDataCache/Compressed.ddp not found, will not use a pak cache.
[2018.04.17-12.00.35:683][  0]LogDerivedDataCache: Unable to find inner node CompressedPak for hierarchical cache Hierarchy.
[2018.04.17-12.00.35:700][  0]LogDerivedDataCache: Display: Pak cache opened for reading ../../../Engine/DerivedDataCache/Compressed.ddp.
[2018.04.17-12.00.35:713][  0]LogDerivedDataCache: Using Local data cache path C:/Users/Cristi_H/AppData/Local/UnrealEngine/Common/DerivedDataCache: Writable
[2018.04.17-12.00.35:724][  0]LogMaterial: Verifying Global Shaders for PCD3D_SM5
[2018.04.17-12.00.35:724][  0]LogSlate: Using Freetype 2.6.0
[2018.04.17-12.00.35:751][  0]LogSlate: SlateFontCache - WITH_FREETYPE: 1, WITH_HARFBUZZ: 1
[2018.04.17-12.00.35:751][  0]LogSlate: SlateFontCache - WITH_FREETYPE: 1, WITH_HARFBUZZ: 1
[2018.04.17-12.00.36:745][  0]LogAssetRegistry: FAssetRegistry took 0.0255 seconds to start up
[2018.04.17-12.00.36:866][  0]LogInit: Selected Device Profile: [Windows]
[2018.04.17-12.00.37:195][  0]LogContentStreaming: Texture pool size is 0.00 MB
[2018.04.17-12.00.37:478][  0]LogSimplygon: Simplygon DLL not present - disabling.
[2018.04.17-12.00.37:511][  0]LogMeshReduction: Using SimplygonSwarm for distributed automatic mesh merging
[2018.04.17-12.00.37:511][  0]LogMeshReduction: Using QuadricMeshReduction for automatic static mesh reduction
[2018.04.17-12.00.37:511][  0]LogMeshReduction: No automatic skeletal mesh reduction module available
[2018.04.17-12.00.37:511][  0]LogMeshReduction: No automatic mesh merging module available
[2018.04.17-12.00.37:511][  0]LogMeshMerging: No automatic mesh merging module available
[2018.04.17-12.00.38:153][  0]LogNetVersion: Wb , NetCL: 3573198, EngineNetVer: 2, GameNetVer: 0 (Checksum: 2849618269)
[2018.04.17-12.00.38:345][  0]LogPackageLocalizationCache: Processed 5 localized package path(s) for 1 prioritized culture(s) in 0.027782 seconds
[2018.04.17-12.00.38:351][  0]LogUObjectArray: 35825 objects as part of root set at end of initial load.
[2018.04.17-12.00.38:351][  0]LogUObjectAllocator: 7529104 out of 0 bytes used by permanent object pool.
[2018.04.17-12.00.38:351][  0]LogUObjectArray: CloseDisregardForGC: 0/0 objects in disregard for GC pool
[2018.04.17-12.00.38:395][  0]LogInit: WinSock: version 1.1 (2.2), MaxSocks=32767, MaxUdp=65467
[2018.04.17-12.00.55:501][  0]LogTcpMessaging: Initializing TcpMessaging bridge
[2018.04.17-12.00.55:535][  0]LogUdpMessaging: Initializing bridge on interface 0.0.0.0:0 to multicast group 230.0.0.1:6666.
[2018.04.17-12.00.56:373][  0]LogMaterial: Uniform references updated for custom material expression Custom.
[2018.04.17-12.00.56:772][  0]SourceControl: Source control is disabled
[2018.04.17-12.00.56:772][  0]SourceControl: Source control is disabled
[2018.04.17-12.00.56:816][  0]SourceControl: Source control is disabled
[2018.04.17-12.00.56:860][  0]SourceControl: Source control is disabled
[2018.04.17-12.00.58:009][  0]LogAndroidPermission: UAndroidPermissionCallbackProxy::GetInstance
[2018.04.17-12.00.58:518][  0]LogOcInput: OculusInput pre-init called
[2018.04.17-12.00.59:183][  0]LogEngine: Initializing Engine...
[2018.04.17-12.00.59:186][  0]LogHMD: Failed to initialize OpenVR with code 110
[2018.04.17-12.00.59:494][  0]LogStats: UGameplayTagsManager::ConstructGameplayTagTree: Construct from data asset -  0.000 s
[2018.04.17-12.00.59:495][  0]LogStats: UGameplayTagsManager::ConstructGameplayTagTree: GameplayTagTreeChangedEvent.Broadcast -  0.000 s
[2018.04.17-12.00.59:736][  0]LogAIModule: Creating AISystem for world Untitled
[2018.04.17-12.00.59:822][  0]LogInit: XAudio2 using 'Speakers (Realtek High Definition Audio)' : 2 channels at 48 kHz using 32 bits per sample (channel mask 0x3)
[2018.04.17-12.00.59:840][  0]LogInit: FAudioDevice initialized.
[2018.04.17-12.01.00:095][  0]LogDerivedDataCache: Saved boot cache 0.25s 93MB C:/Users/Cristi_H/AppData/Local/UnrealEngine/4.17/DerivedDataCache/Boot.ddc.
[2018.04.17-12.01.00:118][  0]LogInit: Texture streaming: Enabled
[2018.04.17-12.01.00:600][  0]LogEngineSessionManager: EngineSessionManager initialized
[2018.04.17-12.01.01:012][  0]LogInit: Transaction tracking system initialized
[2018.04.17-12.01.02:308][  0]BlueprintLog: New page: Editor Load
[2018.04.17-12.01.04:486][  0]LocalizationService: Localization service is disabled
[2018.04.17-12.01.06:397][  0]LogConsoleResponse: Display: 
[2018.04.17-12.01.08:400][  0]LogCook: Display: Max memory allowance for cook 16384mb min free memory 0mb
[2018.04.17-12.01.08:400][  0]LogCook: Display: Mobile HDR setting 1
[2018.04.17-12.01.08:400][  0]LogGameplayTags: Display: UGameplayTagsManager::DoneAddingNativeTags. DelegateIsBound: 0
[2018.04.17-12.01.09:291][  0]LogFileCache: Scanning file cache for directory 'D:/GItHub/mgp-mpg-group-9/Game/Wb - Stable/Content/' took 0.01s
[2018.04.17-12.01.13:286][  0]SourceControl: Source control is disabled
[2018.04.17-12.01.13:286][  0]Cmd: MAP LOAD FILE="../../../../../GItHub/mgp-mpg-group-9/Game/Wb - Stable/Content/2DSideScrollerBP/Maps/2DSideScrollerExampleMap.umap" TEMPLATE=0 SHOWPROGRESS=1 FEATURELEVEL=3
[2018.04.17-12.01.13:287][  0]LightingResults: New page: Lighting Build
[2018.04.17-12.01.13:321][  0]MapCheck: New page: Map Check
[2018.04.17-12.01.13:321][  0]LightingResults: New page: Lighting Build
[2018.04.17-12.01.15:867][  0]LogAIModule: Creating AISystem for world 2DSideScrollerExampleMap
[2018.04.17-12.01.15:910][  0]LogEditorServer: Finished looking for orphan Actors (0.000 secs)
[2018.04.17-12.01.15:922][  0]Cmd: MAP CHECKDEP NOCLEARLOG
[2018.04.17-12.01.15:960][  0]MapCheck: Map check complete: 0 Error(s), 0 Warning(s), took 37.414ms to complete.
[2018.04.17-12.01.15:960][  0]LogFileHelpers: Loading map '2DSideScrollerExampleMap' took 2.674
[2018.04.17-12.01.16:222][  0]LogCollectionManager: Loaded 0 collections in 0.000949 seconds
[2018.04.17-12.01.16:295][  0]LogFileCache: Scanning file cache for directory 'D:/GItHub/mgp-mpg-group-9/Game/Wb - Stable/Saved/Collections/' took 0.01s
[2018.04.17-12.01.16:295][  0]LogFileCache: Scanning file cache for directory 'D:/GItHub/mgp-mpg-group-9/Game/Wb - Stable/Content/Developers/CristiH/Collections/' took 0.01s
[2018.04.17-12.01.16:295][  0]LogFileCache: Scanning file cache for directory 'D:/GItHub/mgp-mpg-group-9/Game/Wb - Stable/Content/Collections/' took 0.01s
[2018.04.17-12.01.16:295][  0]LogCollectionManager: Rebuilt the GUID cache for 0 collections in 0.000001 seconds
[2018.04.17-12.01.16:304][  0]LogContentBrowser: Native class hierarchy populated in 0.0085 seconds. Added 2386 classes and 500 folders.
[2018.04.17-12.01.16:357][  0]LogContentBrowser: Native class hierarchy updated for 'WidgetCarousel' in 0.0007 seconds. Added 0 classes and 0 folders.
[2018.04.17-12.01.17:319][  0]LogContentBrowser: Native class hierarchy updated for 'AddContentDialog' in 0.0007 seconds. Added 0 classes and 0 folders.
[2018.04.17-12.01.17:414][  0]LogContentBrowser: Native class hierarchy updated for 'SceneOutliner' in 0.0007 seconds. Added 1 classes and 2 folders.
[2018.04.17-12.01.17:468][  0]LogSlate: Took 0.029209 seconds to synchronously load lazily loaded font '../../../Engine/Content/Slate/Fonts/Roboto-Regular.ttf' (155K)
[2018.04.17-12.01.17:488][  0]LogSlate: Took 0.018098 seconds to synchronously load lazily loaded font '../../../Engine/Content/Slate/Fonts/Roboto-Bold.ttf' (160K)
[2018.04.17-12.01.17:506][  0]LogSlate: Took 0.012562 seconds to synchronously load lazily loaded font '../../../Engine/Content/Editor/Slate/Fonts/FontAwesome.ttf' (139K)
[2018.04.17-12.01.17:669][  0]LogRenderer: Reallocating scene render targets to support 1208x576 Format 10 NumSamples 1 (Frame:1).
[2018.04.17-12.01.17:921][  0]LogContentBrowser: Native class hierarchy updated for 'HierarchicalLODOutliner' in 0.0007 seconds. Added 1 classes and 2 folders.
[2018.04.17-12.01.17:922][  0]LogLoad: (Engine Initialization) Total time: 50.18 seconds
[2018.04.17-12.01.17:922][  0]LogLoad: (Engine Initialization) Total Blueprint compile time: 0.00 seconds
[2018.04.17-12.01.17:922][  0]LogExternalProfiler: Found external profiler: VSPerf
[2018.04.17-12.01.17:922][  0]LogExternalProfiler: Using external profiler: VSPerf
[2018.04.17-12.01.17:962][  0]LogContentStreaming: Texture pool size now 1000 MB
[2018.04.17-12.01.18:189][  0]LogSlate: Took 0.014191 seconds to synchronously load lazily loaded font '../../../Engine/Content/Slate/Fonts/Roboto-Light.ttf' (159K)
[2018.04.17-12.01.18:210][  1]LogAssetRegistry: Asset discovery search completed in 41.4866 seconds
[2018.04.17-12.01.18:213][  1]LogCollectionManager: Rebuilt the object cache for 0 collections in 0.000000 seconds (found 0 objects)
[2018.04.17-12.01.18:213][  1]LogCollectionManager: Fixed up redirectors for 0 collections in 0.000045 seconds (updated 0 objects)
[2018.04.17-12.02.23:387][840]LogSlate: Took 0.081153 seconds to synchronously load lazily loaded font '../../../Engine/Content/Editor/Slate/Fonts/Roboto-Italic.ttf' (157K)
[2018.04.17-12.02.52:928][178]LogRenderer: Reallocating scene render targets to support 2900x576 Format 10 NumSamples 1 (Frame:2162).
[2018.04.17-12.03.35:999][468]LogEditorViewport: Clicking on Actor (LMB): PaperSpriteActor (LeftEdge)
[2018.04.17-12.03.37:685][562]Cmd: DELETE
[2018.04.17-12.03.37:685][562]Cmd: ACTOR DELETE
[2018.04.17-12.03.37:733][562]LogEditorActor: Deleted Actor: PaperSpriteActor
[2018.04.17-12.03.37:744][562]LogEditorActor: Deleted 1 Actors (0.023 secs)
[2018.04.17-12.03.38:551][608]LogEditorViewport: Clicking on Actor (LMB): PaperSpriteActor (RightEdge)
[2018.04.17-12.03.38:657][610]Cmd: DELETE
[2018.04.17-12.03.38:657][610]Cmd: ACTOR DELETE
[2018.04.17-12.03.38:658][610]LogEditorActor: Deleted Actor: PaperSpriteActor
[2018.04.17-12.03.38:669][610]LogEditorActor: Deleted 1 Actors (0.011 secs)
[2018.04.17-12.03.42:938][862]LogTemp: Repeating last play command: Selected Viewport
[2018.04.17-12.03.43:094][862]LogBlueprintUserMessages: Early PlayInEditor Detection: Level '/Game/2DSideScrollerBP/Maps/2DSideScrollerExampleMap.2DSideScrollerExampleMap:PersistentLevel' has LevelScriptBlueprint '/Game/2DSideScrollerBP/Maps/2DSideScrollerExampleMap.2DSideScrollerExampleMap:PersistentLevel.2DSideScrollerExampleMap' with GeneratedClass '/Game/2DSideScrollerBP/Maps/2DSideScrollerExampleMap.2DSideScrollerExampleMap_C' with ClassGeneratedBy '/Game/2DSideScrollerBP/Maps/2DSideScrollerExampleMap.2DSideScrollerExampleMap:PersistentLevel.2DSideScrollerExampleMap'
[2018.04.17-12.03.43:094][862]LogPlayLevel: PlayLevel: No blueprints needed recompiling
[2018.04.17-12.03.43:095][862]PIE: New page: PIE session: 2DSideScrollerExampleMap (Apr 17, 2018, 2:03:43 PM)
[2018.04.17-12.03.43:096][862]LogPlayLevel: Creating play world package: /Game/2DSideScrollerBP/Maps/UEDPIE_0_2DSideScrollerExampleMap
[2018.04.17-12.03.43:100][862]LogPlayLevel: PIE: StaticDuplicateObject took: (0.004790s)
[2018.04.17-12.03.43:101][862]LogAIModule: Creating AISystem for world 2DSideScrollerExampleMap
[2018.04.17-12.03.43:101][862]LogPlayLevel: PIE: World Init took: (0.001033s)
[2018.04.17-12.03.43:102][862]LogPlayLevel: PIE: Created PIE world by copying editor world from /Game/2DSideScrollerBP/Maps/2DSideScrollerExampleMap.2DSideScrollerExampleMap to /Game/2DSideScrollerBP/Maps/UEDPIE_0_2DSideScrollerExampleMap.2DSideScrollerExampleMap (0.006121s)
[2018.04.17-12.03.43:114][862]LogInit: XAudio2 using 'Speakers (Realtek High Definition Audio)' : 2 channels at 48 kHz using 32 bits per sample (channel mask 0x3)
[2018.04.17-12.03.43:127][862]LogInit: FAudioDevice initialized.
[2018.04.17-12.03.43:172][862]LogLoad: Game class is '2DSideScrollerGameMode_C'
[2018.04.17-12.03.43:177][862]LogWorld: Bringing World /Game/2DSideScrollerBP/Maps/UEDPIE_0_2DSideScrollerExampleMap.2DSideScrollerExampleMap up for play (max tick rate 60) at 2018.04.17-13.03.43
[2018.04.17-12.03.43:177][862]LogWorld: Bringing up level for play took: 0.002542
[2018.04.17-12.03.43:215][862]LogContentBrowser: Native class hierarchy updated for 'MovieSceneCapture' in 0.0008 seconds. Added 11 classes and 0 folders.
[2018.04.17-12.03.43:218][862]PIE: Play in editor start time for /Game/2DSideScrollerBP/Maps/UEDPIE_0_2DSideScrollerExampleMap -0.364
[2018.04.17-12.03.43:218][862]LogBlueprintUserMessages: Late PlayInEditor Detection: Level '/Game/2DSideScrollerBP/Maps/2DSideScrollerExampleMap.2DSideScrollerExampleMap:PersistentLevel' has LevelScriptBlueprint '/Game/2DSideScrollerBP/Maps/2DSideScrollerExampleMap.2DSideScrollerExampleMap:PersistentLevel.2DSideScrollerExampleMap' with GeneratedClass '/Game/2DSideScrollerBP/Maps/2DSideScrollerExampleMap.2DSideScrollerExampleMap_C' with ClassGeneratedBy '/Game/2DSideScrollerBP/Maps/2DSideScrollerExampleMap.2DSideScrollerExampleMap:PersistentLevel.2DSideScrollerExampleMap'
[2018.04.17-12.03.43:939][897]LogBlueprintUserMessages: [Sphere_C_0] 750.0
[2018.04.17-12.03.44:556][934]LogBlueprintUserMessages: [Sphere_C_1] 1500.0
[2018.04.17-12.03.45:422][986]LogBlueprintUserMessages: [Cube_C_0] 420.000031
[2018.04.17-12.03.47:056][ 84]LogBlueprintUserMessages: [Cube_C_1] 600.000061
[2018.04.17-12.03.47:756][126]LogBlueprintUserMessages: [Ledge_C_0] 1125.0
[2018.04.17-12.03.48:972][199]LogBlueprintUserMessages: [Ledge_C_1] 3750.000488
[2018.04.17-12.03.49:990][260]LogBlueprintUserMessages: [Egg_C_0] 1500.0
[2018.04.17-12.03.50:740][305]LogBlueprintUserMessages: [Egg_C_1] 2250.0
[2018.04.17-12.03.51:540][353]LogBlueprintUserMessages: [Sphere_C_2] 3000.000244
[2018.04.17-12.03.53:240][455]LogBlueprintUserMessages: [Sphere_C_3] 3375.000488
[2018.04.17-12.03.53:757][486]LogBlueprintUserMessages: [Cube_C_2] 60.0
[2018.04.17-12.03.54:173][511]LogBlueprintUserMessages: [Cube_C_3] 360.0
[2018.04.17-12.03.54:490][530]LogBlueprintUserMessages: [Ledge_C_2] 3375.000488
[2018.04.17-12.03.54:807][549]LogBlueprintUserMessages: [Ledge_C_3] 3750.000488
[2018.04.17-12.03.55:273][577]LogBlueprintUserMessages: [Egg_C_2] 1875.0
[2018.04.17-12.03.55:757][606]LogBlueprintUserMessages: [Egg_C_3] 3375.000488
[2018.04.17-12.03.56:074][625]LogBlueprintUserMessages: [Sphere_C_4] 375.0
[2018.04.17-12.03.56:442][647]LogBlueprintUserMessages: [Sphere_C_5] 1125.0
[2018.04.17-12.03.56:807][669]LogBlueprintUserMessages: [Cube_C_4] 480.000031
[2018.04.17-12.03.57:091][686]LogBlueprintUserMessages: Early EndPlayMap Detection: Level '/Game/2DSideScrollerBP/Maps/2DSideScrollerExampleMap.2DSideScrollerExampleMap:PersistentLevel' has LevelScriptBlueprint '/Game/2DSideScrollerBP/Maps/2DSideScrollerExampleMap.2DSideScrollerExampleMap:PersistentLevel.2DSideScrollerExampleMap' with GeneratedClass '/Game/2DSideScrollerBP/Maps/2DSideScrollerExampleMap.2DSideScrollerExampleMap_C' with ClassGeneratedBy '/Game/2DSideScrollerBP/Maps/2DSideScrollerExampleMap.2DSideScrollerExampleMap:PersistentLevel.2DSideScrollerExampleMap'
[2018.04.17-12.03.57:122][686]LogBlueprintUserMessages: Late EndPlayMap Detection: Level '/Game/2DSideScrollerBP/Maps/2DSideScrollerExampleMap.2DSideScrollerExampleMap:PersistentLevel' has LevelScriptBlueprint '/Game/2DSideScrollerBP/Maps/2DSideScrollerExampleMap.2DSideScrollerExampleMap:PersistentLevel.2DSideScrollerExampleMap' with GeneratedClass '/Game/2DSideScrollerBP/Maps/2DSideScrollerExampleMap.2DSideScrollerExampleMap_C' with ClassGeneratedBy '/Game/2DSideScrollerBP/Maps/2DSideScrollerExampleMap.2DSideScrollerExampleMap:PersistentLevel.2DSideScrollerExampleMap'
[2018.04.17-12.04.00:981][911]LogTemp: Repeating last play command: Selected Viewport
[2018.04.17-12.04.01:005][911]LogBlueprintUserMessages: Early PlayInEditor Detection: Level '/Game/2DSideScrollerBP/Maps/2DSideScrollerExampleMap.2DSideScrollerExampleMap:PersistentLevel' has LevelScriptBlueprint '/Game/2DSideScrollerBP/Maps/2DSideScrollerExampleMap.2DSideScrollerExampleMap:PersistentLevel.2DSideScrollerExampleMap' with GeneratedClass '/Game/2DSideScrollerBP/Maps/2DSideScrollerExampleMap.2DSideScrollerExampleMap_C' with ClassGeneratedBy '/Game/2DSideScrollerBP/Maps/2DSideScrollerExampleMap.2DSideScrollerExampleMap:PersistentLevel.2DSideScrollerExampleMap'
[2018.04.17-12.04.01:005][911]LogPlayLevel: PlayLevel: No blueprints needed recompiling
[2018.04.17-12.04.01:006][911]PIE: New page: PIE session: 2DSideScrollerExampleMap (Apr 17, 2018, 2:04:01 PM)
[2018.04.17-12.04.01:006][911]LogPlayLevel: Creating play world package: /Game/2DSideScrollerBP/Maps/UEDPIE_0_2DSideScrollerExampleMap
[2018.04.17-12.04.01:010][911]LogPlayLevel: PIE: StaticDuplicateObject took: (0.004517s)
[2018.04.17-12.04.01:011][911]LogAIModule: Creating AISystem for world 2DSideScrollerExampleMap
[2018.04.17-12.04.01:011][911]LogPlayLevel: PIE: World Init took: (0.000657s)
[2018.04.17-12.04.01:011][911]LogPlayLevel: PIE: Created PIE world by copying editor world from /Game/2DSideScrollerBP/Maps/2DSideScrollerExampleMap.2DSideScrollerExampleMap to /Game/2DSideScrollerBP/Maps/UEDPIE_0_2DSideScrollerExampleMap.2DSideScrollerExampleMap (0.005375s)
[2018.04.17-12.04.01:022][911]LogInit: XAudio2 using 'Speakers (Realtek High Definition Audio)' : 2 channels at 48 kHz using 32 bits per sample (channel mask 0x3)
[2018.04.17-12.04.01:034][911]LogInit: FAudioDevice initialized.
[2018.04.17-12.04.01:069][911]LogLoad: Game class is '2DSideScrollerGameMode_C'
[2018.04.17-12.04.01:072][911]LogWorld: Bringing World /Game/2DSideScrollerBP/Maps/UEDPIE_0_2DSideScrollerExampleMap.2DSideScrollerExampleMap up for play (max tick rate 60) at 2018.04.17-13.04.01
[2018.04.17-12.04.01:073][911]LogWorld: Bringing up level for play took: 0.002067
[2018.04.17-12.04.01:074][911]PIE: Play in editor start time for /Game/2DSideScrollerBP/Maps/UEDPIE_0_2DSideScrollerExampleMap -0.508
[2018.04.17-12.04.01:074][911]LogBlueprintUserMessages: Late PlayInEditor Detection: Level '/Game/2DSideScrollerBP/Maps/2DSideScrollerExampleMap.2DSideScrollerExampleMap:PersistentLevel' has LevelScriptBlueprint '/Game/2DSideScrollerBP/Maps/2DSideScrollerExampleMap.2DSideScrollerExampleMap:PersistentLevel.2DSideScrollerExampleMap' with GeneratedClass '/Game/2DSideScrollerBP/Maps/2DSideScrollerExampleMap.2DSideScrollerExampleMap_C' with ClassGeneratedBy '/Game/2DSideScrollerBP/Maps/2DSideScrollerExampleMap.2DSideScrollerExampleMap:PersistentLevel.2DSideScrollerExampleMap'
[2018.04.17-12.04.01:511][937]LogBlueprintUserMessages: [Sphere_C_0] 1125.0
[2018.04.17-12.04.01:877][959]LogBlueprintUserMessages: [Sphere_C_1] 2250.0
[2018.04.17-12.04.02:243][981]LogBlueprintUserMessages: [Cube_C_0] 540.000061
[2018.04.17-12.04.02:627][  4]LogBlueprintUserMessages: [Cube_C_1] 120.0
[2018.04.17-12.04.03:027][ 28]LogBlueprintUserMessages: [Ledge_C_0] 2625.000244
[2018.04.17-12.04.05:027][148]LogBlueprintUserMessages: [Ledge_C_1] 375.0
[2018.04.17-12.04.05:261][162]LogBlueprintUserMessages: [Egg_C_0] 1875.0
[2018.04.17-12.04.05:727][190]LogBlueprintUserMessages: [Egg_C_1] 3375.000488
[2018.04.17-12.04.06:394][230]LogBlueprintUserMessages: [Sphere_C_2] 2250.0
[2018.04.17-12.04.07:427][292]LogBlueprintUserMessages: Early EndPlayMap Detection: Level '/Game/2DSideScrollerBP/Maps/2DSideScrollerExampleMap.2DSideScrollerExampleMap:PersistentLevel' has LevelScriptBlueprint '/Game/2DSideScrollerBP/Maps/2DSideScrollerExampleMap.2DSideScrollerExampleMap:PersistentLevel.2DSideScrollerExampleMap' with GeneratedClass '/Game/2DSideScrollerBP/Maps/2DSideScrollerExampleMap.2DSideScrollerExampleMap_C' with ClassGeneratedBy '/Game/2DSideScrollerBP/Maps/2DSideScrollerExampleMap.2DSideScrollerExampleMap:PersistentLevel.2DSideScrollerExampleMap'
[2018.04.17-12.04.07:458][292]LogBlueprintUserMessages: Late EndPlayMap Detection: Level '/Game/2DSideScrollerBP/Maps/2DSideScrollerExampleMap.2DSideScrollerExampleMap:PersistentLevel' has LevelScriptBlueprint '/Game/2DSideScrollerBP/Maps/2DSideScrollerExampleMap.2DSideScrollerExampleMap:PersistentLevel.2DSideScrollerExampleMap' with GeneratedClass '/Game/2DSideScrollerBP/Maps/2DSideScrollerExampleMap.2DSideScrollerExampleMap_C' with ClassGeneratedBy '/Game/2DSideScrollerBP/Maps/2DSideScrollerExampleMap.2DSideScrollerExampleMap:PersistentLevel.2DSideScrollerExampleMap'
[2018.04.17-12.04.10:014][444]LogTemp: Repeating last play command: Selected Viewport
[2018.04.17-12.04.10:037][444]LogBlueprintUserMessages: Early PlayInEditor Detection: Level '/Game/2DSideScrollerBP/Maps/2DSideScrollerExampleMap.2DSideScrollerExampleMap:PersistentLevel' has LevelScriptBlueprint '/Game/2DSideScrollerBP/Maps/2DSideScrollerExampleMap.2DSideScrollerExampleMap:PersistentLevel.2DSideScrollerExampleMap' with GeneratedClass '/Game/2DSideScrollerBP/Maps/2DSideScrollerExampleMap.2DSideScrollerExampleMap_C' with ClassGeneratedBy '/Game/2DSideScrollerBP/Maps/2DSideScrollerExampleMap.2DSideScrollerExampleMap:PersistentLevel.2DSideScrollerExampleMap'
[2018.04.17-12.04.10:037][444]LogPlayLevel: PlayLevel: No blueprints needed recompiling
[2018.04.17-12.04.10:037][444]PIE: New page: PIE session: 2DSideScrollerExampleMap (Apr 17, 2018, 2:04:10 PM)
[2018.04.17-12.04.10:037][444]LogPlayLevel: Creating play world package: /Game/2DSideScrollerBP/Maps/UEDPIE_0_2DSideScrollerExampleMap
[2018.04.17-12.04.10:042][444]LogPlayLevel: PIE: StaticDuplicateObject took: (0.005108s)
[2018.04.17-12.04.10:043][444]LogAIModule: Creating AISystem for world 2DSideScrollerExampleMap
[2018.04.17-12.04.10:043][444]LogPlayLevel: PIE: World Init took: (0.000606s)
[2018.04.17-12.04.10:043][444]LogPlayLevel: PIE: Created PIE world by copying editor world from /Game/2DSideScrollerBP/Maps/2DSideScrollerExampleMap.2DSideScrollerExampleMap to /Game/2DSideScrollerBP/Maps/UEDPIE_0_2DSideScrollerExampleMap.2DSideScrollerExampleMap (0.006077s)
[2018.04.17-12.04.10:054][444]LogInit: XAudio2 using 'Speakers (Realtek High Definition Audio)' : 2 channels at 48 kHz using 32 bits per sample (channel mask 0x3)
[2018.04.17-12.04.10:065][444]LogInit: FAudioDevice initialized.
[2018.04.17-12.04.10:096][444]LogLoad: Game class is '2DSideScrollerGameMode_C'
[2018.04.17-12.04.10:099][444]LogWorld: Bringing World /Game/2DSideScrollerBP/Maps/UEDPIE_0_2DSideScrollerExampleMap.2DSideScrollerExampleMap up for play (max tick rate 60) at 2018.04.17-13.04.10
[2018.04.17-12.04.10:100][444]LogWorld: Bringing up level for play took: 0.002151
[2018.04.17-12.04.10:101][444]PIE: Play in editor start time for /Game/2DSideScrollerBP/Maps/UEDPIE_0_2DSideScrollerExampleMap 0.519
[2018.04.17-12.04.10:102][444]LogBlueprintUserMessages: Late PlayInEditor Detection: Level '/Game/2DSideScrollerBP/Maps/2DSideScrollerExampleMap.2DSideScrollerExampleMap:PersistentLevel' has LevelScriptBlueprint '/Game/2DSideScrollerBP/Maps/2DSideScrollerExampleMap.2DSideScrollerExampleMap:PersistentLevel.2DSideScrollerExampleMap' with GeneratedClass '/Game/2DSideScrollerBP/Maps/2DSideScrollerExampleMap.2DSideScrollerExampleMap_C' with ClassGeneratedBy '/Game/2DSideScrollerBP/Maps/2DSideScrollerExampleMap.2DSideScrollerExampleMap:PersistentLevel.2DSideScrollerExampleMap'
[2018.04.17-12.04.11:003][498]LogBlueprintUserMessages: Early EndPlayMap Detection: Level '/Game/2DSideScrollerBP/Maps/2DSideScrollerExampleMap.2DSideScrollerExampleMap:PersistentLevel' has LevelScriptBlueprint '/Game/2DSideScrollerBP/Maps/2DSideScrollerExampleMap.2DSideScrollerExampleMap:PersistentLevel.2DSideScrollerExampleMap' with GeneratedClass '/Game/2DSideScrollerBP/Maps/2DSideScrollerExampleMap.2DSideScrollerExampleMap_C' with ClassGeneratedBy '/Game/2DSideScrollerBP/Maps/2DSideScrollerExampleMap.2DSideScrollerExampleMap:PersistentLevel.2DSideScrollerExampleMap'
[2018.04.17-12.04.11:038][498]LogBlueprintUserMessages: Late EndPlayMap Detection: Level '/Game/2DSideScrollerBP/Maps/2DSideScrollerExampleMap.2DSideScrollerExampleMap:PersistentLevel' has LevelScriptBlueprint '/Game/2DSideScrollerBP/Maps/2DSideScrollerExampleMap.2DSideScrollerExampleMap:PersistentLevel.2DSideScrollerExampleMap' with GeneratedClass '/Game/2DSideScrollerBP/Maps/2DSideScrollerExampleMap.2DSideScrollerExampleMap_C' with ClassGeneratedBy '/Game/2DSideScrollerBP/Maps/2DSideScrollerExampleMap.2DSideScrollerExampleMap:PersistentLevel.2DSideScrollerExampleMap'
[2018.04.17-12.04.30:564][ 12]LogEditorViewport: Clicking on Actor (LMB): PaperSpriteActor (Background_Sprite)
[2018.04.17-12.04.40:003][568]LogTemp: Repeating last play command: Selected Viewport
[2018.04.17-12.04.40:028][568]LogBlueprintUserMessages: Early PlayInEditor Detection: Level '/Game/2DSideScrollerBP/Maps/2DSideScrollerExampleMap.2DSideScrollerExampleMap:PersistentLevel' has LevelScriptBlueprint '/Game/2DSideScrollerBP/Maps/2DSideScrollerExampleMap.2DSideScrollerExampleMap:PersistentLevel.2DSideScrollerExampleMap' with GeneratedClass '/Game/2DSideScrollerBP/Maps/2DSideScrollerExampleMap.2DSideScrollerExampleMap_C' with ClassGeneratedBy '/Game/2DSideScrollerBP/Maps/2DSideScrollerExampleMap.2DSideScrollerExampleMap:PersistentLevel.2DSideScrollerExampleMap'
[2018.04.17-12.04.40:028][568]LogPlayLevel: PlayLevel: No blueprints needed recompiling
[2018.04.17-12.04.40:029][568]PIE: New page: PIE session: 2DSideScrollerExampleMap (Apr 17, 2018, 2:04:40 PM)
[2018.04.17-12.04.40:029][568]LogPlayLevel: Creating play world package: /Game/2DSideScrollerBP/Maps/UEDPIE_0_2DSideScrollerExampleMap
[2018.04.17-12.04.40:034][568]LogPlayLevel: PIE: StaticDuplicateObject took: (0.005007s)
[2018.04.17-12.04.40:034][568]LogAIModule: Creating AISystem for world 2DSideScrollerExampleMap
[2018.04.17-12.04.40:034][568]LogPlayLevel: PIE: World Init took: (0.000719s)
[2018.04.17-12.04.40:035][568]LogPlayLevel: PIE: Created PIE world by copying editor world from /Game/2DSideScrollerBP/Maps/2DSideScrollerExampleMap.2DSideScrollerExampleMap to /Game/2DSideScrollerBP/Maps/UEDPIE_0_2DSideScrollerExampleMap.2DSideScrollerExampleMap (0.005948s)
[2018.04.17-12.04.40:046][568]LogInit: XAudio2 using 'Speakers (Realtek High Definition Audio)' : 2 channels at 48 kHz using 32 bits per sample (channel mask 0x3)
[2018.04.17-12.04.40:061][568]LogInit: FAudioDevice initialized.
[2018.04.17-12.04.40:092][568]LogLoad: Game class is '2DSideScrollerGameMode_C'
[2018.04.17-12.04.40:094][568]LogWorld: Bringing World /Game/2DSideScrollerBP/Maps/UEDPIE_0_2DSideScrollerExampleMap.2DSideScrollerExampleMap up for play (max tick rate 60) at 2018.04.17-13.04.40
[2018.04.17-12.04.40:095][568]LogWorld: Bringing up level for play took: 0.002330
[2018.04.17-12.04.40:097][568]PIE: Play in editor start time for /Game/2DSideScrollerBP/Maps/UEDPIE_0_2DSideScrollerExampleMap 0.514
[2018.04.17-12.04.40:097][568]LogBlueprintUserMessages: Late PlayInEditor Detection: Level '/Game/2DSideScrollerBP/Maps/2DSideScrollerExampleMap.2DSideScrollerExampleMap:PersistentLevel' has LevelScriptBlueprint '/Game/2DSideScrollerBP/Maps/2DSideScrollerExampleMap.2DSideScrollerExampleMap:PersistentLevel.2DSideScrollerExampleMap' with GeneratedClass '/Game/2DSideScrollerBP/Maps/2DSideScrollerExampleMap.2DSideScrollerExampleMap_C' with ClassGeneratedBy '/Game/2DSideScrollerBP/Maps/2DSideScrollerExampleMap.2DSideScrollerExampleMap:PersistentLevel.2DSideScrollerExampleMap'
[2018.04.17-12.04.44:800][850]LogBlueprintUserMessages: [Sphere_C_0] 2250.0
[2018.04.17-12.04.45:183][873]LogBlueprintUserMessages: [Sphere_C_1] 3750.000488
[2018.04.17-12.04.45:566][896]LogBlueprintUserMessages: [Cube_C_0] 120.0
[2018.04.17-12.04.48:619][ 79]LogBlueprintUserMessages: [Cube_C_1] 240.0
[2018.04.17-12.04.49:836][152]LogBlueprintUserMessages: [Ledge_C_0] 2250.0
[2018.04.17-12.04.50:203][174]LogBlueprintUserMessages: [Ledge_C_1] 2625.000244
[2018.04.17-12.04.50:536][194]LogBlueprintUserMessages: [Egg_C_0] 375.0
[2018.04.17-12.04.50:920][217]LogBlueprintUserMessages: [Egg_C_1] 1875.0
[2018.04.17-12.04.51:304][240]LogBlueprintUserMessages: [Sphere_C_2] 375.0
[2018.04.17-12.04.52:239][296]LogBlueprintUserMessages: [Sphere_C_3] 750.0
[2018.04.17-12.04.53:905][396]LogBlueprintUserMessages: [Cube_C_2] 120.0
[2018.04.17-12.04.58:254][657]LogBlueprintUserMessages: [Cube_C_3] 360.0
[2018.04.17-12.04.59:155][711]LogBlueprintUserMessages: [Ledge_C_2] 375.0
[2018.04.17-12.05.02:456][909]LogBlueprintUserMessages: [Ledge_C_3] 3750.000488
[2018.04.17-12.05.02:824][931]LogBlueprintUserMessages: [Egg_C_2] 1125.0
[2018.04.17-12.05.03:140][950]LogBlueprintUserMessages: [Egg_C_3] 2250.0
[2018.04.17-12.05.03:457][969]LogBlueprintUserMessages: [Sphere_C_4] 3000.000244
[2018.04.17-12.05.03:739][986]LogBlueprintUserMessages: Early EndPlayMap Detection: Level '/Game/2DSideScrollerBP/Maps/2DSideScrollerExampleMap.2DSideScrollerExampleMap:PersistentLevel' has LevelScriptBlueprint '/Game/2DSideScrollerBP/Maps/2DSideScrollerExampleMap.2DSideScrollerExampleMap:PersistentLevel.2DSideScrollerExampleMap' with GeneratedClass '/Game/2DSideScrollerBP/Maps/2DSideScrollerExampleMap.2DSideScrollerExampleMap_C' with ClassGeneratedBy '/Game/2DSideScrollerBP/Maps/2DSideScrollerExampleMap.2DSideScrollerExampleMap:PersistentLevel.2DSideScrollerExampleMap'
[2018.04.17-12.05.03:798][986]LogBlueprintUserMessages: Late EndPlayMap Detection: Level '/Game/2DSideScrollerBP/Maps/2DSideScrollerExampleMap.2DSideScrollerExampleMap:PersistentLevel' has LevelScriptBlueprint '/Game/2DSideScrollerBP/Maps/2DSideScrollerExampleMap.2DSideScrollerExampleMap:PersistentLevel.2DSideScrollerExampleMap' with GeneratedClass '/Game/2DSideScrollerBP/Maps/2DSideScrollerExampleMap.2DSideScrollerExampleMap_C' with ClassGeneratedBy '/Game/2DSideScrollerBP/Maps/2DSideScrollerExampleMap.2DSideScrollerExampleMap:PersistentLevel.2DSideScrollerExampleMap'
[2018.04.17-12.05.03:904][987]Cmd: CAMERA ALIGN ACTIVEVIEWPORTONLY
[2018.04.17-12.05.03:905][987]Cmd: CAMERA ALIGN ACTIVEVIEWPORTONLY
[2018.04.17-12.05.06:394][132]LogTemp: Repeating last play command: Selected Viewport
[2018.04.17-12.05.06:420][132]LogBlueprintUserMessages: Early PlayInEditor Detection: Level '/Game/2DSideScrollerBP/Maps/2DSideScrollerExampleMap.2DSideScrollerExampleMap:PersistentLevel' has LevelScriptBlueprint '/Game/2DSideScrollerBP/Maps/2DSideScrollerExampleMap.2DSideScrollerExampleMap:PersistentLevel.2DSideScrollerExampleMap' with GeneratedClass '/Game/2DSideScrollerBP/Maps/2DSideScrollerExampleMap.2DSideScrollerExampleMap_C' with ClassGeneratedBy '/Game/2DSideScrollerBP/Maps/2DSideScrollerExampleMap.2DSideScrollerExampleMap:PersistentLevel.2DSideScrollerExampleMap'
[2018.04.17-12.05.06:420][132]LogPlayLevel: PlayLevel: No blueprints needed recompiling
[2018.04.17-12.05.06:420][132]PIE: New page: PIE session: 2DSideScrollerExampleMap (Apr 17, 2018, 2:05:06 PM)
[2018.04.17-12.05.06:420][132]LogPlayLevel: Creating play world package: /Game/2DSideScrollerBP/Maps/UEDPIE_0_2DSideScrollerExampleMap
[2018.04.17-12.05.06:427][132]LogPlayLevel: PIE: StaticDuplicateObject took: (0.006856s)
[2018.04.17-12.05.06:428][132]LogAIModule: Creating AISystem for world 2DSideScrollerExampleMap
[2018.04.17-12.05.06:428][132]LogPlayLevel: PIE: World Init took: (0.000939s)
[2018.04.17-12.05.06:428][132]LogPlayLevel: PIE: Created PIE world by copying editor world from /Game/2DSideScrollerBP/Maps/2DSideScrollerExampleMap.2DSideScrollerExampleMap to /Game/2DSideScrollerBP/Maps/UEDPIE_0_2DSideScrollerExampleMap.2DSideScrollerExampleMap (0.008126s)
[2018.04.17-12.05.06:439][132]LogInit: XAudio2 using 'Speakers (Realtek High Definition Audio)' : 2 channels at 48 kHz using 32 bits per sample (channel mask 0x3)
[2018.04.17-12.05.06:454][132]LogInit: FAudioDevice initialized.
[2018.04.17-12.05.06:489][132]LogLoad: Game class is '2DSideScrollerGameMode_C'
[2018.04.17-12.05.06:493][132]LogWorld: Bringing World /Game/2DSideScrollerBP/Maps/UEDPIE_0_2DSideScrollerExampleMap.2DSideScrollerExampleMap up for play (max tick rate 60) at 2018.04.17-13.05.06
[2018.04.17-12.05.06:493][132]LogWorld: Bringing up level for play took: 0.002095
[2018.04.17-12.05.06:495][132]PIE: Play in editor start time for /Game/2DSideScrollerBP/Maps/UEDPIE_0_2DSideScrollerExampleMap 0.913
[2018.04.17-12.05.06:495][132]LogBlueprintUserMessages: Late PlayInEditor Detection: Level '/Game/2DSideScrollerBP/Maps/2DSideScrollerExampleMap.2DSideScrollerExampleMap:PersistentLevel' has LevelScriptBlueprint '/Game/2DSideScrollerBP/Maps/2DSideScrollerExampleMap.2DSideScrollerExampleMap:PersistentLevel.2DSideScrollerExampleMap' with GeneratedClass '/Game/2DSideScrollerBP/Maps/2DSideScrollerExampleMap.2DSideScrollerExampleMap_C' with ClassGeneratedBy '/Game/2DSideScrollerBP/Maps/2DSideScrollerExampleMap.2DSideScrollerExampleMap:PersistentLevel.2DSideScrollerExampleMap'
[2018.04.17-12.05.08:900][276]LogBlueprintUserMessages: [Sphere_C_0] 1500.0
[2018.04.17-12.05.09:200][294]LogBlueprintUserMessages: [Sphere_C_1] 2625.000244
[2018.04.17-12.05.09:500][312]LogBlueprintUserMessages: [Cube_C_0] 540.000061
[2018.04.17-12.05.09:799][330]LogBlueprintUserMessages: [Cube_C_1] 120.0
[2018.04.17-12.05.21:870][ 54]LogBlueprintUserMessages: Early EndPlayMap Detection: Level '/Game/2DSideScrollerBP/Maps/2DSideScrollerExampleMap.2DSideScrollerExampleMap:PersistentLevel' has LevelScriptBlueprint '/Game/2DSideScrollerBP/Maps/2DSideScrollerExampleMap.2DSideScrollerExampleMap:PersistentLevel.2DSideScrollerExampleMap' with GeneratedClass '/Game/2DSideScrollerBP/Maps/2DSideScrollerExampleMap.2DSideScrollerExampleMap_C' with ClassGeneratedBy '/Game/2DSideScrollerBP/Maps/2DSideScrollerExampleMap.2DSideScrollerExampleMap:PersistentLevel.2DSideScrollerExampleMap'
[2018.04.17-12.05.21:915][ 54]LogBlueprintUserMessages: Late EndPlayMap Detection: Level '/Game/2DSideScrollerBP/Maps/2DSideScrollerExampleMap.2DSideScrollerExampleMap:PersistentLevel' has LevelScriptBlueprint '/Game/2DSideScrollerBP/Maps/2DSideScrollerExampleMap.2DSideScrollerExampleMap:PersistentLevel.2DSideScrollerExampleMap' with GeneratedClass '/Game/2DSideScrollerBP/Maps/2DSideScrollerExampleMap.2DSideScrollerExampleMap_C' with ClassGeneratedBy '/Game/2DSideScrollerBP/Maps/2DSideScrollerExampleMap.2DSideScrollerExampleMap:PersistentLevel.2DSideScrollerExampleMap'
[2018.04.17-12.06.57:721][290]LogEditorViewport: Clicking on Actor (LMB): PaperSpriteActor (Background_Sprite)
[2018.04.17-12.07.05:929][731]LogEditorViewport: Clicking on Actor (LMB): PaperSpriteActor (BackGround_Conceptv2_Sprite_2)
[2018.04.17-12.07.07:873][844]LogEditorViewport: Clicking on Actor (LMB): PaperSpriteActor (Background_Sprite)
[2018.04.17-12.07.08:634][887]LogEditorViewport: Clicking on Actor (LMB): PaperSpriteActor (BackGround_Conceptv2_Sprite_3)
[2018.04.17-12.07.11:698][ 67]LogEditorViewport: Clicking on Actor (LMB): PaperSpriteActor (BackGround_Conceptv2_Sprite_0)
[2018.04.17-12.07.16:128][328]LogEditorViewport: Clicking on Actor (LMB): PaperSpriteActor (BackGround_Conceptv2_Sprite_3)
[2018.04.17-12.07.19:747][541]LogEditorViewport: Clicking on Actor (LMB): PaperSpriteActor (BackGround_Conceptv2_Sprite_0)
[2018.04.17-12.07.23:416][751]LogEditorViewport: Clicking Background
[2018.04.17-12.07.31:015][199]LogTemp: Repeating last play command: Selected Viewport
[2018.04.17-12.07.31:037][199]LogBlueprintUserMessages: Early PlayInEditor Detection: Level '/Game/2DSideScrollerBP/Maps/2DSideScrollerExampleMap.2DSideScrollerExampleMap:PersistentLevel' has LevelScriptBlueprint '/Game/2DSideScrollerBP/Maps/2DSideScrollerExampleMap.2DSideScrollerExampleMap:PersistentLevel.2DSideScrollerExampleMap' with GeneratedClass '/Game/2DSideScrollerBP/Maps/2DSideScrollerExampleMap.2DSideScrollerExampleMap_C' with ClassGeneratedBy '/Game/2DSideScrollerBP/Maps/2DSideScrollerExampleMap.2DSideScrollerExampleMap:PersistentLevel.2DSideScrollerExampleMap'
[2018.04.17-12.07.31:037][199]LogPlayLevel: PlayLevel: No blueprints needed recompiling
[2018.04.17-12.07.31:037][199]PIE: New page: PIE session: 2DSideScrollerExampleMap (Apr 17, 2018, 2:07:31 PM)
[2018.04.17-12.07.31:038][199]LogPlayLevel: Creating play world package: /Game/2DSideScrollerBP/Maps/UEDPIE_0_2DSideScrollerExampleMap
[2018.04.17-12.07.31:043][199]LogPlayLevel: PIE: StaticDuplicateObject took: (0.005812s)
[2018.04.17-12.07.31:044][199]LogAIModule: Creating AISystem for world 2DSideScrollerExampleMap
[2018.04.17-12.07.31:045][199]LogPlayLevel: PIE: World Init took: (0.001485s)
[2018.04.17-12.07.31:045][199]LogPlayLevel: PIE: Created PIE world by copying editor world from /Game/2DSideScrollerBP/Maps/2DSideScrollerExampleMap.2DSideScrollerExampleMap to /Game/2DSideScrollerBP/Maps/UEDPIE_0_2DSideScrollerExampleMap.2DSideScrollerExampleMap (0.007725s)
[2018.04.17-12.07.31:057][199]LogInit: XAudio2 using 'Speakers (Realtek High Definition Audio)' : 2 channels at 48 kHz using 32 bits per sample (channel mask 0x3)
[2018.04.17-12.07.31:069][199]LogInit: FAudioDevice initialized.
[2018.04.17-12.07.31:102][199]LogLoad: Game class is '2DSideScrollerGameMode_C'
[2018.04.17-12.07.31:106][199]LogWorld: Bringing World /Game/2DSideScrollerBP/Maps/UEDPIE_0_2DSideScrollerExampleMap.2DSideScrollerExampleMap up for play (max tick rate 60) at 2018.04.17-13.07.31
[2018.04.17-12.07.31:106][199]LogWorld: Bringing up level for play took: 0.002174
[2018.04.17-12.07.31:108][199]PIE: Play in editor start time for /Game/2DSideScrollerBP/Maps/UEDPIE_0_2DSideScrollerExampleMap -0.475
[2018.04.17-12.07.31:108][199]LogBlueprintUserMessages: Late PlayInEditor Detection: Level '/Game/2DSideScrollerBP/Maps/2DSideScrollerExampleMap.2DSideScrollerExampleMap:PersistentLevel' has LevelScriptBlueprint '/Game/2DSideScrollerBP/Maps/2DSideScrollerExampleMap.2DSideScrollerExampleMap:PersistentLevel.2DSideScrollerExampleMap' with GeneratedClass '/Game/2DSideScrollerBP/Maps/2DSideScrollerExampleMap.2DSideScrollerExampleMap_C' with ClassGeneratedBy '/Game/2DSideScrollerBP/Maps/2DSideScrollerExampleMap.2DSideScrollerExampleMap:PersistentLevel.2DSideScrollerExampleMap'
[2018.04.17-12.07.31:826][242]LogBlueprintUserMessages: [Sphere_C_0] 1500.0
[2018.04.17-12.07.32:209][265]LogBlueprintUserMessages: [Sphere_C_1] 2250.0
[2018.04.17-12.07.32:559][286]LogBlueprintUserMessages: [Cube_C_0] 480.000031
[2018.04.17-12.07.32:926][308]LogBlueprintUserMessages: [Cube_C_1] 600.000061
[2018.04.17-12.07.33:277][329]LogBlueprintUserMessages: [Ledge_C_0] 1875.0
[2018.04.17-12.07.33:626][350]LogBlueprintUserMessages: [Ledge_C_1] 3375.000488
[2018.04.17-12.07.34:043][375]LogBlueprintUserMessages: [Egg_C_0] 750.0
[2018.04.17-12.07.34:459][400]LogBlueprintUserMessages: [Egg_C_1] 1875.0
[2018.04.17-12.07.35:726][476]LogBlueprintUserMessages: [Sphere_C_2] 1875.0
[2018.04.17-12.07.36:443][519]LogBlueprintUserMessages: [Sphere_C_3] 2625.000244
[2018.04.17-12.07.36:926][548]LogBlueprintUserMessages: [Cube_C_2] 180.0
[2018.04.17-12.07.37:259][568]LogBlueprintUserMessages: [Cube_C_3] 360.0
[2018.04.17-12.07.37:776][599]LogBlueprintUserMessages: [Ledge_C_2] 3000.000244
[2018.04.17-12.07.38:093][618]LogBlueprintUserMessages: [Ledge_C_3] 375.0
[2018.04.17-12.07.38:410][637]LogBlueprintUserMessages: [Egg_C_2] 1500.0
[2018.04.17-12.07.38:810][661]LogBlueprintUserMessages: [Egg_C_3] 3000.000244
[2018.04.17-12.07.39:160][682]LogBlueprintUserMessages: [Sphere_C_4] 750.0
[2018.04.17-12.07.40:293][750]LogBlueprintUserMessages: Early EndPlayMap Detection: Level '/Game/2DSideScrollerBP/Maps/2DSideScrollerExampleMap.2DSideScrollerExampleMap:PersistentLevel' has LevelScriptBlueprint '/Game/2DSideScrollerBP/Maps/2DSideScrollerExampleMap.2DSideScrollerExampleMap:PersistentLevel.2DSideScrollerExampleMap' with GeneratedClass '/Game/2DSideScrollerBP/Maps/2DSideScrollerExampleMap.2DSideScrollerExampleMap_C' with ClassGeneratedBy '/Game/2DSideScrollerBP/Maps/2DSideScrollerExampleMap.2DSideScrollerExampleMap:PersistentLevel.2DSideScrollerExampleMap'
[2018.04.17-12.07.40:328][750]LogBlueprintUserMessages: Late EndPlayMap Detection: Level '/Game/2DSideScrollerBP/Maps/2DSideScrollerExampleMap.2DSideScrollerExampleMap:PersistentLevel' has LevelScriptBlueprint '/Game/2DSideScrollerBP/Maps/2DSideScrollerExampleMap.2DSideScrollerExampleMap:PersistentLevel.2DSideScrollerExampleMap' with GeneratedClass '/Game/2DSideScrollerBP/Maps/2DSideScrollerExampleMap.2DSideScrollerExampleMap_C' with ClassGeneratedBy '/Game/2DSideScrollerBP/Maps/2DSideScrollerExampleMap.2DSideScrollerExampleMap:PersistentLevel.2DSideScrollerExampleMap'
[2018.04.17-12.07.43:184][916]Cmd: SELECT NONE
[2018.04.17-12.07.49:575][ 54]LogSlate: Took 0.000141 seconds to synchronously load lazily loaded font '../../../Engine/Content/Slate/Fonts/Roboto-Light.ttf' (159K)
[2018.04.17-12.07.49:975][ 54]LogSavePackage: Save=192.78ms
[2018.04.17-12.07.49:975][ 54]LogSavePackage: Moving '../../../../../GItHub/mgp-mpg-group-9/Game/Wb - Stable/Saved/2DSideScrollerExampleMapA02938C24C34FB02250E1FB7CC0CF5AE.tmp' to '../../../../../GItHub/mgp-mpg-group-9/Game/Wb - Stable/Content/2DSideScrollerBP/Maps/2DSideScrollerExampleMap.umap'
[2018.04.17-12.07.49:980][ 54]LogSavePackage: Display: Finished SavePackage ../../../../../GItHub/mgp-mpg-group-9/Game/Wb - Stable/Content/2DSideScrollerBP/Maps/2DSideScrollerExampleMap.umap
[2018.04.17-12.07.50:022][ 54]LogFileHelpers: Saving map '2DSideScrollerExampleMap' took 0.430
[2018.04.17-12.07.50:323][ 55]Cmd: QUIT_EDITOR
[2018.04.17-12.07.50:957][ 55]LogWindowsTextInputMethodSystem: Display: IME system now deactivated.
[2018.04.17-12.07.50:970][ 55]LogExit: Preparing to exit.
[2018.04.17-12.07.51:761][ 55]LogDirectoryWatcher: A directory notification for 'D:/GItHub/mgp-mpg-group-9/Game/Wb - Stable/Content/' was aborted.
[2018.04.17-12.07.51:783][ 55]LogExit: Editor shut down
[2018.04.17-12.07.51:790][ 55]LogExit: Transaction tracking system shut down
[2018.04.17-12.07.51:906][ 55]LogDirectoryWatcher: A directory notification for '../../../Engine/Content/' was aborted.
[2018.04.17-12.07.51:906][ 55]LogDirectoryWatcher: A directory notification for '../../../../../GItHub/mgp-mpg-group-9/Game/Wb - Stable/Content/' was aborted.
[2018.04.17-12.07.51:906][ 55]LogDirectoryWatcher: A directory notification for '../../../Engine/Plugins/2D/Paper2D/Content/' was aborted.
[2018.04.17-12.07.51:906][ 55]LogDirectoryWatcher: A directory notification for '../../../Engine/Plugins/Runtime/Oculus/OculusVR/Content/' was aborted.
[2018.04.17-12.07.51:906][ 55]LogDirectoryWatcher: A directory notification for '../../../Engine/Plugins/Runtime/Steam/SteamVR/Content/' was aborted.
[2018.04.17-12.07.51:950][ 55]LogExit: Object subsystem successfully closed.
[2018.04.17-12.07.51:977][ 55]LogD3D11RHI: Shutdown
[2018.04.17-12.07.51:977][ 55]LogD3D11RHI: CleanupD3DDevice
[2018.04.17-12.07.52:072][ 55]LogD3D11RHI: ~FD3D11DynamicRHI
[2018.04.17-12.07.52:082][ 55]LogModuleManager: Shutting down and abandoning module MovieSceneCapture (532)
[2018.04.17-12.07.52:082][ 55]LogModuleManager: Shutting down and abandoning module HierarchicalLODOutliner (530)
[2018.04.17-12.07.52:082][ 55]LogModuleManager: Shutting down and abandoning module SceneOutliner (528)
[2018.04.17-12.07.52:082][ 55]LogModuleManager: Shutting down and abandoning module AddContentDialog (526)
[2018.04.17-12.07.52:082][ 55]LogDirectoryWatcher: A directory notification for 'D:/Unreal Engine 4/UE_4.17/FeaturePacks/' was aborted.
[2018.04.17-12.07.52:083][ 55]LogModuleManager: Shutting down and abandoning module WidgetCarousel (525)
[2018.04.17-12.07.52:083][ 55]LogModuleManager: Shutting down and abandoning module EditorWidgets (522)
[2018.04.17-12.07.52:083][ 55]LogModuleManager: Shutting down and abandoning module CollectionManager (520)
[2018.04.17-12.07.52:083][ 55]LogDirectoryWatcher: A directory notification for 'D:/GItHub/mgp-mpg-group-9/Game/Wb - Stable/Content/Collections/' was aborted.
[2018.04.17-12.07.52:083][ 55]LogDirectoryWatcher: A directory notification for 'D:/GItHub/mgp-mpg-group-9/Game/Wb - Stable/Content/Developers/CristiH/Collections/' was aborted.
[2018.04.17-12.07.52:083][ 55]LogDirectoryWatcher: A directory notification for 'D:/GItHub/mgp-mpg-group-9/Game/Wb - Stable/Saved/Collections/' was aborted.
[2018.04.17-12.07.52:083][ 55]LogModuleManager: Shutting down and abandoning module StatsViewer (518)
[2018.04.17-12.07.52:083][ 55]LogModuleManager: Shutting down and abandoning module FoliageEdit (516)
[2018.04.17-12.07.52:083][ 55]LogModuleManager: Shutting down and abandoning module LandscapeEditor (514)
[2018.04.17-12.07.52:083][ 55]LogModuleManager: Shutting down and abandoning module MeshPaintMode (512)
[2018.04.17-12.07.52:083][ 55]LogModuleManager: Shutting down and abandoning module SceneDepthPickerMode (510)
[2018.04.17-12.07.52:083][ 55]LogModuleManager: Shutting down and abandoning module ActorPickerMode (508)
[2018.04.17-12.07.52:083][ 55]LogModuleManager: Shutting down and abandoning module GeometryMode (506)
[2018.04.17-12.07.52:083][ 55]LogModuleManager: Shutting down and abandoning module TextureAlignMode (504)
[2018.04.17-12.07.52:083][ 55]LogModuleManager: Shutting down and abandoning module BspMode (502)
[2018.04.17-12.07.52:083][ 55]LogModuleManager: Shutting down and abandoning module PIEPreviewDeviceProfileSelector (500)
[2018.04.17-12.07.52:083][ 55]LogModuleManager: Shutting down and abandoning module HardwareSurvey (498)
[2018.04.17-12.07.52:083][ 55]LogModuleManager: Shutting down and abandoning module SequenceRecorderSections (496)
[2018.04.17-12.07.52:083][ 55]LogModuleManager: Shutting down and abandoning module AutomationWorker (494)
[2018.04.17-12.07.52:083][ 55]LogModuleManager: Shutting down and abandoning module MatineeToLevelSequence (492)
[2018.04.17-12.07.52:083][ 55]LogModuleManager: Shutting down and abandoning module LevelSequenceEditor (490)
[2018.04.17-12.07.52:084][ 55]LogModuleManager: Shutting down and abandoning module PlacementMode (489)
[2018.04.17-12.07.52:084][ 55]LogModuleManager: Shutting down and abandoning module WmfMediaFactory (486)
[2018.04.17-12.07.52:084][ 55]LogModuleManager: Shutting down and abandoning module WmfMediaEditor (484)
[2018.04.17-12.07.52:084][ 55]LogModuleManager: Shutting down and abandoning module AvfMediaFactory (482)
[2018.04.17-12.07.52:084][ 55]LogModuleManager: Shutting down and abandoning module AvfMediaEditor (480)
[2018.04.17-12.07.52:084][ 55]LogModuleManager: Shutting down and abandoning module AndroidMediaFactory (478)
[2018.04.17-12.07.52:084][ 55]LogModuleManager: Shutting down and abandoning module Media (477)
[2018.04.17-12.07.52:084][ 55]LogModuleManager: Shutting down and abandoning module AndroidMediaEditor (474)
[2018.04.17-12.07.52:084][ 55]LogModuleManager: Shutting down and abandoning module CharacterAI (472)
[2018.04.17-12.07.52:084][ 55]LogModuleManager: Shutting down and abandoning module AudioCapture (470)
[2018.04.17-12.07.52:084][ 55]LogModuleManager: Shutting down and abandoning module SequenceRecorder (469)
[2018.04.17-12.07.52:084][ 55]LogModuleManager: Shutting down and abandoning module SmartSnapping (466)
[2018.04.17-12.07.52:084][ 55]LogModuleManager: Shutting down and abandoning module SessionServices (464)
[2018.04.17-12.07.52:084][ 55]LogModuleManager: Shutting down and abandoning module ViewportSnapping (462)
[2018.04.17-12.07.52:084][ 55]LogModuleManager: Shutting down and abandoning module ViewportInteraction (460)
[2018.04.17-12.07.52:084][ 55]LogModuleManager: Shutting down and abandoning module ClothPainter (458)
[2018.04.17-12.07.52:084][ 55]LogModuleManager: Shutting down and abandoning module LogVisualizer (456)
[2018.04.17-12.07.52:084][ 55]LogModuleManager: Shutting down and abandoning module IntroTutorials (454)
[2018.04.17-12.07.52:084][ 55]LogModuleManager: Shutting down and abandoning module GameProjectGeneration (453)
[2018.04.17-12.07.52:084][ 55]LogModuleManager: Shutting down and abandoning module IOSPlatformEditor (450)
[2018.04.17-12.07.52:084][ 55]LogModuleManager: Shutting down and abandoning module HTML5PlatformEditor (448)
[2018.04.17-12.07.52:084][ 55]LogModuleManager: Shutting down and abandoning module AndroidPlatformEditor (446)
[2018.04.17-12.07.52:084][ 55]LogModuleManager: Shutting down and abandoning module AndroidDeviceDetection (445)
[2018.04.17-12.07.52:709][ 55]LogModuleManager: Shutting down and abandoning module WindowsPlatformEditor (442)
[2018.04.17-12.07.52:709][ 55]LogModuleManager: Shutting down and abandoning module IOSRuntimeSettings (440)
[2018.04.17-12.07.52:709][ 55]LogModuleManager: Shutting down and abandoning module AndroidRuntimeSettings (438)
[2018.04.17-12.07.52:709][ 55]LogModuleManager: Shutting down and abandoning module InputBindingEditor (436)
[2018.04.17-12.07.52:709][ 55]LogModuleManager: Shutting down and abandoning module MergeActors (434)
[2018.04.17-12.07.52:709][ 55]LogModuleManager: Shutting down and abandoning module SizeMap (432)
[2018.04.17-12.07.52:709][ 55]LogModuleManager: Shutting down and abandoning module TreeMap (430)
[2018.04.17-12.07.52:709][ 55]LogModuleManager: Shutting down and abandoning module ReferenceViewer (428)
[2018.04.17-12.07.52:709][ 55]LogModuleManager: Shutting down and abandoning module LocalizationDashboard (426)
[2018.04.17-12.07.52:709][ 55]LogModuleManager: Shutting down and abandoning module LocalizationService (425)
[2018.04.17-12.07.52:709][ 55]LogModuleManager: Shutting down and abandoning module HardwareTargeting (422)
[2018.04.17-12.07.52:709][ 55]LogModuleManager: Shutting down and abandoning module DeviceProfileEditor (420)
[2018.04.17-12.07.52:709][ 55]LogModuleManager: Shutting down and abandoning module UndoHistory (418)
[2018.04.17-12.07.52:709][ 55]LogModuleManager: Shutting down and abandoning module XmlParser (416)
[2018.04.17-12.07.52:709][ 55]LogModuleManager: Shutting down and abandoning module Blutility (414)
[2018.04.17-12.07.52:709][ 55]LogModuleManager: Shutting down and abandoning module ProjectSettingsViewer (412)
[2018.04.17-12.07.52:709][ 55]LogModuleManager: Shutting down and abandoning module ProjectTargetPlatformEditor (411)
[2018.04.17-12.07.52:709][ 55]LogModuleManager: Shutting down and abandoning module EditorSettingsViewer (408)
[2018.04.17-12.07.52:709][ 55]LogModuleManager: Shutting down and abandoning module SettingsEditor (406)
[2018.04.17-12.07.52:709][ 55]LogModuleManager: Shutting down and abandoning module ProjectLauncher (404)
[2018.04.17-12.07.52:709][ 55]LogModuleManager: Shutting down and abandoning module SessionFrontend (402)
[2018.04.17-12.07.52:709][ 55]LogModuleManager: Shutting down and abandoning module ProfilerClient (400)
[2018.04.17-12.07.52:709][ 55]LogModuleManager: Shutting down and abandoning module DeviceManager (398)
[2018.04.17-12.07.52:709][ 55]LogModuleManager: Shutting down and abandoning module TargetDeviceServices (397)
[2018.04.17-12.07.52:771][ 55]LogModuleManager: Shutting down and abandoning module AutomationController (394)
[2018.04.17-12.07.52:771][ 55]LogModuleManager: Shutting down and abandoning module AutomationWindow (392)
[2018.04.17-12.07.52:771][ 55]LogModuleManager: Shutting down and abandoning module Layers (390)
[2018.04.17-12.07.52:771][ 55]LogModuleManager: Shutting down and abandoning module ComponentVisualizers (388)
[2018.04.17-12.07.52:771][ 55]LogModuleManager: Shutting down and abandoning module DetailCustomizations (386)
[2018.04.17-12.07.52:771][ 55]LogModuleManager: Shutting down and abandoning module PackagesDialog (384)
[2018.04.17-12.07.52:771][ 55]LogModuleManager: Shutting down and abandoning module Persona (382)
[2018.04.17-12.07.52:772][ 55]LogModuleManager: Shutting down and abandoning module AdvancedPreviewScene (381)
[2018.04.17-12.07.52:772][ 55]LogModuleManager: Shutting down and abandoning module AnimGraph (379)
[2018.04.17-12.07.52:772][ 55]LogModuleManager: Shutting down and abandoning module Kismet (376)
[2018.04.17-12.07.52:772][ 55]LogModuleManager: Shutting down and abandoning module ClassViewer (374)
[2018.04.17-12.07.52:772][ 55]LogModuleManager: Shutting down and abandoning module Toolbox (372)
[2018.04.17-12.07.52:772][ 55]LogModuleManager: Shutting down and abandoning module ModuleUI (370)
[2018.04.17-12.07.52:772][ 55]LogModuleManager: Shutting down and abandoning module MovieSceneTools (368)
[2018.04.17-12.07.52:772][ 55]LogModuleManager: Shutting down and abandoning module OutputLog (366)
[2018.04.17-12.07.52:772][ 55]LogModuleManager: Shutting down and abandoning module GammaUI (364)
[2018.04.17-12.07.52:772][ 55]LogModuleManager: Shutting down and abandoning module Documentation (362)
[2018.04.17-12.07.52:772][ 55]LogModuleManager: Shutting down and abandoning module MovieSceneTracks (360)
[2018.04.17-12.07.52:773][ 55]LogModuleManager: Shutting down and abandoning module MovieScene (358)
[2018.04.17-12.07.52:773][ 55]LogModuleManager: Shutting down and abandoning module Niagara (356)
[2018.04.17-12.07.52:773][ 55]LogModuleManager: Shutting down and abandoning module NiagaraEditor (355)
[2018.04.17-12.07.52:773][ 55]LogModuleManager: Shutting down and abandoning module StreamingPauseRendering (352)
[2018.04.17-12.07.52:773][ 55]LogModuleManager: Shutting down and abandoning module LauncherPlatform (350)
[2018.04.17-12.07.52:773][ 55]LogModuleManager: Shutting down and abandoning module AnalyticsET (348)
[2018.04.17-12.07.52:773][ 55]LogModuleManager: Shutting down and abandoning module PortalServices (346)
[2018.04.17-12.07.52:773][ 55]LogModuleManager: Shutting down and abandoning module PortalRpc (344)
[2018.04.17-12.07.52:773][ 55]LogModuleManager: Shutting down and abandoning module MessagingRpc (342)
[2018.04.17-12.07.52:773][ 55]LogModuleManager: Shutting down and abandoning module AIModule (340)
[2018.04.17-12.07.52:773][ 55]LogModuleManager: Shutting down and abandoning module GameplayDebugger (339)
[2018.04.17-12.07.52:773][ 55]LogModuleManager: Shutting down and abandoning module AITestSuite (337)
[2018.04.17-12.07.52:773][ 55]LogModuleManager: Shutting down and abandoning module ProfilerService (334)
[2018.04.17-12.07.52:915][ 55]LogModuleManager: Shutting down and abandoning module TaskGraph (332)
[2018.04.17-12.07.52:915][ 55]LogModuleManager: Shutting down and abandoning module SteamVRController (330)
[2018.04.17-12.07.52:915][ 55]LogModuleManager: Shutting down and abandoning module ProceduralMeshComponentEditor (328)
[2018.04.17-12.07.52:915][ 55]LogModuleManager: Shutting down and abandoning module ProceduralMeshComponent (326)
[2018.04.17-12.07.52:915][ 55]LogModuleManager: Shutting down and abandoning module OculusInput (324)
[2018.04.17-12.07.52:915][ 55]LogModuleManager: Shutting down and abandoning module MobilePatchingUtils (322)
[2018.04.17-12.07.52:915][ 55]LogModuleManager: Shutting down and abandoning module CustomMeshComponent (320)
[2018.04.17-12.07.52:915][ 55]LogModuleManager: Shutting down and abandoning module CableComponent (318)
[2018.04.17-12.07.52:915][ 55]LogModuleManager: Shutting down and abandoning module ArchVisCharacter (316)
[2018.04.17-12.07.52:915][ 55]LogModuleManager: Shutting down and abandoning module AndroidPermission (314)
[2018.04.17-12.07.52:915][ 55]LogModuleManager: Shutting down and abandoning module MediaPlayerEditor (310)
[2018.04.17-12.07.52:915][ 55]LogModuleManager: Shutting down and abandoning module HTML5Networking (308)
[2018.04.17-12.07.52:915][ 55]LogModuleManager: Shutting down and abandoning module AlembicImporter (306)
[2018.04.17-12.07.52:916][ 55]LogModuleManager: Shutting down and abandoning module AlembicLibrary (305)
[2018.04.17-12.07.52:916][ 55]LogModuleManager: Shutting down and abandoning module GeometryCache (304)
[2018.04.17-12.07.52:916][ 55]LogModuleManager: Shutting down and abandoning module GeometryCacheEd (303)
[2018.04.17-12.07.52:916][ 55]LogModuleManager: Shutting down and abandoning module SpeedTreeImporter (298)
[2018.04.17-12.07.52:916][ 55]LogModuleManager: Shutting down and abandoning module PluginBrowser (296)
[2018.04.17-12.07.52:916][ 55]LogModuleManager: Shutting down and abandoning module MobileLauncherProfileWizard (294)
[2018.04.17-12.07.52:916][ 55]LogModuleManager: Shutting down and abandoning module VisualStudioSourceCodeAccess (292)
[2018.04.17-12.07.52:916][ 55]LogModuleManager: Shutting down and abandoning module DesktopPlatform (291)
[2018.04.17-12.07.52:916][ 55]LogModuleManager: Shutting down and abandoning module UObjectPlugin (288)
[2018.04.17-12.07.52:916][ 55]LogModuleManager: Shutting down and abandoning module SubversionSourceControl (286)
[2018.04.17-12.07.52:916][ 55]LogModuleManager: Shutting down and abandoning module PerforceSourceControl (284)
[2018.04.17-12.07.52:916][ 55]LogModuleManager: Shutting down and abandoning module GitSourceControl (282)
[2018.04.17-12.07.52:916][ 55]LogModuleManager: Shutting down and abandoning module SourceControl (281)
[2018.04.17-12.07.52:916][ 55]LogModuleManager: Shutting down and abandoning module LightPropagationVolumeEditor (278)
[2018.04.17-12.07.52:916][ 55]LogModuleManager: Shutting down and abandoning module PaperTiledImporter (276)
[2018.04.17-12.07.52:916][ 55]LogModuleManager: Shutting down and abandoning module PaperSpriteSheetImporter (274)
[2018.04.17-12.07.52:916][ 55]LogModuleManager: Shutting down and abandoning module Paper2DEditor (272)
[2018.04.17-12.07.52:916][ 55]LogModuleManager: Shutting down and abandoning module MeshPaint (271)
[2018.04.17-12.07.52:916][ 55]LogModuleManager: Shutting down and abandoning module LevelEditor (269)
[2018.04.17-12.07.52:917][ 55]LogModuleManager: Shutting down and abandoning module PixelInspectorModule (268)
[2018.04.17-12.07.52:917][ 55]LogModuleManager: Shutting down and abandoning module MainFrame (266)
[2018.04.17-12.07.52:917][ 55]LogModuleManager: Shutting down and abandoning module HotReload (265)
[2018.04.17-12.07.52:918][ 55]LogModuleManager: Shutting down and abandoning module RuntimePhysXCooking (260)
[2018.04.17-12.07.52:918][ 55]LogModuleManager: Shutting down and abandoning module PhysXVehiclesEditor (258)
[2018.04.17-12.07.52:918][ 55]LogModuleManager: Shutting down and abandoning module PhysXVehicles (256)
[2018.04.17-12.07.52:918][ 55]LogModuleManager: Shutting down and abandoning module OculusEditor (254)
[2018.04.17-12.07.52:918][ 55]LogModuleManager: Shutting down and abandoning module LocationServicesBPLibrary (252)
[2018.04.17-12.07.52:918][ 55]LogModuleManager: Shutting down and abandoning module ImmediatePhysicsEditor (250)
[2018.04.17-12.07.52:918][ 55]LogModuleManager: Shutting down and abandoning module ImmediatePhysics (248)
[2018.04.17-12.07.52:918][ 55]LogModuleManager: Shutting down and abandoning module UdpMessaging (246)
[2018.04.17-12.07.53:018][ 55]LogModuleManager: Shutting down and abandoning module TcpMessaging (244)
[2018.04.17-12.07.53:119][ 55]LogModuleManager: Shutting down and abandoning module GameplayTagsEditor (242)
[2018.04.17-12.07.53:119][ 55]LogModuleManager: Shutting down and abandoning module FacialAnimationEditor (240)
[2018.04.17-12.07.53:119][ 55]LogModuleManager: Shutting down and abandoning module FacialAnimation (238)
[2018.04.17-12.07.53:119][ 55]LogModuleManager: Shutting down and abandoning module AssetManagerEditor (236)
[2018.04.17-12.07.53:119][ 55]LogModuleManager: Shutting down and abandoning module GraphEditor (235)
[2018.04.17-12.07.53:119][ 55]LogModuleManager: Shutting down and abandoning module ContentBrowser (233)
[2018.04.17-12.07.53:120][ 55]LogModuleManager: Shutting down and abandoning module LightPropagationVolumeRuntime (230)
[2018.04.17-12.07.53:120][ 55]LogModuleManager: Shutting down and abandoning module Paper2D (228)
[2018.04.17-12.07.53:120][ 55]LogModuleManager: Shutting down and abandoning module WindowsMoviePlayer (226)
[2018.04.17-12.07.53:120][ 55]LogModuleManager: Shutting down and abandoning module WmfMedia (224)
[2018.04.17-12.07.53:123][ 55]LogModuleManager: Shutting down and abandoning module PacketHandler (222)
[2018.04.17-12.07.53:123][ 55]LogModuleManager: Shutting down and abandoning module ClothingSystemEditor (220)
[2018.04.17-12.07.53:123][ 55]LogModuleManager: Shutting down and abandoning module ClothingSystemRuntime (218)
[2018.04.17-12.07.53:123][ 55]LogModuleManager: Shutting down and abandoning module Overlay (216)
[2018.04.17-12.07.53:123][ 55]LogModuleManager: Shutting down and abandoning module OverlayEditor (215)
[2018.04.17-12.07.53:123][ 55]LogModuleManager: Shutting down and abandoning module MediaAssets (212)
[2018.04.17-12.07.53:123][ 55]LogModuleManager: Shutting down and abandoning module VREditor (210)
[2018.04.17-12.07.53:123][ 55]LogModuleManager: Shutting down and abandoning module StringTableEditor (208)
[2018.04.17-12.07.53:123][ 55]LogModuleManager: Shutting down and abandoning module GameplayTasksEditor (206)
[2018.04.17-12.07.53:123][ 55]LogModuleManager: Shutting down and abandoning module BehaviorTreeEditor (204)
[2018.04.17-12.07.53:123][ 55]LogModuleManager: Shutting down and abandoning module FunctionalTesting (202)
[2018.04.17-12.07.53:123][ 55]LogModuleManager: Shutting down and abandoning module CollisionAnalyzer (200)
[2018.04.17-12.07.53:123][ 55]LogModuleManager: Shutting down and abandoning module WorkspaceMenuStructure (199)
[2018.04.17-12.07.53:123][ 55]LogModuleManager: Shutting down and abandoning module UMG (196)
[2018.04.17-12.07.53:123][ 55]LogModuleManager: Shutting down and abandoning module UMGEditor (195)
[2018.04.17-12.07.53:123][ 55]LogModuleManager: Shutting down and abandoning module Sequencer (194)
[2018.04.17-12.07.53:123][ 55]LogModuleManager: Shutting down and abandoning module MessageLog (191)
[2018.04.17-12.07.53:123][ 55]LogModuleManager: Shutting down and abandoning module SlateReflector (186)
[2018.04.17-12.07.53:124][ 55]LogModuleManager: Shutting down and abandoning module Slate (184)
[2018.04.17-12.07.53:124][ 55]LogModuleManager: Shutting down and abandoning module EditorStyle (182)
[2018.04.17-12.07.53:125][ 55]LogModuleManager: Shutting down and abandoning module MRMesh (180)
[2018.04.17-12.07.53:126][ 55]LogModuleManager: Shutting down and abandoning module SourceCodeAccess (178)
[2018.04.17-12.07.53:126][ 55]LogModuleManager: Shutting down and abandoning module HeadMountedDisplay (176)
[2018.04.17-12.07.53:126][ 55]LogModuleManager: Shutting down and abandoning module XAudio2 (174)
[2018.04.17-12.07.53:126][ 55]LogModuleManager: Shutting down and abandoning module Networking (172)
[2018.04.17-12.07.53:126][ 55]LogModuleManager: Shutting down and abandoning module Core (168)
[2018.04.17-12.07.53:126][ 55]LogModuleManager: Shutting down and abandoning module KismetCompiler (164)
[2018.04.17-12.07.53:126][ 55]LogModuleManager: Shutting down and abandoning module LevelSequence (162)
[2018.04.17-12.07.53:126][ 55]LogModuleManager: Shutting down and abandoning module MeshUtilities (160)
[2018.04.17-12.07.53:126][ 55]LogModuleManager: Shutting down and abandoning module MeshMergeUtilities (159)
[2018.04.17-12.07.53:126][ 55]LogModuleManager: Shutting down and abandoning module MeshReductionInterface (158)
[2018.04.17-12.07.53:126][ 55]LogModuleManager: Shutting down and abandoning module SimplygonSwarm (157)
[2018.04.17-12.07.53:126][ 55]LogModuleManager: Shutting down and abandoning module SimplygonMeshReduction (155)
[2018.04.17-12.07.53:126][ 55]LogModuleManager: Shutting down and abandoning module QuadricMeshReduction (153)
[2018.04.17-12.07.53:126][ 55]LogModuleManager: Shutting down and abandoning module MaterialBaking (149)
[2018.04.17-12.07.53:126][ 55]LogModuleManager: Shutting down and abandoning module DirectoryWatcher (146)
[2018.04.17-12.07.53:126][ 55]LogModuleManager: Shutting down and abandoning module DerivedDataCache (144)
[2018.04.17-12.07.53:177][ 55]LogDerivedDataCache: Shutdown
[2018.04.17-12.07.53:177][ 55]LogModuleManager: Shutting down and abandoning module TargetPlatform (142)
[2018.04.17-12.07.53:177][ 55]LogModuleManager: Shutting down and abandoning module VulkanShaderFormat (141)
[2018.04.17-12.07.53:177][ 55]LogModuleManager: Shutting down and abandoning module ShaderFormatVectorVM (139)
[2018.04.17-12.07.53:177][ 55]LogModuleManager: Shutting down and abandoning module ShaderFormatOpenGL (137)
[2018.04.17-12.07.53:177][ 55]LogModuleManager: Shutting down and abandoning module ShaderFormatD3D (135)
[2018.04.17-12.07.53:177][ 55]LogModuleManager: Shutting down and abandoning module MetalShaderFormat (133)
[2018.04.17-12.07.53:177][ 55]LogModuleManager: Shutting down and abandoning module TextureFormatUncompressed (131)
[2018.04.17-12.07.53:177][ 55]LogModuleManager: Shutting down and abandoning module TextureFormatPVR (129)
[2018.04.17-12.07.53:177][ 55]LogModuleManager: Shutting down and abandoning module TextureFormatDXT (127)
[2018.04.17-12.07.53:177][ 55]LogModuleManager: Shutting down and abandoning module TextureFormatIntelISPCTexComp (125)
[2018.04.17-12.07.53:178][ 55]LogModuleManager: Shutting down and abandoning module TextureFormatASTC (123)
[2018.04.17-12.07.53:178][ 55]LogModuleManager: Shutting down and abandoning module ImageWrapper (122)
[2018.04.17-12.07.53:178][ 55]LogModuleManager: Shutting down and abandoning module TextureFormatAndroid (119)
[2018.04.17-12.07.53:178][ 55]LogModuleManager: Shutting down and abandoning module AudioFormatOpus (117)
[2018.04.17-12.07.53:178][ 55]LogModuleManager: Shutting down and abandoning module AudioFormatOgg (115)
[2018.04.17-12.07.53:178][ 55]LogModuleManager: Shutting down and abandoning module AudioFormatADPCM (113)
[2018.04.17-12.07.53:178][ 55]LogModuleManager: Shutting down and abandoning module LinuxTargetPlatform (111)
[2018.04.17-12.07.53:178][ 55]LogModuleManager: Shutting down and abandoning module LinuxServerTargetPlatform (109)
[2018.04.17-12.07.53:178][ 55]LogModuleManager: Shutting down and abandoning module LinuxNoEditorTargetPlatform (107)
[2018.04.17-12.07.53:178][ 55]LogModuleManager: Shutting down and abandoning module LinuxClientTargetPlatform (105)
[2018.04.17-12.07.53:178][ 55]LogModuleManager: Shutting down and abandoning module TVOSTargetPlatform (103)
[2018.04.17-12.07.53:178][ 55]LogModuleManager: Shutting down and abandoning module Messaging (101)
[2018.04.17-12.07.53:178][ 55]LogModuleManager: Shutting down and abandoning module IOSTargetPlatform (99)
[2018.04.17-12.07.53:178][ 55]LogModuleManager: Shutting down and abandoning module HTML5TargetPlatform (97)
[2018.04.17-12.07.53:178][ 55]LogModuleManager: Shutting down and abandoning module Android_PVRTCTargetPlatform (95)
[2018.04.17-12.07.53:178][ 55]LogModuleManager: Shutting down and abandoning module Android_MultiTargetPlatform (93)
[2018.04.17-12.07.53:178][ 55]LogModuleManager: Shutting down and abandoning module Android_ETC2TargetPlatform (91)
[2018.04.17-12.07.53:178][ 55]LogModuleManager: Shutting down and abandoning module Android_ETC1TargetPlatform (89)
[2018.04.17-12.07.53:178][ 55]LogModuleManager: Shutting down and abandoning module Android_DXTTargetPlatform (87)
[2018.04.17-12.07.53:178][ 55]LogModuleManager: Shutting down and abandoning module Android_ATCTargetPlatform (85)
[2018.04.17-12.07.53:178][ 55]LogModuleManager: Shutting down and abandoning module Android_ASTCTargetPlatform (83)
[2018.04.17-12.07.53:178][ 55]LogModuleManager: Shutting down and abandoning module AndroidTargetPlatform (81)
[2018.04.17-12.07.53:178][ 55]LogModuleManager: Shutting down and abandoning module WindowsTargetPlatform (79)
[2018.04.17-12.07.53:178][ 55]LogModuleManager: Shutting down and abandoning module WindowsServerTargetPlatform (77)
[2018.04.17-12.07.53:178][ 55]LogModuleManager: Shutting down and abandoning module WindowsNoEditorTargetPlatform (75)
[2018.04.17-12.07.53:178][ 55]LogModuleManager: Shutting down and abandoning module WindowsClientTargetPlatform (73)
[2018.04.17-12.07.53:178][ 55]LogModuleManager: Shutting down and abandoning module MacTargetPlatform (71)
[2018.04.17-12.07.53:178][ 55]LogModuleManager: Shutting down and abandoning module MacServerTargetPlatform (69)
[2018.04.17-12.07.53:178][ 55]LogModuleManager: Shutting down and abandoning module MacNoEditorTargetPlatform (67)
[2018.04.17-12.07.53:178][ 55]LogModuleManager: Shutting down and abandoning module MacClientTargetPlatform (65)
[2018.04.17-12.07.53:178][ 55]LogModuleManager: Shutting down and abandoning module AllDesktopTargetPlatform (63)
[2018.04.17-12.07.53:178][ 55]LogModuleManager: Shutting down and abandoning module InputCore (60)
[2018.04.17-12.07.53:178][ 55]LogModuleManager: Shutting down and abandoning module Settings (58)
[2018.04.17-12.07.53:178][ 55]LogModuleManager: Shutting down and abandoning module PhysXCooking (56)
[2018.04.17-12.07.53:178][ 55]LogModuleManager: Shutting down and abandoning module SteamVR (54)
[2018.04.17-12.07.53:178][ 55]LogModuleManager: Shutting down and abandoning module OculusHMD (52)
[2018.04.17-12.07.53:178][ 55]LogModuleManager: Shutting down and abandoning module ExampleDeviceProfileSelector (50)
[2018.04.17-12.07.53:178][ 55]LogModuleManager: Shutting down and abandoning module OnlineBlueprintSupport (48)
[2018.04.17-12.07.53:179][ 55]LogModuleManager: Shutting down and abandoning module OnlineSubsystem (44)
[2018.04.17-12.07.53:179][ 55]LogOnline: Display: Unloading online subsystem: NULL
[2018.04.17-12.07.53:179][ 55]LogModuleManager: Shutting down and abandoning module XMPP (43)
[2018.04.17-12.07.53:179][ 55]LogModuleManager: Shutting down and abandoning module HTTP (41)
[2018.04.17-12.07.53:179][ 55]LogHttp: Display: Http module shutting down, but needs to wait on 1 outstanding Http requests:
[2018.04.17-12.07.53:179][ 55]LogHttp: Display: 	verb=[POST] url=[https://datarouter.ol.epicgames.com/datarouter/api/v1/public/data?SessionID=%7BFB12AD94-48D3-9C56-6484-CF98F9E1402C%7D&AppID=UEEditor.Rocket.Release&AppVersion=4.17.2-3658906%2B%2B%2BUE4%2BRelease-4.17&UserID=c55b593b4b40d9ada5bb6081b245ca3b%7C7ec9b1a0575541f28e1344993bf04c44%7Cddab452f-aafd-4b40-a6e8-af28cf663c24&AppEnvironment=datacollector-binary&UploadType=eteventstream] status=Processing
[2018.04.17-12.07.53:197][ 55]LogModuleManager: Shutting down and abandoning module SSL (40)
[2018.04.17-12.07.53:199][ 55]LogModuleManager: Shutting down and abandoning module AnimationModifiers (36)
[2018.04.17-12.07.53:199][ 55]LogModuleManager: Shutting down and abandoning module PropertyEditor (35)
[2018.04.17-12.07.53:199][ 55]LogModuleManager: Shutting down and abandoning module AudioEditor (32)
[2018.04.17-12.07.53:199][ 55]LogModuleManager: Shutting down and abandoning module TextureCompressor (30)
[2018.04.17-12.07.53:199][ 55]LogModuleManager: Shutting down and abandoning module ShaderCore (28)
[2018.04.17-12.07.53:199][ 55]LogModuleManager: Shutting down and abandoning module Landscape (26)
[2018.04.17-12.07.53:199][ 55]LogModuleManager: Shutting down and abandoning module SlateRHIRenderer (24)
[2018.04.17-12.07.53:200][ 55]LogModuleManager: Shutting down and abandoning module OpenGLDrv (22)
[2018.04.17-12.07.53:200][ 55]LogModuleManager: Shutting down and abandoning module D3D11RHI (20)
[2018.04.17-12.07.53:200][ 55]LogModuleManager: Shutting down and abandoning module AnimGraphRuntime (18)
[2018.04.17-12.07.53:200][ 55]LogModuleManager: Shutting down and abandoning module Renderer (16)
[2018.04.17-12.07.53:200][ 55]LogModuleManager: Shutting down and abandoning module Engine (14)
[2018.04.17-12.07.53:200][ 55]LogModuleManager: Shutting down and abandoning module CoreUObject (12)
[2018.04.17-12.07.53:200][ 55]LogModuleManager: Shutting down and abandoning module NetworkFile (10)
[2018.04.17-12.07.53:200][ 55]LogModuleManager: Shutting down and abandoning module CookedIterativeFile (8)
[2018.04.17-12.07.53:200][ 55]LogModuleManager: Shutting down and abandoning module StreamingFile (6)
[2018.04.17-12.07.53:200][ 55]LogModuleManager: Shutting down and abandoning module SandboxFile (4)
[2018.04.17-12.07.53:200][ 55]LogModuleManager: Shutting down and abandoning module PakFile (2)
[2018.04.17-12.07.53:204][ 55]LogExit: Exiting.
[2018.04.17-12.07.53:224][ 55]Log file closed, 04/17/18 13:07:53
