Log file open, 04/17/18 13:23:46
LogWindows: Failed to load 'aqProf.dll' (GetLastError=126)
LogWindows: File 'aqProf.dll' does not exist
LogWindows: Failed to load 'VtuneApi.dll' (GetLastError=126)
LogWindows: File 'VtuneApi.dll' does not exist
LogWindows: Failed to load 'VtuneApi32e.dll' (GetLastError=126)
LogWindows: File 'VtuneApi32e.dll' does not exist
LogInit: Display: Running engine for game: Wb
LogPlatformFile: Not using cached read wrapper
LogInit: Display: RandInit(-1462584501) SRandInit(-1462584501).
LogTaskGraph: Started task graph with 5 named threads and 14 total threads with 3 sets of task threads.
LogStats: Stats thread started at 0.168911
LogD3D11RHI: Aftermath initialized
LogPluginManager: Mounting plugin Paper2D
LogPluginManager: Mounting plugin LightPropagationVolume
LogPluginManager: Mounting plugin CodeLiteSourceCodeAccess
LogPluginManager: Mounting plugin GitSourceControl
LogPluginManager: Mounting plugin KDevelopSourceCodeAccess
LogPluginManager: Mounting plugin NullSourceCodeAccess
LogPluginManager: Mounting plugin PerforceSourceControl
LogPluginManager: Mounting plugin SubversionSourceControl
LogPluginManager: Mounting plugin UObjectPlugin
LogPluginManager: Mounting plugin VisualStudioSourceCodeAccess
LogPluginManager: Mounting plugin XCodeSourceCodeAccess
LogPluginManager: Mounting plugin AssetManagerEditor
LogPluginManager: Mounting plugin AudioCapture
LogPluginManager: Mounting plugin FacialAnimation
LogPluginManager: Mounting plugin GameplayTagsEditor
LogPluginManager: Mounting plugin MobileLauncherProfileWizard
LogPluginManager: Mounting plugin PluginBrowser
LogPluginManager: Mounting plugin SpeedTreeImporter
LogPluginManager: Mounting plugin AlembicImporter
LogPluginManager: Mounting plugin CharacterAI
LogPluginManager: Mounting plugin HTML5Networking
LogPluginManager: Mounting plugin AndroidMedia
LogPluginManager: Mounting plugin AvfMedia
LogPluginManager: Mounting plugin MediaPlayerEditor
LogPluginManager: Mounting plugin WmfMedia
LogPluginManager: Mounting plugin TcpMessaging
LogPluginManager: Mounting plugin UdpMessaging
LogPluginManager: Mounting plugin LevelSequenceEditor
LogPluginManager: Mounting plugin MatineeToLevelSequence
LogPluginManager: Mounting plugin OnlineSubsystemGooglePlay
LogPluginManager: Mounting plugin OnlineSubsystemIOS
LogPluginManager: Mounting plugin OnlineSubsystem
LogPluginManager: Mounting plugin OnlineSubsystemNull
LogPluginManager: Mounting plugin OnlineSubsystemUtils
LogPluginManager: Mounting plugin AndroidDeviceProfileSelector
LogPluginManager: Mounting plugin AndroidMoviePlayer
LogPluginManager: Mounting plugin AndroidPermission
LogPluginManager: Mounting plugin AppleMoviePlayer
LogPluginManager: Mounting plugin ArchVisCharacter
LogPluginManager: Mounting plugin CableComponent
LogPluginManager: Mounting plugin CustomMeshComponent
LogPluginManager: Mounting plugin ExampleDeviceProfileSelector
LogPluginManager: Mounting plugin GoogleCloudMessaging
LogPluginManager: Mounting plugin ImmediatePhysics
LogPluginManager: Mounting plugin IOSDeviceProfileSelector
LogPluginManager: Mounting plugin LinuxDeviceProfileSelector
LogPluginManager: Mounting plugin LocationServicesBPLibrary
LogPluginManager: Mounting plugin MobilePatchingUtils
LogPluginManager: Mounting plugin OculusVR
LogPluginManager: Mounting plugin PhysXVehicles
LogPluginManager: Mounting plugin ProceduralMeshComponent
LogPluginManager: Mounting plugin RuntimePhysXCooking
LogPluginManager: Mounting plugin SteamVR
LogPluginManager: Mounting plugin WindowsMoviePlayer
LogInit: Using libcurl 7.47.1
LogInit:  - built for x86_64-pc-win32
LogInit:  - supports SSL with OpenSSL/1.0.2g
LogInit:  - supports HTTP deflate (compression) using libz 1.2.8
LogInit:  - other features:
LogInit:      CURL_VERSION_SSL
LogInit:      CURL_VERSION_LIBZ
LogInit:      CURL_VERSION_IPV6
LogInit:      CURL_VERSION_ASYNCHDNS
LogInit:      CURL_VERSION_LARGEFILE
LogInit:      CURL_VERSION_IDN
LogInit:  CurlRequestOptions (configurable via config and command line):
LogInit:  - bVerifyPeer = false  - Libcurl will NOT verify peer certificate
LogInit:  - bUseHttpProxy = false  - Libcurl will NOT use HTTP proxy
LogInit:  - bDontReuseConnections = false  - Libcurl will reuse connections
LogInit:  - CertBundlePath = nullptr  - Libcurl will use whatever was configured at build time.
LogInit: Build: ++UE4+Release-4.17-CL-3658906
LogInit: Engine Version: 4.17.2-3658906+++UE4+Release-4.17
LogInit: Compatible Engine Version: 4.17.0-3573198+++UE4+Release-4.17
LogInit: Net CL: 3573198
LogDevObjectVersion: Number of dev versions registered: 16
LogDevObjectVersion:   Dev-Blueprints (B0D832E4-1F89-4F0D-ACCF-7EB736FD4AA2): 10
LogDevObjectVersion:   Dev-Build (E1C64328-A22C-4D53-A36C-8E866417BD8C): 0
LogDevObjectVersion:   Dev-Core (375EC13C-06E4-48FB-B500-84F0262A717E): 2
LogDevObjectVersion:   Dev-Editor (E4B068ED-F494-42E9-A231-DA0B2E46BB41): 20
LogDevObjectVersion:   Dev-Framework (CFFC743F-43B0-4480-9391-14DF171D2073): 28
LogDevObjectVersion:   Dev-Mobile (B02B49B5-BB20-44E9-A304-32B752E40360): 0
LogDevObjectVersion:   Dev-Networking (A4E4105C-59A1-49B5-A7C5-40C4547EDFEE): 0
LogDevObjectVersion:   Dev-Online (39C831C9-5AE6-47DC-9A44-9C173E1C8E7C): 0
LogDevObjectVersion:   Dev-Physics (78F01B33-EBEA-4F98-B9B4-84EACCB95AA2): 0
LogDevObjectVersion:   Dev-Platform (6631380F-2D4D-43E0-8009-CF276956A95A): 0
LogDevObjectVersion:   Dev-Rendering (12F88B9F-8875-4AFC-A67C-D90C383ABD29): 19
LogDevObjectVersion:   Dev-Sequencer (7B5AE74C-D270-4C10-A958-57980B212A5A): 4
LogDevObjectVersion:   Dev-VR (D7296918-1DD6-4BDD-9DE2-64A83CC13884): 0
LogDevObjectVersion:   Dev-LoadTimes (C2A15278-BFE7-4AFE-6C17-90FF531DF755): 1
LogDevObjectVersion:   Private-Geometry (6EACA3D4-40EC-4CC1-B786-8BED09428FC5): 1
LogDevObjectVersion:   Dev-AnimPhys (29E575DD-E0A3-4627-9D10-D276232CDCEA): 7
LogInit: Compiled (64-bit): Sep 22 2017 13:47:16
LogInit: Compiled with Visual C++: 19.00.24215.01
LogInit: Build Configuration: Development
LogInit: Branch Name: ++UE4+Release-4.17
LogInit: Command line:  
LogInit: Base directory: D:/Unreal Engine 4/UE_4.17/Engine/Binaries/Win64/
LogInit: Installed Engine Build: 1
LogInit: Presizing for max 8388607 objects, including 0 objects not considered by GC, pre-allocating 0 bytes for permanent pool.
LogInit: Object subsystem initialized
[2018.04.17-12.23.47:118][  0]LogInit: Selected Device Profile: [Windows]
[2018.04.17-12.23.47:118][  0]LogInit: Applying CVar settings loaded from the selected device profile: [Windows]
[2018.04.17-12.23.47:156][  0]LogInit: Computer: DESKTOP-1VGP0IG
[2018.04.17-12.23.47:156][  0]LogInit: User: CristiH
[2018.04.17-12.23.47:156][  0]LogInit: CPU Page size=4096, Cores=4
[2018.04.17-12.23.47:156][  0]LogInit: High frequency timer resolution =2.531245 MHz
[2018.04.17-12.23.47:156][  0]LogMemory: Memory total: Physical=7.8GB (8GB approx)
[2018.04.17-12.23.47:156][  0]LogMemory: Platform Memory Stats for Windows
[2018.04.17-12.23.47:156][  0]LogMemory: Process Physical Memory: 279.37 MB used, 279.37 MB peak
[2018.04.17-12.23.47:156][  0]LogMemory: Process Virtual Memory: 286.41 MB used, 286.41 MB peak
[2018.04.17-12.23.47:156][  0]LogMemory: Physical Memory: 5694.32 MB used,  2325.46 MB free, 8019.78 MB total
[2018.04.17-12.23.47:156][  0]LogMemory: Virtual Memory: 719.20 MB used,  2325.46 MB free, 134217728.00 MB total
[2018.04.17-12.23.47:570][  0]LogInit: Using OS detected language (ro-RO).
[2018.04.17-12.23.47:570][  0]LogInit: Using OS detected locale (ro-RO).
[2018.04.17-12.23.47:572][  0]LogTextLocalizationManager: No localization for 'ro-RO' exists, so 'en' will be used for the language.
[2018.04.17-12.23.47:573][  0]LogTextLocalizationManager: No localization for 'ro-RO' exists, so 'en' will be used for the locale.
[2018.04.17-12.23.49:293][  0]LogD3D11RHI: D3D11 adapters:
[2018.04.17-12.23.49:347][  0]LogD3D11RHI:    0. 'NVIDIA GeForce GTX 960M' (Feature Level 11_0)
[2018.04.17-12.23.49:347][  0]LogD3D11RHI:       4065/0/4009 MB DedicatedVideo/DedicatedSystem/SharedSystem, Outputs:1, VendorId:0x10de
[2018.04.17-12.23.49:356][  0]LogD3D11RHI:    1. 'Intel(R) HD Graphics 530' (Feature Level 11_0)
[2018.04.17-12.23.49:356][  0]LogD3D11RHI:       128/0/4009 MB DedicatedVideo/DedicatedSystem/SharedSystem, Outputs:0, VendorId:0x8086
[2018.04.17-12.23.49:358][  0]LogD3D11RHI:    2. 'Microsoft Basic Render Driver' (Feature Level 11_0)
[2018.04.17-12.23.49:358][  0]LogD3D11RHI:       0/0/4009 MB DedicatedVideo/DedicatedSystem/SharedSystem, Outputs:0, VendorId:0x1414
[2018.04.17-12.23.49:358][  0]LogD3D11RHI: Chosen D3D11 Adapter: 0
[2018.04.17-12.23.49:367][  0]LogD3D11RHI: Creating new Direct3DDevice
[2018.04.17-12.23.49:367][  0]LogD3D11RHI:     GPU DeviceId: 0x139b (for the marketing name, search the web for "GPU Device Id")
[2018.04.17-12.23.49:367][  0]LogWindows: EnumDisplayDevices:
[2018.04.17-12.23.49:367][  0]LogWindows:    0. 'Intel(R) HD Graphics 530' (P:1 D:1)
[2018.04.17-12.23.49:367][  0]LogWindows:    1. 'Intel(R) HD Graphics 530' (P:0 D:0)
[2018.04.17-12.23.49:368][  0]LogWindows:    2. 'Intel(R) HD Graphics 530' (P:0 D:0)
[2018.04.17-12.23.49:368][  0]LogWindows: DebugString: GetVideoDriverDetailsInvalid PrimaryIsNotTheChoosenAdapter GetVideoDriverDetailsInvalid PrimaryIsNotTheChoosenAdapter GetVideoDriverDetailsInvalid PrimaryIsNotTheChoosenAdapter FoundDriverCount:0 
[2018.04.17-12.23.49:368][  0]LogD3D11RHI:     Adapter Name: NVIDIA GeForce GTX 960M
[2018.04.17-12.23.49:368][  0]LogD3D11RHI:   Driver Version: Unknown (internal:Unknown, unified:Unknown)
[2018.04.17-12.23.49:368][  0]LogD3D11RHI:      Driver Date: Unknown
[2018.04.17-12.23.49:368][  0]LogRHI: Texture pool is 1361 MB (70% of 1945 MB)
[2018.04.17-12.23.49:387][  0]LogD3D11RHI: Async texture creation enabled
[2018.04.17-12.23.49:402][  0]LogD3D11RHI: GPU Timing Frequency: 1000.000000 (Debug: 2 1)
[2018.04.17-12.23.49:402][  0]LogShaderCompilers: Guid format shader working directory is -5 characters bigger than the processId version (../../../../../GItHub/mgp-mpg-group-9/Game/Wb - Stable/Intermediate/Shaders/WorkingDirectory/6288/).
[2018.04.17-12.23.49:403][  0]LogShaderCompilers: Cleaned the shader compiler working directory 'C:/Users/Cristi_H/AppData/Local/Temp/UnrealShaderWorkingDir/4486CB814504410916776684FDA049DC/'.
[2018.04.17-12.23.49:403][  0]LogShaderCompilers: Display: Using Local Shader Compiler.
[2018.04.17-12.23.51:050][  0]LogTemp: Display: Loaded TP AllDesktopTargetPlatform
[2018.04.17-12.23.51:109][  0]LogTemp: Display: Loaded TP MacClientTargetPlatform
[2018.04.17-12.23.51:172][  0]LogTemp: Display: Loaded TP MacNoEditorTargetPlatform
[2018.04.17-12.23.51:233][  0]LogTemp: Display: Loaded TP MacServerTargetPlatform
[2018.04.17-12.23.51:304][  0]LogTemp: Display: Loaded TP MacTargetPlatform
[2018.04.17-12.23.51:363][  0]LogTemp: Display: Loaded TP WindowsClientTargetPlatform
[2018.04.17-12.23.51:406][  0]LogTemp: Display: Loaded TP WindowsNoEditorTargetPlatform
[2018.04.17-12.23.51:450][  0]LogTemp: Display: Loaded TP WindowsServerTargetPlatform
[2018.04.17-12.23.51:487][  0]LogTemp: Display: Loaded TP WindowsTargetPlatform
[2018.04.17-12.23.51:539][  0]LogTemp: Display: Loaded TP AndroidTargetPlatform
[2018.04.17-12.23.51:587][  0]LogTemp: Display: Loaded TP Android_ASTCTargetPlatform
[2018.04.17-12.23.51:631][  0]LogTemp: Display: Loaded TP Android_ATCTargetPlatform
[2018.04.17-12.23.51:673][  0]LogTemp: Display: Loaded TP Android_DXTTargetPlatform
[2018.04.17-12.23.51:717][  0]LogTemp: Display: Loaded TP Android_ETC1TargetPlatform
[2018.04.17-12.23.51:763][  0]LogTemp: Display: Loaded TP Android_ETC2TargetPlatform
[2018.04.17-12.23.51:857][  0]LogTemp: Display: Loaded TP Android_MultiTargetPlatform
[2018.04.17-12.23.51:857][  0]LogTemp: Display: Loaded TP Android_PVRTCTargetPlatform
[2018.04.17-12.23.51:893][  0]LogTemp: Display: Loaded TP HTML5TargetPlatform
[2018.04.17-12.23.52:030][  0]LogTemp: Display: Loaded TP IOSTargetPlatform
[2018.04.17-12.23.52:063][  0]LogTemp: Display: Loaded TP TVOSTargetPlatform
[2018.04.17-12.23.52:110][  0]LogTemp: Display: Loaded TP LinuxClientTargetPlatform
[2018.04.17-12.23.52:153][  0]LogTemp: Display: Loaded TP LinuxNoEditorTargetPlatform
[2018.04.17-12.23.52:196][  0]LogTemp: Display: Loaded TP LinuxServerTargetPlatform
[2018.04.17-12.23.52:238][  0]LogTemp: Display: Loaded TP LinuxTargetPlatform
[2018.04.17-12.23.52:238][  0]LogTargetPlatformManager: Display: Building Assets For Windows
[2018.04.17-12.23.52:669][  0]LogDerivedDataCache: Display: Max Cache Size: 512 MB
[2018.04.17-12.23.53:100][  0]LogDerivedDataCache: Loaded boot cache 0.43s 93MB C:/Users/Cristi_H/AppData/Local/UnrealEngine/4.17/DerivedDataCache/Boot.ddc.
[2018.04.17-12.23.53:101][  0]LogDerivedDataCache: Display: Loaded Boot cache: C:/Users/Cristi_H/AppData/Local/UnrealEngine/4.17/DerivedDataCache/Boot.ddc
[2018.04.17-12.23.53:101][  0]LogDerivedDataCache: FDerivedDataBackendGraph:  Pak pak cache file ../../../../../GItHub/mgp-mpg-group-9/Game/Wb - Stable/DerivedDataCache/DDC.ddp not found, will not use a pak cache.
[2018.04.17-12.23.53:101][  0]LogDerivedDataCache: Unable to find inner node Pak for hierarchical cache Hierarchy.
[2018.04.17-12.23.53:101][  0]LogDerivedDataCache: FDerivedDataBackendGraph:  CompressedPak pak cache file ../../../../../GItHub/mgp-mpg-group-9/Game/Wb - Stable/DerivedDataCache/Compressed.ddp not found, will not use a pak cache.
[2018.04.17-12.23.53:101][  0]LogDerivedDataCache: Unable to find inner node CompressedPak for hierarchical cache Hierarchy.
[2018.04.17-12.23.53:121][  0]LogDerivedDataCache: Display: Pak cache opened for reading ../../../Engine/DerivedDataCache/Compressed.ddp.
[2018.04.17-12.23.53:134][  0]LogDerivedDataCache: Using Local data cache path C:/Users/Cristi_H/AppData/Local/UnrealEngine/Common/DerivedDataCache: Writable
[2018.04.17-12.23.53:145][  0]LogMaterial: Verifying Global Shaders for PCD3D_SM5
[2018.04.17-12.23.53:146][  0]LogSlate: Using Freetype 2.6.0
[2018.04.17-12.23.53:167][  0]LogSlate: SlateFontCache - WITH_FREETYPE: 1, WITH_HARFBUZZ: 1
[2018.04.17-12.23.53:167][  0]LogSlate: SlateFontCache - WITH_FREETYPE: 1, WITH_HARFBUZZ: 1
[2018.04.17-12.23.53:902][  0]LogAssetRegistry: FAssetRegistry took 0.0272 seconds to start up
[2018.04.17-12.23.54:025][  0]LogInit: Selected Device Profile: [Windows]
[2018.04.17-12.23.54:500][  0]LogSimplygon: Simplygon DLL not present - disabling.
[2018.04.17-12.23.54:535][  0]LogMeshReduction: Using SimplygonSwarm for distributed automatic mesh merging
[2018.04.17-12.23.54:535][  0]LogMeshReduction: Using QuadricMeshReduction for automatic static mesh reduction
[2018.04.17-12.23.54:535][  0]LogMeshReduction: No automatic skeletal mesh reduction module available
[2018.04.17-12.23.54:535][  0]LogMeshReduction: No automatic mesh merging module available
[2018.04.17-12.23.54:535][  0]LogMeshMerging: No automatic mesh merging module available
[2018.04.17-12.23.54:568][  0]LogContentStreaming: Texture pool size is 0.00 MB
[2018.04.17-12.23.55:219][  0]LogNetVersion: Wb , NetCL: 3573198, EngineNetVer: 2, GameNetVer: 0 (Checksum: 2849618269)
[2018.04.17-12.23.55:439][  0]LogPackageLocalizationCache: Processed 5 localized package path(s) for 1 prioritized culture(s) in 0.028980 seconds
[2018.04.17-12.23.55:448][  0]LogUObjectArray: 35825 objects as part of root set at end of initial load.
[2018.04.17-12.23.55:448][  0]LogUObjectAllocator: 7529104 out of 0 bytes used by permanent object pool.
[2018.04.17-12.23.55:448][  0]LogUObjectArray: CloseDisregardForGC: 0/0 objects in disregard for GC pool
[2018.04.17-12.23.55:502][  0]LogInit: WinSock: version 1.1 (2.2), MaxSocks=32767, MaxUdp=65467
[2018.04.17-12.24.05:358][  0]LogTcpMessaging: Initializing TcpMessaging bridge
[2018.04.17-12.24.05:390][  0]LogUdpMessaging: Initializing bridge on interface 0.0.0.0:0 to multicast group 230.0.0.1:6666.
[2018.04.17-12.24.06:067][  0]LogMaterial: Uniform references updated for custom material expression Custom.
[2018.04.17-12.24.06:428][  0]SourceControl: Source control is disabled
[2018.04.17-12.24.06:428][  0]SourceControl: Source control is disabled
[2018.04.17-12.24.06:465][  0]SourceControl: Source control is disabled
[2018.04.17-12.24.06:502][  0]SourceControl: Source control is disabled
[2018.04.17-12.24.07:149][  0]LogAndroidPermission: UAndroidPermissionCallbackProxy::GetInstance
[2018.04.17-12.24.07:345][  0]LogOcInput: OculusInput pre-init called
[2018.04.17-12.24.07:608][  0]LogEngine: Initializing Engine...
[2018.04.17-12.24.07:610][  0]LogHMD: Failed to initialize OpenVR with code 110
[2018.04.17-12.24.07:859][  0]LogStats: UGameplayTagsManager::ConstructGameplayTagTree: Construct from data asset -  0.000 s
[2018.04.17-12.24.07:860][  0]LogStats: UGameplayTagsManager::ConstructGameplayTagTree: GameplayTagTreeChangedEvent.Broadcast -  0.000 s
[2018.04.17-12.24.07:979][  0]LogAIModule: Creating AISystem for world Untitled
[2018.04.17-12.24.07:989][  0]LogInit: XAudio2 using 'Speakers (Realtek High Definition Audio)' : 2 channels at 48 kHz using 32 bits per sample (channel mask 0x3)
[2018.04.17-12.24.08:005][  0]LogInit: FAudioDevice initialized.
[2018.04.17-12.24.08:683][  0]LogDerivedDataCache: Saved boot cache 0.68s 93MB C:/Users/Cristi_H/AppData/Local/UnrealEngine/4.17/DerivedDataCache/Boot.ddc.
[2018.04.17-12.24.08:696][  0]LogInit: Texture streaming: Enabled
[2018.04.17-12.24.08:791][  0]LogEngineSessionManager: EngineSessionManager initialized
[2018.04.17-12.24.09:006][  0]LogInit: Transaction tracking system initialized
[2018.04.17-12.24.09:258][  0]BlueprintLog: New page: Editor Load
[2018.04.17-12.24.10:071][  0]LocalizationService: Localization service is disabled
[2018.04.17-12.24.10:784][  0]LogConsoleResponse: Display: 
[2018.04.17-12.24.10:959][  0]LogCook: Display: Max memory allowance for cook 16384mb min free memory 0mb
[2018.04.17-12.24.10:959][  0]LogCook: Display: Mobile HDR setting 1
[2018.04.17-12.24.10:959][  0]LogGameplayTags: Display: UGameplayTagsManager::DoneAddingNativeTags. DelegateIsBound: 0
[2018.04.17-12.24.11:208][  0]LogFileCache: Scanning file cache for directory 'D:/GItHub/mgp-mpg-group-9/Game/Wb - Stable/Content/' took 0.01s
[2018.04.17-12.24.12:279][  0]SourceControl: Source control is disabled
[2018.04.17-12.24.12:279][  0]Cmd: MAP LOAD FILE="../../../../../GItHub/mgp-mpg-group-9/Game/Wb - Stable/Content/2DSideScrollerBP/Maps/2DSideScrollerExampleMap.umap" TEMPLATE=0 SHOWPROGRESS=1 FEATURELEVEL=3
[2018.04.17-12.24.12:280][  0]LightingResults: New page: Lighting Build
[2018.04.17-12.24.12:314][  0]MapCheck: New page: Map Check
[2018.04.17-12.24.12:314][  0]LightingResults: New page: Lighting Build
[2018.04.17-12.24.13:806][  0]LogAIModule: Creating AISystem for world 2DSideScrollerExampleMap
[2018.04.17-12.24.13:824][  0]LogEditorServer: Finished looking for orphan Actors (0.000 secs)
[2018.04.17-12.24.13:837][  0]Cmd: MAP CHECKDEP NOCLEARLOG
[2018.04.17-12.24.13:881][  0]MapCheck: Map check complete: 0 Error(s), 0 Warning(s), took 43.706ms to complete.
[2018.04.17-12.24.13:881][  0]LogFileHelpers: Loading map '2DSideScrollerExampleMap' took 1.601
[2018.04.17-12.24.14:051][  0]LogCollectionManager: Loaded 0 collections in 0.000837 seconds
[2018.04.17-12.24.14:126][  0]LogFileCache: Scanning file cache for directory 'D:/GItHub/mgp-mpg-group-9/Game/Wb - Stable/Saved/Collections/' took 0.01s
[2018.04.17-12.24.14:126][  0]LogFileCache: Scanning file cache for directory 'D:/GItHub/mgp-mpg-group-9/Game/Wb - Stable/Content/Developers/CristiH/Collections/' took 0.01s
[2018.04.17-12.24.14:126][  0]LogFileCache: Scanning file cache for directory 'D:/GItHub/mgp-mpg-group-9/Game/Wb - Stable/Content/Collections/' took 0.01s
[2018.04.17-12.24.14:126][  0]LogCollectionManager: Rebuilt the GUID cache for 0 collections in 0.000000 seconds
[2018.04.17-12.24.14:136][  0]LogContentBrowser: Native class hierarchy populated in 0.0100 seconds. Added 2386 classes and 500 folders.
[2018.04.17-12.24.14:190][  0]LogContentBrowser: Native class hierarchy updated for 'WidgetCarousel' in 0.0006 seconds. Added 0 classes and 0 folders.
[2018.04.17-12.24.14:553][  0]LogContentBrowser: Native class hierarchy updated for 'AddContentDialog' in 0.0007 seconds. Added 0 classes and 0 folders.
[2018.04.17-12.24.14:590][  0]LogContentBrowser: Native class hierarchy updated for 'SceneOutliner' in 0.0007 seconds. Added 1 classes and 2 folders.
[2018.04.17-12.24.14:614][  0]LogSlate: Took 0.000214 seconds to synchronously load lazily loaded font '../../../Engine/Content/Slate/Fonts/Roboto-Regular.ttf' (155K)
[2018.04.17-12.24.14:617][  0]LogSlate: Took 0.000303 seconds to synchronously load lazily loaded font '../../../Engine/Content/Slate/Fonts/Roboto-Bold.ttf' (160K)
[2018.04.17-12.24.14:627][  0]LogSlate: Took 0.000476 seconds to synchronously load lazily loaded font '../../../Engine/Content/Editor/Slate/Fonts/FontAwesome.ttf' (139K)
[2018.04.17-12.24.14:756][  0]LogRenderer: Reallocating scene render targets to support 1208x576 Format 10 NumSamples 1 (Frame:1).
[2018.04.17-12.24.14:991][  0]LogContentBrowser: Native class hierarchy updated for 'HierarchicalLODOutliner' in 0.0006 seconds. Added 1 classes and 2 folders.
[2018.04.17-12.24.14:991][  0]LogLoad: (Engine Initialization) Total time: 29.75 seconds
[2018.04.17-12.24.14:991][  0]LogLoad: (Engine Initialization) Total Blueprint compile time: 0.00 seconds
[2018.04.17-12.24.14:991][  0]LogExternalProfiler: Found external profiler: VSPerf
[2018.04.17-12.24.14:991][  0]LogExternalProfiler: Using external profiler: VSPerf
[2018.04.17-12.24.15:349][  0]LogContentStreaming: Texture pool size now 1000 MB
[2018.04.17-12.24.15:397][  0]LogSlate: Took 0.000187 seconds to synchronously load lazily loaded font '../../../Engine/Content/Slate/Fonts/Roboto-Light.ttf' (159K)
[2018.04.17-12.24.15:672][  1]LogAssetRegistry: Asset discovery search completed in 21.7927 seconds
[2018.04.17-12.24.15:674][  1]LogCollectionManager: Rebuilt the object cache for 0 collections in 0.000001 seconds (found 0 objects)
[2018.04.17-12.24.15:674][  1]LogCollectionManager: Fixed up redirectors for 0 collections in 0.000133 seconds (updated 0 objects)
[2018.04.17-12.25.19:384][321]LogEditorViewport: Clicking on Actor (LMB): 2DSideScrollerCharacter_C (2DSideScrollerCharacter)
[2018.04.17-12.25.19:899][344]LogSlate: Took 0.000310 seconds to synchronously load lazily loaded font '../../../Engine/Content/Editor/Slate/Fonts/Roboto-Italic.ttf' (157K)
[2018.04.17-12.25.29:163][889]LogEditorViewport: Clicking on Actor (LMB): PaperSpriteActor (Background_Sprite)
[2018.04.17-12.25.35:453][259]LogTemp: Repeating last play command: Selected Viewport
[2018.04.17-12.25.35:672][259]LogBlueprintUserMessages: Early PlayInEditor Detection: Level '/Game/2DSideScrollerBP/Maps/2DSideScrollerExampleMap.2DSideScrollerExampleMap:PersistentLevel' has LevelScriptBlueprint '/Game/2DSideScrollerBP/Maps/2DSideScrollerExampleMap.2DSideScrollerExampleMap:PersistentLevel.2DSideScrollerExampleMap' with GeneratedClass '/Game/2DSideScrollerBP/Maps/2DSideScrollerExampleMap.2DSideScrollerExampleMap_C' with ClassGeneratedBy '/Game/2DSideScrollerBP/Maps/2DSideScrollerExampleMap.2DSideScrollerExampleMap:PersistentLevel.2DSideScrollerExampleMap'
[2018.04.17-12.25.35:673][259]LogPlayLevel: PlayLevel: No blueprints needed recompiling
[2018.04.17-12.25.35:673][259]PIE: New page: PIE session: 2DSideScrollerExampleMap (Apr 17, 2018, 2:25:35 PM)
[2018.04.17-12.25.35:673][259]LogPlayLevel: Creating play world package: /Game/2DSideScrollerBP/Maps/UEDPIE_0_2DSideScrollerExampleMap
[2018.04.17-12.25.35:680][259]LogPlayLevel: PIE: StaticDuplicateObject took: (0.006739s)
[2018.04.17-12.25.35:681][259]LogAIModule: Creating AISystem for world 2DSideScrollerExampleMap
[2018.04.17-12.25.35:682][259]LogPlayLevel: PIE: World Init took: (0.001758s)
[2018.04.17-12.25.35:682][259]LogPlayLevel: PIE: Created PIE world by copying editor world from /Game/2DSideScrollerBP/Maps/2DSideScrollerExampleMap.2DSideScrollerExampleMap to /Game/2DSideScrollerBP/Maps/UEDPIE_0_2DSideScrollerExampleMap.2DSideScrollerExampleMap (0.008952s)
[2018.04.17-12.25.35:694][259]LogInit: XAudio2 using 'Speakers (Realtek High Definition Audio)' : 2 channels at 48 kHz using 32 bits per sample (channel mask 0x3)
[2018.04.17-12.25.35:704][259]LogInit: FAudioDevice initialized.
[2018.04.17-12.25.35:753][259]LogLoad: Game class is '2DSideScrollerGameMode_C'
[2018.04.17-12.25.35:757][259]LogWorld: Bringing World /Game/2DSideScrollerBP/Maps/UEDPIE_0_2DSideScrollerExampleMap.2DSideScrollerExampleMap up for play (max tick rate 60) at 2018.04.17-13.25.35
[2018.04.17-12.25.35:757][259]LogWorld: Bringing up level for play took: 0.002258
[2018.04.17-12.25.35:793][259]LogContentBrowser: Native class hierarchy updated for 'MovieSceneCapture' in 0.0006 seconds. Added 11 classes and 0 folders.
[2018.04.17-12.25.35:795][259]PIE: Play in editor start time for /Game/2DSideScrollerBP/Maps/UEDPIE_0_2DSideScrollerExampleMap 0.213
[2018.04.17-12.25.35:795][259]LogBlueprintUserMessages: Late PlayInEditor Detection: Level '/Game/2DSideScrollerBP/Maps/2DSideScrollerExampleMap.2DSideScrollerExampleMap:PersistentLevel' has LevelScriptBlueprint '/Game/2DSideScrollerBP/Maps/2DSideScrollerExampleMap.2DSideScrollerExampleMap:PersistentLevel.2DSideScrollerExampleMap' with GeneratedClass '/Game/2DSideScrollerBP/Maps/2DSideScrollerExampleMap.2DSideScrollerExampleMap_C' with ClassGeneratedBy '/Game/2DSideScrollerBP/Maps/2DSideScrollerExampleMap.2DSideScrollerExampleMap:PersistentLevel.2DSideScrollerExampleMap'
[2018.04.17-12.25.36:471][293]LogBlueprintUserMessages: [Sphere_C_0] 1500.0
[2018.04.17-12.25.37:438][351]LogBlueprintUserMessages: [Sphere_C_1] 375.0
[2018.04.17-12.25.37:938][381]LogBlueprintUserMessages: [Cube_C_0] 240.0
[2018.04.17-12.25.39:105][451]LogBlueprintUserMessages: [Cube_C_1] 120.0
[2018.04.17-12.25.40:139][513]LogBlueprintUserMessages: [Ledge_C_0] 1875.0
[2018.04.17-12.25.40:938][561]LogBlueprintUserMessages: [Ledge_C_1] 3000.000244
[2018.04.17-12.25.41:888][618]LogBlueprintUserMessages: [Egg_C_0] 3750.000488
[2018.04.17-12.25.42:272][641]LogBlueprintUserMessages: Early EndPlayMap Detection: Level '/Game/2DSideScrollerBP/Maps/2DSideScrollerExampleMap.2DSideScrollerExampleMap:PersistentLevel' has LevelScriptBlueprint '/Game/2DSideScrollerBP/Maps/2DSideScrollerExampleMap.2DSideScrollerExampleMap:PersistentLevel.2DSideScrollerExampleMap' with GeneratedClass '/Game/2DSideScrollerBP/Maps/2DSideScrollerExampleMap.2DSideScrollerExampleMap_C' with ClassGeneratedBy '/Game/2DSideScrollerBP/Maps/2DSideScrollerExampleMap.2DSideScrollerExampleMap:PersistentLevel.2DSideScrollerExampleMap'
[2018.04.17-12.25.42:321][641]LogBlueprintUserMessages: Late EndPlayMap Detection: Level '/Game/2DSideScrollerBP/Maps/2DSideScrollerExampleMap.2DSideScrollerExampleMap:PersistentLevel' has LevelScriptBlueprint '/Game/2DSideScrollerBP/Maps/2DSideScrollerExampleMap.2DSideScrollerExampleMap:PersistentLevel.2DSideScrollerExampleMap' with GeneratedClass '/Game/2DSideScrollerBP/Maps/2DSideScrollerExampleMap.2DSideScrollerExampleMap_C' with ClassGeneratedBy '/Game/2DSideScrollerBP/Maps/2DSideScrollerExampleMap.2DSideScrollerExampleMap:PersistentLevel.2DSideScrollerExampleMap'
[2018.04.17-12.26.15:485][606]LogTemp: Repeating last play command: Selected Viewport
[2018.04.17-12.26.15:508][606]LogBlueprintUserMessages: Early PlayInEditor Detection: Level '/Game/2DSideScrollerBP/Maps/2DSideScrollerExampleMap.2DSideScrollerExampleMap:PersistentLevel' has LevelScriptBlueprint '/Game/2DSideScrollerBP/Maps/2DSideScrollerExampleMap.2DSideScrollerExampleMap:PersistentLevel.2DSideScrollerExampleMap' with GeneratedClass '/Game/2DSideScrollerBP/Maps/2DSideScrollerExampleMap.2DSideScrollerExampleMap_C' with ClassGeneratedBy '/Game/2DSideScrollerBP/Maps/2DSideScrollerExampleMap.2DSideScrollerExampleMap:PersistentLevel.2DSideScrollerExampleMap'
[2018.04.17-12.26.15:508][606]LogPlayLevel: PlayLevel: No blueprints needed recompiling
[2018.04.17-12.26.15:509][606]PIE: New page: PIE session: 2DSideScrollerExampleMap (Apr 17, 2018, 2:26:15 PM)
[2018.04.17-12.26.15:509][606]LogPlayLevel: Creating play world package: /Game/2DSideScrollerBP/Maps/UEDPIE_0_2DSideScrollerExampleMap
[2018.04.17-12.26.15:514][606]LogPlayLevel: PIE: StaticDuplicateObject took: (0.005086s)
[2018.04.17-12.26.15:514][606]LogAIModule: Creating AISystem for world 2DSideScrollerExampleMap
[2018.04.17-12.26.15:515][606]LogPlayLevel: PIE: World Init took: (0.000795s)
[2018.04.17-12.26.15:515][606]LogPlayLevel: PIE: Created PIE world by copying editor world from /Game/2DSideScrollerBP/Maps/2DSideScrollerExampleMap.2DSideScrollerExampleMap to /Game/2DSideScrollerBP/Maps/UEDPIE_0_2DSideScrollerExampleMap.2DSideScrollerExampleMap (0.006227s)
[2018.04.17-12.26.15:556][606]LogInit: XAudio2 using 'Speakers (Realtek High Definition Audio)' : 2 channels at 48 kHz using 32 bits per sample (channel mask 0x3)
[2018.04.17-12.26.15:566][606]LogInit: FAudioDevice initialized.
[2018.04.17-12.26.15:597][606]LogLoad: Game class is '2DSideScrollerGameMode_C'
[2018.04.17-12.26.15:600][606]LogWorld: Bringing World /Game/2DSideScrollerBP/Maps/UEDPIE_0_2DSideScrollerExampleMap.2DSideScrollerExampleMap up for play (max tick rate 60) at 2018.04.17-13.26.15
[2018.04.17-12.26.15:600][606]LogWorld: Bringing up level for play took: 0.002071
[2018.04.17-12.26.15:602][606]PIE: Play in editor start time for /Game/2DSideScrollerBP/Maps/UEDPIE_0_2DSideScrollerExampleMap 0.02
[2018.04.17-12.26.15:602][606]LogBlueprintUserMessages: Late PlayInEditor Detection: Level '/Game/2DSideScrollerBP/Maps/2DSideScrollerExampleMap.2DSideScrollerExampleMap:PersistentLevel' has LevelScriptBlueprint '/Game/2DSideScrollerBP/Maps/2DSideScrollerExampleMap.2DSideScrollerExampleMap:PersistentLevel.2DSideScrollerExampleMap' with GeneratedClass '/Game/2DSideScrollerBP/Maps/2DSideScrollerExampleMap.2DSideScrollerExampleMap_C' with ClassGeneratedBy '/Game/2DSideScrollerBP/Maps/2DSideScrollerExampleMap.2DSideScrollerExampleMap:PersistentLevel.2DSideScrollerExampleMap'
[2018.04.17-12.26.16:406][654]LogBlueprintUserMessages: [Sphere_C_0] 1875.0
[2018.04.17-12.26.16:922][685]LogBlueprintUserMessages: [Sphere_C_1] 3000.000244
[2018.04.17-12.26.17:256][705]LogBlueprintUserMessages: [Cube_C_0] 600.000061
[2018.04.17-12.26.17:722][733]LogBlueprintUserMessages: Early EndPlayMap Detection: Level '/Game/2DSideScrollerBP/Maps/2DSideScrollerExampleMap.2DSideScrollerExampleMap:PersistentLevel' has LevelScriptBlueprint '/Game/2DSideScrollerBP/Maps/2DSideScrollerExampleMap.2DSideScrollerExampleMap:PersistentLevel.2DSideScrollerExampleMap' with GeneratedClass '/Game/2DSideScrollerBP/Maps/2DSideScrollerExampleMap.2DSideScrollerExampleMap_C' with ClassGeneratedBy '/Game/2DSideScrollerBP/Maps/2DSideScrollerExampleMap.2DSideScrollerExampleMap:PersistentLevel.2DSideScrollerExampleMap'
[2018.04.17-12.26.17:800][733]LogBlueprintUserMessages: Late EndPlayMap Detection: Level '/Game/2DSideScrollerBP/Maps/2DSideScrollerExampleMap.2DSideScrollerExampleMap:PersistentLevel' has LevelScriptBlueprint '/Game/2DSideScrollerBP/Maps/2DSideScrollerExampleMap.2DSideScrollerExampleMap:PersistentLevel.2DSideScrollerExampleMap' with GeneratedClass '/Game/2DSideScrollerBP/Maps/2DSideScrollerExampleMap.2DSideScrollerExampleMap_C' with ClassGeneratedBy '/Game/2DSideScrollerBP/Maps/2DSideScrollerExampleMap.2DSideScrollerExampleMap:PersistentLevel.2DSideScrollerExampleMap'
[2018.04.17-12.27.12:050][975]LogTemp: Repeating last play command: Selected Viewport
[2018.04.17-12.27.12:077][975]LogBlueprintUserMessages: Early PlayInEditor Detection: Level '/Game/2DSideScrollerBP/Maps/2DSideScrollerExampleMap.2DSideScrollerExampleMap:PersistentLevel' has LevelScriptBlueprint '/Game/2DSideScrollerBP/Maps/2DSideScrollerExampleMap.2DSideScrollerExampleMap:PersistentLevel.2DSideScrollerExampleMap' with GeneratedClass '/Game/2DSideScrollerBP/Maps/2DSideScrollerExampleMap.2DSideScrollerExampleMap_C' with ClassGeneratedBy '/Game/2DSideScrollerBP/Maps/2DSideScrollerExampleMap.2DSideScrollerExampleMap:PersistentLevel.2DSideScrollerExampleMap'
[2018.04.17-12.27.12:077][975]LogPlayLevel: PlayLevel: No blueprints needed recompiling
[2018.04.17-12.27.12:077][975]PIE: New page: PIE session: 2DSideScrollerExampleMap (Apr 17, 2018, 2:27:12 PM)
[2018.04.17-12.27.12:077][975]LogPlayLevel: Creating play world package: /Game/2DSideScrollerBP/Maps/UEDPIE_0_2DSideScrollerExampleMap
[2018.04.17-12.27.12:082][975]LogPlayLevel: PIE: StaticDuplicateObject took: (0.004571s)
[2018.04.17-12.27.12:083][975]LogAIModule: Creating AISystem for world 2DSideScrollerExampleMap
[2018.04.17-12.27.12:083][975]LogPlayLevel: PIE: World Init took: (0.000951s)
[2018.04.17-12.27.12:083][975]LogPlayLevel: PIE: Created PIE world by copying editor world from /Game/2DSideScrollerBP/Maps/2DSideScrollerExampleMap.2DSideScrollerExampleMap to /Game/2DSideScrollerBP/Maps/UEDPIE_0_2DSideScrollerExampleMap.2DSideScrollerExampleMap (0.005867s)
[2018.04.17-12.27.12:125][975]LogInit: XAudio2 using 'Speakers (Realtek High Definition Audio)' : 2 channels at 48 kHz using 32 bits per sample (channel mask 0x3)
[2018.04.17-12.27.12:135][975]LogInit: FAudioDevice initialized.
[2018.04.17-12.27.12:172][975]LogLoad: Game class is '2DSideScrollerGameMode_C'
[2018.04.17-12.27.12:176][975]LogWorld: Bringing World /Game/2DSideScrollerBP/Maps/UEDPIE_0_2DSideScrollerExampleMap.2DSideScrollerExampleMap up for play (max tick rate 60) at 2018.04.17-13.27.12
[2018.04.17-12.27.12:177][975]LogWorld: Bringing up level for play took: 0.002805
[2018.04.17-12.27.12:179][975]PIE: Play in editor start time for /Game/2DSideScrollerBP/Maps/UEDPIE_0_2DSideScrollerExampleMap 0.596
[2018.04.17-12.27.12:179][975]LogBlueprintUserMessages: Late PlayInEditor Detection: Level '/Game/2DSideScrollerBP/Maps/2DSideScrollerExampleMap.2DSideScrollerExampleMap:PersistentLevel' has LevelScriptBlueprint '/Game/2DSideScrollerBP/Maps/2DSideScrollerExampleMap.2DSideScrollerExampleMap:PersistentLevel.2DSideScrollerExampleMap' with GeneratedClass '/Game/2DSideScrollerBP/Maps/2DSideScrollerExampleMap.2DSideScrollerExampleMap_C' with ClassGeneratedBy '/Game/2DSideScrollerBP/Maps/2DSideScrollerExampleMap.2DSideScrollerExampleMap:PersistentLevel.2DSideScrollerExampleMap'
[2018.04.17-12.27.12:834][ 14]LogBlueprintUserMessages: [Sphere_C_0] 1125.0
[2018.04.17-12.27.13:401][ 48]LogBlueprintUserMessages: [Sphere_C_1] 2250.0
[2018.04.17-12.27.13:951][ 81]LogBlueprintUserMessages: [Cube_C_0] 540.000061
[2018.04.17-12.27.14:718][127]LogBlueprintUserMessages: [Cube_C_1] 120.0
[2018.04.17-12.27.16:101][210]LogBlueprintUserMessages: [Ledge_C_0] 2625.000244
[2018.04.17-12.27.16:668][244]LogBlueprintUserMessages: [Ledge_C_1] 3750.000488
[2018.04.17-12.27.17:168][274]LogBlueprintUserMessages: [Egg_C_0] 1125.0
[2018.04.17-12.27.18:735][368]LogBlueprintUserMessages: [Egg_C_1] 2625.000244
[2018.04.17-12.27.21:068][508]LogBlueprintUserMessages: Early EndPlayMap Detection: Level '/Game/2DSideScrollerBP/Maps/2DSideScrollerExampleMap.2DSideScrollerExampleMap:PersistentLevel' has LevelScriptBlueprint '/Game/2DSideScrollerBP/Maps/2DSideScrollerExampleMap.2DSideScrollerExampleMap:PersistentLevel.2DSideScrollerExampleMap' with GeneratedClass '/Game/2DSideScrollerBP/Maps/2DSideScrollerExampleMap.2DSideScrollerExampleMap_C' with ClassGeneratedBy '/Game/2DSideScrollerBP/Maps/2DSideScrollerExampleMap.2DSideScrollerExampleMap:PersistentLevel.2DSideScrollerExampleMap'
[2018.04.17-12.27.21:143][508]LogBlueprintUserMessages: Late EndPlayMap Detection: Level '/Game/2DSideScrollerBP/Maps/2DSideScrollerExampleMap.2DSideScrollerExampleMap:PersistentLevel' has LevelScriptBlueprint '/Game/2DSideScrollerBP/Maps/2DSideScrollerExampleMap.2DSideScrollerExampleMap:PersistentLevel.2DSideScrollerExampleMap' with GeneratedClass '/Game/2DSideScrollerBP/Maps/2DSideScrollerExampleMap.2DSideScrollerExampleMap_C' with ClassGeneratedBy '/Game/2DSideScrollerBP/Maps/2DSideScrollerExampleMap.2DSideScrollerExampleMap:PersistentLevel.2DSideScrollerExampleMap'
[2018.04.17-12.27.24:929][648]LogSlate: Took 0.000151 seconds to synchronously load lazily loaded font '../../../Engine/Content/Slate/Fonts/Roboto-Light.ttf' (159K)
[2018.04.17-12.27.25:218][648]LogSavePackage: Save=205.86ms
[2018.04.17-12.27.25:218][648]LogSavePackage: Moving '../../../../../GItHub/mgp-mpg-group-9/Game/Wb - Stable/Saved/2DSideScrollerExampleMap42AA74F74386280988676B8F9854B7A0.tmp' to '../../../../../GItHub/mgp-mpg-group-9/Game/Wb - Stable/Content/2DSideScrollerBP/Maps/2DSideScrollerExampleMap.umap'
[2018.04.17-12.27.25:223][648]LogSavePackage: Display: Finished SavePackage ../../../../../GItHub/mgp-mpg-group-9/Game/Wb - Stable/Content/2DSideScrollerBP/Maps/2DSideScrollerExampleMap.umap
[2018.04.17-12.27.25:264][648]LogFileHelpers: Saving map '2DSideScrollerExampleMap' took 0.320
[2018.04.17-12.27.25:376][648]LogWindowsTextInputMethodSystem: Display: IME system now deactivated.
[2018.04.17-12.27.25:607][649]Cmd: QUIT_EDITOR
[2018.04.17-12.27.26:096][649]LogExit: Preparing to exit.
[2018.04.17-12.27.26:542][649]LogDirectoryWatcher: A directory notification for 'D:/GItHub/mgp-mpg-group-9/Game/Wb - Stable/Content/' was aborted.
[2018.04.17-12.27.26:563][649]LogExit: Editor shut down
[2018.04.17-12.27.26:567][649]LogExit: Transaction tracking system shut down
[2018.04.17-12.27.26:796][649]LogDirectoryWatcher: A directory notification for '../../../Engine/Content/' was aborted.
[2018.04.17-12.27.26:797][649]LogDirectoryWatcher: A directory notification for '../../../../../GItHub/mgp-mpg-group-9/Game/Wb - Stable/Content/' was aborted.
[2018.04.17-12.27.26:797][649]LogDirectoryWatcher: A directory notification for '../../../Engine/Plugins/2D/Paper2D/Content/' was aborted.
[2018.04.17-12.27.26:797][649]LogDirectoryWatcher: A directory notification for '../../../Engine/Plugins/Runtime/Oculus/OculusVR/Content/' was aborted.
[2018.04.17-12.27.26:797][649]LogDirectoryWatcher: A directory notification for '../../../Engine/Plugins/Runtime/Steam/SteamVR/Content/' was aborted.
[2018.04.17-12.27.26:852][649]LogExit: Object subsystem successfully closed.
[2018.04.17-12.27.26:882][649]LogD3D11RHI: Shutdown
[2018.04.17-12.27.26:882][649]LogD3D11RHI: CleanupD3DDevice
[2018.04.17-12.27.27:000][649]LogD3D11RHI: ~FD3D11DynamicRHI
[2018.04.17-12.27.27:009][649]LogModuleManager: Shutting down and abandoning module MovieSceneCapture (532)
[2018.04.17-12.27.27:009][649]LogModuleManager: Shutting down and abandoning module HierarchicalLODOutliner (530)
[2018.04.17-12.27.27:009][649]LogModuleManager: Shutting down and abandoning module SceneOutliner (528)
[2018.04.17-12.27.27:009][649]LogModuleManager: Shutting down and abandoning module AddContentDialog (526)
[2018.04.17-12.27.27:009][649]LogDirectoryWatcher: A directory notification for 'D:/Unreal Engine 4/UE_4.17/FeaturePacks/' was aborted.
[2018.04.17-12.27.27:011][649]LogModuleManager: Shutting down and abandoning module WidgetCarousel (525)
[2018.04.17-12.27.27:011][649]LogModuleManager: Shutting down and abandoning module EditorWidgets (522)
[2018.04.17-12.27.27:011][649]LogModuleManager: Shutting down and abandoning module CollectionManager (520)
[2018.04.17-12.27.27:011][649]LogDirectoryWatcher: A directory notification for 'D:/GItHub/mgp-mpg-group-9/Game/Wb - Stable/Content/Collections/' was aborted.
[2018.04.17-12.27.27:011][649]LogDirectoryWatcher: A directory notification for 'D:/GItHub/mgp-mpg-group-9/Game/Wb - Stable/Content/Developers/CristiH/Collections/' was aborted.
[2018.04.17-12.27.27:011][649]LogDirectoryWatcher: A directory notification for 'D:/GItHub/mgp-mpg-group-9/Game/Wb - Stable/Saved/Collections/' was aborted.
[2018.04.17-12.27.27:011][649]LogModuleManager: Shutting down and abandoning module StatsViewer (518)
[2018.04.17-12.27.27:011][649]LogModuleManager: Shutting down and abandoning module FoliageEdit (516)
[2018.04.17-12.27.27:011][649]LogModuleManager: Shutting down and abandoning module LandscapeEditor (514)
[2018.04.17-12.27.27:011][649]LogModuleManager: Shutting down and abandoning module MeshPaintMode (512)
[2018.04.17-12.27.27:011][649]LogModuleManager: Shutting down and abandoning module SceneDepthPickerMode (510)
[2018.04.17-12.27.27:011][649]LogModuleManager: Shutting down and abandoning module ActorPickerMode (508)
[2018.04.17-12.27.27:011][649]LogModuleManager: Shutting down and abandoning module GeometryMode (506)
[2018.04.17-12.27.27:011][649]LogModuleManager: Shutting down and abandoning module TextureAlignMode (504)
[2018.04.17-12.27.27:011][649]LogModuleManager: Shutting down and abandoning module BspMode (502)
[2018.04.17-12.27.27:012][649]LogModuleManager: Shutting down and abandoning module PIEPreviewDeviceProfileSelector (500)
[2018.04.17-12.27.27:012][649]LogModuleManager: Shutting down and abandoning module HardwareSurvey (498)
[2018.04.17-12.27.27:012][649]LogModuleManager: Shutting down and abandoning module SequenceRecorderSections (496)
[2018.04.17-12.27.27:012][649]LogModuleManager: Shutting down and abandoning module AutomationWorker (494)
[2018.04.17-12.27.27:012][649]LogModuleManager: Shutting down and abandoning module MatineeToLevelSequence (492)
[2018.04.17-12.27.27:012][649]LogModuleManager: Shutting down and abandoning module LevelSequenceEditor (490)
[2018.04.17-12.27.27:012][649]LogModuleManager: Shutting down and abandoning module PlacementMode (489)
[2018.04.17-12.27.27:012][649]LogModuleManager: Shutting down and abandoning module WmfMediaFactory (486)
[2018.04.17-12.27.27:012][649]LogModuleManager: Shutting down and abandoning module WmfMediaEditor (484)
[2018.04.17-12.27.27:012][649]LogModuleManager: Shutting down and abandoning module AvfMediaFactory (482)
[2018.04.17-12.27.27:012][649]LogModuleManager: Shutting down and abandoning module AvfMediaEditor (480)
[2018.04.17-12.27.27:012][649]LogModuleManager: Shutting down and abandoning module AndroidMediaFactory (478)
[2018.04.17-12.27.27:012][649]LogModuleManager: Shutting down and abandoning module Media (477)
[2018.04.17-12.27.27:012][649]LogModuleManager: Shutting down and abandoning module AndroidMediaEditor (474)
[2018.04.17-12.27.27:012][649]LogModuleManager: Shutting down and abandoning module CharacterAI (472)
[2018.04.17-12.27.27:012][649]LogModuleManager: Shutting down and abandoning module AudioCapture (470)
[2018.04.17-12.27.27:012][649]LogModuleManager: Shutting down and abandoning module SequenceRecorder (469)
[2018.04.17-12.27.27:012][649]LogModuleManager: Shutting down and abandoning module SmartSnapping (466)
[2018.04.17-12.27.27:012][649]LogModuleManager: Shutting down and abandoning module SessionServices (464)
[2018.04.17-12.27.27:012][649]LogModuleManager: Shutting down and abandoning module ViewportSnapping (462)
[2018.04.17-12.27.27:012][649]LogModuleManager: Shutting down and abandoning module ViewportInteraction (460)
[2018.04.17-12.27.27:012][649]LogModuleManager: Shutting down and abandoning module ClothPainter (458)
[2018.04.17-12.27.27:012][649]LogModuleManager: Shutting down and abandoning module LogVisualizer (456)
[2018.04.17-12.27.27:012][649]LogModuleManager: Shutting down and abandoning module IntroTutorials (454)
[2018.04.17-12.27.27:012][649]LogModuleManager: Shutting down and abandoning module GameProjectGeneration (453)
[2018.04.17-12.27.27:012][649]LogModuleManager: Shutting down and abandoning module IOSPlatformEditor (450)
[2018.04.17-12.27.27:012][649]LogModuleManager: Shutting down and abandoning module HTML5PlatformEditor (448)
[2018.04.17-12.27.27:012][649]LogModuleManager: Shutting down and abandoning module AndroidPlatformEditor (446)
[2018.04.17-12.27.27:012][649]LogModuleManager: Shutting down and abandoning module AndroidDeviceDetection (445)
[2018.04.17-12.27.27:479][649]LogModuleManager: Shutting down and abandoning module WindowsPlatformEditor (442)
[2018.04.17-12.27.27:479][649]LogModuleManager: Shutting down and abandoning module IOSRuntimeSettings (440)
[2018.04.17-12.27.27:479][649]LogModuleManager: Shutting down and abandoning module AndroidRuntimeSettings (438)
[2018.04.17-12.27.27:479][649]LogModuleManager: Shutting down and abandoning module InputBindingEditor (436)
[2018.04.17-12.27.27:479][649]LogModuleManager: Shutting down and abandoning module MergeActors (434)
[2018.04.17-12.27.27:479][649]LogModuleManager: Shutting down and abandoning module SizeMap (432)
[2018.04.17-12.27.27:479][649]LogModuleManager: Shutting down and abandoning module TreeMap (430)
[2018.04.17-12.27.27:479][649]LogModuleManager: Shutting down and abandoning module ReferenceViewer (428)
[2018.04.17-12.27.27:479][649]LogModuleManager: Shutting down and abandoning module LocalizationDashboard (426)
[2018.04.17-12.27.27:479][649]LogModuleManager: Shutting down and abandoning module LocalizationService (425)
[2018.04.17-12.27.27:479][649]LogModuleManager: Shutting down and abandoning module HardwareTargeting (422)
[2018.04.17-12.27.27:479][649]LogModuleManager: Shutting down and abandoning module DeviceProfileEditor (420)
[2018.04.17-12.27.27:479][649]LogModuleManager: Shutting down and abandoning module UndoHistory (418)
[2018.04.17-12.27.27:479][649]LogModuleManager: Shutting down and abandoning module XmlParser (416)
[2018.04.17-12.27.27:479][649]LogModuleManager: Shutting down and abandoning module Blutility (414)
[2018.04.17-12.27.27:479][649]LogModuleManager: Shutting down and abandoning module ProjectSettingsViewer (412)
[2018.04.17-12.27.27:479][649]LogModuleManager: Shutting down and abandoning module ProjectTargetPlatformEditor (411)
[2018.04.17-12.27.27:479][649]LogModuleManager: Shutting down and abandoning module EditorSettingsViewer (408)
[2018.04.17-12.27.27:479][649]LogModuleManager: Shutting down and abandoning module SettingsEditor (406)
[2018.04.17-12.27.27:479][649]LogModuleManager: Shutting down and abandoning module ProjectLauncher (404)
[2018.04.17-12.27.27:479][649]LogModuleManager: Shutting down and abandoning module SessionFrontend (402)
[2018.04.17-12.27.27:479][649]LogModuleManager: Shutting down and abandoning module ProfilerClient (400)
[2018.04.17-12.27.27:479][649]LogModuleManager: Shutting down and abandoning module DeviceManager (398)
[2018.04.17-12.27.27:479][649]LogModuleManager: Shutting down and abandoning module TargetDeviceServices (397)
[2018.04.17-12.27.27:543][649]LogModuleManager: Shutting down and abandoning module AutomationController (394)
[2018.04.17-12.27.27:543][649]LogModuleManager: Shutting down and abandoning module AutomationWindow (392)
[2018.04.17-12.27.27:543][649]LogModuleManager: Shutting down and abandoning module Layers (390)
[2018.04.17-12.27.27:543][649]LogModuleManager: Shutting down and abandoning module ComponentVisualizers (388)
[2018.04.17-12.27.27:543][649]LogModuleManager: Shutting down and abandoning module DetailCustomizations (386)
[2018.04.17-12.27.27:543][649]LogModuleManager: Shutting down and abandoning module PackagesDialog (384)
[2018.04.17-12.27.27:543][649]LogModuleManager: Shutting down and abandoning module Persona (382)
[2018.04.17-12.27.27:543][649]LogModuleManager: Shutting down and abandoning module AdvancedPreviewScene (381)
[2018.04.17-12.27.27:543][649]LogModuleManager: Shutting down and abandoning module AnimGraph (379)
[2018.04.17-12.27.27:543][649]LogModuleManager: Shutting down and abandoning module Kismet (376)
[2018.04.17-12.27.27:544][649]LogModuleManager: Shutting down and abandoning module ClassViewer (374)
[2018.04.17-12.27.27:544][649]LogModuleManager: Shutting down and abandoning module Toolbox (372)
[2018.04.17-12.27.27:544][649]LogModuleManager: Shutting down and abandoning module ModuleUI (370)
[2018.04.17-12.27.27:544][649]LogModuleManager: Shutting down and abandoning module MovieSceneTools (368)
[2018.04.17-12.27.27:544][649]LogModuleManager: Shutting down and abandoning module OutputLog (366)
[2018.04.17-12.27.27:544][649]LogModuleManager: Shutting down and abandoning module GammaUI (364)
[2018.04.17-12.27.27:544][649]LogModuleManager: Shutting down and abandoning module Documentation (362)
[2018.04.17-12.27.27:544][649]LogModuleManager: Shutting down and abandoning module MovieSceneTracks (360)
[2018.04.17-12.27.27:544][649]LogModuleManager: Shutting down and abandoning module MovieScene (358)
[2018.04.17-12.27.27:544][649]LogModuleManager: Shutting down and abandoning module Niagara (356)
[2018.04.17-12.27.27:544][649]LogModuleManager: Shutting down and abandoning module NiagaraEditor (355)
[2018.04.17-12.27.27:544][649]LogModuleManager: Shutting down and abandoning module StreamingPauseRendering (352)
[2018.04.17-12.27.27:544][649]LogModuleManager: Shutting down and abandoning module LauncherPlatform (350)
[2018.04.17-12.27.27:544][649]LogModuleManager: Shutting down and abandoning module AnalyticsET (348)
[2018.04.17-12.27.27:544][649]LogModuleManager: Shutting down and abandoning module PortalServices (346)
[2018.04.17-12.27.27:544][649]LogModuleManager: Shutting down and abandoning module PortalRpc (344)
[2018.04.17-12.27.27:544][649]LogModuleManager: Shutting down and abandoning module MessagingRpc (342)
[2018.04.17-12.27.27:544][649]LogModuleManager: Shutting down and abandoning module AIModule (340)
[2018.04.17-12.27.27:544][649]LogModuleManager: Shutting down and abandoning module GameplayDebugger (339)
[2018.04.17-12.27.27:544][649]LogModuleManager: Shutting down and abandoning module AITestSuite (337)
[2018.04.17-12.27.27:544][649]LogModuleManager: Shutting down and abandoning module ProfilerService (334)
[2018.04.17-12.27.27:591][649]LogModuleManager: Shutting down and abandoning module TaskGraph (332)
[2018.04.17-12.27.27:591][649]LogModuleManager: Shutting down and abandoning module SteamVRController (330)
[2018.04.17-12.27.27:591][649]LogModuleManager: Shutting down and abandoning module ProceduralMeshComponentEditor (328)
[2018.04.17-12.27.27:591][649]LogModuleManager: Shutting down and abandoning module ProceduralMeshComponent (326)
[2018.04.17-12.27.27:591][649]LogModuleManager: Shutting down and abandoning module OculusInput (324)
[2018.04.17-12.27.27:591][649]LogModuleManager: Shutting down and abandoning module MobilePatchingUtils (322)
[2018.04.17-12.27.27:591][649]LogModuleManager: Shutting down and abandoning module CustomMeshComponent (320)
[2018.04.17-12.27.27:591][649]LogModuleManager: Shutting down and abandoning module CableComponent (318)
[2018.04.17-12.27.27:591][649]LogModuleManager: Shutting down and abandoning module ArchVisCharacter (316)
[2018.04.17-12.27.27:591][649]LogModuleManager: Shutting down and abandoning module AndroidPermission (314)
[2018.04.17-12.27.27:591][649]LogModuleManager: Shutting down and abandoning module MediaPlayerEditor (310)
[2018.04.17-12.27.27:591][649]LogModuleManager: Shutting down and abandoning module HTML5Networking (308)
[2018.04.17-12.27.27:591][649]LogModuleManager: Shutting down and abandoning module AlembicImporter (306)
[2018.04.17-12.27.27:591][649]LogModuleManager: Shutting down and abandoning module AlembicLibrary (305)
[2018.04.17-12.27.27:591][649]LogModuleManager: Shutting down and abandoning module GeometryCache (304)
[2018.04.17-12.27.27:591][649]LogModuleManager: Shutting down and abandoning module GeometryCacheEd (303)
[2018.04.17-12.27.27:591][649]LogModuleManager: Shutting down and abandoning module SpeedTreeImporter (298)
[2018.04.17-12.27.27:591][649]LogModuleManager: Shutting down and abandoning module PluginBrowser (296)
[2018.04.17-12.27.27:591][649]LogModuleManager: Shutting down and abandoning module MobileLauncherProfileWizard (294)
[2018.04.17-12.27.27:591][649]LogModuleManager: Shutting down and abandoning module VisualStudioSourceCodeAccess (292)
[2018.04.17-12.27.27:591][649]LogModuleManager: Shutting down and abandoning module DesktopPlatform (291)
[2018.04.17-12.27.27:591][649]LogModuleManager: Shutting down and abandoning module UObjectPlugin (288)
[2018.04.17-12.27.27:591][649]LogModuleManager: Shutting down and abandoning module SubversionSourceControl (286)
[2018.04.17-12.27.27:591][649]LogModuleManager: Shutting down and abandoning module PerforceSourceControl (284)
[2018.04.17-12.27.27:591][649]LogModuleManager: Shutting down and abandoning module GitSourceControl (282)
[2018.04.17-12.27.27:591][649]LogModuleManager: Shutting down and abandoning module SourceControl (281)
[2018.04.17-12.27.27:591][649]LogModuleManager: Shutting down and abandoning module LightPropagationVolumeEditor (278)
[2018.04.17-12.27.27:591][649]LogModuleManager: Shutting down and abandoning module PaperTiledImporter (276)
[2018.04.17-12.27.27:591][649]LogModuleManager: Shutting down and abandoning module PaperSpriteSheetImporter (274)
[2018.04.17-12.27.27:592][649]LogModuleManager: Shutting down and abandoning module Paper2DEditor (272)
[2018.04.17-12.27.27:592][649]LogModuleManager: Shutting down and abandoning module MeshPaint (271)
[2018.04.17-12.27.27:592][649]LogModuleManager: Shutting down and abandoning module LevelEditor (269)
[2018.04.17-12.27.27:592][649]LogModuleManager: Shutting down and abandoning module PixelInspectorModule (268)
[2018.04.17-12.27.27:592][649]LogModuleManager: Shutting down and abandoning module MainFrame (266)
[2018.04.17-12.27.27:592][649]LogModuleManager: Shutting down and abandoning module HotReload (265)
[2018.04.17-12.27.27:593][649]LogModuleManager: Shutting down and abandoning module RuntimePhysXCooking (260)
[2018.04.17-12.27.27:593][649]LogModuleManager: Shutting down and abandoning module PhysXVehiclesEditor (258)
[2018.04.17-12.27.27:593][649]LogModuleManager: Shutting down and abandoning module PhysXVehicles (256)
[2018.04.17-12.27.27:593][649]LogModuleManager: Shutting down and abandoning module OculusEditor (254)
[2018.04.17-12.27.27:593][649]LogModuleManager: Shutting down and abandoning module LocationServicesBPLibrary (252)
[2018.04.17-12.27.27:593][649]LogModuleManager: Shutting down and abandoning module ImmediatePhysicsEditor (250)
[2018.04.17-12.27.27:593][649]LogModuleManager: Shutting down and abandoning module ImmediatePhysics (248)
[2018.04.17-12.27.27:593][649]LogModuleManager: Shutting down and abandoning module UdpMessaging (246)
[2018.04.17-12.27.27:695][649]LogModuleManager: Shutting down and abandoning module TcpMessaging (244)
[2018.04.17-12.27.27:795][649]LogModuleManager: Shutting down and abandoning module GameplayTagsEditor (242)
[2018.04.17-12.27.27:795][649]LogModuleManager: Shutting down and abandoning module FacialAnimationEditor (240)
[2018.04.17-12.27.27:795][649]LogModuleManager: Shutting down and abandoning module FacialAnimation (238)
[2018.04.17-12.27.27:795][649]LogModuleManager: Shutting down and abandoning module AssetManagerEditor (236)
[2018.04.17-12.27.27:795][649]LogModuleManager: Shutting down and abandoning module GraphEditor (235)
[2018.04.17-12.27.27:795][649]LogModuleManager: Shutting down and abandoning module ContentBrowser (233)
[2018.04.17-12.27.27:796][649]LogModuleManager: Shutting down and abandoning module LightPropagationVolumeRuntime (230)
[2018.04.17-12.27.27:796][649]LogModuleManager: Shutting down and abandoning module Paper2D (228)
[2018.04.17-12.27.27:796][649]LogModuleManager: Shutting down and abandoning module WindowsMoviePlayer (226)
[2018.04.17-12.27.27:796][649]LogModuleManager: Shutting down and abandoning module WmfMedia (224)
[2018.04.17-12.27.27:798][649]LogModuleManager: Shutting down and abandoning module PacketHandler (222)
[2018.04.17-12.27.27:798][649]LogModuleManager: Shutting down and abandoning module ClothingSystemEditor (220)
[2018.04.17-12.27.27:798][649]LogModuleManager: Shutting down and abandoning module ClothingSystemRuntime (218)
[2018.04.17-12.27.27:798][649]LogModuleManager: Shutting down and abandoning module Overlay (216)
[2018.04.17-12.27.27:798][649]LogModuleManager: Shutting down and abandoning module OverlayEditor (215)
[2018.04.17-12.27.27:798][649]LogModuleManager: Shutting down and abandoning module MediaAssets (212)
[2018.04.17-12.27.27:798][649]LogModuleManager: Shutting down and abandoning module VREditor (210)
[2018.04.17-12.27.27:798][649]LogModuleManager: Shutting down and abandoning module StringTableEditor (208)
[2018.04.17-12.27.27:798][649]LogModuleManager: Shutting down and abandoning module GameplayTasksEditor (206)
[2018.04.17-12.27.27:798][649]LogModuleManager: Shutting down and abandoning module BehaviorTreeEditor (204)
[2018.04.17-12.27.27:799][649]LogModuleManager: Shutting down and abandoning module FunctionalTesting (202)
[2018.04.17-12.27.27:799][649]LogModuleManager: Shutting down and abandoning module CollisionAnalyzer (200)
[2018.04.17-12.27.27:799][649]LogModuleManager: Shutting down and abandoning module WorkspaceMenuStructure (199)
[2018.04.17-12.27.27:799][649]LogModuleManager: Shutting down and abandoning module UMG (196)
[2018.04.17-12.27.27:799][649]LogModuleManager: Shutting down and abandoning module UMGEditor (195)
[2018.04.17-12.27.27:799][649]LogModuleManager: Shutting down and abandoning module Sequencer (194)
[2018.04.17-12.27.27:799][649]LogModuleManager: Shutting down and abandoning module MessageLog (191)
[2018.04.17-12.27.27:799][649]LogModuleManager: Shutting down and abandoning module SlateReflector (186)
[2018.04.17-12.27.27:799][649]LogModuleManager: Shutting down and abandoning module Slate (184)
[2018.04.17-12.27.27:799][649]LogModuleManager: Shutting down and abandoning module EditorStyle (182)
[2018.04.17-12.27.27:801][649]LogModuleManager: Shutting down and abandoning module MRMesh (180)
[2018.04.17-12.27.27:801][649]LogModuleManager: Shutting down and abandoning module SourceCodeAccess (178)
[2018.04.17-12.27.27:801][649]LogModuleManager: Shutting down and abandoning module HeadMountedDisplay (176)
[2018.04.17-12.27.27:801][649]LogModuleManager: Shutting down and abandoning module XAudio2 (174)
[2018.04.17-12.27.27:801][649]LogModuleManager: Shutting down and abandoning module Networking (172)
[2018.04.17-12.27.27:801][649]LogModuleManager: Shutting down and abandoning module Core (168)
[2018.04.17-12.27.27:801][649]LogModuleManager: Shutting down and abandoning module KismetCompiler (164)
[2018.04.17-12.27.27:801][649]LogModuleManager: Shutting down and abandoning module LevelSequence (162)
[2018.04.17-12.27.27:801][649]LogModuleManager: Shutting down and abandoning module MeshUtilities (160)
[2018.04.17-12.27.27:801][649]LogModuleManager: Shutting down and abandoning module MeshMergeUtilities (159)
[2018.04.17-12.27.27:801][649]LogModuleManager: Shutting down and abandoning module MeshReductionInterface (158)
[2018.04.17-12.27.27:801][649]LogModuleManager: Shutting down and abandoning module SimplygonSwarm (157)
[2018.04.17-12.27.27:801][649]LogModuleManager: Shutting down and abandoning module SimplygonMeshReduction (155)
[2018.04.17-12.27.27:801][649]LogModuleManager: Shutting down and abandoning module QuadricMeshReduction (153)
[2018.04.17-12.27.27:801][649]LogModuleManager: Shutting down and abandoning module MaterialBaking (149)
[2018.04.17-12.27.27:801][649]LogModuleManager: Shutting down and abandoning module DirectoryWatcher (146)
[2018.04.17-12.27.27:802][649]LogModuleManager: Shutting down and abandoning module DerivedDataCache (144)
[2018.04.17-12.27.27:898][649]LogDerivedDataCache: Shutdown
[2018.04.17-12.27.27:898][649]LogModuleManager: Shutting down and abandoning module TargetPlatform (142)
[2018.04.17-12.27.27:899][649]LogModuleManager: Shutting down and abandoning module VulkanShaderFormat (141)
[2018.04.17-12.27.27:899][649]LogModuleManager: Shutting down and abandoning module ShaderFormatVectorVM (139)
[2018.04.17-12.27.27:899][649]LogModuleManager: Shutting down and abandoning module ShaderFormatOpenGL (137)
[2018.04.17-12.27.27:899][649]LogModuleManager: Shutting down and abandoning module ShaderFormatD3D (135)
[2018.04.17-12.27.27:899][649]LogModuleManager: Shutting down and abandoning module MetalShaderFormat (133)
[2018.04.17-12.27.27:899][649]LogModuleManager: Shutting down and abandoning module TextureFormatUncompressed (131)
[2018.04.17-12.27.27:899][649]LogModuleManager: Shutting down and abandoning module TextureFormatPVR (129)
[2018.04.17-12.27.27:899][649]LogModuleManager: Shutting down and abandoning module TextureFormatDXT (127)
[2018.04.17-12.27.27:899][649]LogModuleManager: Shutting down and abandoning module TextureFormatIntelISPCTexComp (125)
[2018.04.17-12.27.27:899][649]LogModuleManager: Shutting down and abandoning module TextureFormatASTC (123)
[2018.04.17-12.27.27:899][649]LogModuleManager: Shutting down and abandoning module ImageWrapper (122)
[2018.04.17-12.27.27:899][649]LogModuleManager: Shutting down and abandoning module TextureFormatAndroid (119)
[2018.04.17-12.27.27:899][649]LogModuleManager: Shutting down and abandoning module AudioFormatOpus (117)
[2018.04.17-12.27.27:899][649]LogModuleManager: Shutting down and abandoning module AudioFormatOgg (115)
[2018.04.17-12.27.27:899][649]LogModuleManager: Shutting down and abandoning module AudioFormatADPCM (113)
[2018.04.17-12.27.27:899][649]LogModuleManager: Shutting down and abandoning module LinuxTargetPlatform (111)
[2018.04.17-12.27.27:899][649]LogModuleManager: Shutting down and abandoning module LinuxServerTargetPlatform (109)
[2018.04.17-12.27.27:899][649]LogModuleManager: Shutting down and abandoning module LinuxNoEditorTargetPlatform (107)
[2018.04.17-12.27.27:899][649]LogModuleManager: Shutting down and abandoning module LinuxClientTargetPlatform (105)
[2018.04.17-12.27.27:899][649]LogModuleManager: Shutting down and abandoning module TVOSTargetPlatform (103)
[2018.04.17-12.27.27:899][649]LogModuleManager: Shutting down and abandoning module Messaging (101)
[2018.04.17-12.27.27:899][649]LogModuleManager: Shutting down and abandoning module IOSTargetPlatform (99)
[2018.04.17-12.27.27:899][649]LogModuleManager: Shutting down and abandoning module HTML5TargetPlatform (97)
[2018.04.17-12.27.27:899][649]LogModuleManager: Shutting down and abandoning module Android_PVRTCTargetPlatform (95)
[2018.04.17-12.27.27:899][649]LogModuleManager: Shutting down and abandoning module Android_MultiTargetPlatform (93)
[2018.04.17-12.27.27:899][649]LogModuleManager: Shutting down and abandoning module Android_ETC2TargetPlatform (91)
[2018.04.17-12.27.27:899][649]LogModuleManager: Shutting down and abandoning module Android_ETC1TargetPlatform (89)
[2018.04.17-12.27.27:899][649]LogModuleManager: Shutting down and abandoning module Android_DXTTargetPlatform (87)
[2018.04.17-12.27.27:899][649]LogModuleManager: Shutting down and abandoning module Android_ATCTargetPlatform (85)
[2018.04.17-12.27.27:900][649]LogModuleManager: Shutting down and abandoning module Android_ASTCTargetPlatform (83)
[2018.04.17-12.27.27:900][649]LogModuleManager: Shutting down and abandoning module AndroidTargetPlatform (81)
[2018.04.17-12.27.27:900][649]LogModuleManager: Shutting down and abandoning module WindowsTargetPlatform (79)
[2018.04.17-12.27.27:900][649]LogModuleManager: Shutting down and abandoning module WindowsServerTargetPlatform (77)
[2018.04.17-12.27.27:900][649]LogModuleManager: Shutting down and abandoning module WindowsNoEditorTargetPlatform (75)
[2018.04.17-12.27.27:900][649]LogModuleManager: Shutting down and abandoning module WindowsClientTargetPlatform (73)
[2018.04.17-12.27.27:900][649]LogModuleManager: Shutting down and abandoning module MacTargetPlatform (71)
[2018.04.17-12.27.27:900][649]LogModuleManager: Shutting down and abandoning module MacServerTargetPlatform (69)
[2018.04.17-12.27.27:900][649]LogModuleManager: Shutting down and abandoning module MacNoEditorTargetPlatform (67)
[2018.04.17-12.27.27:900][649]LogModuleManager: Shutting down and abandoning module MacClientTargetPlatform (65)
[2018.04.17-12.27.27:900][649]LogModuleManager: Shutting down and abandoning module AllDesktopTargetPlatform (63)
[2018.04.17-12.27.27:900][649]LogModuleManager: Shutting down and abandoning module InputCore (60)
[2018.04.17-12.27.27:900][649]LogModuleManager: Shutting down and abandoning module Settings (58)
[2018.04.17-12.27.27:900][649]LogModuleManager: Shutting down and abandoning module PhysXCooking (56)
[2018.04.17-12.27.27:900][649]LogModuleManager: Shutting down and abandoning module SteamVR (54)
[2018.04.17-12.27.27:900][649]LogModuleManager: Shutting down and abandoning module OculusHMD (52)
[2018.04.17-12.27.27:900][649]LogModuleManager: Shutting down and abandoning module ExampleDeviceProfileSelector (50)
[2018.04.17-12.27.27:900][649]LogModuleManager: Shutting down and abandoning module OnlineBlueprintSupport (48)
[2018.04.17-12.27.27:900][649]LogModuleManager: Shutting down and abandoning module OnlineSubsystem (44)
[2018.04.17-12.27.27:900][649]LogOnline: Display: Unloading online subsystem: NULL
[2018.04.17-12.27.27:900][649]LogModuleManager: Shutting down and abandoning module XMPP (43)
[2018.04.17-12.27.27:900][649]LogModuleManager: Shutting down and abandoning module HTTP (41)
[2018.04.17-12.27.27:900][649]LogHttp: Display: Http module shutting down, but needs to wait on 1 outstanding Http requests:
[2018.04.17-12.27.27:900][649]LogHttp: Display: 	verb=[POST] url=[https://datarouter.ol.epicgames.com/datarouter/api/v1/public/data?SessionID=%7B42334A4D-436C-DF5F-4833-0DA668476C50%7D&AppID=UEEditor.Rocket.Release&AppVersion=4.17.2-3658906%2B%2B%2BUE4%2BRelease-4.17&UserID=c55b593b4b40d9ada5bb6081b245ca3b%7C7ec9b1a0575541f28e1344993bf04c44%7Cddab452f-aafd-4b40-a6e8-af28cf663c24&AppEnvironment=datacollector-binary&UploadType=eteventstream] status=Processing
[2018.04.17-12.27.27:926][649]LogModuleManager: Shutting down and abandoning module SSL (40)
[2018.04.17-12.27.27:928][649]LogModuleManager: Shutting down and abandoning module AnimationModifiers (36)
[2018.04.17-12.27.27:928][649]LogModuleManager: Shutting down and abandoning module PropertyEditor (35)
[2018.04.17-12.27.27:928][649]LogModuleManager: Shutting down and abandoning module AudioEditor (32)
[2018.04.17-12.27.27:928][649]LogModuleManager: Shutting down and abandoning module TextureCompressor (30)
[2018.04.17-12.27.27:928][649]LogModuleManager: Shutting down and abandoning module ShaderCore (28)
[2018.04.17-12.27.27:928][649]LogModuleManager: Shutting down and abandoning module Landscape (26)
[2018.04.17-12.27.27:928][649]LogModuleManager: Shutting down and abandoning module SlateRHIRenderer (24)
[2018.04.17-12.27.27:928][649]LogModuleManager: Shutting down and abandoning module OpenGLDrv (22)
[2018.04.17-12.27.27:928][649]LogModuleManager: Shutting down and abandoning module D3D11RHI (20)
[2018.04.17-12.27.27:928][649]LogModuleManager: Shutting down and abandoning module AnimGraphRuntime (18)
[2018.04.17-12.27.27:928][649]LogModuleManager: Shutting down and abandoning module Renderer (16)
[2018.04.17-12.27.27:929][649]LogModuleManager: Shutting down and abandoning module Engine (14)
[2018.04.17-12.27.27:929][649]LogModuleManager: Shutting down and abandoning module CoreUObject (12)
[2018.04.17-12.27.27:929][649]LogModuleManager: Shutting down and abandoning module NetworkFile (10)
[2018.04.17-12.27.27:929][649]LogModuleManager: Shutting down and abandoning module CookedIterativeFile (8)
[2018.04.17-12.27.27:929][649]LogModuleManager: Shutting down and abandoning module StreamingFile (6)
[2018.04.17-12.27.27:929][649]LogModuleManager: Shutting down and abandoning module SandboxFile (4)
[2018.04.17-12.27.27:929][649]LogModuleManager: Shutting down and abandoning module PakFile (2)
[2018.04.17-12.27.27:932][649]LogExit: Exiting.
[2018.04.17-12.27.27:951][649]Log file closed, 04/17/18 13:27:27
