Log file open, 03/06/18 03:15:44
LogWindows: Failed to load 'aqProf.dll' (GetLastError=126)
LogWindows: File 'aqProf.dll' does not exist
LogWindows: Failed to load 'VSPerf140.dll' (GetLastError=126)
LogWindows: File 'VSPerf140.dll' does not exist
LogWindows: Failed to load 'VtuneApi.dll' (GetLastError=126)
LogWindows: File 'VtuneApi.dll' does not exist
LogWindows: Failed to load 'VtuneApi32e.dll' (GetLastError=126)
LogWindows: File 'VtuneApi32e.dll' does not exist
LogInit: Display: Running engine for game: Wb
LogPlatformFile: Not using cached read wrapper
LogInit: Display: RandInit(1789557932) SRandInit(1789557932).
LogTaskGraph: Started task graph with 5 named threads and 14 total threads with 3 sets of task threads.
LogStats: Stats thread started at 0.794676
LogD3D11RHI: Aftermath initialized
LogPluginManager: Mounting plugin Paper2D
LogPluginManager: Mounting plugin LightPropagationVolume
LogPluginManager: Mounting plugin CodeLiteSourceCodeAccess
LogPluginManager: Mounting plugin GitSourceControl
LogPluginManager: Mounting plugin KDevelopSourceCodeAccess
LogPluginManager: Mounting plugin NullSourceCodeAccess
LogPluginManager: Mounting plugin PerforceSourceControl
LogPluginManager: Mounting plugin SubversionSourceControl
LogPluginManager: Mounting plugin UObjectPlugin
LogPluginManager: Mounting plugin VisualStudioSourceCodeAccess
LogPluginManager: Mounting plugin XCodeSourceCodeAccess
LogPluginManager: Mounting plugin AssetManagerEditor
LogPluginManager: Mounting plugin AudioCapture
LogPluginManager: Mounting plugin FacialAnimation
LogPluginManager: Mounting plugin GameplayTagsEditor
LogPluginManager: Mounting plugin MobileLauncherProfileWizard
LogPluginManager: Mounting plugin PluginBrowser
LogPluginManager: Mounting plugin SpeedTreeImporter
LogPluginManager: Mounting plugin AlembicImporter
LogPluginManager: Mounting plugin CharacterAI
LogPluginManager: Mounting plugin HTML5Networking
LogPluginManager: Mounting plugin AndroidMedia
LogPluginManager: Mounting plugin AvfMedia
LogPluginManager: Mounting plugin MediaPlayerEditor
LogPluginManager: Mounting plugin WmfMedia
LogPluginManager: Mounting plugin TcpMessaging
LogPluginManager: Mounting plugin UdpMessaging
LogPluginManager: Mounting plugin LevelSequenceEditor
LogPluginManager: Mounting plugin MatineeToLevelSequence
LogPluginManager: Mounting plugin OnlineSubsystemGooglePlay
LogPluginManager: Mounting plugin OnlineSubsystemIOS
LogPluginManager: Mounting plugin OnlineSubsystem
LogPluginManager: Mounting plugin OnlineSubsystemNull
LogPluginManager: Mounting plugin OnlineSubsystemUtils
LogPluginManager: Mounting plugin AndroidDeviceProfileSelector
LogPluginManager: Mounting plugin AndroidMoviePlayer
LogPluginManager: Mounting plugin AndroidPermission
LogPluginManager: Mounting plugin AppleMoviePlayer
LogPluginManager: Mounting plugin ArchVisCharacter
LogPluginManager: Mounting plugin CableComponent
LogPluginManager: Mounting plugin CustomMeshComponent
LogPluginManager: Mounting plugin ExampleDeviceProfileSelector
LogPluginManager: Mounting plugin GoogleCloudMessaging
LogPluginManager: Mounting plugin ImmediatePhysics
LogPluginManager: Mounting plugin IOSDeviceProfileSelector
LogPluginManager: Mounting plugin LinuxDeviceProfileSelector
LogPluginManager: Mounting plugin LocationServicesBPLibrary
LogPluginManager: Mounting plugin MobilePatchingUtils
LogPluginManager: Mounting plugin OculusVR
LogPluginManager: Mounting plugin PhysXVehicles
LogPluginManager: Mounting plugin ProceduralMeshComponent
LogPluginManager: Mounting plugin RuntimePhysXCooking
LogPluginManager: Mounting plugin SteamVR
LogPluginManager: Mounting plugin WindowsMoviePlayer
LogInit: Using libcurl 7.47.1
LogInit:  - built for x86_64-pc-win32
LogInit:  - supports SSL with OpenSSL/1.0.2g
LogInit:  - supports HTTP deflate (compression) using libz 1.2.8
LogInit:  - other features:
LogInit:      CURL_VERSION_SSL
LogInit:      CURL_VERSION_LIBZ
LogInit:      CURL_VERSION_IPV6
LogInit:      CURL_VERSION_ASYNCHDNS
LogInit:      CURL_VERSION_LARGEFILE
LogInit:      CURL_VERSION_IDN
LogInit:  CurlRequestOptions (configurable via config and command line):
LogInit:  - bVerifyPeer = false  - Libcurl will NOT verify peer certificate
LogInit:  - bUseHttpProxy = false  - Libcurl will NOT use HTTP proxy
LogInit:  - bDontReuseConnections = false  - Libcurl will reuse connections
LogInit:  - CertBundlePath = nullptr  - Libcurl will use whatever was configured at build time.
LogInit: Build: ++UE4+Release-4.17-CL-3658906
LogInit: Engine Version: 4.17.2-3658906+++UE4+Release-4.17
LogInit: Compatible Engine Version: 4.17.0-3573198+++UE4+Release-4.17
LogInit: Net CL: 3573198
LogDevObjectVersion: Number of dev versions registered: 16
LogDevObjectVersion:   Dev-Blueprints (B0D832E4-1F89-4F0D-ACCF-7EB736FD4AA2): 10
LogDevObjectVersion:   Dev-Build (E1C64328-A22C-4D53-A36C-8E866417BD8C): 0
LogDevObjectVersion:   Dev-Core (375EC13C-06E4-48FB-B500-84F0262A717E): 2
LogDevObjectVersion:   Dev-Editor (E4B068ED-F494-42E9-A231-DA0B2E46BB41): 20
LogDevObjectVersion:   Dev-Framework (CFFC743F-43B0-4480-9391-14DF171D2073): 28
LogDevObjectVersion:   Dev-Mobile (B02B49B5-BB20-44E9-A304-32B752E40360): 0
LogDevObjectVersion:   Dev-Networking (A4E4105C-59A1-49B5-A7C5-40C4547EDFEE): 0
LogDevObjectVersion:   Dev-Online (39C831C9-5AE6-47DC-9A44-9C173E1C8E7C): 0
LogDevObjectVersion:   Dev-Physics (78F01B33-EBEA-4F98-B9B4-84EACCB95AA2): 0
LogDevObjectVersion:   Dev-Platform (6631380F-2D4D-43E0-8009-CF276956A95A): 0
LogDevObjectVersion:   Dev-Rendering (12F88B9F-8875-4AFC-A67C-D90C383ABD29): 19
LogDevObjectVersion:   Dev-Sequencer (7B5AE74C-D270-4C10-A958-57980B212A5A): 4
LogDevObjectVersion:   Dev-VR (D7296918-1DD6-4BDD-9DE2-64A83CC13884): 0
LogDevObjectVersion:   Dev-LoadTimes (C2A15278-BFE7-4AFE-6C17-90FF531DF755): 1
LogDevObjectVersion:   Private-Geometry (6EACA3D4-40EC-4CC1-B786-8BED09428FC5): 1
LogDevObjectVersion:   Dev-AnimPhys (29E575DD-E0A3-4627-9D10-D276232CDCEA): 7
LogInit: Compiled (64-bit): Sep 22 2017 13:47:16
LogInit: Compiled with Visual C++: 19.00.24215.01
LogInit: Build Configuration: Development
LogInit: Branch Name: ++UE4+Release-4.17
LogInit: Command line:  
LogInit: Base directory: H:/Ue4/UE_4.17/Engine/Binaries/Win64/
LogInit: Installed Engine Build: 1
LogInit: Presizing for max 8388607 objects, including 0 objects not considered by GC, pre-allocating 0 bytes for permanent pool.
LogInit: Object subsystem initialized
[2018.03.06-03.15.45:306][  0]LogInit: Selected Device Profile: [Windows]
[2018.03.06-03.15.45:306][  0]LogInit: Applying CVar settings loaded from the selected device profile: [Windows]
[2018.03.06-03.15.45:328][  0]LogInit: Computer: DESKTOP-7244R5Q
[2018.03.06-03.15.45:328][  0]LogInit: User: tdam
[2018.03.06-03.15.45:328][  0]LogInit: CPU Page size=4096, Cores=4
[2018.03.06-03.15.45:328][  0]LogInit: High frequency timer resolution =3.125014 MHz
[2018.03.06-03.15.45:328][  0]LogMemory: Memory total: Physical=16.0GB (16GB approx)
[2018.03.06-03.15.45:328][  0]LogMemory: Platform Memory Stats for Windows
[2018.03.06-03.15.45:328][  0]LogMemory: Process Physical Memory: 279.17 MB used, 279.17 MB peak
[2018.03.06-03.15.45:328][  0]LogMemory: Process Virtual Memory: 290.11 MB used, 290.11 MB peak
[2018.03.06-03.15.45:328][  0]LogMemory: Physical Memory: 4371.47 MB used,  11961.38 MB free, 16332.86 MB total
[2018.03.06-03.15.45:328][  0]LogMemory: Virtual Memory: 717.23 MB used,  11961.38 MB free, 134217728.00 MB total
[2018.03.06-03.15.45:724][  0]LogInit: Using OS detected language (en-GB).
[2018.03.06-03.15.45:724][  0]LogInit: Using OS detected locale (en-GB).
[2018.03.06-03.15.45:780][  0]LogTextLocalizationManager: No specific localization for 'en-GB' exists, so the 'en' localization will be used.
[2018.03.06-03.15.48:409][  0]LogD3D11RHI: D3D11 adapters:
[2018.03.06-03.15.48:734][  0]LogD3D11RHI:    0. 'NVIDIA GeForce GTX 960' (Feature Level 11_0)
[2018.03.06-03.15.48:734][  0]LogD3D11RHI:       2007/0/8166 MB DedicatedVideo/DedicatedSystem/SharedSystem, Outputs:2, VendorId:0x10de
[2018.03.06-03.15.48:904][  0]LogD3D11RHI:    1. 'Microsoft Basic Render Driver' (Feature Level 11_0)
[2018.03.06-03.15.48:904][  0]LogD3D11RHI:       0/0/8166 MB DedicatedVideo/DedicatedSystem/SharedSystem, Outputs:0, VendorId:0x1414
[2018.03.06-03.15.48:904][  0]LogD3D11RHI: Chosen D3D11 Adapter: 0
[2018.03.06-03.15.48:910][  0]LogD3D11RHI: Creating new Direct3DDevice
[2018.03.06-03.15.48:910][  0]LogD3D11RHI:     GPU DeviceId: 0x1401 (for the marketing name, search the web for "GPU Device Id")
[2018.03.06-03.15.48:910][  0]LogWindows: EnumDisplayDevices:
[2018.03.06-03.15.48:910][  0]LogWindows:    0. 'NVIDIA GeForce GTX 960' (P:0 D:1)
[2018.03.06-03.15.48:910][  0]LogWindows:    1. 'NVIDIA GeForce GTX 960' (P:1 D:1)
[2018.03.06-03.15.48:910][  0]LogWindows:    2. 'NVIDIA GeForce GTX 960' (P:0 D:0)
[2018.03.06-03.15.48:910][  0]LogWindows:    3. 'NVIDIA GeForce GTX 960' (P:0 D:0)
[2018.03.06-03.15.48:911][  0]LogWindows: DebugString: GetVideoDriverDetailsInvalid PrimaryIsNotTheChoosenAdapter GetVideoDriverDetailsInvalid PrimaryIsNotTheChoosenAdapter GetVideoDriverDetailsInvalid PrimaryIsNotTheChoosenAdapter GetVideoDriverDetailsInvalid PrimaryIsNotTheChoosenAdapter FoundDriverCount:0 
[2018.03.06-03.15.48:911][  0]LogD3D11RHI:     Adapter Name: NVIDIA GeForce GTX 960
[2018.03.06-03.15.48:911][  0]LogD3D11RHI:   Driver Version: Unknown (internal:Unknown, unified:Unknown)
[2018.03.06-03.15.48:911][  0]LogD3D11RHI:      Driver Date: Unknown
[2018.03.06-03.15.48:911][  0]LogRHI: Texture pool is 1361 MB (70% of 1945 MB)
[2018.03.06-03.15.48:972][  0]LogD3D11RHI: Async texture creation enabled
[2018.03.06-03.15.49:023][  0]LogD3D11RHI: GPU Timing Frequency: 1000.000000 (Debug: 2 2)
[2018.03.06-03.15.49:072][  0]LogShaderCompilers: Guid format shader working directory is -18 characters bigger than the processId version (C:/Users/tdam/Documents/GitHub/mgp-mpg-group-9/Game/Wb - Stable/Intermediate/Shaders/WorkingDirectory/9716/).
[2018.03.06-03.15.49:072][  0]LogShaderCompilers: Cleaned the shader compiler working directory 'C:/Users/tdam/AppData/Local/Temp/UnrealShaderWorkingDir/DAAB73AE4B70EACEECA6BF86DE86F7B3/'.
[2018.03.06-03.15.49:072][  0]LogShaderCompilers: Display: Using Local Shader Compiler.
[2018.03.06-03.15.51:662][  0]LogTemp: Display: Loaded TP AllDesktopTargetPlatform
[2018.03.06-03.15.51:704][  0]LogTemp: Display: Loaded TP MacClientTargetPlatform
[2018.03.06-03.15.51:745][  0]LogTemp: Display: Loaded TP MacNoEditorTargetPlatform
[2018.03.06-03.15.51:786][  0]LogTemp: Display: Loaded TP MacServerTargetPlatform
[2018.03.06-03.15.51:830][  0]LogTemp: Display: Loaded TP MacTargetPlatform
[2018.03.06-03.15.51:871][  0]LogTemp: Display: Loaded TP WindowsClientTargetPlatform
[2018.03.06-03.15.51:913][  0]LogTemp: Display: Loaded TP WindowsNoEditorTargetPlatform
[2018.03.06-03.15.51:953][  0]LogTemp: Display: Loaded TP WindowsServerTargetPlatform
[2018.03.06-03.15.51:987][  0]LogTemp: Display: Loaded TP WindowsTargetPlatform
[2018.03.06-03.15.52:032][  0]LogTemp: Display: Loaded TP AndroidTargetPlatform
[2018.03.06-03.15.52:073][  0]LogTemp: Display: Loaded TP Android_ASTCTargetPlatform
[2018.03.06-03.15.52:113][  0]LogTemp: Display: Loaded TP Android_ATCTargetPlatform
[2018.03.06-03.15.52:153][  0]LogTemp: Display: Loaded TP Android_DXTTargetPlatform
[2018.03.06-03.15.52:194][  0]LogTemp: Display: Loaded TP Android_ETC1TargetPlatform
[2018.03.06-03.15.52:235][  0]LogTemp: Display: Loaded TP Android_ETC2TargetPlatform
[2018.03.06-03.15.52:319][  0]LogTemp: Display: Loaded TP Android_MultiTargetPlatform
[2018.03.06-03.15.52:319][  0]LogTemp: Display: Loaded TP Android_PVRTCTargetPlatform
[2018.03.06-03.15.52:349][  0]LogTemp: Display: Loaded TP HTML5TargetPlatform
[2018.03.06-03.15.52:453][  0]LogTemp: Display: Loaded TP IOSTargetPlatform
[2018.03.06-03.15.52:478][  0]LogTemp: Display: Loaded TP TVOSTargetPlatform
[2018.03.06-03.15.52:519][  0]LogTemp: Display: Loaded TP LinuxClientTargetPlatform
[2018.03.06-03.15.52:560][  0]LogTemp: Display: Loaded TP LinuxNoEditorTargetPlatform
[2018.03.06-03.15.52:602][  0]LogTemp: Display: Loaded TP LinuxServerTargetPlatform
[2018.03.06-03.15.52:646][  0]LogTemp: Display: Loaded TP LinuxTargetPlatform
[2018.03.06-03.15.52:646][  0]LogTargetPlatformManager: Display: Building Assets For Windows
[2018.03.06-03.15.53:383][  0]LogDerivedDataCache: Display: Max Cache Size: 512 MB
[2018.03.06-03.15.54:034][  0]LogDerivedDataCache: Loaded boot cache 0.65s 93MB C:/Users/tdam/AppData/Local/UnrealEngine/4.17/DerivedDataCache/Boot.ddc.
[2018.03.06-03.15.54:035][  0]LogDerivedDataCache: Display: Loaded Boot cache: C:/Users/tdam/AppData/Local/UnrealEngine/4.17/DerivedDataCache/Boot.ddc
[2018.03.06-03.15.54:035][  0]LogDerivedDataCache: FDerivedDataBackendGraph:  Pak pak cache file C:/Users/tdam/Documents/GitHub/mgp-mpg-group-9/Game/Wb - Stable/DerivedDataCache/DDC.ddp not found, will not use a pak cache.
[2018.03.06-03.15.54:035][  0]LogDerivedDataCache: Unable to find inner node Pak for hierarchical cache Hierarchy.
[2018.03.06-03.15.54:035][  0]LogDerivedDataCache: FDerivedDataBackendGraph:  CompressedPak pak cache file C:/Users/tdam/Documents/GitHub/mgp-mpg-group-9/Game/Wb - Stable/DerivedDataCache/Compressed.ddp not found, will not use a pak cache.
[2018.03.06-03.15.54:035][  0]LogDerivedDataCache: Unable to find inner node CompressedPak for hierarchical cache Hierarchy.
[2018.03.06-03.15.54:063][  0]LogDerivedDataCache: Display: Pak cache opened for reading ../../../Engine/DerivedDataCache/Compressed.ddp.
[2018.03.06-03.15.54:087][  0]LogDerivedDataCache: Using Local data cache path C:/Users/tdam/AppData/Local/UnrealEngine/Common/DerivedDataCache: Writable
[2018.03.06-03.15.54:097][  0]LogMaterial: Verifying Global Shaders for PCD3D_SM5
[2018.03.06-03.15.54:098][  0]LogSlate: Using Freetype 2.6.0
[2018.03.06-03.15.54:111][  0]LogSlate: SlateFontCache - WITH_FREETYPE: 1, WITH_HARFBUZZ: 1
[2018.03.06-03.15.54:111][  0]LogSlate: SlateFontCache - WITH_FREETYPE: 1, WITH_HARFBUZZ: 1
[2018.03.06-03.15.56:713][  0]LogAssetRegistry: FAssetRegistry took 0.0268 seconds to start up
[2018.03.06-03.15.56:846][  0]LogInit: Selected Device Profile: [Windows]
[2018.03.06-03.15.57:442][  0]LogSimplygon: Simplygon DLL not present - disabling.
[2018.03.06-03.15.57:475][  0]LogMeshReduction: Using SimplygonSwarm for distributed automatic mesh merging
[2018.03.06-03.15.57:475][  0]LogMeshReduction: Using QuadricMeshReduction for automatic static mesh reduction
[2018.03.06-03.15.57:475][  0]LogMeshReduction: No automatic skeletal mesh reduction module available
[2018.03.06-03.15.57:476][  0]LogMeshReduction: No automatic mesh merging module available
[2018.03.06-03.15.57:476][  0]LogMeshMerging: No automatic mesh merging module available
[2018.03.06-03.15.57:486][  0]LogContentStreaming: Texture pool size is 0.00 MB
[2018.03.06-03.15.58:176][  0]LogNetVersion: Wb , NetCL: 3573198, EngineNetVer: 2, GameNetVer: 0 (Checksum: 2849618269)
[2018.03.06-03.15.58:489][  0]LogPackageLocalizationCache: Processed 5 localized package path(s) for 2 prioritized culture(s) in 0.054586 seconds
[2018.03.06-03.15.58:496][  0]LogUObjectArray: 35825 objects as part of root set at end of initial load.
[2018.03.06-03.15.58:496][  0]LogUObjectAllocator: 7529104 out of 0 bytes used by permanent object pool.
[2018.03.06-03.15.58:496][  0]LogUObjectArray: CloseDisregardForGC: 0/0 objects in disregard for GC pool
[2018.03.06-03.15.58:539][  0]LogInit: WinSock: version 1.1 (2.2), MaxSocks=32767, MaxUdp=65467
[2018.03.06-03.16.03:278][  0]LogTcpMessaging: Initializing TcpMessaging bridge
[2018.03.06-03.16.03:311][  0]LogUdpMessaging: Initializing bridge on interface 0.0.0.0:0 to multicast group 230.0.0.1:6666.
[2018.03.06-03.16.03:889][  0]LogMaterial: Uniform references updated for custom material expression Custom.
[2018.03.06-03.16.04:221][  0]SourceControl: Source control is disabled
[2018.03.06-03.16.04:221][  0]SourceControl: Source control is disabled
[2018.03.06-03.16.04:264][  0]SourceControl: Source control is disabled
[2018.03.06-03.16.04:301][  0]SourceControl: Source control is disabled
[2018.03.06-03.16.04:802][  0]LogAndroidPermission: UAndroidPermissionCallbackProxy::GetInstance
[2018.03.06-03.16.04:980][  0]LogOcInput: OculusInput pre-init called
[2018.03.06-03.16.05:183][  0]LogEngine: Initializing Engine...
[2018.03.06-03.16.05:185][  0]LogHMD: Failed to initialize OpenVR with code 110
[2018.03.06-03.16.05:392][  0]LogStats: UGameplayTagsManager::ConstructGameplayTagTree: Construct from data asset -  0.000 s
[2018.03.06-03.16.05:392][  0]LogStats: UGameplayTagsManager::ConstructGameplayTagTree: GameplayTagTreeChangedEvent.Broadcast -  0.000 s
[2018.03.06-03.16.05:489][  0]LogAIModule: Creating AISystem for world Untitled
[2018.03.06-03.16.05:520][  0]LogInit: XAudio2 using 'Headphones (SteelSeries Arctis 5 Game)' : 2 channels at 48 kHz using 16 bits per sample (channel mask 0x3)
[2018.03.06-03.16.05:672][  0]LogInit: FAudioDevice initialized.
[2018.03.06-03.16.06:332][  0]LogDerivedDataCache: Saved boot cache 0.66s 93MB C:/Users/tdam/AppData/Local/UnrealEngine/4.17/DerivedDataCache/Boot.ddc.
[2018.03.06-03.16.06:344][  0]LogInit: Texture streaming: Enabled
[2018.03.06-03.16.06:427][  0]LogEngineSessionManager: EngineSessionManager initialized
[2018.03.06-03.16.06:627][  0]LogWindowsTextInputMethodSystem: Display: IME system now deactivated.
[2018.03.06-03.16.06:809][  0]LogInit: Transaction tracking system initialized
[2018.03.06-03.16.07:051][  0]BlueprintLog: New page: Editor Load
[2018.03.06-03.16.07:790][  0]LocalizationService: Localization service is disabled
[2018.03.06-03.16.08:422][  0]LogConsoleResponse: Display: 
[2018.03.06-03.16.08:612][  0]LogCook: Display: Max memory allowance for cook 16384mb min free memory 0mb
[2018.03.06-03.16.08:612][  0]LogCook: Display: Mobile HDR setting 1
[2018.03.06-03.16.08:612][  0]LogGameplayTags: Display: UGameplayTagsManager::DoneAddingNativeTags. DelegateIsBound: 0
[2018.03.06-03.16.08:933][  0]LogFileCache: Scanning file cache for directory 'C:/Users/tdam/Documents/GitHub/mgp-mpg-group-9/Game/Wb - Stable/Content/' took 0.02s
[2018.03.06-03.16.09:546][  0]SourceControl: Source control is disabled
[2018.03.06-03.16.09:546][  0]Cmd: MAP LOAD FILE="C:/Users/tdam/Documents/GitHub/mgp-mpg-group-9/Game/Wb - Stable/Content/2DSideScrollerBP/Maps/2DSideScrollerExampleMap.umap" TEMPLATE=0 SHOWPROGRESS=1 FEATURELEVEL=3
[2018.03.06-03.16.09:547][  0]LightingResults: New page: Lighting Build
[2018.03.06-03.16.09:578][  0]MapCheck: New page: Map Check
[2018.03.06-03.16.09:578][  0]LightingResults: New page: Lighting Build
[2018.03.06-03.16.09:697][  0]LogBlueprint: Warning: [Compiler 2DSideScrollerCharacter] Input pin  Condition  specifying non-default value no longer exists on this node. Please refresh node or reset pin to default value to remove pin.
[2018.03.06-03.16.09:721][  0]LogBlueprint: Warning: [Compiler 2DSideScrollerCharacter] [0028.31] Compile of 2DSideScrollerCharacter successful, but with 1 Warning(s) [in 48 ms] (/Game/2DSideScrollerBP/Blueprints/2DSideScrollerCharacter.2DSideScrollerCharacter)
[2018.03.06-03.16.09:929][  0]LogAIModule: Creating AISystem for world 2DSideScrollerExampleMap
[2018.03.06-03.16.09:944][  0]LogEditorServer: Finished looking for orphan Actors (0.000 secs)
[2018.03.06-03.16.09:959][  0]Cmd: MAP CHECKDEP NOCLEARLOG
[2018.03.06-03.16.10:000][  0]MapCheck: Map check complete: 0 Error(s), 0 Warning(s), took 41.067ms to complete.
[2018.03.06-03.16.10:000][  0]LogFileHelpers: Loading map '2DSideScrollerExampleMap' took 0.454
[2018.03.06-03.16.10:179][  0]LogCollectionManager: Loaded 0 collections in 0.000859 seconds
[2018.03.06-03.16.10:255][  0]LogFileCache: Scanning file cache for directory 'C:/Users/tdam/Documents/GitHub/mgp-mpg-group-9/Game/Wb - Stable/Saved/Collections/' took 0.01s
[2018.03.06-03.16.10:255][  0]LogFileCache: Scanning file cache for directory 'C:/Users/tdam/Documents/GitHub/mgp-mpg-group-9/Game/Wb - Stable/Content/Developers/tdam/Collections/' took 0.01s
[2018.03.06-03.16.10:255][  0]LogFileCache: Scanning file cache for directory 'C:/Users/tdam/Documents/GitHub/mgp-mpg-group-9/Game/Wb - Stable/Content/Collections/' took 0.01s
[2018.03.06-03.16.10:255][  0]LogCollectionManager: Rebuilt the GUID cache for 0 collections in 0.000000 seconds
[2018.03.06-03.16.10:265][  0]LogContentBrowser: Native class hierarchy populated in 0.0103 seconds. Added 2386 classes and 500 folders.
[2018.03.06-03.16.10:317][  0]LogContentBrowser: Native class hierarchy updated for 'WidgetCarousel' in 0.0007 seconds. Added 0 classes and 0 folders.
[2018.03.06-03.16.10:715][  0]LogContentBrowser: Native class hierarchy updated for 'AddContentDialog' in 0.0007 seconds. Added 0 classes and 0 folders.
[2018.03.06-03.16.10:755][  0]LogContentBrowser: Native class hierarchy updated for 'SceneOutliner' in 0.0007 seconds. Added 1 classes and 2 folders.
[2018.03.06-03.16.10:845][  0]LogSlate: Took 0.010137 seconds to synchronously load lazily loaded font '../../../Engine/Content/Slate/Fonts/Roboto-Regular.ttf' (155K)
[2018.03.06-03.16.10:852][  0]LogSlate: Took 0.004464 seconds to synchronously load lazily loaded font '../../../Engine/Content/Slate/Fonts/Roboto-Bold.ttf' (160K)
[2018.03.06-03.16.10:861][  0]LogSlate: Took 0.004370 seconds to synchronously load lazily loaded font '../../../Engine/Content/Editor/Slate/Fonts/FontAwesome.ttf' (139K)
[2018.03.06-03.16.10:989][  0]LogRenderer: Reallocating scene render targets to support 1208x572 Format 10 NumSamples 1 (Frame:1).
[2018.03.06-03.16.11:278][  0]LogContentBrowser: Native class hierarchy updated for 'HierarchicalLODOutliner' in 0.0007 seconds. Added 1 classes and 2 folders.
[2018.03.06-03.16.11:278][  0]LogLoad: (Engine Initialization) Total time: 29.86 seconds
[2018.03.06-03.16.11:278][  0]LogLoad: (Engine Initialization) Total Blueprint compile time: 0.00 seconds
[2018.03.06-03.16.11:278][  0]LogExternalProfiler: No external profilers were discovered.  External profiling features will not be available.
[2018.03.06-03.16.11:308][  0]LogContentStreaming: Texture pool size now 1000 MB
[2018.03.06-03.16.11:352][  0]LogSlate: Took 0.005000 seconds to synchronously load lazily loaded font '../../../Engine/Content/Slate/Fonts/Roboto-Light.ttf' (159K)
[2018.03.06-03.16.11:375][  1]LogAssetRegistry: Asset discovery search completed in 14.6838 seconds
[2018.03.06-03.16.11:378][  1]LogCollectionManager: Rebuilt the object cache for 0 collections in 0.000001 seconds (found 0 objects)
[2018.03.06-03.16.11:378][  1]LogCollectionManager: Fixed up redirectors for 0 collections in 0.000066 seconds (updated 0 objects)
[2018.03.06-03.16.14:729][366]LogTemp: Repeating last play command: Selected Viewport
[2018.03.06-03.16.14:829][366]LogBlueprintUserMessages: Early PlayInEditor Detection: Level '/Game/2DSideScrollerBP/Maps/2DSideScrollerExampleMap.2DSideScrollerExampleMap:PersistentLevel' has LevelScriptBlueprint '/Game/2DSideScrollerBP/Maps/2DSideScrollerExampleMap.2DSideScrollerExampleMap:PersistentLevel.2DSideScrollerExampleMap' with GeneratedClass '/Game/2DSideScrollerBP/Maps/2DSideScrollerExampleMap.2DSideScrollerExampleMap_C' with ClassGeneratedBy '/Game/2DSideScrollerBP/Maps/2DSideScrollerExampleMap.2DSideScrollerExampleMap:PersistentLevel.2DSideScrollerExampleMap'
[2018.03.06-03.16.14:829][366]LogPlayLevel: PlayLevel: No blueprints needed recompiling
[2018.03.06-03.16.14:829][366]PIE: New page: PIE session: 2DSideScrollerExampleMap (6 Mar 2018 03:16:14)
[2018.03.06-03.16.14:829][366]LogPlayLevel: Creating play world package: /Game/2DSideScrollerBP/Maps/UEDPIE_0_2DSideScrollerExampleMap
[2018.03.06-03.16.14:834][366]LogPlayLevel: PIE: StaticDuplicateObject took: (0.004360s)
[2018.03.06-03.16.14:834][366]LogAIModule: Creating AISystem for world 2DSideScrollerExampleMap
[2018.03.06-03.16.14:835][366]LogPlayLevel: PIE: World Init took: (0.000630s)
[2018.03.06-03.16.14:835][366]LogPlayLevel: PIE: Created PIE world by copying editor world from /Game/2DSideScrollerBP/Maps/2DSideScrollerExampleMap.2DSideScrollerExampleMap to /Game/2DSideScrollerBP/Maps/UEDPIE_0_2DSideScrollerExampleMap.2DSideScrollerExampleMap (0.005257s)
[2018.03.06-03.16.14:852][366]LogInit: XAudio2 using 'Headphones (SteelSeries Arctis 5 Game)' : 2 channels at 48 kHz using 16 bits per sample (channel mask 0x3)
[2018.03.06-03.16.14:872][366]LogInit: FAudioDevice initialized.
[2018.03.06-03.16.14:917][366]LogLoad: Game class is '2DSideScrollerGameMode_C'
[2018.03.06-03.16.14:921][366]LogWorld: Bringing World /Game/2DSideScrollerBP/Maps/UEDPIE_0_2DSideScrollerExampleMap.2DSideScrollerExampleMap up for play (max tick rate 0) at 2018.03.06-03.16.14
[2018.03.06-03.16.14:922][366]LogWorld: Bringing up level for play took: 0.002685
[2018.03.06-03.16.14:954][366]LogContentBrowser: Native class hierarchy updated for 'MovieSceneCapture' in 0.0007 seconds. Added 11 classes and 0 folders.
[2018.03.06-03.16.14:955][366]PIE: Play in editor start time for /Game/2DSideScrollerBP/Maps/UEDPIE_0_2DSideScrollerExampleMap -0.346
[2018.03.06-03.16.14:956][366]LogBlueprintUserMessages: Late PlayInEditor Detection: Level '/Game/2DSideScrollerBP/Maps/2DSideScrollerExampleMap.2DSideScrollerExampleMap:PersistentLevel' has LevelScriptBlueprint '/Game/2DSideScrollerBP/Maps/2DSideScrollerExampleMap.2DSideScrollerExampleMap:PersistentLevel.2DSideScrollerExampleMap' with GeneratedClass '/Game/2DSideScrollerBP/Maps/2DSideScrollerExampleMap.2DSideScrollerExampleMap_C' with ClassGeneratedBy '/Game/2DSideScrollerBP/Maps/2DSideScrollerExampleMap.2DSideScrollerExampleMap:PersistentLevel.2DSideScrollerExampleMap'
[2018.03.06-03.16.24:404][488]LogBlueprintUserMessages: [2DSideScrollerCharacter_254] 0.8
[2018.03.06-03.16.25:013][560]LogBlueprintUserMessages: [2DSideScrollerCharacter_254] 0.6
[2018.03.06-03.16.29:065][ 46]LogBlueprintUserMessages: Early EndPlayMap Detection: Level '/Game/2DSideScrollerBP/Maps/2DSideScrollerExampleMap.2DSideScrollerExampleMap:PersistentLevel' has LevelScriptBlueprint '/Game/2DSideScrollerBP/Maps/2DSideScrollerExampleMap.2DSideScrollerExampleMap:PersistentLevel.2DSideScrollerExampleMap' with GeneratedClass '/Game/2DSideScrollerBP/Maps/2DSideScrollerExampleMap.2DSideScrollerExampleMap_C' with ClassGeneratedBy '/Game/2DSideScrollerBP/Maps/2DSideScrollerExampleMap.2DSideScrollerExampleMap:PersistentLevel.2DSideScrollerExampleMap'
[2018.03.06-03.16.29:102][ 46]LogBlueprintUserMessages: Late EndPlayMap Detection: Level '/Game/2DSideScrollerBP/Maps/2DSideScrollerExampleMap.2DSideScrollerExampleMap:PersistentLevel' has LevelScriptBlueprint '/Game/2DSideScrollerBP/Maps/2DSideScrollerExampleMap.2DSideScrollerExampleMap:PersistentLevel.2DSideScrollerExampleMap' with GeneratedClass '/Game/2DSideScrollerBP/Maps/2DSideScrollerExampleMap.2DSideScrollerExampleMap_C' with ClassGeneratedBy '/Game/2DSideScrollerBP/Maps/2DSideScrollerExampleMap.2DSideScrollerExampleMap:PersistentLevel.2DSideScrollerExampleMap'
[2018.03.06-03.16.30:819][231]LogSlate: Took 0.000163 seconds to synchronously load lazily loaded font '../../../Engine/Content/Slate/Fonts/Roboto-Light.ttf' (159K)
[2018.03.06-03.16.31:156][231]LogContentBrowser: Native class hierarchy updated for 'BlueprintGraph' in 0.0010 seconds. Added 113 classes and 0 folders.
[2018.03.06-03.16.31:907][231]LogSlate: Took 0.004721 seconds to synchronously load lazily loaded font '../../../Engine/Content/Editor/Slate/Fonts/Roboto-BoldCondensed.ttf' (158K)
[2018.03.06-03.16.36:683][620]LogSlate: Took 0.005638 seconds to synchronously load lazily loaded font '../../../Engine/Content/Editor/Slate/Fonts/Roboto-Italic.ttf' (157K)
[2018.03.06-03.17.04:253][ 36]LogTemp: Repeating last play command: Selected Viewport
[2018.03.06-03.17.04:284][ 36]LogBlueprintUserMessages: Early PlayInEditor Detection: Level '/Game/2DSideScrollerBP/Maps/2DSideScrollerExampleMap.2DSideScrollerExampleMap:PersistentLevel' has LevelScriptBlueprint '/Game/2DSideScrollerBP/Maps/2DSideScrollerExampleMap.2DSideScrollerExampleMap:PersistentLevel.2DSideScrollerExampleMap' with GeneratedClass '/Game/2DSideScrollerBP/Maps/2DSideScrollerExampleMap.2DSideScrollerExampleMap_C' with ClassGeneratedBy '/Game/2DSideScrollerBP/Maps/2DSideScrollerExampleMap.2DSideScrollerExampleMap:PersistentLevel.2DSideScrollerExampleMap'
[2018.03.06-03.17.04:284][ 36]LogPlayLevel: PlayLevel: No blueprints needed recompiling
[2018.03.06-03.17.04:285][ 36]PIE: New page: PIE session: 2DSideScrollerExampleMap (6 Mar 2018 03:17:04)
[2018.03.06-03.17.04:285][ 36]LogPlayLevel: Creating play world package: /Game/2DSideScrollerBP/Maps/UEDPIE_0_2DSideScrollerExampleMap
[2018.03.06-03.17.04:289][ 36]LogPlayLevel: PIE: StaticDuplicateObject took: (0.004497s)
[2018.03.06-03.17.04:290][ 36]LogAIModule: Creating AISystem for world 2DSideScrollerExampleMap
[2018.03.06-03.17.04:290][ 36]LogPlayLevel: PIE: World Init took: (0.000704s)
[2018.03.06-03.17.04:290][ 36]LogPlayLevel: PIE: Created PIE world by copying editor world from /Game/2DSideScrollerBP/Maps/2DSideScrollerExampleMap.2DSideScrollerExampleMap to /Game/2DSideScrollerBP/Maps/UEDPIE_0_2DSideScrollerExampleMap.2DSideScrollerExampleMap (0.005523s)
[2018.03.06-03.17.04:317][ 36]LogInit: XAudio2 using 'Headphones (SteelSeries Arctis 5 Game)' : 2 channels at 48 kHz using 16 bits per sample (channel mask 0x3)
[2018.03.06-03.17.04:342][ 36]LogInit: FAudioDevice initialized.
[2018.03.06-03.17.04:374][ 36]LogLoad: Game class is '2DSideScrollerGameMode_C'
[2018.03.06-03.17.04:377][ 36]LogWorld: Bringing World /Game/2DSideScrollerBP/Maps/UEDPIE_0_2DSideScrollerExampleMap.2DSideScrollerExampleMap up for play (max tick rate 0) at 2018.03.06-03.17.04
[2018.03.06-03.17.04:377][ 36]LogWorld: Bringing up level for play took: 0.002038
[2018.03.06-03.17.04:378][ 36]PIE: Play in editor start time for /Game/2DSideScrollerBP/Maps/UEDPIE_0_2DSideScrollerExampleMap 1.077
[2018.03.06-03.17.04:379][ 36]LogBlueprintUserMessages: Late PlayInEditor Detection: Level '/Game/2DSideScrollerBP/Maps/2DSideScrollerExampleMap.2DSideScrollerExampleMap:PersistentLevel' has LevelScriptBlueprint '/Game/2DSideScrollerBP/Maps/2DSideScrollerExampleMap.2DSideScrollerExampleMap:PersistentLevel.2DSideScrollerExampleMap' with GeneratedClass '/Game/2DSideScrollerBP/Maps/2DSideScrollerExampleMap.2DSideScrollerExampleMap_C' with ClassGeneratedBy '/Game/2DSideScrollerBP/Maps/2DSideScrollerExampleMap.2DSideScrollerExampleMap:PersistentLevel.2DSideScrollerExampleMap'
[2018.03.06-03.17.05:825][138]LogBlueprintUserMessages: Early EndPlayMap Detection: Level '/Game/2DSideScrollerBP/Maps/2DSideScrollerExampleMap.2DSideScrollerExampleMap:PersistentLevel' has LevelScriptBlueprint '/Game/2DSideScrollerBP/Maps/2DSideScrollerExampleMap.2DSideScrollerExampleMap:PersistentLevel.2DSideScrollerExampleMap' with GeneratedClass '/Game/2DSideScrollerBP/Maps/2DSideScrollerExampleMap.2DSideScrollerExampleMap_C' with ClassGeneratedBy '/Game/2DSideScrollerBP/Maps/2DSideScrollerExampleMap.2DSideScrollerExampleMap:PersistentLevel.2DSideScrollerExampleMap'
[2018.03.06-03.17.05:864][138]LogBlueprintUserMessages: Late EndPlayMap Detection: Level '/Game/2DSideScrollerBP/Maps/2DSideScrollerExampleMap.2DSideScrollerExampleMap:PersistentLevel' has LevelScriptBlueprint '/Game/2DSideScrollerBP/Maps/2DSideScrollerExampleMap.2DSideScrollerExampleMap:PersistentLevel.2DSideScrollerExampleMap' with GeneratedClass '/Game/2DSideScrollerBP/Maps/2DSideScrollerExampleMap.2DSideScrollerExampleMap_C' with ClassGeneratedBy '/Game/2DSideScrollerBP/Maps/2DSideScrollerExampleMap.2DSideScrollerExampleMap:PersistentLevel.2DSideScrollerExampleMap'
[2018.03.06-03.17.08:082][242]LogBlueprintUserMessages: Early PlayInEditor Detection: Level '/Game/2DSideScrollerBP/Maps/2DSideScrollerExampleMap.2DSideScrollerExampleMap:PersistentLevel' has LevelScriptBlueprint '/Game/2DSideScrollerBP/Maps/2DSideScrollerExampleMap.2DSideScrollerExampleMap:PersistentLevel.2DSideScrollerExampleMap' with GeneratedClass '/Game/2DSideScrollerBP/Maps/2DSideScrollerExampleMap.2DSideScrollerExampleMap_C' with ClassGeneratedBy '/Game/2DSideScrollerBP/Maps/2DSideScrollerExampleMap.2DSideScrollerExampleMap:PersistentLevel.2DSideScrollerExampleMap'
[2018.03.06-03.17.08:082][242]LogPlayLevel: PlayLevel: No blueprints needed recompiling
[2018.03.06-03.17.08:083][242]PIE: New page: PIE session: 2DSideScrollerExampleMap (6 Mar 2018 03:17:08)
[2018.03.06-03.17.08:083][242]LogPlayLevel: Creating play world package: /Game/2DSideScrollerBP/Maps/UEDPIE_0_2DSideScrollerExampleMap
[2018.03.06-03.17.08:088][242]LogPlayLevel: PIE: StaticDuplicateObject took: (0.004865s)
[2018.03.06-03.17.08:088][242]LogAIModule: Creating AISystem for world 2DSideScrollerExampleMap
[2018.03.06-03.17.08:088][242]LogPlayLevel: PIE: World Init took: (0.000687s)
[2018.03.06-03.17.08:089][242]LogPlayLevel: PIE: Created PIE world by copying editor world from /Game/2DSideScrollerBP/Maps/2DSideScrollerExampleMap.2DSideScrollerExampleMap to /Game/2DSideScrollerBP/Maps/UEDPIE_0_2DSideScrollerExampleMap.2DSideScrollerExampleMap (0.005935s)
[2018.03.06-03.17.08:112][242]LogInit: XAudio2 using 'Headphones (SteelSeries Arctis 5 Game)' : 2 channels at 48 kHz using 16 bits per sample (channel mask 0x3)
[2018.03.06-03.17.08:132][242]LogInit: FAudioDevice initialized.
[2018.03.06-03.17.08:184][242]LogLoad: Game class is '2DSideScrollerGameMode_C'
[2018.03.06-03.17.08:187][242]LogWorld: Bringing World /Game/2DSideScrollerBP/Maps/UEDPIE_0_2DSideScrollerExampleMap.2DSideScrollerExampleMap up for play (max tick rate 0) at 2018.03.06-03.17.08
[2018.03.06-03.17.08:187][242]LogWorld: Bringing up level for play took: 0.001929
[2018.03.06-03.17.08:194][242]PIE: Play in editor start time for /Game/2DSideScrollerBP/Maps/UEDPIE_0_2DSideScrollerExampleMap 0.893
[2018.03.06-03.17.08:195][242]LogBlueprintUserMessages: Late PlayInEditor Detection: Level '/Game/2DSideScrollerBP/Maps/2DSideScrollerExampleMap.2DSideScrollerExampleMap:PersistentLevel' has LevelScriptBlueprint '/Game/2DSideScrollerBP/Maps/2DSideScrollerExampleMap.2DSideScrollerExampleMap:PersistentLevel.2DSideScrollerExampleMap' with GeneratedClass '/Game/2DSideScrollerBP/Maps/2DSideScrollerExampleMap.2DSideScrollerExampleMap_C' with ClassGeneratedBy '/Game/2DSideScrollerBP/Maps/2DSideScrollerExampleMap.2DSideScrollerExampleMap:PersistentLevel.2DSideScrollerExampleMap'
[2018.03.06-03.17.08:234][242]LogRenderer: Reallocating scene render targets to support 1292x756 Format 10 NumSamples 1 (Frame:1).
[2018.03.06-03.17.08:685][268]LogBlueprintUserMessages: [2DSideScrollerCharacter_254] 1.0
[2018.03.06-03.17.09:234][301]LogBlueprintUserMessages: [2DSideScrollerCharacter_254] 1.0
[2018.03.06-03.17.09:724][331]LogBlueprintUserMessages: [2DSideScrollerCharacter_254] 0.9
[2018.03.06-03.17.10:451][374]LogBlueprintUserMessages: [2DSideScrollerCharacter_254] 0.9
[2018.03.06-03.17.11:270][423]LogBlueprintUserMessages: [2DSideScrollerCharacter_254] 0.1
[2018.03.06-03.17.12:554][498]LogBlueprintUserMessages: [2DSideScrollerCharacter_254] 0.4
[2018.03.06-03.17.13:072][528]LogBlueprintUserMessages: Early EndPlayMap Detection: Level '/Game/2DSideScrollerBP/Maps/2DSideScrollerExampleMap.2DSideScrollerExampleMap:PersistentLevel' has LevelScriptBlueprint '/Game/2DSideScrollerBP/Maps/2DSideScrollerExampleMap.2DSideScrollerExampleMap:PersistentLevel.2DSideScrollerExampleMap' with GeneratedClass '/Game/2DSideScrollerBP/Maps/2DSideScrollerExampleMap.2DSideScrollerExampleMap_C' with ClassGeneratedBy '/Game/2DSideScrollerBP/Maps/2DSideScrollerExampleMap.2DSideScrollerExampleMap:PersistentLevel.2DSideScrollerExampleMap'
[2018.03.06-03.17.13:131][528]LogBlueprintUserMessages: Late EndPlayMap Detection: Level '/Game/2DSideScrollerBP/Maps/2DSideScrollerExampleMap.2DSideScrollerExampleMap:PersistentLevel' has LevelScriptBlueprint '/Game/2DSideScrollerBP/Maps/2DSideScrollerExampleMap.2DSideScrollerExampleMap:PersistentLevel.2DSideScrollerExampleMap' with GeneratedClass '/Game/2DSideScrollerBP/Maps/2DSideScrollerExampleMap.2DSideScrollerExampleMap_C' with ClassGeneratedBy '/Game/2DSideScrollerBP/Maps/2DSideScrollerExampleMap.2DSideScrollerExampleMap:PersistentLevel.2DSideScrollerExampleMap'
[2018.03.06-03.18.34:331][317]LogTemp: Repeating last play command: New Editor Window (PIE)
[2018.03.06-03.18.34:351][317]LogBlueprintUserMessages: Early PlayInEditor Detection: Level '/Game/2DSideScrollerBP/Maps/2DSideScrollerExampleMap.2DSideScrollerExampleMap:PersistentLevel' has LevelScriptBlueprint '/Game/2DSideScrollerBP/Maps/2DSideScrollerExampleMap.2DSideScrollerExampleMap:PersistentLevel.2DSideScrollerExampleMap' with GeneratedClass '/Game/2DSideScrollerBP/Maps/2DSideScrollerExampleMap.2DSideScrollerExampleMap_C' with ClassGeneratedBy '/Game/2DSideScrollerBP/Maps/2DSideScrollerExampleMap.2DSideScrollerExampleMap:PersistentLevel.2DSideScrollerExampleMap'
[2018.03.06-03.18.34:351][317]LogPlayLevel: PlayLevel: No blueprints needed recompiling
[2018.03.06-03.18.34:351][317]PIE: New page: PIE session: 2DSideScrollerExampleMap (6 Mar 2018 03:18:34)
[2018.03.06-03.18.34:351][317]LogPlayLevel: Creating play world package: /Game/2DSideScrollerBP/Maps/UEDPIE_0_2DSideScrollerExampleMap
[2018.03.06-03.18.34:355][317]LogPlayLevel: PIE: StaticDuplicateObject took: (0.004283s)
[2018.03.06-03.18.34:356][317]LogAIModule: Creating AISystem for world 2DSideScrollerExampleMap
[2018.03.06-03.18.34:356][317]LogPlayLevel: PIE: World Init took: (0.000593s)
[2018.03.06-03.18.34:356][317]LogPlayLevel: PIE: Created PIE world by copying editor world from /Game/2DSideScrollerBP/Maps/2DSideScrollerExampleMap.2DSideScrollerExampleMap to /Game/2DSideScrollerBP/Maps/UEDPIE_0_2DSideScrollerExampleMap.2DSideScrollerExampleMap (0.005123s)
[2018.03.06-03.18.34:380][317]LogInit: XAudio2 using 'Headphones (SteelSeries Arctis 5 Game)' : 2 channels at 48 kHz using 16 bits per sample (channel mask 0x3)
[2018.03.06-03.18.34:399][317]LogInit: FAudioDevice initialized.
[2018.03.06-03.18.34:450][317]LogLoad: Game class is '2DSideScrollerGameMode_C'
[2018.03.06-03.18.34:452][317]LogWorld: Bringing World /Game/2DSideScrollerBP/Maps/UEDPIE_0_2DSideScrollerExampleMap.2DSideScrollerExampleMap up for play (max tick rate 0) at 2018.03.06-03.18.34
[2018.03.06-03.18.34:453][317]LogWorld: Bringing up level for play took: 0.001793
[2018.03.06-03.18.34:459][317]PIE: Play in editor start time for /Game/2DSideScrollerBP/Maps/UEDPIE_0_2DSideScrollerExampleMap -0.842
[2018.03.06-03.18.34:459][317]LogBlueprintUserMessages: Late PlayInEditor Detection: Level '/Game/2DSideScrollerBP/Maps/2DSideScrollerExampleMap.2DSideScrollerExampleMap:PersistentLevel' has LevelScriptBlueprint '/Game/2DSideScrollerBP/Maps/2DSideScrollerExampleMap.2DSideScrollerExampleMap:PersistentLevel.2DSideScrollerExampleMap' with GeneratedClass '/Game/2DSideScrollerBP/Maps/2DSideScrollerExampleMap.2DSideScrollerExampleMap_C' with ClassGeneratedBy '/Game/2DSideScrollerBP/Maps/2DSideScrollerExampleMap.2DSideScrollerExampleMap:PersistentLevel.2DSideScrollerExampleMap'
[2018.03.06-03.18.51:609][430]LogBlueprintUserMessages: [2DSideScrollerCharacter_254] 0.4
[2018.03.06-03.18.51:787][442]LogBlueprintUserMessages: [2DSideScrollerCharacter_254] 0.6
[2018.03.06-03.18.51:936][452]LogBlueprintUserMessages: [2DSideScrollerCharacter_254] 0.8
[2018.03.06-03.18.52:269][474]LogBlueprintUserMessages: [2DSideScrollerCharacter_254] 0.4
[2018.03.06-03.18.52:477][488]LogBlueprintUserMessages: [2DSideScrollerCharacter_254] 0.7
[2018.03.06-03.18.52:809][510]LogBlueprintUserMessages: [2DSideScrollerCharacter_254] 0.4
[2018.03.06-03.18.58:395][881]LogBlueprintUserMessages: Early EndPlayMap Detection: Level '/Game/2DSideScrollerBP/Maps/2DSideScrollerExampleMap.2DSideScrollerExampleMap:PersistentLevel' has LevelScriptBlueprint '/Game/2DSideScrollerBP/Maps/2DSideScrollerExampleMap.2DSideScrollerExampleMap:PersistentLevel.2DSideScrollerExampleMap' with GeneratedClass '/Game/2DSideScrollerBP/Maps/2DSideScrollerExampleMap.2DSideScrollerExampleMap_C' with ClassGeneratedBy '/Game/2DSideScrollerBP/Maps/2DSideScrollerExampleMap.2DSideScrollerExampleMap:PersistentLevel.2DSideScrollerExampleMap'
[2018.03.06-03.18.58:453][881]LogBlueprintUserMessages: Late EndPlayMap Detection: Level '/Game/2DSideScrollerBP/Maps/2DSideScrollerExampleMap.2DSideScrollerExampleMap:PersistentLevel' has LevelScriptBlueprint '/Game/2DSideScrollerBP/Maps/2DSideScrollerExampleMap.2DSideScrollerExampleMap:PersistentLevel.2DSideScrollerExampleMap' with GeneratedClass '/Game/2DSideScrollerBP/Maps/2DSideScrollerExampleMap.2DSideScrollerExampleMap_C' with ClassGeneratedBy '/Game/2DSideScrollerBP/Maps/2DSideScrollerExampleMap.2DSideScrollerExampleMap:PersistentLevel.2DSideScrollerExampleMap'
[2018.03.06-03.21.36:373][144]LogSlate: Took 0.000261 seconds to synchronously load lazily loaded font '../../../Engine/Content/Slate/Fonts/Roboto-Light.ttf' (159K)
[2018.03.06-03.21.41:456][556]LogTemp: Repeating last play command: New Editor Window (PIE)
[2018.03.06-03.21.41:481][556]LogBlueprintUserMessages: Early PlayInEditor Detection: Level '/Game/2DSideScrollerBP/Maps/2DSideScrollerExampleMap.2DSideScrollerExampleMap:PersistentLevel' has LevelScriptBlueprint '/Game/2DSideScrollerBP/Maps/2DSideScrollerExampleMap.2DSideScrollerExampleMap:PersistentLevel.2DSideScrollerExampleMap' with GeneratedClass '/Game/2DSideScrollerBP/Maps/2DSideScrollerExampleMap.2DSideScrollerExampleMap_C' with ClassGeneratedBy '/Game/2DSideScrollerBP/Maps/2DSideScrollerExampleMap.2DSideScrollerExampleMap:PersistentLevel.2DSideScrollerExampleMap'
[2018.03.06-03.21.41:481][556]LogPlayLevel: PlayLevel: No blueprints needed recompiling
[2018.03.06-03.21.41:481][556]PIE: New page: PIE session: 2DSideScrollerExampleMap (6 Mar 2018 03:21:41)
[2018.03.06-03.21.41:481][556]LogPlayLevel: Creating play world package: /Game/2DSideScrollerBP/Maps/UEDPIE_0_2DSideScrollerExampleMap
[2018.03.06-03.21.41:485][556]LogPlayLevel: PIE: StaticDuplicateObject took: (0.004297s)
[2018.03.06-03.21.41:486][556]LogAIModule: Creating AISystem for world 2DSideScrollerExampleMap
[2018.03.06-03.21.41:486][556]LogPlayLevel: PIE: World Init took: (0.000626s)
[2018.03.06-03.21.41:486][556]LogPlayLevel: PIE: Created PIE world by copying editor world from /Game/2DSideScrollerBP/Maps/2DSideScrollerExampleMap.2DSideScrollerExampleMap to /Game/2DSideScrollerBP/Maps/UEDPIE_0_2DSideScrollerExampleMap.2DSideScrollerExampleMap (0.005173s)
[2018.03.06-03.21.41:512][556]LogInit: XAudio2 using 'Headphones (SteelSeries Arctis 5 Game)' : 2 channels at 48 kHz using 16 bits per sample (channel mask 0x3)
[2018.03.06-03.21.41:531][556]LogInit: FAudioDevice initialized.
[2018.03.06-03.21.41:582][556]LogLoad: Game class is '2DSideScrollerGameMode_C'
[2018.03.06-03.21.41:584][556]LogWorld: Bringing World /Game/2DSideScrollerBP/Maps/UEDPIE_0_2DSideScrollerExampleMap.2DSideScrollerExampleMap up for play (max tick rate 0) at 2018.03.06-03.21.41
[2018.03.06-03.21.41:585][556]LogWorld: Bringing up level for play took: 0.002218
[2018.03.06-03.21.41:591][556]PIE: Play in editor start time for /Game/2DSideScrollerBP/Maps/UEDPIE_0_2DSideScrollerExampleMap 0.29
[2018.03.06-03.21.41:592][556]LogBlueprintUserMessages: Late PlayInEditor Detection: Level '/Game/2DSideScrollerBP/Maps/2DSideScrollerExampleMap.2DSideScrollerExampleMap:PersistentLevel' has LevelScriptBlueprint '/Game/2DSideScrollerBP/Maps/2DSideScrollerExampleMap.2DSideScrollerExampleMap:PersistentLevel.2DSideScrollerExampleMap' with GeneratedClass '/Game/2DSideScrollerBP/Maps/2DSideScrollerExampleMap.2DSideScrollerExampleMap_C' with ClassGeneratedBy '/Game/2DSideScrollerBP/Maps/2DSideScrollerExampleMap.2DSideScrollerExampleMap:PersistentLevel.2DSideScrollerExampleMap'
[2018.03.06-03.21.42:041][582]LogBlueprintUserMessages: [Sphere_C_0] 2625.000244
[2018.03.06-03.21.43:462][676]LogBlueprintUserMessages: [Sphere_C_1] 1125.0
[2018.03.06-03.21.44:786][764]LogBlueprintUserMessages: [Cube_C_0] 600.000061
[2018.03.06-03.21.46:175][856]LogBlueprintUserMessages: [Cube_C_1] 420.000031
[2018.03.06-03.21.47:039][913]LogBlueprintUserMessages: [Ledge_C_0] 1125.0
[2018.03.06-03.21.49:552][ 78]LogBlueprintUserMessages: [Ledge_C_1] 1125.0
[2018.03.06-03.21.50:257][125]LogBlueprintUserMessages: [2DSideScrollerCharacter_254] 0.9
[2018.03.06-03.21.50:543][144]LogBlueprintUserMessages: [2DSideScrollerCharacter_254] 0.3
[2018.03.06-03.21.50:754][158]LogBlueprintUserMessages: [Egg_C_0] 2625.000244
[2018.03.06-03.21.51:449][204]LogBlueprintUserMessages: Early EndPlayMap Detection: Level '/Game/2DSideScrollerBP/Maps/2DSideScrollerExampleMap.2DSideScrollerExampleMap:PersistentLevel' has LevelScriptBlueprint '/Game/2DSideScrollerBP/Maps/2DSideScrollerExampleMap.2DSideScrollerExampleMap:PersistentLevel.2DSideScrollerExampleMap' with GeneratedClass '/Game/2DSideScrollerBP/Maps/2DSideScrollerExampleMap.2DSideScrollerExampleMap_C' with ClassGeneratedBy '/Game/2DSideScrollerBP/Maps/2DSideScrollerExampleMap.2DSideScrollerExampleMap:PersistentLevel.2DSideScrollerExampleMap'
[2018.03.06-03.21.51:501][204]LogBlueprintUserMessages: Late EndPlayMap Detection: Level '/Game/2DSideScrollerBP/Maps/2DSideScrollerExampleMap.2DSideScrollerExampleMap:PersistentLevel' has LevelScriptBlueprint '/Game/2DSideScrollerBP/Maps/2DSideScrollerExampleMap.2DSideScrollerExampleMap:PersistentLevel.2DSideScrollerExampleMap' with GeneratedClass '/Game/2DSideScrollerBP/Maps/2DSideScrollerExampleMap.2DSideScrollerExampleMap_C' with ClassGeneratedBy '/Game/2DSideScrollerBP/Maps/2DSideScrollerExampleMap.2DSideScrollerExampleMap:PersistentLevel.2DSideScrollerExampleMap'
[2018.03.06-03.21.55:299][555]LogTemp: Repeating last play command: New Editor Window (PIE)
[2018.03.06-03.21.55:319][555]LogBlueprintUserMessages: Early PlayInEditor Detection: Level '/Game/2DSideScrollerBP/Maps/2DSideScrollerExampleMap.2DSideScrollerExampleMap:PersistentLevel' has LevelScriptBlueprint '/Game/2DSideScrollerBP/Maps/2DSideScrollerExampleMap.2DSideScrollerExampleMap:PersistentLevel.2DSideScrollerExampleMap' with GeneratedClass '/Game/2DSideScrollerBP/Maps/2DSideScrollerExampleMap.2DSideScrollerExampleMap_C' with ClassGeneratedBy '/Game/2DSideScrollerBP/Maps/2DSideScrollerExampleMap.2DSideScrollerExampleMap:PersistentLevel.2DSideScrollerExampleMap'
[2018.03.06-03.21.55:319][555]LogPlayLevel: PlayLevel: No blueprints needed recompiling
[2018.03.06-03.21.55:319][555]PIE: New page: PIE session: 2DSideScrollerExampleMap (6 Mar 2018 03:21:55)
[2018.03.06-03.21.55:319][555]LogPlayLevel: Creating play world package: /Game/2DSideScrollerBP/Maps/UEDPIE_0_2DSideScrollerExampleMap
[2018.03.06-03.21.55:324][555]LogPlayLevel: PIE: StaticDuplicateObject took: (0.004543s)
[2018.03.06-03.21.55:324][555]LogAIModule: Creating AISystem for world 2DSideScrollerExampleMap
[2018.03.06-03.21.55:324][555]LogPlayLevel: PIE: World Init took: (0.000624s)
[2018.03.06-03.21.55:324][555]LogPlayLevel: PIE: Created PIE world by copying editor world from /Game/2DSideScrollerBP/Maps/2DSideScrollerExampleMap.2DSideScrollerExampleMap to /Game/2DSideScrollerBP/Maps/UEDPIE_0_2DSideScrollerExampleMap.2DSideScrollerExampleMap (0.005410s)
[2018.03.06-03.21.55:348][555]LogInit: XAudio2 using 'Headphones (SteelSeries Arctis 5 Game)' : 2 channels at 48 kHz using 16 bits per sample (channel mask 0x3)
[2018.03.06-03.21.55:367][555]LogInit: FAudioDevice initialized.
[2018.03.06-03.21.55:415][555]LogLoad: Game class is '2DSideScrollerGameMode_C'
[2018.03.06-03.21.55:418][555]LogWorld: Bringing World /Game/2DSideScrollerBP/Maps/UEDPIE_0_2DSideScrollerExampleMap.2DSideScrollerExampleMap up for play (max tick rate 0) at 2018.03.06-03.21.55
[2018.03.06-03.21.55:418][555]LogWorld: Bringing up level for play took: 0.002005
[2018.03.06-03.21.55:424][555]PIE: Play in editor start time for /Game/2DSideScrollerBP/Maps/UEDPIE_0_2DSideScrollerExampleMap 0.123
[2018.03.06-03.21.55:425][555]LogBlueprintUserMessages: Late PlayInEditor Detection: Level '/Game/2DSideScrollerBP/Maps/2DSideScrollerExampleMap.2DSideScrollerExampleMap:PersistentLevel' has LevelScriptBlueprint '/Game/2DSideScrollerBP/Maps/2DSideScrollerExampleMap.2DSideScrollerExampleMap:PersistentLevel.2DSideScrollerExampleMap' with GeneratedClass '/Game/2DSideScrollerBP/Maps/2DSideScrollerExampleMap.2DSideScrollerExampleMap_C' with ClassGeneratedBy '/Game/2DSideScrollerBP/Maps/2DSideScrollerExampleMap.2DSideScrollerExampleMap:PersistentLevel.2DSideScrollerExampleMap'
[2018.03.06-03.21.56:105][597]LogBlueprintUserMessages: [Sphere_C_0] 1125.0
[2018.03.06-03.21.58:400][751]LogBlueprintUserMessages: [Sphere_C_1] 375.0
[2018.03.06-03.22.00:441][886]LogBlueprintUserMessages: [Cube_C_0] 360.0
[2018.03.06-03.22.03:733][125]LogBlueprintUserMessages: [Cube_C_1] 60.0
[2018.03.06-03.22.04:419][168]LogBlueprintUserMessages: [Ledge_C_0] 375.0
[2018.03.06-03.22.04:708][186]LogBlueprintUserMessages: [Ledge_C_1] 1125.0
[2018.03.06-03.22.04:996][204]LogBlueprintUserMessages: [Egg_C_0] 1875.0
[2018.03.06-03.22.05:313][224]LogBlueprintUserMessages: [Egg_C_1] 2625.000244
[2018.03.06-03.22.05:568][240]LogBlueprintUserMessages: [Sphere_C_2] 3750.000488
[2018.03.06-03.22.05:871][259]LogBlueprintUserMessages: [Sphere_C_3] 375.0
[2018.03.06-03.22.06:178][278]LogBlueprintUserMessages: [Cube_C_2] 240.0
[2018.03.06-03.22.06:516][299]LogBlueprintUserMessages: [Cube_C_3] 480.000031
[2018.03.06-03.22.07:246][345]LogBlueprintUserMessages: [Ledge_C_2] 1125.0
[2018.03.06-03.22.07:709][374]LogBlueprintUserMessages: [Ledge_C_3] 2250.0
[2018.03.06-03.22.08:030][394]LogBlueprintUserMessages: [Egg_C_2] 3000.000244
[2018.03.06-03.22.08:352][414]LogBlueprintUserMessages: Early EndPlayMap Detection: Level '/Game/2DSideScrollerBP/Maps/2DSideScrollerExampleMap.2DSideScrollerExampleMap:PersistentLevel' has LevelScriptBlueprint '/Game/2DSideScrollerBP/Maps/2DSideScrollerExampleMap.2DSideScrollerExampleMap:PersistentLevel.2DSideScrollerExampleMap' with GeneratedClass '/Game/2DSideScrollerBP/Maps/2DSideScrollerExampleMap.2DSideScrollerExampleMap_C' with ClassGeneratedBy '/Game/2DSideScrollerBP/Maps/2DSideScrollerExampleMap.2DSideScrollerExampleMap:PersistentLevel.2DSideScrollerExampleMap'
[2018.03.06-03.22.08:409][414]LogBlueprintUserMessages: Late EndPlayMap Detection: Level '/Game/2DSideScrollerBP/Maps/2DSideScrollerExampleMap.2DSideScrollerExampleMap:PersistentLevel' has LevelScriptBlueprint '/Game/2DSideScrollerBP/Maps/2DSideScrollerExampleMap.2DSideScrollerExampleMap:PersistentLevel.2DSideScrollerExampleMap' with GeneratedClass '/Game/2DSideScrollerBP/Maps/2DSideScrollerExampleMap.2DSideScrollerExampleMap_C' with ClassGeneratedBy '/Game/2DSideScrollerBP/Maps/2DSideScrollerExampleMap.2DSideScrollerExampleMap:PersistentLevel.2DSideScrollerExampleMap'
[2018.03.06-03.27.20:024][512]LogFileHelpers: Editor autosave (incl. sublevels) for '/Game/2DSideScrollerBP/Maps/2DSideScrollerExampleMap' took 0.023
[2018.03.06-03.27.20:026][512]OBJ SavePackage: Generating thumbnails for [1] asset(s) in package [/Game/2DSideScrollerBP/Blueprints/2DSideScrollerCharacter] ([1] browsable assets)...
[2018.03.06-03.27.20:078][512]OBJ SavePackage:     Rendered thumbnail for [Blueprint /Game/2DSideScrollerBP/Blueprints/2DSideScrollerCharacter.2DSideScrollerCharacter]
[2018.03.06-03.27.20:078][512]OBJ SavePackage: Finished generating thumbnails for package [/Game/2DSideScrollerBP/Blueprints/2DSideScrollerCharacter]
[2018.03.06-03.27.20:408][512]LogSavePackage: Save=308.49ms
[2018.03.06-03.27.20:408][512]LogSavePackage: Moving 'C:/Users/tdam/Documents/GitHub/mgp-mpg-group-9/Game/Wb - Stable/Saved/2DSideScrollerCharacter_Auto18BC9456A42FBE037E773B4B6E501ECA9.tmp' to 'C:/Users/tdam/Documents/GitHub/mgp-mpg-group-9/Game/Wb - Stable/Saved/Autosaves/Game/2DSideScrollerBP/Blueprints/2DSideScrollerCharacter_Auto1.uasset'
[2018.03.06-03.27.20:410][512]LogSavePackage: Display: Finished SavePackage C:/Users/tdam/Documents/GitHub/mgp-mpg-group-9/Game/Wb - Stable/Saved/Autosaves/Game/2DSideScrollerBP/Blueprints/2DSideScrollerCharacter_Auto1.uasset
[2018.03.06-03.27.20:410][512]LogFileHelpers: Auto-saving content packages took 0.386
[2018.03.06-03.57.57:780][191]Cmd: QUIT_EDITOR
[2018.03.06-03.57.58:578][191]LogWindowsTextInputMethodSystem: Display: IME system now deactivated.
[2018.03.06-03.57.58:591][191]LogExit: Preparing to exit.
[2018.03.06-03.57.59:240][191]LogExit: Editor shut down
[2018.03.06-03.57.59:244][191]LogExit: Transaction tracking system shut down
[2018.03.06-03.57.59:374][191]LogDirectoryWatcher: A directory notification for '../../../Engine/Content/' was aborted.
[2018.03.06-03.57.59:374][191]LogDirectoryWatcher: A directory notification for 'C:/Users/tdam/Documents/GitHub/mgp-mpg-group-9/Game/Wb - Stable/Content/' was aborted.
[2018.03.06-03.57.59:374][191]LogDirectoryWatcher: A directory notification for '../../../Engine/Plugins/2D/Paper2D/Content/' was aborted.
[2018.03.06-03.57.59:374][191]LogDirectoryWatcher: A directory notification for '../../../Engine/Plugins/Runtime/Oculus/OculusVR/Content/' was aborted.
[2018.03.06-03.57.59:374][191]LogDirectoryWatcher: A directory notification for '../../../Engine/Plugins/Runtime/Steam/SteamVR/Content/' was aborted.
[2018.03.06-03.57.59:452][191]LogExit: Object subsystem successfully closed.
[2018.03.06-03.57.59:469][191]LogD3D11RHI: Shutdown
[2018.03.06-03.57.59:469][191]LogD3D11RHI: CleanupD3DDevice
[2018.03.06-03.57.59:568][191]LogD3D11RHI: ~FD3D11DynamicRHI
[2018.03.06-03.57.59:580][191]LogModuleManager: Shutting down and abandoning module BlueprintGraph (536)
[2018.03.06-03.57.59:580][191]LogModuleManager: Shutting down and abandoning module BlueprintProfiler (534)
[2018.03.06-03.57.59:580][191]LogModuleManager: Shutting down and abandoning module MovieSceneCapture (532)
[2018.03.06-03.57.59:580][191]LogModuleManager: Shutting down and abandoning module HierarchicalLODOutliner (530)
[2018.03.06-03.57.59:580][191]LogModuleManager: Shutting down and abandoning module SceneOutliner (528)
[2018.03.06-03.57.59:580][191]LogModuleManager: Shutting down and abandoning module AddContentDialog (526)
[2018.03.06-03.57.59:580][191]LogDirectoryWatcher: A directory notification for 'H:/Ue4/UE_4.17/FeaturePacks/' was aborted.
[2018.03.06-03.57.59:581][191]LogModuleManager: Shutting down and abandoning module WidgetCarousel (525)
[2018.03.06-03.57.59:581][191]LogModuleManager: Shutting down and abandoning module EditorWidgets (522)
[2018.03.06-03.57.59:581][191]LogModuleManager: Shutting down and abandoning module CollectionManager (520)
[2018.03.06-03.57.59:581][191]LogDirectoryWatcher: A directory notification for 'C:/Users/tdam/Documents/GitHub/mgp-mpg-group-9/Game/Wb - Stable/Content/Collections/' was aborted.
[2018.03.06-03.57.59:581][191]LogDirectoryWatcher: A directory notification for 'C:/Users/tdam/Documents/GitHub/mgp-mpg-group-9/Game/Wb - Stable/Content/Developers/tdam/Collections/' was aborted.
[2018.03.06-03.57.59:581][191]LogDirectoryWatcher: A directory notification for 'C:/Users/tdam/Documents/GitHub/mgp-mpg-group-9/Game/Wb - Stable/Saved/Collections/' was aborted.
[2018.03.06-03.57.59:581][191]LogModuleManager: Shutting down and abandoning module StatsViewer (518)
[2018.03.06-03.57.59:581][191]LogModuleManager: Shutting down and abandoning module FoliageEdit (516)
[2018.03.06-03.57.59:581][191]LogModuleManager: Shutting down and abandoning module LandscapeEditor (514)
[2018.03.06-03.57.59:581][191]LogModuleManager: Shutting down and abandoning module MeshPaintMode (512)
[2018.03.06-03.57.59:581][191]LogModuleManager: Shutting down and abandoning module SceneDepthPickerMode (510)
[2018.03.06-03.57.59:581][191]LogModuleManager: Shutting down and abandoning module ActorPickerMode (508)
[2018.03.06-03.57.59:581][191]LogModuleManager: Shutting down and abandoning module GeometryMode (506)
[2018.03.06-03.57.59:581][191]LogModuleManager: Shutting down and abandoning module TextureAlignMode (504)
[2018.03.06-03.57.59:581][191]LogModuleManager: Shutting down and abandoning module BspMode (502)
[2018.03.06-03.57.59:581][191]LogModuleManager: Shutting down and abandoning module PIEPreviewDeviceProfileSelector (500)
[2018.03.06-03.57.59:581][191]LogModuleManager: Shutting down and abandoning module HardwareSurvey (498)
[2018.03.06-03.57.59:581][191]LogModuleManager: Shutting down and abandoning module SequenceRecorderSections (496)
[2018.03.06-03.57.59:581][191]LogModuleManager: Shutting down and abandoning module AutomationWorker (494)
[2018.03.06-03.57.59:581][191]LogModuleManager: Shutting down and abandoning module MatineeToLevelSequence (492)
[2018.03.06-03.57.59:581][191]LogModuleManager: Shutting down and abandoning module LevelSequenceEditor (490)
[2018.03.06-03.57.59:581][191]LogModuleManager: Shutting down and abandoning module PlacementMode (489)
[2018.03.06-03.57.59:581][191]LogModuleManager: Shutting down and abandoning module WmfMediaFactory (486)
[2018.03.06-03.57.59:582][191]LogModuleManager: Shutting down and abandoning module WmfMediaEditor (484)
[2018.03.06-03.57.59:582][191]LogModuleManager: Shutting down and abandoning module AvfMediaFactory (482)
[2018.03.06-03.57.59:582][191]LogModuleManager: Shutting down and abandoning module AvfMediaEditor (480)
[2018.03.06-03.57.59:582][191]LogModuleManager: Shutting down and abandoning module AndroidMediaFactory (478)
[2018.03.06-03.57.59:582][191]LogModuleManager: Shutting down and abandoning module Media (477)
[2018.03.06-03.57.59:582][191]LogModuleManager: Shutting down and abandoning module AndroidMediaEditor (474)
[2018.03.06-03.57.59:582][191]LogModuleManager: Shutting down and abandoning module CharacterAI (472)
[2018.03.06-03.57.59:582][191]LogModuleManager: Shutting down and abandoning module AudioCapture (470)
[2018.03.06-03.57.59:582][191]LogModuleManager: Shutting down and abandoning module SequenceRecorder (469)
[2018.03.06-03.57.59:582][191]LogModuleManager: Shutting down and abandoning module SmartSnapping (466)
[2018.03.06-03.57.59:582][191]LogModuleManager: Shutting down and abandoning module SessionServices (464)
[2018.03.06-03.57.59:582][191]LogModuleManager: Shutting down and abandoning module ViewportSnapping (462)
[2018.03.06-03.57.59:582][191]LogModuleManager: Shutting down and abandoning module ViewportInteraction (460)
[2018.03.06-03.57.59:582][191]LogModuleManager: Shutting down and abandoning module ClothPainter (458)
[2018.03.06-03.57.59:582][191]LogModuleManager: Shutting down and abandoning module LogVisualizer (456)
[2018.03.06-03.57.59:582][191]LogModuleManager: Shutting down and abandoning module IntroTutorials (454)
[2018.03.06-03.57.59:582][191]LogModuleManager: Shutting down and abandoning module GameProjectGeneration (453)
[2018.03.06-03.57.59:582][191]LogModuleManager: Shutting down and abandoning module IOSPlatformEditor (450)
[2018.03.06-03.57.59:582][191]LogModuleManager: Shutting down and abandoning module HTML5PlatformEditor (448)
[2018.03.06-03.57.59:582][191]LogModuleManager: Shutting down and abandoning module AndroidPlatformEditor (446)
[2018.03.06-03.57.59:582][191]LogModuleManager: Shutting down and abandoning module AndroidDeviceDetection (445)
[2018.03.06-03.58.00:001][191]LogModuleManager: Shutting down and abandoning module WindowsPlatformEditor (442)
[2018.03.06-03.58.00:001][191]LogModuleManager: Shutting down and abandoning module IOSRuntimeSettings (440)
[2018.03.06-03.58.00:001][191]LogModuleManager: Shutting down and abandoning module AndroidRuntimeSettings (438)
[2018.03.06-03.58.00:001][191]LogModuleManager: Shutting down and abandoning module InputBindingEditor (436)
[2018.03.06-03.58.00:001][191]LogModuleManager: Shutting down and abandoning module MergeActors (434)
[2018.03.06-03.58.00:001][191]LogModuleManager: Shutting down and abandoning module SizeMap (432)
[2018.03.06-03.58.00:001][191]LogModuleManager: Shutting down and abandoning module TreeMap (430)
[2018.03.06-03.58.00:001][191]LogModuleManager: Shutting down and abandoning module ReferenceViewer (428)
[2018.03.06-03.58.00:001][191]LogModuleManager: Shutting down and abandoning module LocalizationDashboard (426)
[2018.03.06-03.58.00:001][191]LogModuleManager: Shutting down and abandoning module LocalizationService (425)
[2018.03.06-03.58.00:002][191]LogModuleManager: Shutting down and abandoning module HardwareTargeting (422)
[2018.03.06-03.58.00:002][191]LogModuleManager: Shutting down and abandoning module DeviceProfileEditor (420)
[2018.03.06-03.58.00:002][191]LogModuleManager: Shutting down and abandoning module UndoHistory (418)
[2018.03.06-03.58.00:002][191]LogModuleManager: Shutting down and abandoning module XmlParser (416)
[2018.03.06-03.58.00:002][191]LogModuleManager: Shutting down and abandoning module Blutility (414)
[2018.03.06-03.58.00:002][191]LogModuleManager: Shutting down and abandoning module ProjectSettingsViewer (412)
[2018.03.06-03.58.00:002][191]LogModuleManager: Shutting down and abandoning module ProjectTargetPlatformEditor (411)
[2018.03.06-03.58.00:002][191]LogModuleManager: Shutting down and abandoning module EditorSettingsViewer (408)
[2018.03.06-03.58.00:002][191]LogModuleManager: Shutting down and abandoning module SettingsEditor (406)
[2018.03.06-03.58.00:002][191]LogModuleManager: Shutting down and abandoning module ProjectLauncher (404)
[2018.03.06-03.58.00:002][191]LogModuleManager: Shutting down and abandoning module SessionFrontend (402)
[2018.03.06-03.58.00:002][191]LogModuleManager: Shutting down and abandoning module ProfilerClient (400)
[2018.03.06-03.58.00:002][191]LogModuleManager: Shutting down and abandoning module DeviceManager (398)
[2018.03.06-03.58.00:002][191]LogModuleManager: Shutting down and abandoning module TargetDeviceServices (397)
[2018.03.06-03.58.00:055][191]LogModuleManager: Shutting down and abandoning module AutomationController (394)
[2018.03.06-03.58.00:055][191]LogModuleManager: Shutting down and abandoning module AutomationWindow (392)
[2018.03.06-03.58.00:055][191]LogModuleManager: Shutting down and abandoning module Layers (390)
[2018.03.06-03.58.00:055][191]LogModuleManager: Shutting down and abandoning module ComponentVisualizers (388)
[2018.03.06-03.58.00:055][191]LogModuleManager: Shutting down and abandoning module DetailCustomizations (386)
[2018.03.06-03.58.00:055][191]LogModuleManager: Shutting down and abandoning module PackagesDialog (384)
[2018.03.06-03.58.00:056][191]LogModuleManager: Shutting down and abandoning module Persona (382)
[2018.03.06-03.58.00:056][191]LogModuleManager: Shutting down and abandoning module AdvancedPreviewScene (381)
[2018.03.06-03.58.00:056][191]LogModuleManager: Shutting down and abandoning module AnimGraph (379)
[2018.03.06-03.58.00:056][191]LogModuleManager: Shutting down and abandoning module Kismet (376)
[2018.03.06-03.58.00:063][191]LogModuleManager: Shutting down and abandoning module ClassViewer (374)
[2018.03.06-03.58.00:063][191]LogModuleManager: Shutting down and abandoning module Toolbox (372)
[2018.03.06-03.58.00:063][191]LogModuleManager: Shutting down and abandoning module ModuleUI (370)
[2018.03.06-03.58.00:063][191]LogModuleManager: Shutting down and abandoning module MovieSceneTools (368)
[2018.03.06-03.58.00:063][191]LogModuleManager: Shutting down and abandoning module OutputLog (366)
[2018.03.06-03.58.00:063][191]LogModuleManager: Shutting down and abandoning module GammaUI (364)
[2018.03.06-03.58.00:063][191]LogModuleManager: Shutting down and abandoning module Documentation (362)
[2018.03.06-03.58.00:063][191]LogModuleManager: Shutting down and abandoning module MovieSceneTracks (360)
[2018.03.06-03.58.00:063][191]LogModuleManager: Shutting down and abandoning module MovieScene (358)
[2018.03.06-03.58.00:063][191]LogModuleManager: Shutting down and abandoning module Niagara (356)
[2018.03.06-03.58.00:063][191]LogModuleManager: Shutting down and abandoning module NiagaraEditor (355)
[2018.03.06-03.58.00:063][191]LogModuleManager: Shutting down and abandoning module StreamingPauseRendering (352)
[2018.03.06-03.58.00:063][191]LogModuleManager: Shutting down and abandoning module LauncherPlatform (350)
[2018.03.06-03.58.00:063][191]LogModuleManager: Shutting down and abandoning module AnalyticsET (348)
[2018.03.06-03.58.00:063][191]LogModuleManager: Shutting down and abandoning module PortalServices (346)
[2018.03.06-03.58.00:063][191]LogModuleManager: Shutting down and abandoning module PortalRpc (344)
[2018.03.06-03.58.00:063][191]LogModuleManager: Shutting down and abandoning module MessagingRpc (342)
[2018.03.06-03.58.00:063][191]LogModuleManager: Shutting down and abandoning module AIModule (340)
[2018.03.06-03.58.00:063][191]LogModuleManager: Shutting down and abandoning module GameplayDebugger (339)
[2018.03.06-03.58.00:064][191]LogModuleManager: Shutting down and abandoning module AITestSuite (337)
[2018.03.06-03.58.00:064][191]LogModuleManager: Shutting down and abandoning module ProfilerService (334)
[2018.03.06-03.58.00:144][191]LogModuleManager: Shutting down and abandoning module TaskGraph (332)
[2018.03.06-03.58.00:144][191]LogModuleManager: Shutting down and abandoning module SteamVRController (330)
[2018.03.06-03.58.00:144][191]LogModuleManager: Shutting down and abandoning module ProceduralMeshComponentEditor (328)
[2018.03.06-03.58.00:144][191]LogModuleManager: Shutting down and abandoning module ProceduralMeshComponent (326)
[2018.03.06-03.58.00:144][191]LogModuleManager: Shutting down and abandoning module OculusInput (324)
[2018.03.06-03.58.00:144][191]LogModuleManager: Shutting down and abandoning module MobilePatchingUtils (322)
[2018.03.06-03.58.00:144][191]LogModuleManager: Shutting down and abandoning module CustomMeshComponent (320)
[2018.03.06-03.58.00:144][191]LogModuleManager: Shutting down and abandoning module CableComponent (318)
[2018.03.06-03.58.00:144][191]LogModuleManager: Shutting down and abandoning module ArchVisCharacter (316)
[2018.03.06-03.58.00:144][191]LogModuleManager: Shutting down and abandoning module AndroidPermission (314)
[2018.03.06-03.58.00:144][191]LogModuleManager: Shutting down and abandoning module MediaPlayerEditor (310)
[2018.03.06-03.58.00:144][191]LogModuleManager: Shutting down and abandoning module HTML5Networking (308)
[2018.03.06-03.58.00:144][191]LogModuleManager: Shutting down and abandoning module AlembicImporter (306)
[2018.03.06-03.58.00:144][191]LogModuleManager: Shutting down and abandoning module AlembicLibrary (305)
[2018.03.06-03.58.00:145][191]LogModuleManager: Shutting down and abandoning module GeometryCache (304)
[2018.03.06-03.58.00:145][191]LogModuleManager: Shutting down and abandoning module GeometryCacheEd (303)
[2018.03.06-03.58.00:145][191]LogModuleManager: Shutting down and abandoning module SpeedTreeImporter (298)
[2018.03.06-03.58.00:145][191]LogModuleManager: Shutting down and abandoning module PluginBrowser (296)
[2018.03.06-03.58.00:145][191]LogModuleManager: Shutting down and abandoning module MobileLauncherProfileWizard (294)
[2018.03.06-03.58.00:145][191]LogModuleManager: Shutting down and abandoning module VisualStudioSourceCodeAccess (292)
[2018.03.06-03.58.00:145][191]LogModuleManager: Shutting down and abandoning module DesktopPlatform (291)
[2018.03.06-03.58.00:145][191]LogModuleManager: Shutting down and abandoning module UObjectPlugin (288)
[2018.03.06-03.58.00:145][191]LogModuleManager: Shutting down and abandoning module SubversionSourceControl (286)
[2018.03.06-03.58.00:145][191]LogModuleManager: Shutting down and abandoning module PerforceSourceControl (284)
[2018.03.06-03.58.00:145][191]LogModuleManager: Shutting down and abandoning module GitSourceControl (282)
[2018.03.06-03.58.00:145][191]LogModuleManager: Shutting down and abandoning module SourceControl (281)
[2018.03.06-03.58.00:145][191]LogModuleManager: Shutting down and abandoning module LightPropagationVolumeEditor (278)
[2018.03.06-03.58.00:145][191]LogModuleManager: Shutting down and abandoning module PaperTiledImporter (276)
[2018.03.06-03.58.00:145][191]LogModuleManager: Shutting down and abandoning module PaperSpriteSheetImporter (274)
[2018.03.06-03.58.00:145][191]LogModuleManager: Shutting down and abandoning module Paper2DEditor (272)
[2018.03.06-03.58.00:145][191]LogModuleManager: Shutting down and abandoning module MeshPaint (271)
[2018.03.06-03.58.00:145][191]LogModuleManager: Shutting down and abandoning module LevelEditor (269)
[2018.03.06-03.58.00:146][191]LogModuleManager: Shutting down and abandoning module PixelInspectorModule (268)
[2018.03.06-03.58.00:146][191]LogModuleManager: Shutting down and abandoning module MainFrame (266)
[2018.03.06-03.58.00:146][191]LogModuleManager: Shutting down and abandoning module HotReload (265)
[2018.03.06-03.58.00:146][191]LogModuleManager: Shutting down and abandoning module RuntimePhysXCooking (260)
[2018.03.06-03.58.00:146][191]LogModuleManager: Shutting down and abandoning module PhysXVehiclesEditor (258)
[2018.03.06-03.58.00:146][191]LogModuleManager: Shutting down and abandoning module PhysXVehicles (256)
[2018.03.06-03.58.00:146][191]LogModuleManager: Shutting down and abandoning module OculusEditor (254)
[2018.03.06-03.58.00:146][191]LogModuleManager: Shutting down and abandoning module LocationServicesBPLibrary (252)
[2018.03.06-03.58.00:146][191]LogModuleManager: Shutting down and abandoning module ImmediatePhysicsEditor (250)
[2018.03.06-03.58.00:146][191]LogModuleManager: Shutting down and abandoning module ImmediatePhysics (248)
[2018.03.06-03.58.00:146][191]LogModuleManager: Shutting down and abandoning module UdpMessaging (246)
[2018.03.06-03.58.00:247][191]LogModuleManager: Shutting down and abandoning module TcpMessaging (244)
[2018.03.06-03.58.00:347][191]LogModuleManager: Shutting down and abandoning module GameplayTagsEditor (242)
[2018.03.06-03.58.00:347][191]LogModuleManager: Shutting down and abandoning module FacialAnimationEditor (240)
[2018.03.06-03.58.00:347][191]LogModuleManager: Shutting down and abandoning module FacialAnimation (238)
[2018.03.06-03.58.00:347][191]LogModuleManager: Shutting down and abandoning module AssetManagerEditor (236)
[2018.03.06-03.58.00:347][191]LogModuleManager: Shutting down and abandoning module GraphEditor (235)
[2018.03.06-03.58.00:347][191]LogModuleManager: Shutting down and abandoning module ContentBrowser (233)
[2018.03.06-03.58.00:348][191]LogModuleManager: Shutting down and abandoning module LightPropagationVolumeRuntime (230)
[2018.03.06-03.58.00:348][191]LogModuleManager: Shutting down and abandoning module Paper2D (228)
[2018.03.06-03.58.00:348][191]LogModuleManager: Shutting down and abandoning module WindowsMoviePlayer (226)
[2018.03.06-03.58.00:348][191]LogModuleManager: Shutting down and abandoning module WmfMedia (224)
[2018.03.06-03.58.00:350][191]LogModuleManager: Shutting down and abandoning module PacketHandler (222)
[2018.03.06-03.58.00:350][191]LogModuleManager: Shutting down and abandoning module ClothingSystemEditor (220)
[2018.03.06-03.58.00:350][191]LogModuleManager: Shutting down and abandoning module ClothingSystemRuntime (218)
[2018.03.06-03.58.00:350][191]LogModuleManager: Shutting down and abandoning module Overlay (216)
[2018.03.06-03.58.00:350][191]LogModuleManager: Shutting down and abandoning module OverlayEditor (215)
[2018.03.06-03.58.00:350][191]LogModuleManager: Shutting down and abandoning module MediaAssets (212)
[2018.03.06-03.58.00:350][191]LogModuleManager: Shutting down and abandoning module VREditor (210)
[2018.03.06-03.58.00:350][191]LogModuleManager: Shutting down and abandoning module StringTableEditor (208)
[2018.03.06-03.58.00:350][191]LogModuleManager: Shutting down and abandoning module GameplayTasksEditor (206)
[2018.03.06-03.58.00:350][191]LogModuleManager: Shutting down and abandoning module BehaviorTreeEditor (204)
[2018.03.06-03.58.00:350][191]LogModuleManager: Shutting down and abandoning module FunctionalTesting (202)
[2018.03.06-03.58.00:350][191]LogModuleManager: Shutting down and abandoning module CollisionAnalyzer (200)
[2018.03.06-03.58.00:350][191]LogModuleManager: Shutting down and abandoning module WorkspaceMenuStructure (199)
[2018.03.06-03.58.00:350][191]LogModuleManager: Shutting down and abandoning module UMG (196)
[2018.03.06-03.58.00:350][191]LogModuleManager: Shutting down and abandoning module UMGEditor (195)
[2018.03.06-03.58.00:350][191]LogModuleManager: Shutting down and abandoning module Sequencer (194)
[2018.03.06-03.58.00:350][191]LogModuleManager: Shutting down and abandoning module MessageLog (191)
[2018.03.06-03.58.00:350][191]LogModuleManager: Shutting down and abandoning module SlateReflector (186)
[2018.03.06-03.58.00:350][191]LogModuleManager: Shutting down and abandoning module Slate (184)
[2018.03.06-03.58.00:350][191]LogModuleManager: Shutting down and abandoning module EditorStyle (182)
[2018.03.06-03.58.00:352][191]LogModuleManager: Shutting down and abandoning module MRMesh (180)
[2018.03.06-03.58.00:352][191]LogModuleManager: Shutting down and abandoning module SourceCodeAccess (178)
[2018.03.06-03.58.00:352][191]LogModuleManager: Shutting down and abandoning module HeadMountedDisplay (176)
[2018.03.06-03.58.00:352][191]LogModuleManager: Shutting down and abandoning module XAudio2 (174)
[2018.03.06-03.58.00:352][191]LogModuleManager: Shutting down and abandoning module Networking (172)
[2018.03.06-03.58.00:352][191]LogModuleManager: Shutting down and abandoning module Core (168)
[2018.03.06-03.58.00:352][191]LogModuleManager: Shutting down and abandoning module KismetCompiler (164)
[2018.03.06-03.58.00:352][191]LogModuleManager: Shutting down and abandoning module LevelSequence (162)
[2018.03.06-03.58.00:352][191]LogModuleManager: Shutting down and abandoning module MeshUtilities (160)
[2018.03.06-03.58.00:352][191]LogModuleManager: Shutting down and abandoning module MeshMergeUtilities (159)
[2018.03.06-03.58.00:353][191]LogModuleManager: Shutting down and abandoning module MeshReductionInterface (158)
[2018.03.06-03.58.00:353][191]LogModuleManager: Shutting down and abandoning module SimplygonSwarm (157)
[2018.03.06-03.58.00:353][191]LogModuleManager: Shutting down and abandoning module SimplygonMeshReduction (155)
[2018.03.06-03.58.00:353][191]LogModuleManager: Shutting down and abandoning module QuadricMeshReduction (153)
[2018.03.06-03.58.00:353][191]LogModuleManager: Shutting down and abandoning module MaterialBaking (149)
[2018.03.06-03.58.00:353][191]LogModuleManager: Shutting down and abandoning module DirectoryWatcher (146)
[2018.03.06-03.58.00:353][191]LogModuleManager: Shutting down and abandoning module DerivedDataCache (144)
[2018.03.06-03.58.00:373][191]LogDerivedDataCache: Shutdown
[2018.03.06-03.58.00:373][191]LogModuleManager: Shutting down and abandoning module TargetPlatform (142)
[2018.03.06-03.58.00:373][191]LogModuleManager: Shutting down and abandoning module VulkanShaderFormat (141)
[2018.03.06-03.58.00:373][191]LogModuleManager: Shutting down and abandoning module ShaderFormatVectorVM (139)
[2018.03.06-03.58.00:373][191]LogModuleManager: Shutting down and abandoning module ShaderFormatOpenGL (137)
[2018.03.06-03.58.00:373][191]LogModuleManager: Shutting down and abandoning module ShaderFormatD3D (135)
[2018.03.06-03.58.00:373][191]LogModuleManager: Shutting down and abandoning module MetalShaderFormat (133)
[2018.03.06-03.58.00:373][191]LogModuleManager: Shutting down and abandoning module TextureFormatUncompressed (131)
[2018.03.06-03.58.00:373][191]LogModuleManager: Shutting down and abandoning module TextureFormatPVR (129)
[2018.03.06-03.58.00:373][191]LogModuleManager: Shutting down and abandoning module TextureFormatDXT (127)
[2018.03.06-03.58.00:373][191]LogModuleManager: Shutting down and abandoning module TextureFormatIntelISPCTexComp (125)
[2018.03.06-03.58.00:373][191]LogModuleManager: Shutting down and abandoning module TextureFormatASTC (123)
[2018.03.06-03.58.00:373][191]LogModuleManager: Shutting down and abandoning module ImageWrapper (122)
[2018.03.06-03.58.00:373][191]LogModuleManager: Shutting down and abandoning module TextureFormatAndroid (119)
[2018.03.06-03.58.00:373][191]LogModuleManager: Shutting down and abandoning module AudioFormatOpus (117)
[2018.03.06-03.58.00:373][191]LogModuleManager: Shutting down and abandoning module AudioFormatOgg (115)
[2018.03.06-03.58.00:373][191]LogModuleManager: Shutting down and abandoning module AudioFormatADPCM (113)
[2018.03.06-03.58.00:373][191]LogModuleManager: Shutting down and abandoning module LinuxTargetPlatform (111)
[2018.03.06-03.58.00:373][191]LogModuleManager: Shutting down and abandoning module LinuxServerTargetPlatform (109)
[2018.03.06-03.58.00:374][191]LogModuleManager: Shutting down and abandoning module LinuxNoEditorTargetPlatform (107)
[2018.03.06-03.58.00:374][191]LogModuleManager: Shutting down and abandoning module LinuxClientTargetPlatform (105)
[2018.03.06-03.58.00:374][191]LogModuleManager: Shutting down and abandoning module TVOSTargetPlatform (103)
[2018.03.06-03.58.00:374][191]LogModuleManager: Shutting down and abandoning module Messaging (101)
[2018.03.06-03.58.00:374][191]LogModuleManager: Shutting down and abandoning module IOSTargetPlatform (99)
[2018.03.06-03.58.00:374][191]LogModuleManager: Shutting down and abandoning module HTML5TargetPlatform (97)
[2018.03.06-03.58.00:374][191]LogModuleManager: Shutting down and abandoning module Android_PVRTCTargetPlatform (95)
[2018.03.06-03.58.00:374][191]LogModuleManager: Shutting down and abandoning module Android_MultiTargetPlatform (93)
[2018.03.06-03.58.00:374][191]LogModuleManager: Shutting down and abandoning module Android_ETC2TargetPlatform (91)
[2018.03.06-03.58.00:374][191]LogModuleManager: Shutting down and abandoning module Android_ETC1TargetPlatform (89)
[2018.03.06-03.58.00:374][191]LogModuleManager: Shutting down and abandoning module Android_DXTTargetPlatform (87)
[2018.03.06-03.58.00:374][191]LogModuleManager: Shutting down and abandoning module Android_ATCTargetPlatform (85)
[2018.03.06-03.58.00:374][191]LogModuleManager: Shutting down and abandoning module Android_ASTCTargetPlatform (83)
[2018.03.06-03.58.00:374][191]LogModuleManager: Shutting down and abandoning module AndroidTargetPlatform (81)
[2018.03.06-03.58.00:374][191]LogModuleManager: Shutting down and abandoning module WindowsTargetPlatform (79)
[2018.03.06-03.58.00:374][191]LogModuleManager: Shutting down and abandoning module WindowsServerTargetPlatform (77)
[2018.03.06-03.58.00:374][191]LogModuleManager: Shutting down and abandoning module WindowsNoEditorTargetPlatform (75)
[2018.03.06-03.58.00:374][191]LogModuleManager: Shutting down and abandoning module WindowsClientTargetPlatform (73)
[2018.03.06-03.58.00:374][191]LogModuleManager: Shutting down and abandoning module MacTargetPlatform (71)
[2018.03.06-03.58.00:374][191]LogModuleManager: Shutting down and abandoning module MacServerTargetPlatform (69)
[2018.03.06-03.58.00:374][191]LogModuleManager: Shutting down and abandoning module MacNoEditorTargetPlatform (67)
[2018.03.06-03.58.00:374][191]LogModuleManager: Shutting down and abandoning module MacClientTargetPlatform (65)
[2018.03.06-03.58.00:374][191]LogModuleManager: Shutting down and abandoning module AllDesktopTargetPlatform (63)
[2018.03.06-03.58.00:374][191]LogModuleManager: Shutting down and abandoning module InputCore (60)
[2018.03.06-03.58.00:374][191]LogModuleManager: Shutting down and abandoning module Settings (58)
[2018.03.06-03.58.00:374][191]LogModuleManager: Shutting down and abandoning module PhysXCooking (56)
[2018.03.06-03.58.00:374][191]LogModuleManager: Shutting down and abandoning module SteamVR (54)
[2018.03.06-03.58.00:374][191]LogModuleManager: Shutting down and abandoning module OculusHMD (52)
[2018.03.06-03.58.00:374][191]LogModuleManager: Shutting down and abandoning module ExampleDeviceProfileSelector (50)
[2018.03.06-03.58.00:374][191]LogModuleManager: Shutting down and abandoning module OnlineBlueprintSupport (48)
[2018.03.06-03.58.00:374][191]LogModuleManager: Shutting down and abandoning module OnlineSubsystem (44)
[2018.03.06-03.58.00:374][191]LogOnline: Display: Unloading online subsystem: NULL
[2018.03.06-03.58.00:374][191]LogModuleManager: Shutting down and abandoning module XMPP (43)
[2018.03.06-03.58.00:374][191]LogModuleManager: Shutting down and abandoning module HTTP (41)
[2018.03.06-03.58.00:374][191]LogHttp: Display: Http module shutting down, but needs to wait on 1 outstanding Http requests:
[2018.03.06-03.58.00:374][191]LogHttp: Display: 	verb=[POST] url=[https://datarouter.ol.epicgames.com/datarouter/api/v1/public/data?SessionID=%7B228B6444-4C9B-17E4-C142-63B5F133E74A%7D&AppID=UEEditor.Rocket.Release&AppVersion=4.17.2-3658906%2B%2B%2BUE4%2BRelease-4.17&UserID=59051668433d8a00c70ee88762cc7bf5%7Cf604f060a85c49829ee57db85758cb7f%7Cce40ddca-df30-4e1d-85e9-fb1df07d1a02&AppEnvironment=datacollector-binary&UploadType=eteventstream] status=Processing
[2018.03.06-03.58.00:377][191]LogModuleManager: Shutting down and abandoning module SSL (40)
[2018.03.06-03.58.00:379][191]LogModuleManager: Shutting down and abandoning module AnimationModifiers (36)
[2018.03.06-03.58.00:379][191]LogModuleManager: Shutting down and abandoning module PropertyEditor (35)
[2018.03.06-03.58.00:379][191]LogModuleManager: Shutting down and abandoning module AudioEditor (32)
[2018.03.06-03.58.00:379][191]LogModuleManager: Shutting down and abandoning module TextureCompressor (30)
[2018.03.06-03.58.00:380][191]LogModuleManager: Shutting down and abandoning module ShaderCore (28)
[2018.03.06-03.58.00:380][191]LogModuleManager: Shutting down and abandoning module Landscape (26)
[2018.03.06-03.58.00:380][191]LogModuleManager: Shutting down and abandoning module SlateRHIRenderer (24)
[2018.03.06-03.58.00:382][191]LogModuleManager: Shutting down and abandoning module OpenGLDrv (22)
[2018.03.06-03.58.00:382][191]LogModuleManager: Shutting down and abandoning module D3D11RHI (20)
[2018.03.06-03.58.00:382][191]LogModuleManager: Shutting down and abandoning module AnimGraphRuntime (18)
[2018.03.06-03.58.00:382][191]LogModuleManager: Shutting down and abandoning module Renderer (16)
[2018.03.06-03.58.00:382][191]LogModuleManager: Shutting down and abandoning module Engine (14)
[2018.03.06-03.58.00:382][191]LogModuleManager: Shutting down and abandoning module CoreUObject (12)
[2018.03.06-03.58.00:382][191]LogModuleManager: Shutting down and abandoning module NetworkFile (10)
[2018.03.06-03.58.00:382][191]LogModuleManager: Shutting down and abandoning module CookedIterativeFile (8)
[2018.03.06-03.58.00:382][191]LogModuleManager: Shutting down and abandoning module StreamingFile (6)
[2018.03.06-03.58.00:382][191]LogModuleManager: Shutting down and abandoning module SandboxFile (4)
[2018.03.06-03.58.00:382][191]LogModuleManager: Shutting down and abandoning module PakFile (2)
[2018.03.06-03.58.00:386][191]LogExit: Exiting.
[2018.03.06-03.58.00:409][191]Log file closed, 03/06/18 03:58:00
