Log file open, 05/02/18 11:59:27
LogWindows: Failed to load 'aqProf.dll' (GetLastError=126)
LogWindows: File 'aqProf.dll' does not exist
LogWindows: Failed to load 'VtuneApi.dll' (GetLastError=126)
LogWindows: File 'VtuneApi.dll' does not exist
LogWindows: Failed to load 'VtuneApi32e.dll' (GetLastError=126)
LogWindows: File 'VtuneApi32e.dll' does not exist
LogInit: Display: Running engine for game: Wb
LogPlatformFile: Not using cached read wrapper
LogInit: Display: RandInit(1615997571) SRandInit(1615997571).
LogTaskGraph: Started task graph with 5 named threads and 14 total threads with 3 sets of task threads.
LogStats: Stats thread started at 0.345979
LogD3D11RHI: Aftermath initialized
LogPluginManager: Mounting plugin Paper2D
LogPluginManager: Mounting plugin LightPropagationVolume
LogPluginManager: Mounting plugin CodeLiteSourceCodeAccess
LogPluginManager: Mounting plugin GitSourceControl
LogPluginManager: Mounting plugin KDevelopSourceCodeAccess
LogPluginManager: Mounting plugin NullSourceCodeAccess
LogPluginManager: Mounting plugin PerforceSourceControl
LogPluginManager: Mounting plugin SubversionSourceControl
LogPluginManager: Mounting plugin UObjectPlugin
LogPluginManager: Mounting plugin VisualStudioSourceCodeAccess
LogPluginManager: Mounting plugin XCodeSourceCodeAccess
LogPluginManager: Mounting plugin AssetManagerEditor
LogPluginManager: Mounting plugin AudioCapture
LogPluginManager: Mounting plugin FacialAnimation
LogPluginManager: Mounting plugin GameplayTagsEditor
LogPluginManager: Mounting plugin MobileLauncherProfileWizard
LogPluginManager: Mounting plugin PluginBrowser
LogPluginManager: Mounting plugin SpeedTreeImporter
LogPluginManager: Mounting plugin AlembicImporter
LogPluginManager: Mounting plugin CharacterAI
LogPluginManager: Mounting plugin HTML5Networking
LogPluginManager: Mounting plugin AndroidMedia
LogPluginManager: Mounting plugin AvfMedia
LogPluginManager: Mounting plugin MediaPlayerEditor
LogPluginManager: Mounting plugin WmfMedia
LogPluginManager: Mounting plugin TcpMessaging
LogPluginManager: Mounting plugin UdpMessaging
LogPluginManager: Mounting plugin LevelSequenceEditor
LogPluginManager: Mounting plugin MatineeToLevelSequence
LogPluginManager: Mounting plugin OnlineSubsystemGooglePlay
LogPluginManager: Mounting plugin OnlineSubsystemIOS
LogPluginManager: Mounting plugin OnlineSubsystem
LogPluginManager: Mounting plugin OnlineSubsystemNull
LogPluginManager: Mounting plugin OnlineSubsystemUtils
LogPluginManager: Mounting plugin AndroidDeviceProfileSelector
LogPluginManager: Mounting plugin AndroidMoviePlayer
LogPluginManager: Mounting plugin AndroidPermission
LogPluginManager: Mounting plugin AppleMoviePlayer
LogPluginManager: Mounting plugin ArchVisCharacter
LogPluginManager: Mounting plugin CableComponent
LogPluginManager: Mounting plugin CustomMeshComponent
LogPluginManager: Mounting plugin ExampleDeviceProfileSelector
LogPluginManager: Mounting plugin GoogleCloudMessaging
LogPluginManager: Mounting plugin ImmediatePhysics
LogPluginManager: Mounting plugin IOSDeviceProfileSelector
LogPluginManager: Mounting plugin LinuxDeviceProfileSelector
LogPluginManager: Mounting plugin LocationServicesBPLibrary
LogPluginManager: Mounting plugin MobilePatchingUtils
LogPluginManager: Mounting plugin OculusVR
LogPluginManager: Mounting plugin PhysXVehicles
LogPluginManager: Mounting plugin ProceduralMeshComponent
LogPluginManager: Mounting plugin RuntimePhysXCooking
LogPluginManager: Mounting plugin SteamVR
LogPluginManager: Mounting plugin WindowsMoviePlayer
LogInit: Using libcurl 7.47.1
LogInit:  - built for x86_64-pc-win32
LogInit:  - supports SSL with OpenSSL/1.0.2g
LogInit:  - supports HTTP deflate (compression) using libz 1.2.8
LogInit:  - other features:
LogInit:      CURL_VERSION_SSL
LogInit:      CURL_VERSION_LIBZ
LogInit:      CURL_VERSION_IPV6
LogInit:      CURL_VERSION_ASYNCHDNS
LogInit:      CURL_VERSION_LARGEFILE
LogInit:      CURL_VERSION_IDN
LogInit:  CurlRequestOptions (configurable via config and command line):
LogInit:  - bVerifyPeer = false  - Libcurl will NOT verify peer certificate
LogInit:  - bUseHttpProxy = false  - Libcurl will NOT use HTTP proxy
LogInit:  - bDontReuseConnections = false  - Libcurl will reuse connections
LogInit:  - CertBundlePath = nullptr  - Libcurl will use whatever was configured at build time.
LogInit: Build: ++UE4+Release-4.17-CL-3658906
LogInit: Engine Version: 4.17.2-3658906+++UE4+Release-4.17
LogInit: Compatible Engine Version: 4.17.0-3573198+++UE4+Release-4.17
LogInit: Net CL: 3573198
LogDevObjectVersion: Number of dev versions registered: 16
LogDevObjectVersion:   Dev-Blueprints (B0D832E4-1F89-4F0D-ACCF-7EB736FD4AA2): 10
LogDevObjectVersion:   Dev-Build (E1C64328-A22C-4D53-A36C-8E866417BD8C): 0
LogDevObjectVersion:   Dev-Core (375EC13C-06E4-48FB-B500-84F0262A717E): 2
LogDevObjectVersion:   Dev-Editor (E4B068ED-F494-42E9-A231-DA0B2E46BB41): 20
LogDevObjectVersion:   Dev-Framework (CFFC743F-43B0-4480-9391-14DF171D2073): 28
LogDevObjectVersion:   Dev-Mobile (B02B49B5-BB20-44E9-A304-32B752E40360): 0
LogDevObjectVersion:   Dev-Networking (A4E4105C-59A1-49B5-A7C5-40C4547EDFEE): 0
LogDevObjectVersion:   Dev-Online (39C831C9-5AE6-47DC-9A44-9C173E1C8E7C): 0
LogDevObjectVersion:   Dev-Physics (78F01B33-EBEA-4F98-B9B4-84EACCB95AA2): 0
LogDevObjectVersion:   Dev-Platform (6631380F-2D4D-43E0-8009-CF276956A95A): 0
LogDevObjectVersion:   Dev-Rendering (12F88B9F-8875-4AFC-A67C-D90C383ABD29): 19
LogDevObjectVersion:   Dev-Sequencer (7B5AE74C-D270-4C10-A958-57980B212A5A): 4
LogDevObjectVersion:   Dev-VR (D7296918-1DD6-4BDD-9DE2-64A83CC13884): 0
LogDevObjectVersion:   Dev-LoadTimes (C2A15278-BFE7-4AFE-6C17-90FF531DF755): 1
LogDevObjectVersion:   Private-Geometry (6EACA3D4-40EC-4CC1-B786-8BED09428FC5): 1
LogDevObjectVersion:   Dev-AnimPhys (29E575DD-E0A3-4627-9D10-D276232CDCEA): 7
LogInit: Compiled (64-bit): Sep 22 2017 13:47:16
LogInit: Compiled with Visual C++: 19.00.24215.01
LogInit: Build Configuration: Development
LogInit: Branch Name: ++UE4+Release-4.17
LogInit: Command line:  /Temp/Autosaves/Game/2DSideScrollerBP/Blueprints/UEDPCMainMenu -game -PIEVIACONSOLE -ResX=1280 -ResY=720  -Multiprocess -messaging -SessionName="Play in Standalone Game" -featureleveles2 -faketouches -windowed 
LogInit: Base directory: C:/Program Files/Epic Games/UE_4.17/Engine/Binaries/Win64/
LogInit: Installed Engine Build: 1
LogInit: Presizing for max 8388607 objects, including 0 objects not considered by GC, pre-allocating 0 bytes for permanent pool.
LogInit: Object subsystem initialized
[2018.05.02-10.59.28:235][  0]LogInit: Selected Device Profile: [Windows]
[2018.05.02-10.59.28:236][  0]LogInit: Applying CVar settings loaded from the selected device profile: [Windows]
[2018.05.02-10.59.28:241][  0]LogInit: Computer: GAMES-106-025
[2018.05.02-10.59.28:241][  0]LogInit: User: Games
[2018.05.02-10.59.28:241][  0]LogInit: CPU Page size=4096, Cores=4
[2018.05.02-10.59.28:241][  0]LogInit: High frequency timer resolution =3.613320 MHz
[2018.05.02-10.59.28:241][  0]LogMemory: Memory total: Physical=15.9GB (16GB approx)
[2018.05.02-10.59.28:242][  0]LogMemory: Platform Memory Stats for Windows
[2018.05.02-10.59.28:242][  0]LogMemory: Process Physical Memory: 281.57 MB used, 281.57 MB peak
[2018.05.02-10.59.28:242][  0]LogMemory: Process Virtual Memory: 289.75 MB used, 289.75 MB peak
[2018.05.02-10.59.28:242][  0]LogMemory: Physical Memory: 11296.56 MB used,  4965.17 MB free, 16261.73 MB total
[2018.05.02-10.59.28:242][  0]LogMemory: Virtual Memory: 668.17 MB used,  4965.17 MB free, 8388608.00 MB total
[2018.05.02-10.59.28:537][  0]LogInit: Using OS detected language (en-GB).
[2018.05.02-10.59.28:537][  0]LogInit: Using OS detected locale (en-GB).
[2018.05.02-10.59.28:541][  0]LogTextLocalizationManager: No specific localization for 'en-GB' exists, so the 'en' localization will be used.
[2018.05.02-10.59.29:081][  0]LogD3D11RHI: D3D11 adapters:
[2018.05.02-10.59.29:129][  0]LogD3D11RHI:    0. 'NVIDIA GeForce GTX 760' (Feature Level 11_0)
[2018.05.02-10.59.29:129][  0]LogD3D11RHI:       1990/0/7874 MB DedicatedVideo/DedicatedSystem/SharedSystem, Outputs:2, VendorId:0x10de
[2018.05.02-10.59.29:129][  0]LogD3D11RHI: Chosen D3D11 Adapter: 0
[2018.05.02-10.59.29:139][  0]LogD3D11RHI: Creating new Direct3DDevice
[2018.05.02-10.59.29:139][  0]LogD3D11RHI:     GPU DeviceId: 0x1187 (for the marketing name, search the web for "GPU Device Id")
[2018.05.02-10.59.29:139][  0]LogWindows: EnumDisplayDevices:
[2018.05.02-10.59.29:139][  0]LogWindows:    0. 'NVIDIA GeForce GTX 760' (P:0 D:1)
[2018.05.02-10.59.29:139][  0]LogWindows:    1. 'NVIDIA GeForce GTX 760' (P:1 D:1)
[2018.05.02-10.59.29:140][  0]LogWindows:    2. 'NVIDIA GeForce GTX 760' (P:0 D:0)
[2018.05.02-10.59.29:140][  0]LogWindows:    3. 'NVIDIA GeForce GTX 760' (P:0 D:0)
[2018.05.02-10.59.29:140][  0]LogWindows:    4. 'RDPDD Chained DD' (P:0 D:0)
[2018.05.02-10.59.29:140][  0]LogWindows:    5. 'RDP Encoder Mirror Driver' (P:0 D:0)
[2018.05.02-10.59.29:140][  0]LogWindows:    6. 'RDP Reflector Display Driver' (P:0 D:0)
[2018.05.02-10.59.29:141][  0]LogWindows: DebugString: GetVideoDriverDetailsInvalid PrimaryIsNotTheChoosenAdapter GetVideoDriverDetailsInvalid PrimaryIsNotTheChoosenAdapter GetVideoDriverDetailsInvalid PrimaryIsNotTheChoosenAdapter FoundDriverCount:4 
[2018.05.02-10.59.29:141][  0]LogD3D11RHI:     Adapter Name: NVIDIA GeForce GTX 760
[2018.05.02-10.59.29:141][  0]LogD3D11RHI:   Driver Version: 388.13 (internal:23.21.13.8813, unified:388.13)
[2018.05.02-10.59.29:141][  0]LogD3D11RHI:      Driver Date: 10-27-2017
[2018.05.02-10.59.29:141][  0]LogRHI: Texture pool is 1361 MB (70% of 1945 MB)
[2018.05.02-10.59.29:174][  0]LogD3D11RHI: Async texture creation enabled
[2018.05.02-10.59.29:189][  0]LogD3D11RHI: GPU Timing Frequency: 1000.000000 (Debug: 2 2)
[2018.05.02-10.59.29:234][  0]LogShaderCompilers: Guid format shader working directory is -34 characters bigger than the processId version (../../../../../../Users/Games/Documents/GitHub/mgp-mpg-group-9/Game/Wb - Stable/Intermediate/Shaders/WorkingDirectory/85796/).
[2018.05.02-10.59.29:234][  0]LogShaderCompilers: Cleaned the shader compiler working directory 'C:/Users/Games/AppData/Local/Temp/UnrealShaderWorkingDir/2600C49C42474BC1CB4495BEB67651FD/'.
[2018.05.02-10.59.29:234][  0]LogShaderCompilers: Display: Using Local Shader Compiler.
[2018.05.02-10.59.30:385][  0]LogTemp: Display: Loaded TP WindowsClientTargetPlatform
[2018.05.02-10.59.30:460][  0]LogTemp: Display: Loaded TP WindowsNoEditorTargetPlatform
[2018.05.02-10.59.30:531][  0]LogTemp: Display: Loaded TP WindowsServerTargetPlatform
[2018.05.02-10.59.30:602][  0]LogTemp: Display: Loaded TP WindowsTargetPlatform
[2018.05.02-10.59.30:602][  0]LogTargetPlatformManager: Display: Building Assets For Windows
[2018.05.02-10.59.31:252][  0]LogDerivedDataCache: Display: Max Cache Size: 512 MB
[2018.05.02-10.59.31:379][  0]LogDerivedDataCache: Loaded boot cache 0.13s 93MB C:/Users/Games/AppData/Local/UnrealEngine/4.17/DerivedDataCache/Boot.ddc.
[2018.05.02-10.59.31:379][  0]LogDerivedDataCache: Display: Loaded Boot cache: C:/Users/Games/AppData/Local/UnrealEngine/4.17/DerivedDataCache/Boot.ddc
[2018.05.02-10.59.31:379][  0]LogDerivedDataCache: FDerivedDataBackendGraph:  Pak pak cache file ../../../../../../Users/Games/Documents/GitHub/mgp-mpg-group-9/Game/Wb - Stable/DerivedDataCache/DDC.ddp not found, will not use a pak cache.
[2018.05.02-10.59.31:379][  0]LogDerivedDataCache: Unable to find inner node Pak for hierarchical cache Hierarchy.
[2018.05.02-10.59.31:379][  0]LogDerivedDataCache: FDerivedDataBackendGraph:  CompressedPak pak cache file ../../../../../../Users/Games/Documents/GitHub/mgp-mpg-group-9/Game/Wb - Stable/DerivedDataCache/Compressed.ddp not found, will not use a pak cache.
[2018.05.02-10.59.31:379][  0]LogDerivedDataCache: Unable to find inner node CompressedPak for hierarchical cache Hierarchy.
[2018.05.02-10.59.31:402][  0]LogDerivedDataCache: Display: Pak cache opened for reading ../../../Engine/DerivedDataCache/Compressed.ddp.
[2018.05.02-10.59.31:426][  0]LogDerivedDataCache: Using Local data cache path C:/Users/Games/AppData/Local/UnrealEngine/Common/DerivedDataCache: Writable
[2018.05.02-10.59.31:433][  0]LogMaterial: Verifying Global Shaders for PCD3D_ES2
[2018.05.02-10.59.31:433][  0]LogSlate: Using Freetype 2.6.0
[2018.05.02-10.59.31:434][  0]LogSlate: SlateFontCache - WITH_FREETYPE: 1, WITH_HARFBUZZ: 1
[2018.05.02-10.59.31:434][  0]LogSlate: SlateFontCache - WITH_FREETYPE: 1, WITH_HARFBUZZ: 1
[2018.05.02-10.59.31:745][  0]LogAssetRegistry: FAssetRegistry took 0.0051 seconds to start up
[2018.05.02-10.59.31:783][  0]LogPackageLocalizationCache: Processed 5 localized package path(s) for 2 prioritized culture(s) in 0.009196 seconds
[2018.05.02-10.59.31:953][  0]LogInit: Selected Device Profile: [Windows]
[2018.05.02-10.59.31:956][  0]LogContentStreaming: Texture pool size is 1000.00 MB
[2018.05.02-10.59.32:438][  0]LogSimplygon: Simplygon DLL not present - disabling.
[2018.05.02-10.59.32:499][  0]LogMeshReduction: Using SimplygonSwarm for distributed automatic mesh merging
[2018.05.02-10.59.32:499][  0]LogMeshReduction: Using QuadricMeshReduction for automatic static mesh reduction
[2018.05.02-10.59.32:499][  0]LogMeshReduction: No automatic skeletal mesh reduction module available
[2018.05.02-10.59.32:499][  0]LogMeshReduction: No automatic mesh merging module available
[2018.05.02-10.59.32:499][  0]LogMeshMerging: No automatic mesh merging module available
[2018.05.02-10.59.32:869][  0]LogNetVersion: Wb , NetCL: 3573198, EngineNetVer: 2, GameNetVer: 0 (Checksum: 2849618269)
[2018.05.02-10.59.33:100][  0]LogInit: WinSock: version 1.1 (2.2), MaxSocks=32767, MaxUdp=65467
[2018.05.02-10.59.34:819][  0]LogMoviePlayer: Initializing movie player
[2018.05.02-10.59.35:248][  0]LogCollectionManager: Loaded 0 collections in 0.001855 seconds
[2018.05.02-10.59.35:349][  0]LogFileCache: Scanning file cache for directory 'C:/Users/Games/Documents/GitHub/mgp-mpg-group-9/Game/Wb - Stable/Saved/Collections/' took 0.03s
[2018.05.02-10.59.35:349][  0]LogFileCache: Scanning file cache for directory 'C:/Users/Games/Documents/GitHub/mgp-mpg-group-9/Game/Wb - Stable/Content/Developers/Games/Collections/' took 0.02s
[2018.05.02-10.59.35:349][  0]LogFileCache: Scanning file cache for directory 'C:/Users/Games/Documents/GitHub/mgp-mpg-group-9/Game/Wb - Stable/Content/Collections/' took 0.02s
[2018.05.02-10.59.35:349][  0]LogCollectionManager: Rebuilt the object cache for 0 collections in 0.000001 seconds (found 0 objects)
[2018.05.02-10.59.35:349][  0]LogCollectionManager: Fixed up redirectors for 0 collections in 0.000089 seconds (updated 0 objects)
[2018.05.02-10.59.35:574][  0]LogTcpMessaging: Initializing TcpMessaging bridge
[2018.05.02-10.59.35:632][  0]LogUdpMessaging: Initializing bridge on interface 0.0.0.0:0 to multicast group 230.0.0.1:6666.
[2018.05.02-10.59.36:317][  0]SourceControl: Source control is disabled
[2018.05.02-10.59.36:317][  0]SourceControl: Source control is disabled
[2018.05.02-10.59.36:384][  0]SourceControl: Source control is disabled
[2018.05.02-10.59.36:748][  0]LogAndroidPermission: UAndroidPermissionCallbackProxy::GetInstance
[2018.05.02-10.59.37:090][  0]LogOcInput: OculusInput pre-init called
[2018.05.02-10.59.37:233][  0]LogUObjectArray: 38661 objects as part of root set at end of initial load.
[2018.05.02-10.59.37:233][  0]LogUObjectAllocator: 8461320 out of 0 bytes used by permanent object pool.
[2018.05.02-10.59.37:233][  0]LogUObjectArray: CloseDisregardForGC: 0/0 objects in disregard for GC pool
[2018.05.02-10.59.37:380][  0]LogEngine: Initializing Engine...
[2018.05.02-10.59.37:384][  0]LogHMD: Failed to initialize OpenVR with code 110
[2018.05.02-10.59.37:621][  0]LogStats: UGameplayTagsManager::ConstructGameplayTagTree: Construct from data asset -  0.000 s
[2018.05.02-10.59.37:621][  0]LogStats: UGameplayTagsManager::ConstructGameplayTagTree: GameplayTagTreeChangedEvent.Broadcast -  0.000 s
[2018.05.02-10.59.37:690][  0]LogInit: XAudio2 using 'Speakers (Conexant HD Audio)' : 2 channels at 44.1 kHz using 16 bits per sample (channel mask 0x3)
[2018.05.02-10.59.37:758][  0]LogInit: FAudioDevice initialized.
[2018.05.02-10.59.37:812][  0]LogInit: Texture streaming: Enabled
[2018.05.02-10.59.37:816][  0]LogMaterial: Missing cached shader map for material BaseColor, compiling. 
[2018.05.02-10.59.37:816][  0]LogMaterial: Warning: Failed to compile Material /Engine/BufferVisualization/BaseColor.BaseColor for platform PCD3D_ES2, Default Material will be used in game.
[2018.05.02-10.59.37:816][  0]LogMaterial: Warning: 	(Node FeatureLevelSwitch) Feature Level switch missing default input
[2018.05.02-10.59.37:830][  0]LogMaterial: Uniform references updated for custom material expression Custom.
[2018.05.02-10.59.37:876][  0]LogMaterial: Missing cached shader map for material Specular, compiling. 
[2018.05.02-10.59.37:877][  0]LogMaterial: Warning: Failed to compile Material /Engine/BufferVisualization/Specular.Specular for platform PCD3D_ES2, Default Material will be used in game.
[2018.05.02-10.59.37:877][  0]LogMaterial: Warning: 	(Node FeatureLevelSwitch) Feature Level switch missing default input
[2018.05.02-10.59.38:189][  0]LogSlateStyle: Warning: Unable to find Slate Widget Style 'NormalText'. Using FTextBlockStyle defaults instead.
[2018.05.02-10.59.38:189][  0]LogSlateStyle: Warning: Unable to find Slate Widget Style 'SpinBox'. Using FSpinBoxStyle defaults instead.
[2018.05.02-10.59.38:507][  0]LogInit: Display: Game Engine Initialized.
[2018.05.02-10.59.38:507][  0]LogGameplayTags: Display: UGameplayTagsManager::DoneAddingNativeTags. DelegateIsBound: 0
[2018.05.02-10.59.38:716][  0]LogInit: Display: Starting Game.
[2018.05.02-10.59.38:716][  0]LogNet: Browse: /Temp/Autosaves/Game/2DSideScrollerBP/Blueprints/UEDPCMainMenu?Name=Player
[2018.05.02-10.59.38:716][  0]LogLoad: LoadMap: /Temp/Autosaves/Game/2DSideScrollerBP/Blueprints/UEDPCMainMenu?Name=Player
[2018.05.02-10.59.38:734][  0]LogMemory: Platform Memory Stats for Windows
[2018.05.02-10.59.38:735][  0]LogMemory: Process Physical Memory: 816.01 MB used, 942.14 MB peak
[2018.05.02-10.59.38:735][  0]LogMemory: Process Virtual Memory: 923.19 MB used, 1002.50 MB peak
[2018.05.02-10.59.38:735][  0]LogMemory: Physical Memory: 11799.28 MB used,  4462.45 MB free, 16261.73 MB total
[2018.05.02-10.59.38:735][  0]LogMemory: Virtual Memory: 1519.55 MB used,  4462.45 MB free, 8388608.00 MB total
[2018.05.02-10.59.38:735][  0]LogMemory: 
[2018.05.02-10.59.38:735][  0]Allocator Stats for TBB: (not implemented)
[2018.05.02-10.59.39:021][  0]LogAIModule: Creating AISystem for world MainMenu
[2018.05.02-10.59.39:026][  0]LogLoad: Game class is 'MainMenu_C'
[2018.05.02-10.59.39:028][  0]LogWorld: Bringing World /Temp/Autosaves/Game/2DSideScrollerBP/Blueprints/UEDPCMainMenu.MainMenu up for play (max tick rate 0) at 2018.05.02-11.59.39
[2018.05.02-10.59.39:029][  0]LogWorld: Bringing up level for play took: 0.000960
[2018.05.02-10.59.39:034][  0]LogGameMode: Display: Match State Changed from EnteringMap to WaitingToStart
[2018.05.02-10.59.39:034][  0]LogGameState: Match State Changed from EnteringMap to WaitingToStart
[2018.05.02-10.59.39:034][  0]LogGameMode: Display: Match State Changed from WaitingToStart to InProgress
[2018.05.02-10.59.39:035][  0]LogGameState: Match State Changed from WaitingToStart to InProgress
[2018.05.02-10.59.39:035][  0]LogLoad: Took 0.319000 seconds to LoadMap(/Temp/Autosaves/Game/2DSideScrollerBP/Blueprints/UEDPCMainMenu)
[2018.05.02-10.59.39:317][  0]LogRenderer: Reallocating scene render targets to support 1280x720 Format 10 NumSamples 1 (Frame:1).
[2018.05.02-10.59.39:317][  0]LogLoad: (Engine Initialization) Total time: 13.55 seconds
[2018.05.02-10.59.39:317][  0]LogLoad: (Engine Initialization) Total Blueprint compile time: 0.00 seconds
[2018.05.02-10.59.39:318][  0]LogExternalProfiler: Found external profiler: VSPerf
[2018.05.02-10.59.39:318][  0]LogExternalProfiler: Using external profiler: VSPerf
[2018.05.02-11.00.22:395][660]LogPackageName: SearchForPackageOnDisk took   0.109s to resolve 2DSideScrollerExampleMap.umap.
[2018.05.02-11.00.22:396][660]LogGameMode: Display: Match State Changed from InProgress to LeavingMap
[2018.05.02-11.00.22:396][660]LogGameState: Match State Changed from InProgress to LeavingMap
[2018.05.02-11.00.22:509][660]LogPackageName: SearchForPackageOnDisk took   0.113s to resolve 2DSideScrollerExampleMap.umap.
[2018.05.02-11.00.22:509][660]LogNet: Browse: /Game/2DSideScrollerBP/Maps/2DSideScrollerExampleMap
[2018.05.02-11.00.22:509][660]LogLoad: LoadMap: /Game/2DSideScrollerBP/Maps/2DSideScrollerExampleMap
[2018.05.02-11.00.22:546][660]LogMemory: Platform Memory Stats for Windows
[2018.05.02-11.00.22:546][660]LogMemory: Process Physical Memory: 803.45 MB used, 942.14 MB peak
[2018.05.02-11.00.22:546][660]LogMemory: Process Virtual Memory: 949.92 MB used, 1137.47 MB peak
[2018.05.02-11.00.22:546][660]LogMemory: Physical Memory: 11976.24 MB used,  4285.49 MB free, 16261.73 MB total
[2018.05.02-11.00.22:547][660]LogMemory: Virtual Memory: 1562.69 MB used,  4285.49 MB free, 8388608.00 MB total
[2018.05.02-11.00.22:547][660]LogMemory: 
[2018.05.02-11.00.22:547][660]Allocator Stats for TBB: (not implemented)
[2018.05.02-11.00.23:412][660]LogAIModule: Creating AISystem for world 2DSideScrollerExampleMap
[2018.05.02-11.00.23:412][660]LogLoad: Game class is '2DSideScrollerGameMode_C'
[2018.05.02-11.00.23:426][660]LogWorld: Bringing World /Game/2DSideScrollerBP/Maps/2DSideScrollerExampleMap.2DSideScrollerExampleMap up for play (max tick rate 0) at 2018.05.02-12.00.23
[2018.05.02-11.00.23:427][660]LogWorld: Bringing up level for play took: 0.013473
[2018.05.02-11.00.23:434][660]LogBlueprintUserMessages: [2DSideScrollerCharacter_254] Player 1
[2018.05.02-11.00.23:440][660]LogLoad: Took 0.930924 seconds to LoadMap(/Game/2DSideScrollerBP/Maps/2DSideScrollerExampleMap)
[2018.05.02-11.00.24:996][757]LogBlueprintUserMessages: [2DSideScrollerCharacter_254] Player 2
[2018.05.02-11.00.27:576][917]LogBlueprintUserMessages: [2DSideScrollerCharacter_254] Player 1
[2018.05.02-11.00.29:398][ 30]LogBlueprintUserMessages: [2DSideScrollerCharacter_254] Player 2
[2018.05.02-11.00.30:980][128]LogBlueprintUserMessages: [2DSideScrollerCharacter_254] Player 1
[2018.05.02-11.00.34:900][371]LogBlueprintUserMessages: [2DSideScrollerCharacter_254] Player 2
[2018.05.02-11.00.38:223][577]LogBlueprintUserMessages: [2DSideScrollerCharacter_254] Player 1
[2018.05.02-11.00.41:078][754]LogBlueprintUserMessages: [2DSideScrollerCharacter_254] Player 2
[2018.05.02-11.00.43:497][904]LogBlueprintUserMessages: [2DSideScrollerCharacter_254] Player 1
[2018.05.02-11.00.49:144][254]LogBlueprintUserMessages: [2DSideScrollerCharacter_254] Player 2
[2018.05.02-11.00.53:403][518]LogBlueprintUserMessages: [2DSideScrollerCharacter_254] Player 1
[2018.05.02-11.00.57:049][744]LogBlueprintUserMessages: [2DSideScrollerCharacter_254] Player 2
[2018.05.02-11.01.01:195][  1]LogBlueprintUserMessages: [2DSideScrollerCharacter_254] Player 1
[2018.05.02-11.01.06:712][343]LogBlueprintUserMessages: [2DSideScrollerCharacter_254] Player 2
[2018.05.02-11.01.11:698][652]LogBlueprintUserMessages: [2DSideScrollerCharacter_254] Player 1
[2018.05.02-11.01.19:940][163]LogBlueprintUserMessages: [2DSideScrollerCharacter_254] Player 2
[2018.05.02-11.01.26:814][589]LogBlueprintUserMessages: [2DSideScrollerCharacter_254] Player 1
[2018.05.02-11.01.34:525][ 67]LogBlueprintUserMessages: [2DSideScrollerCharacter_254] Player 2
[2018.05.02-11.01.46:134][427]LogEngine: All Windows Closed
[2018.05.02-11.01.46:135][427]LogWindows: FPlatformMisc::RequestExit(0)
[2018.05.02-11.01.46:417][428]LogExit: Preparing to exit.
[2018.05.02-11.01.46:417][428]LogMoviePlayer: Shutting down movie player
[2018.05.02-11.01.46:842][428]LogExit: Game engine shut down
[2018.05.02-11.01.46:923][428]LogExit: Object subsystem successfully closed.
[2018.05.02-11.01.46:943][428]LogD3D11RHI: Shutdown
[2018.05.02-11.01.46:943][428]LogD3D11RHI: CleanupD3DDevice
[2018.05.02-11.01.46:945][428]LogD3D11RHI: ~FD3D11DynamicRHI
[2018.05.02-11.01.46:961][428]LogModuleManager: Shutting down and abandoning module SequenceRecorderSections (304)
[2018.05.02-11.01.46:961][428]LogModuleManager: Shutting down and abandoning module SequenceRecorder (302)
[2018.05.02-11.01.46:961][428]LogModuleManager: Shutting down and abandoning module AutomationController (300)
[2018.05.02-11.01.46:961][428]LogModuleManager: Shutting down and abandoning module AutomationWorker (298)
[2018.05.02-11.01.46:961][428]LogModuleManager: Shutting down and abandoning module AIModule (296)
[2018.05.02-11.01.46:961][428]LogModuleManager: Shutting down and abandoning module GameplayDebugger (295)
[2018.05.02-11.01.46:962][428]LogModuleManager: Shutting down and abandoning module AITestSuite (293)
[2018.05.02-11.01.46:962][428]LogModuleManager: Shutting down and abandoning module WmfMediaFactory (290)
[2018.05.02-11.01.46:962][428]LogModuleManager: Shutting down and abandoning module AvfMediaFactory (288)
[2018.05.02-11.01.46:962][428]LogModuleManager: Shutting down and abandoning module AndroidMediaFactory (286)
[2018.05.02-11.01.46:962][428]LogModuleManager: Shutting down and abandoning module Media (285)
[2018.05.02-11.01.46:962][428]LogModuleManager: Shutting down and abandoning module CharacterAI (282)
[2018.05.02-11.01.46:962][428]LogModuleManager: Shutting down and abandoning module SessionServices (280)
[2018.05.02-11.01.46:962][428]LogModuleManager: Shutting down and abandoning module MovieSceneCapture (278)
[2018.05.02-11.01.46:962][428]LogModuleManager: Shutting down and abandoning module MovieSceneTracks (276)
[2018.05.02-11.01.46:962][428]LogModuleManager: Shutting down and abandoning module MovieScene (274)
[2018.05.02-11.01.46:962][428]LogModuleManager: Shutting down and abandoning module GeometryCache (272)
[2018.05.02-11.01.46:962][428]LogModuleManager: Shutting down and abandoning module GeometryCacheEd (271)
[2018.05.02-11.01.46:962][428]LogModuleManager: Shutting down and abandoning module Niagara (268)
[2018.05.02-11.01.46:962][428]LogModuleManager: Shutting down and abandoning module NiagaraEditor (267)
[2018.05.02-11.01.46:962][428]LogModuleManager: Shutting down and abandoning module StreamingPauseRendering (264)
[2018.05.02-11.01.46:962][428]LogModuleManager: Shutting down and abandoning module PortalServices (262)
[2018.05.02-11.01.46:962][428]LogModuleManager: Shutting down and abandoning module PortalRpc (260)
[2018.05.02-11.01.46:962][428]LogModuleManager: Shutting down and abandoning module MessagingRpc (258)
[2018.05.02-11.01.46:962][428]LogModuleManager: Shutting down and abandoning module ProfilerService (256)
[2018.05.02-11.01.47:101][428]LogModuleManager: Shutting down and abandoning module TaskGraph (254)
[2018.05.02-11.01.47:102][428]LogModuleManager: Shutting down and abandoning module SteamVRController (252)
[2018.05.02-11.01.47:102][428]LogModuleManager: Shutting down and abandoning module ProceduralMeshComponent (250)
[2018.05.02-11.01.47:102][428]LogModuleManager: Shutting down and abandoning module OculusInput (248)
[2018.05.02-11.01.47:102][428]LogModuleManager: Shutting down and abandoning module MobilePatchingUtils (246)
[2018.05.02-11.01.47:102][428]LogModuleManager: Shutting down and abandoning module CustomMeshComponent (244)
[2018.05.02-11.01.47:102][428]LogModuleManager: Shutting down and abandoning module CableComponent (242)
[2018.05.02-11.01.47:102][428]LogModuleManager: Shutting down and abandoning module ArchVisCharacter (240)
[2018.05.02-11.01.47:102][428]LogModuleManager: Shutting down and abandoning module AndroidPermission (238)
[2018.05.02-11.01.47:102][428]LogModuleManager: Shutting down and abandoning module HTML5Networking (234)
[2018.05.02-11.01.47:102][428]LogModuleManager: Shutting down and abandoning module VisualStudioSourceCodeAccess (232)
[2018.05.02-11.01.47:102][428]LogModuleManager: Shutting down and abandoning module DesktopPlatform (231)
[2018.05.02-11.01.47:102][428]LogModuleManager: Shutting down and abandoning module HotReload (229)
[2018.05.02-11.01.47:102][428]LogModuleManager: Shutting down and abandoning module UObjectPlugin (226)
[2018.05.02-11.01.47:102][428]LogModuleManager: Shutting down and abandoning module SubversionSourceControl (224)
[2018.05.02-11.01.47:103][428]LogModuleManager: Shutting down and abandoning module PerforceSourceControl (222)
[2018.05.02-11.01.47:103][428]LogModuleManager: Shutting down and abandoning module SourceControl (221)
[2018.05.02-11.01.47:103][428]LogModuleManager: Shutting down and abandoning module RuntimePhysXCooking (218)
[2018.05.02-11.01.47:103][428]LogModuleManager: Shutting down and abandoning module PhysXVehiclesEditor (216)
[2018.05.02-11.01.47:103][428]LogModuleManager: Shutting down and abandoning module PhysXVehicles (214)
[2018.05.02-11.01.47:103][428]LogModuleManager: Shutting down and abandoning module LocationServicesBPLibrary (212)
[2018.05.02-11.01.47:103][428]LogModuleManager: Shutting down and abandoning module ImmediatePhysicsEditor (210)
[2018.05.02-11.01.47:103][428]LogModuleManager: Shutting down and abandoning module ImmediatePhysics (208)
[2018.05.02-11.01.47:103][428]LogModuleManager: Shutting down and abandoning module UdpMessaging (206)
[2018.05.02-11.01.47:203][428]LogModuleManager: Shutting down and abandoning module TcpMessaging (204)
[2018.05.02-11.01.47:596][428]LogModuleManager: Shutting down and abandoning module GameplayTagsEditor (202)
[2018.05.02-11.01.47:597][428]LogModuleManager: Shutting down and abandoning module FacialAnimation (200)
[2018.05.02-11.01.47:597][428]LogModuleManager: Shutting down and abandoning module AssetManagerEditor (198)
[2018.05.02-11.01.47:597][428]LogModuleManager: Shutting down and abandoning module GraphEditor (197)
[2018.05.02-11.01.47:597][428]LogModuleManager: Shutting down and abandoning module ContentBrowser (195)
[2018.05.02-11.01.47:597][428]LogModuleManager: Shutting down and abandoning module CollectionManager (194)
[2018.05.02-11.01.47:597][428]LogDirectoryWatcher: A directory notification for 'C:/Users/Games/Documents/GitHub/mgp-mpg-group-9/Game/Wb - Stable/Content/Collections/' was aborted.
[2018.05.02-11.01.47:597][428]LogDirectoryWatcher: A directory notification for 'C:/Users/Games/Documents/GitHub/mgp-mpg-group-9/Game/Wb - Stable/Content/Developers/Games/Collections/' was aborted.
[2018.05.02-11.01.47:597][428]LogDirectoryWatcher: A directory notification for 'C:/Users/Games/Documents/GitHub/mgp-mpg-group-9/Game/Wb - Stable/Saved/Collections/' was aborted.
[2018.05.02-11.01.47:598][428]LogModuleManager: Shutting down and abandoning module DirectoryWatcher (193)
[2018.05.02-11.01.47:598][428]LogModuleManager: Shutting down and abandoning module LightPropagationVolumeRuntime (188)
[2018.05.02-11.01.47:598][428]LogModuleManager: Shutting down and abandoning module Paper2D (186)
[2018.05.02-11.01.47:598][428]LogModuleManager: Shutting down and abandoning module WindowsMoviePlayer (184)
[2018.05.02-11.01.47:598][428]LogModuleManager: Shutting down and abandoning module WmfMedia (182)
[2018.05.02-11.01.47:599][428]LogModuleManager: Shutting down and abandoning module PacketHandler (180)
[2018.05.02-11.01.47:599][428]LogModuleManager: Shutting down and abandoning module ClothingSystemEditor (178)
[2018.05.02-11.01.47:599][428]LogModuleManager: Shutting down and abandoning module ClothingSystemRuntime (176)
[2018.05.02-11.01.47:600][428]LogModuleManager: Shutting down and abandoning module Overlay (174)
[2018.05.02-11.01.47:600][428]LogModuleManager: Shutting down and abandoning module OverlayEditor (173)
[2018.05.02-11.01.47:600][428]LogModuleManager: Shutting down and abandoning module MediaAssets (170)
[2018.05.02-11.01.47:600][428]LogModuleManager: Shutting down and abandoning module VREditor (168)
[2018.05.02-11.01.47:600][428]LogModuleManager: Shutting down and abandoning module StringTableEditor (166)
[2018.05.02-11.01.47:600][428]LogModuleManager: Shutting down and abandoning module GameplayTasksEditor (164)
[2018.05.02-11.01.47:600][428]LogModuleManager: Shutting down and abandoning module BehaviorTreeEditor (162)
[2018.05.02-11.01.47:600][428]LogModuleManager: Shutting down and abandoning module FunctionalTesting (160)
[2018.05.02-11.01.47:600][428]LogModuleManager: Shutting down and abandoning module CollisionAnalyzer (158)
[2018.05.02-11.01.47:600][428]LogModuleManager: Shutting down and abandoning module WorkspaceMenuStructure (157)
[2018.05.02-11.01.47:600][428]LogModuleManager: Shutting down and abandoning module UMG (154)
[2018.05.02-11.01.47:600][428]LogModuleManager: Shutting down and abandoning module UMGEditor (153)
[2018.05.02-11.01.47:600][428]LogModuleManager: Shutting down and abandoning module Sequencer (152)
[2018.05.02-11.01.47:600][428]LogModuleManager: Shutting down and abandoning module MessageLog (149)
[2018.05.02-11.01.47:601][428]LogModuleManager: Shutting down and abandoning module SlateReflector (144)
[2018.05.02-11.01.47:601][428]LogModuleManager: Shutting down and abandoning module Slate (142)
[2018.05.02-11.01.47:601][428]LogModuleManager: Shutting down and abandoning module EditorStyle (140)
[2018.05.02-11.01.47:608][428]LogModuleManager: Shutting down and abandoning module MRMesh (138)
[2018.05.02-11.01.47:608][428]LogModuleManager: Shutting down and abandoning module Messaging (136)
[2018.05.02-11.01.47:608][428]LogModuleManager: Shutting down and abandoning module SourceCodeAccess (134)
[2018.05.02-11.01.47:608][428]LogModuleManager: Shutting down and abandoning module HeadMountedDisplay (132)
[2018.05.02-11.01.47:608][428]LogModuleManager: Shutting down and abandoning module XAudio2 (130)
[2018.05.02-11.01.47:608][428]LogModuleManager: Shutting down and abandoning module Networking (128)
[2018.05.02-11.01.47:608][428]LogModuleManager: Shutting down and abandoning module Core (124)
[2018.05.02-11.01.47:608][428]LogModuleManager: Shutting down and abandoning module KismetCompiler (122)
[2018.05.02-11.01.47:608][428]LogModuleManager: Shutting down and abandoning module MeshUtilities (120)
[2018.05.02-11.01.47:608][428]LogModuleManager: Shutting down and abandoning module MeshMergeUtilities (119)
[2018.05.02-11.01.47:608][428]LogModuleManager: Shutting down and abandoning module MeshReductionInterface (118)
[2018.05.02-11.01.47:608][428]LogModuleManager: Shutting down and abandoning module SimplygonSwarm (117)
[2018.05.02-11.01.47:608][428]LogModuleManager: Shutting down and abandoning module SimplygonMeshReduction (115)
[2018.05.02-11.01.47:608][428]LogModuleManager: Shutting down and abandoning module QuadricMeshReduction (113)
[2018.05.02-11.01.47:608][428]LogModuleManager: Shutting down and abandoning module MaterialBaking (109)
[2018.05.02-11.01.47:609][428]LogModuleManager: Shutting down and abandoning module LevelSequence (106)
[2018.05.02-11.01.47:609][428]LogModuleManager: Shutting down and abandoning module DerivedDataCache (102)
[2018.05.02-11.01.47:676][428]LogDerivedDataCache: Shutdown
[2018.05.02-11.01.47:677][428]LogModuleManager: Shutting down and abandoning module TargetPlatform (100)
[2018.05.02-11.01.47:677][428]LogModuleManager: Shutting down and abandoning module VulkanShaderFormat (99)
[2018.05.02-11.01.47:677][428]LogModuleManager: Shutting down and abandoning module ShaderFormatVectorVM (97)
[2018.05.02-11.01.47:677][428]LogModuleManager: Shutting down and abandoning module ShaderFormatOpenGL (95)
[2018.05.02-11.01.47:677][428]LogModuleManager: Shutting down and abandoning module ShaderFormatD3D (93)
[2018.05.02-11.01.47:677][428]LogModuleManager: Shutting down and abandoning module MetalShaderFormat (91)
[2018.05.02-11.01.47:677][428]LogModuleManager: Shutting down and abandoning module TextureFormatUncompressed (89)
[2018.05.02-11.01.47:677][428]LogModuleManager: Shutting down and abandoning module TextureFormatPVR (87)
[2018.05.02-11.01.47:677][428]LogModuleManager: Shutting down and abandoning module TextureFormatDXT (85)
[2018.05.02-11.01.47:677][428]LogModuleManager: Shutting down and abandoning module TextureFormatIntelISPCTexComp (83)
[2018.05.02-11.01.47:677][428]LogModuleManager: Shutting down and abandoning module TextureFormatASTC (81)
[2018.05.02-11.01.47:677][428]LogModuleManager: Shutting down and abandoning module ImageWrapper (80)
[2018.05.02-11.01.47:677][428]LogModuleManager: Shutting down and abandoning module TextureFormatAndroid (77)
[2018.05.02-11.01.47:677][428]LogModuleManager: Shutting down and abandoning module AudioFormatOpus (75)
[2018.05.02-11.01.47:677][428]LogModuleManager: Shutting down and abandoning module AudioFormatOgg (73)
[2018.05.02-11.01.47:677][428]LogModuleManager: Shutting down and abandoning module AudioFormatADPCM (71)
[2018.05.02-11.01.47:677][428]LogModuleManager: Shutting down and abandoning module WindowsTargetPlatform (69)
[2018.05.02-11.01.47:678][428]LogModuleManager: Shutting down and abandoning module WindowsServerTargetPlatform (67)
[2018.05.02-11.01.47:678][428]LogModuleManager: Shutting down and abandoning module WindowsNoEditorTargetPlatform (65)
[2018.05.02-11.01.47:678][428]LogModuleManager: Shutting down and abandoning module WindowsClientTargetPlatform (63)
[2018.05.02-11.01.47:678][428]LogModuleManager: Shutting down and abandoning module InputCore (60)
[2018.05.02-11.01.47:678][428]LogModuleManager: Shutting down and abandoning module Settings (58)
[2018.05.02-11.01.47:678][428]LogModuleManager: Shutting down and abandoning module PhysXCooking (56)
[2018.05.02-11.01.47:678][428]LogModuleManager: Shutting down and abandoning module SteamVR (54)
[2018.05.02-11.01.47:678][428]LogModuleManager: Shutting down and abandoning module OculusHMD (52)
[2018.05.02-11.01.47:678][428]LogModuleManager: Shutting down and abandoning module ExampleDeviceProfileSelector (50)
[2018.05.02-11.01.47:678][428]LogModuleManager: Shutting down and abandoning module OnlineBlueprintSupport (48)
[2018.05.02-11.01.47:678][428]LogModuleManager: Shutting down and abandoning module OnlineSubsystem (44)
[2018.05.02-11.01.47:678][428]LogOnline: Display: Unloading online subsystem: NULL
[2018.05.02-11.01.47:678][428]LogModuleManager: Shutting down and abandoning module XMPP (43)
[2018.05.02-11.01.47:678][428]LogModuleManager: Shutting down and abandoning module HTTP (41)
[2018.05.02-11.01.47:703][428]LogModuleManager: Shutting down and abandoning module SSL (40)
[2018.05.02-11.01.47:705][428]LogModuleManager: Shutting down and abandoning module AnimationModifiers (36)
[2018.05.02-11.01.47:705][428]LogModuleManager: Shutting down and abandoning module PropertyEditor (35)
[2018.05.02-11.01.47:705][428]LogModuleManager: Shutting down and abandoning module AudioEditor (32)
[2018.05.02-11.01.47:705][428]LogModuleManager: Shutting down and abandoning module TextureCompressor (30)
[2018.05.02-11.01.47:706][428]LogModuleManager: Shutting down and abandoning module ShaderCore (28)
[2018.05.02-11.01.47:706][428]LogModuleManager: Shutting down and abandoning module Landscape (26)
[2018.05.02-11.01.47:706][428]LogModuleManager: Shutting down and abandoning module SlateRHIRenderer (24)
[2018.05.02-11.01.47:706][428]LogModuleManager: Shutting down and abandoning module OpenGLDrv (22)
[2018.05.02-11.01.47:706][428]LogModuleManager: Shutting down and abandoning module D3D11RHI (20)
[2018.05.02-11.01.47:706][428]LogModuleManager: Shutting down and abandoning module AnimGraphRuntime (18)
[2018.05.02-11.01.47:706][428]LogModuleManager: Shutting down and abandoning module Renderer (16)
[2018.05.02-11.01.47:706][428]LogModuleManager: Shutting down and abandoning module Engine (14)
[2018.05.02-11.01.47:706][428]LogModuleManager: Shutting down and abandoning module CoreUObject (12)
[2018.05.02-11.01.47:706][428]LogModuleManager: Shutting down and abandoning module NetworkFile (10)
[2018.05.02-11.01.47:707][428]LogModuleManager: Shutting down and abandoning module CookedIterativeFile (8)
[2018.05.02-11.01.47:707][428]LogModuleManager: Shutting down and abandoning module StreamingFile (6)
[2018.05.02-11.01.47:707][428]LogModuleManager: Shutting down and abandoning module SandboxFile (4)
[2018.05.02-11.01.47:707][428]LogModuleManager: Shutting down and abandoning module PakFile (2)
[2018.05.02-11.01.47:710][428]LogExit: Exiting.
[2018.05.02-11.01.47:714][428]Log file closed, 05/02/18 12:01:47
